<?xml version="1.0" encoding="UTF-8"?>
<testsuite name="ua.onlinecourses.model.myModuleTest" tests="23" skipped="0" failures="2" errors="0" timestamp="2025-11-30T14:15:03.660Z" hostname="runnervmg1sw1" time="0.086">
  <properties/>
  <testcase name="[1] Introduction, Basic concepts, INT-BAS" classname="ua.onlinecourses.model.myModuleTest" time="0.003"/>
  <testcase name="[2] Advanced Math, Complex topics, ADV-COM" classname="ua.onlinecourses.model.myModuleTest" time="0.001"/>
  <testcase name="[3] Java Basics, Learning, JAV-LEA" classname="ua.onlinecourses.model.myModuleTest" time="0.004"/>
  <testcase name="[4] Python, Programming, PYT-PRO" classname="ua.onlinecourses.model.myModuleTest" time="0.001"/>
  <testcase name="[1] Introduction,Basic concepts&#10;Advanced,Complex topics, 2, Introduction, Basic concepts" classname="ua.onlinecourses.model.myModuleTest" time="0.006"/>
  <testcase name="[2] Java Basics,Learn Java programming, 1, Java Basics, Learn Java programming" classname="ua.onlinecourses.model.myModuleTest" time="0.003"/>
  <testcase name="[3] # Comment&#10;Algorithms,Study algorithms&#10;&#10;Databases,Database design, 2, Algorithms, Study algorithms" classname="ua.onlinecourses.model.myModuleTest" time="0.006"/>
  <testcase name="[4] , 0, null, null" classname="ua.onlinecourses.model.myModuleTest" time="0.004"/>
  <testcase name="testGetFullNameThrowsExceptionForShortTitle()" classname="ua.onlinecourses.model.myModuleTest" time="0.003">
    <failure message="ua.onlinecourses.exception.InvalidDataException: title: invalid value 'AB' — must be between 3 and 30 characters" type="ua.onlinecourses.exception.InvalidDataException">ua.onlinecourses.exception.InvalidDataException: title: invalid value 'AB' — must be between 3 and 30 characters
	at app//ua.onlinecourses.util.ValidationUtils.validate(ValidationUtils.java:36)
	at app//ua.onlinecourses.model.myModule.&lt;init&gt;(myModule.java:40)
	at app//ua.onlinecourses.model.myModuleTest.testGetFullNameThrowsExceptionForShortTitle(myModuleTest.java:93)
	at java.base@17.0.17/java.lang.reflect.Method.invoke(Method.java:569)
	at java.base@17.0.17/java.util.ArrayList.forEach(ArrayList.java:1511)
	at java.base@17.0.17/java.util.ArrayList.forEach(ArrayList.java:1511)
</failure>
  </testcase>
  <testcase name="testGetFullNameThrowsExceptionForShortContent()" classname="ua.onlinecourses.model.myModuleTest" time="0.004">
    <failure message="ua.onlinecourses.exception.InvalidDataException: content: invalid value 'AB' — must be between 3 and 2000 characters" type="ua.onlinecourses.exception.InvalidDataException">ua.onlinecourses.exception.InvalidDataException: content: invalid value 'AB' — must be between 3 and 2000 characters
	at app//ua.onlinecourses.util.ValidationUtils.validate(ValidationUtils.java:36)
	at app//ua.onlinecourses.model.myModule.&lt;init&gt;(myModule.java:40)
	at app//ua.onlinecourses.model.myModuleTest.testGetFullNameThrowsExceptionForShortContent(myModuleTest.java:102)
	at java.base@17.0.17/java.lang.reflect.Method.invoke(Method.java:569)
	at java.base@17.0.17/java.util.ArrayList.forEach(ArrayList.java:1511)
	at java.base@17.0.17/java.util.ArrayList.forEach(ArrayList.java:1511)
</failure>
  </testcase>
  <testcase name="[1] " classname="ua.onlinecourses.model.myModuleTest" time="0.002"/>
  <testcase name="[2]    " classname="ua.onlinecourses.model.myModuleTest" time="0.002"/>
  <testcase name="[1] Introduction, Basic concepts and fundamentals" classname="ua.onlinecourses.model.myModuleTest" time="0.002"/>
  <testcase name="[2] Advanced Topics, Deep dive into complex subjects" classname="ua.onlinecourses.model.myModuleTest" time="0.001"/>
  <testcase name="[3] Java Basics, Learn Java programming" classname="ua.onlinecourses.model.myModuleTest" time="0.001"/>
  <testcase name="testInvalidContentTooLong()" classname="ua.onlinecourses.model.myModuleTest" time="0.001"/>
  <testcase name="testFileNotFound()" classname="ua.onlinecourses.model.myModuleTest" time="0.001"/>
  <testcase name="[1] " classname="ua.onlinecourses.model.myModuleTest" time="0.002"/>
  <testcase name="[2]    " classname="ua.onlinecourses.model.myModuleTest" time="0.001"/>
  <testcase name="[3] Economics for computer science basic level introdaction for statistcs ans risks" classname="ua.onlinecourses.model.myModuleTest" time="0.002"/>
  <testcase name="[1] Introduction,Basic concepts&#10;Invalid Line&#10;Advanced,Complex topics, 2" classname="ua.onlinecourses.model.myModuleTest" time="0.004"/>
  <testcase name="[2] Ukrainion History for computer science learners,Content&#10;Advanced,Complex topics, 1" classname="ua.onlinecourses.model.myModuleTest" time="0.003"/>
  <testcase name="[3] Title,&#10;Advanced,Complex topics, 1" classname="ua.onlinecourses.model.myModuleTest" time="0.003"/>
  <system-out><![CDATA[]]></system-out>
  <system-err><![CDATA[Nov 30, 2025 2:15:03 PM ua.onlinecourses.model.myModule <init>
INFO: Attempting to create Module: Introduction, Basic concepts
Nov 30, 2025 2:15:03 PM ua.onlinecourses.util.ValidationUtils validate
INFO: Attempting to validate object: myModule
Nov 30, 2025 2:15:03 PM ua.onlinecourses.util.ValidationUtils validate
INFO: Validation successful for myModule
Nov 30, 2025 2:15:03 PM ua.onlinecourses.model.myModule <init>
INFO: Module created successfully: Introduction, Basic concepts
Nov 30, 2025 2:15:03 PM ua.onlinecourses.model.myModule <init>
INFO: Attempting to create Module: Advanced Math, Complex topics
Nov 30, 2025 2:15:03 PM ua.onlinecourses.util.ValidationUtils validate
INFO: Attempting to validate object: myModule
Nov 30, 2025 2:15:03 PM ua.onlinecourses.util.ValidationUtils validate
INFO: Validation successful for myModule
Nov 30, 2025 2:15:03 PM ua.onlinecourses.model.myModule <init>
INFO: Module created successfully: Advanced Math, Complex topics
Nov 30, 2025 2:15:03 PM ua.onlinecourses.model.myModule <init>
INFO: Attempting to create Module: Java Basics, Learning
Nov 30, 2025 2:15:03 PM ua.onlinecourses.util.ValidationUtils validate
INFO: Attempting to validate object: myModule
Nov 30, 2025 2:15:03 PM ua.onlinecourses.util.ValidationUtils validate
INFO: Validation successful for myModule
Nov 30, 2025 2:15:03 PM ua.onlinecourses.model.myModule <init>
INFO: Module created successfully: Java Basics, Learning
Nov 30, 2025 2:15:03 PM ua.onlinecourses.model.myModule <init>
INFO: Attempting to create Module: Python, Programming
Nov 30, 2025 2:15:03 PM ua.onlinecourses.util.ValidationUtils validate
INFO: Attempting to validate object: myModule
Nov 30, 2025 2:15:03 PM ua.onlinecourses.util.ValidationUtils validate
INFO: Validation successful for myModule
Nov 30, 2025 2:15:03 PM ua.onlinecourses.model.myModule <init>
INFO: Module created successfully: Python, Programming
Nov 30, 2025 2:15:03 PM ua.onlinecourses.parser.ModuleFileParser parseFromCSV
INFO: Starting to parse modules from file: /tmp/junit13745105791614362261/modules.csv
Nov 30, 2025 2:15:03 PM ua.onlinecourses.model.myModule <init>
INFO: Attempting to create Module: Introduction, Basic concepts
Nov 30, 2025 2:15:03 PM ua.onlinecourses.util.ValidationUtils validate
INFO: Attempting to validate object: myModule
Nov 30, 2025 2:15:03 PM ua.onlinecourses.util.ValidationUtils validate
INFO: Validation successful for myModule
Nov 30, 2025 2:15:03 PM ua.onlinecourses.model.myModule <init>
INFO: Module created successfully: Introduction, Basic concepts
Nov 30, 2025 2:15:03 PM ua.onlinecourses.parser.ModuleFileParser parseFromCSV
INFO: Parsed module from line 1: INT-BAS
Nov 30, 2025 2:15:03 PM ua.onlinecourses.model.myModule <init>
INFO: Attempting to create Module: Advanced, Complex topics
Nov 30, 2025 2:15:03 PM ua.onlinecourses.util.ValidationUtils validate
INFO: Attempting to validate object: myModule
Nov 30, 2025 2:15:03 PM ua.onlinecourses.util.ValidationUtils validate
INFO: Validation successful for myModule
Nov 30, 2025 2:15:03 PM ua.onlinecourses.model.myModule <init>
INFO: Module created successfully: Advanced, Complex topics
Nov 30, 2025 2:15:03 PM ua.onlinecourses.parser.ModuleFileParser parseFromCSV
INFO: Parsed module from line 2: ADV-COM
Nov 30, 2025 2:15:03 PM ua.onlinecourses.parser.ModuleFileParser parseFromCSV
INFO: Successfully parsed 2 modules from file
Nov 30, 2025 2:15:03 PM ua.onlinecourses.parser.ModuleFileParser parseFromCSV
INFO: Starting to parse modules from file: /tmp/junit7018695159800859268/modules.csv
Nov 30, 2025 2:15:03 PM ua.onlinecourses.model.myModule <init>
INFO: Attempting to create Module: Java Basics, Learn Java programming
Nov 30, 2025 2:15:03 PM ua.onlinecourses.util.ValidationUtils validate
INFO: Attempting to validate object: myModule
Nov 30, 2025 2:15:03 PM ua.onlinecourses.util.ValidationUtils validate
INFO: Validation successful for myModule
Nov 30, 2025 2:15:03 PM ua.onlinecourses.model.myModule <init>
INFO: Module created successfully: Java Basics, Learn Java programming
Nov 30, 2025 2:15:03 PM ua.onlinecourses.parser.ModuleFileParser parseFromCSV
INFO: Parsed module from line 1: JAV-LEA
Nov 30, 2025 2:15:03 PM ua.onlinecourses.parser.ModuleFileParser parseFromCSV
INFO: Successfully parsed 1 modules from file
Nov 30, 2025 2:15:03 PM ua.onlinecourses.parser.ModuleFileParser parseFromCSV
INFO: Starting to parse modules from file: /tmp/junit17828276127224858123/modules.csv
Nov 30, 2025 2:15:03 PM ua.onlinecourses.model.myModule <init>
INFO: Attempting to create Module: Algorithms, Study algorithms
Nov 30, 2025 2:15:03 PM ua.onlinecourses.util.ValidationUtils validate
INFO: Attempting to validate object: myModule
Nov 30, 2025 2:15:03 PM ua.onlinecourses.util.ValidationUtils validate
INFO: Validation successful for myModule
Nov 30, 2025 2:15:03 PM ua.onlinecourses.model.myModule <init>
INFO: Module created successfully: Algorithms, Study algorithms
Nov 30, 2025 2:15:03 PM ua.onlinecourses.parser.ModuleFileParser parseFromCSV
INFO: Parsed module from line 2: ALG-STU
Nov 30, 2025 2:15:03 PM ua.onlinecourses.model.myModule <init>
INFO: Attempting to create Module: Databases, Database design
Nov 30, 2025 2:15:03 PM ua.onlinecourses.util.ValidationUtils validate
INFO: Attempting to validate object: myModule
Nov 30, 2025 2:15:03 PM ua.onlinecourses.util.ValidationUtils validate
INFO: Validation successful for myModule
Nov 30, 2025 2:15:03 PM ua.onlinecourses.model.myModule <init>
INFO: Module created successfully: Databases, Database design
Nov 30, 2025 2:15:03 PM ua.onlinecourses.parser.ModuleFileParser parseFromCSV
INFO: Parsed module from line 4: DAT-DAT
Nov 30, 2025 2:15:03 PM ua.onlinecourses.parser.ModuleFileParser parseFromCSV
INFO: Successfully parsed 2 modules from file
Nov 30, 2025 2:15:03 PM ua.onlinecourses.parser.ModuleFileParser parseFromCSV
INFO: Starting to parse modules from file: /tmp/junit7196910919177069385/modules.csv
Nov 30, 2025 2:15:03 PM ua.onlinecourses.parser.ModuleFileParser parseFromCSV
INFO: Successfully parsed 0 modules from file
Nov 30, 2025 2:15:03 PM ua.onlinecourses.model.myModule <init>
INFO: Attempting to create Module: AB, Content description
Nov 30, 2025 2:15:03 PM ua.onlinecourses.util.ValidationUtils validate
INFO: Attempting to validate object: myModule
Nov 30, 2025 2:15:03 PM ua.onlinecourses.util.ValidationUtils validate
WARNING: Validation failed for myModule: title: invalid value 'AB' — must be between 3 and 30 characters
Nov 30, 2025 2:15:03 PM ua.onlinecourses.model.myModule <init>
INFO: Attempting to create Module: Title, AB
Nov 30, 2025 2:15:03 PM ua.onlinecourses.util.ValidationUtils validate
INFO: Attempting to validate object: myModule
Nov 30, 2025 2:15:03 PM ua.onlinecourses.util.ValidationUtils validate
WARNING: Validation failed for myModule: content: invalid value 'AB' — must be between 3 and 2000 characters
Nov 30, 2025 2:15:03 PM ua.onlinecourses.model.myModule <init>
INFO: Attempting to create Module: Economics, 
Nov 30, 2025 2:15:03 PM ua.onlinecourses.util.ValidationUtils validate
INFO: Attempting to validate object: myModule
Nov 30, 2025 2:15:03 PM ua.onlinecourses.util.ValidationUtils validate
WARNING: Validation failed for myModule: content: invalid value '' — must be between 3 and 2000 characters; content: invalid value '' — cannot be empty
Nov 30, 2025 2:15:03 PM ua.onlinecourses.model.myModule <init>
INFO: Attempting to create Module: Economics,    
Nov 30, 2025 2:15:03 PM ua.onlinecourses.util.ValidationUtils validate
INFO: Attempting to validate object: myModule
Nov 30, 2025 2:15:03 PM ua.onlinecourses.util.ValidationUtils validate
WARNING: Validation failed for myModule: content: invalid value '   ' — cannot be empty
Nov 30, 2025 2:15:03 PM ua.onlinecourses.model.myModule <init>
INFO: Attempting to create Module: Introduction, Basic concepts and fundamentals
Nov 30, 2025 2:15:03 PM ua.onlinecourses.util.ValidationUtils validate
INFO: Attempting to validate object: myModule
Nov 30, 2025 2:15:03 PM ua.onlinecourses.util.ValidationUtils validate
INFO: Validation successful for myModule
Nov 30, 2025 2:15:03 PM ua.onlinecourses.model.myModule <init>
INFO: Module created successfully: Introduction, Basic concepts and fundamentals
Nov 30, 2025 2:15:03 PM ua.onlinecourses.model.myModule <init>
INFO: Attempting to create Module: Advanced Topics, Deep dive into complex subjects
Nov 30, 2025 2:15:03 PM ua.onlinecourses.util.ValidationUtils validate
INFO: Attempting to validate object: myModule
Nov 30, 2025 2:15:03 PM ua.onlinecourses.util.ValidationUtils validate
INFO: Validation successful for myModule
Nov 30, 2025 2:15:03 PM ua.onlinecourses.model.myModule <init>
INFO: Module created successfully: Advanced Topics, Deep dive into complex subjects
Nov 30, 2025 2:15:03 PM ua.onlinecourses.model.myModule <init>
INFO: Attempting to create Module: Java Basics, Learn Java programming
Nov 30, 2025 2:15:03 PM ua.onlinecourses.util.ValidationUtils validate
INFO: Attempting to validate object: myModule
Nov 30, 2025 2:15:03 PM ua.onlinecourses.util.ValidationUtils validate
INFO: Validation successful for myModule
Nov 30, 2025 2:15:03 PM ua.onlinecourses.model.myModule <init>
INFO: Module created successfully: Java Basics, Learn Java programming
Nov 30, 2025 2:15:03 PM ua.onlinecourses.model.myModule <init>
INFO: Attempting to create Module: Phisics, aaaaaaaaaaaaaaaaaaaaaaaaaaaaaaaaaaaaaaaaaaaaaaaaaaaaaaaaaaaaaaaaaaaaaaaaaaaaaaaaaaaaaaaaaaaaaaaaaaaaaaaaaaaaaaaaaaaaaaaaaaaaaaaaaaaaaaaaaaaaaaaaaaaaaaaaaaaaaaaaaaaaaaaaaaaaaaaaaaaaaaaaaaaaaaaaaaaaaaaaaaaaaaaaaaaaaaaaaaaaaaaaaaaaaaaaaaaaaaaaaaaaaaaaaaaaaaaaaaaaaaaaaaaaaaaaaaaaaaaaaaaaaaaaaaaaaaaaaaaaaaaaaaaaaaaaaaaaaaaaaaaaaaaaaaaaaaaaaaaaaaaaaaaaaaaaaaaaaaaaaaaaaaaaaaaaaaaaaaaaaaaaaaaaaaaaaaaaaaaaaaaaaaaaaaaaaaaaaaaaaaaaaaaaaaaaaaaaaaaaaaaaaaaaaaaaaaaaaaaaaaaaaaaaaaaaaaaaaaaaaaaaaaaaaaaaaaaaaaaaaaaaaaaaaaaaaaaaaaaaaaaaaaaaaaaaaaaaaaaaaaaaaaaaaaaaaaaaaaaaaaaaaaaaaaaaaaaaaaaaaaaaaaaaaaaaaaaaaaaaaaaaaaaaaaaaaaaaaaaaaaaaaaaaaaaaaaaaaaaaaaaaaaaaaaaaaaaaaaaaaaaaaaaaaaaaaaaaaaaaaaaaaaaaaaaaaaaaaaaaaaaaaaaaaaaaaaaaaaaaaaaaaaaaaaaaaaaaaaaaaaaaaaaaaaaaaaaaaaaaaaaaaaaaaaaaaaaaaaaaaaaaaaaaaaaaaaaaaaaaaaaaaaaaaaaaaaaaaaaaaaaaaaaaaaaaaaaaaaaaaaaaaaaaaaaaaaaaaaaaaaaaaaaaaaaaaaaaaaaaaaaaaaaaaaaaaaaaaaaaaaaaaaaaaaaaaaaaaaaaaaaaaaaaaaaaaaaaaaaaaaaaaaaaaaaaaaaaaaaaaaaaaaaaaaaaaaaaaaaaaaaaaaaaaaaaaaaaaaaaaaaaaaaaaaaaaaaaaaaaaaaaaaaaaaaaaaaaaaaaaaaaaaaaaaaaaaaaaaaaaaaaaaaaaaaaaaaaaaaaaaaaaaaaaaaaaaaaaaaaaaaaaaaaaaaaaaaaaaaaaaaaaaaaaaaaaaaaaaaaaaaaaaaaaaaaaaaaaaaaaaaaaaaaaaaaaaaaaaaaaaaaaaaaaaaaaaaaaaaaaaaaaaaaaaaaaaaaaaaaaaaaaaaaaaaaaaaaaaaaaaaaaaaaaaaaaaaaaaaaaaaaaaaaaaaaaaaaaaaaaaaaaaaaaaaaaaaaaaaaaaaaaaaaaaaaaaaaaaaaaaaaaaaaaaaaaaaaaaaaaaaaaaaaaaaaaaaaaaaaaaaaaaaaaaaaaaaaaaaaaaaaaaaaaaaaaaaaaaaaaaaaaaaaaaaaaaaaaaaaaaaaaaaaaaaaaaaaaaaaaaaaaaaaaaaaaaaaaaaaaaaaaaaaaaaaaaaaaaaaaaaaaaaaaaaaaaaaaaaaaaaaaaaaaaaaaaaaaaaaaaaaaaaaaaaaaaaaaaaaaaaaaaaaaaaaaaaaaaaaaaaaaaaaaaaaaaaaaaaaaaaaaaaaaaaaaaaaaaaaaaaaaaaaaaaaaaaaaaaaaaaaaaaaaaaaaaaaaaaaaaaaaaaaaaaaaaaaaaaaaaaaaaaaaaaaaaaaaaaaaaaaaaaaaaaaaaaaaaaaaaaaaaaaaaaaaaaaaaaaaaaaaaaaaaaaaaaaaaaaaaaaaaaaaaaaaaaaaaaaaaaaaaaaaaaaaaaaaaaaaaaaaaaaaaaaaaaaaaaaaaaaaaaaaaaaaaaaaaaaaaaaaaaaaaaaaaaaaaaaaaaaaaaaaaaaaaaaaaaaaaaaaaaaaaaaaaaaaaaaaaaaaaaaaaaaaaaaaaaaaaaaaaaaaaaaaaaaaaaaaaaaaaaaaaaaaaaaaaaaaaaaaaaaaaaaaaaaaaaaaaaaaaaaaaaaaaaaaaaaaaaaaaaaaaaaaaaaaaaaa
Nov 30, 2025 2:15:03 PM ua.onlinecourses.util.ValidationUtils validate
INFO: Attempting to validate object: myModule
Nov 30, 2025 2:15:03 PM ua.onlinecourses.util.ValidationUtils validate
WARNING: Validation failed for myModule: content: invalid value 'aaaaaaaaaaaaaaaaaaaaaaaaaaaaaaaaaaaaaaaaaaaaaaaaaaaaaaaaaaaaaaaaaaaaaaaaaaaaaaaaaaaaaaaaaaaaaaaaaaaaaaaaaaaaaaaaaaaaaaaaaaaaaaaaaaaaaaaaaaaaaaaaaaaaaaaaaaaaaaaaaaaaaaaaaaaaaaaaaaaaaaaaaaaaaaaaaaaaaaaaaaaaaaaaaaaaaaaaaaaaaaaaaaaaaaaaaaaaaaaaaaaaaaaaaaaaaaaaaaaaaaaaaaaaaaaaaaaaaaaaaaaaaaaaaaaaaaaaaaaaaaaaaaaaaaaaaaaaaaaaaaaaaaaaaaaaaaaaaaaaaaaaaaaaaaaaaaaaaaaaaaaaaaaaaaaaaaaaaaaaaaaaaaaaaaaaaaaaaaaaaaaaaaaaaaaaaaaaaaaaaaaaaaaaaaaaaaaaaaaaaaaaaaaaaaaaaaaaaaaaaaaaaaaaaaaaaaaaaaaaaaaaaaaaaaaaaaaaaaaaaaaaaaaaaaaaaaaaaaaaaaaaaaaaaaaaaaaaaaaaaaaaaaaaaaaaaaaaaaaaaaaaaaaaaaaaaaaaaaaaaaaaaaaaaaaaaaaaaaaaaaaaaaaaaaaaaaaaaaaaaaaaaaaaaaaaaaaaaaaaaaaaaaaaaaaaaaaaaaaaaaaaaaaaaaaaaaaaaaaaaaaaaaaaaaaaaaaaaaaaaaaaaaaaaaaaaaaaaaaaaaaaaaaaaaaaaaaaaaaaaaaaaaaaaaaaaaaaaaaaaaaaaaaaaaaaaaaaaaaaaaaaaaaaaaaaaaaaaaaaaaaaaaaaaaaaaaaaaaaaaaaaaaaaaaaaaaaaaaaaaaaaaaaaaaaaaaaaaaaaaaaaaaaaaaaaaaaaaaaaaaaaaaaaaaaaaaaaaaaaaaaaaaaaaaaaaaaaaaaaaaaaaaaaaaaaaaaaaaaaaaaaaaaaaaaaaaaaaaaaaaaaaaaaaaaaaaaaaaaaaaaaaaaaaaaaaaaaaaaaaaaaaaaaaaaaaaaaaaaaaaaaaaaaaaaaaaaaaaaaaaaaaaaaaaaaaaaaaaaaaaaaaaaaaaaaaaaaaaaaaaaaaaaaaaaaaaaaaaaaaaaaaaaaaaaaaaaaaaaaaaaaaaaaaaaaaaaaaaaaaaaaaaaaaaaaaaaaaaaaaaaaaaaaaaaaaaaaaaaaaaaaaaaaaaaaaaaaaaaaaaaaaaaaaaaaaaaaaaaaaaaaaaaaaaaaaaaaaaaaaaaaaaaaaaaaaaaaaaaaaaaaaaaaaaaaaaaaaaaaaaaaaaaaaaaaaaaaaaaaaaaaaaaaaaaaaaaaaaaaaaaaaaaaaaaaaaaaaaaaaaaaaaaaaaaaaaaaaaaaaaaaaaaaaaaaaaaaaaaaaaaaaaaaaaaaaaaaaaaaaaaaaaaaaaaaaaaaaaaaaaaaaaaaaaaaaaaaaaaaaaaaaaaaaaaaaaaaaaaaaaaaaaaaaaaaaaaaaaaaaaaaaaaaaaaaaaaaaaaaaaaaaaaaaaaaaaaaaaaaaaaaaaaaaaaaaaaaaaaaaaaaaaaaaaaaaaaaaaaaaaaaaaaaaaaaaaaaaaaaaaaaaaaaaaaaaaaaaaaaaaaaaaaaaaaaaaaaaaaaaaaaaaaaaaaaaaaaaaaaaaaaaaaaaaaaaaaaaaaaaaaaaaaaaaaaaaaaaaaaaaaaaaaaaaaaaaaaaaaaaaaaaaaaaaaaaaaaaaaaaaaaaaaaaaaaaaaaaaaaaaaaaaaaaaaaaaaaaaaaaaaaaaaaaaaaaaaaaaaaaaaaaaaaaaaaaaaaaaaaaaaaaaaaaaaaaaaaaaaaaaaaaaaaaaaaaaaaaaaaaaaaaaaaaaaaaaaaaaaaaaaaaaaaaaaaaaaaaaaaaaaaaaaaaaaaaaaaaaaaaaaaaaaaaaaaaaaaaaaaaaaaaaaaaaaaaaaaaaaaaaaaaaaaaaaaaaaaaaaaaaaaaaaaaaaaaaaaaaaaaaaaaaaaaaaaaaaaaaaaa' — must be between 3 and 2000 characters
Nov 30, 2025 2:15:03 PM ua.onlinecourses.model.myModule <init>
INFO: Attempting to create Module: , Valid content description
Nov 30, 2025 2:15:03 PM ua.onlinecourses.util.ValidationUtils validate
INFO: Attempting to validate object: myModule
Nov 30, 2025 2:15:03 PM ua.onlinecourses.util.ValidationUtils validate
WARNING: Validation failed for myModule: title: invalid value '' — must be between 3 and 30 characters; title: invalid value '' — cannot be empty
Nov 30, 2025 2:15:03 PM ua.onlinecourses.model.myModule <init>
INFO: Attempting to create Module:    , Valid content description
Nov 30, 2025 2:15:03 PM ua.onlinecourses.util.ValidationUtils validate
INFO: Attempting to validate object: myModule
Nov 30, 2025 2:15:03 PM ua.onlinecourses.util.ValidationUtils validate
WARNING: Validation failed for myModule: title: invalid value '   ' — cannot be empty
Nov 30, 2025 2:15:03 PM ua.onlinecourses.model.myModule <init>
INFO: Attempting to create Module: Economics for computer science basic level introdaction for statistcs ans risks, Valid content description
Nov 30, 2025 2:15:03 PM ua.onlinecourses.util.ValidationUtils validate
INFO: Attempting to validate object: myModule
Nov 30, 2025 2:15:03 PM ua.onlinecourses.util.ValidationUtils validate
WARNING: Validation failed for myModule: title: invalid value 'Economics for computer science basic level introdaction for statistcs ans risks' — must be between 3 and 30 characters
Nov 30, 2025 2:15:03 PM ua.onlinecourses.parser.ModuleFileParser parseFromCSV
INFO: Starting to parse modules from file: /tmp/junit11696902897749493457/modules.csv
Nov 30, 2025 2:15:03 PM ua.onlinecourses.model.myModule <init>
INFO: Attempting to create Module: Introduction, Basic concepts
Nov 30, 2025 2:15:03 PM ua.onlinecourses.util.ValidationUtils validate
INFO: Attempting to validate object: myModule
Nov 30, 2025 2:15:03 PM ua.onlinecourses.util.ValidationUtils validate
INFO: Validation successful for myModule
Nov 30, 2025 2:15:03 PM ua.onlinecourses.model.myModule <init>
INFO: Module created successfully: Introduction, Basic concepts
Nov 30, 2025 2:15:03 PM ua.onlinecourses.parser.ModuleFileParser parseFromCSV
INFO: Parsed module from line 1: INT-BAS
Nov 30, 2025 2:15:03 PM ua.onlinecourses.parser.ModuleFileParser parseFromCSV
WARNING: Failed to parse line 2: Line 2: Expected format 'title, content', got: Invalid Line
Nov 30, 2025 2:15:03 PM ua.onlinecourses.model.myModule <init>
INFO: Attempting to create Module: Advanced, Complex topics
Nov 30, 2025 2:15:03 PM ua.onlinecourses.util.ValidationUtils validate
INFO: Attempting to validate object: myModule
Nov 30, 2025 2:15:03 PM ua.onlinecourses.util.ValidationUtils validate
INFO: Validation successful for myModule
Nov 30, 2025 2:15:03 PM ua.onlinecourses.model.myModule <init>
INFO: Module created successfully: Advanced, Complex topics
Nov 30, 2025 2:15:03 PM ua.onlinecourses.parser.ModuleFileParser parseFromCSV
INFO: Parsed module from line 3: ADV-COM
Nov 30, 2025 2:15:03 PM ua.onlinecourses.parser.ModuleFileParser parseFromCSV
INFO: Successfully parsed 2 modules from file
Nov 30, 2025 2:15:03 PM ua.onlinecourses.parser.ModuleFileParser parseFromCSV
INFO: Starting to parse modules from file: /tmp/junit13170279687213869444/modules.csv
Nov 30, 2025 2:15:03 PM ua.onlinecourses.model.myModule <init>
INFO: Attempting to create Module: Ukrainion History for computer science learners, Content
Nov 30, 2025 2:15:03 PM ua.onlinecourses.util.ValidationUtils validate
INFO: Attempting to validate object: myModule
Nov 30, 2025 2:15:03 PM ua.onlinecourses.util.ValidationUtils validate
WARNING: Validation failed for myModule: title: invalid value 'Ukrainion History for computer science learners' — must be between 3 and 30 characters
Nov 30, 2025 2:15:03 PM ua.onlinecourses.parser.ModuleFileParser parseFromCSV
WARNING: Failed to parse line 1: Line 1: title: invalid value 'Ukrainion History for computer science learners' — must be between 3 and 30 characters
Nov 30, 2025 2:15:03 PM ua.onlinecourses.model.myModule <init>
INFO: Attempting to create Module: Advanced, Complex topics
Nov 30, 2025 2:15:03 PM ua.onlinecourses.util.ValidationUtils validate
INFO: Attempting to validate object: myModule
Nov 30, 2025 2:15:03 PM ua.onlinecourses.util.ValidationUtils validate
INFO: Validation successful for myModule
Nov 30, 2025 2:15:03 PM ua.onlinecourses.model.myModule <init>
INFO: Module created successfully: Advanced, Complex topics
Nov 30, 2025 2:15:03 PM ua.onlinecourses.parser.ModuleFileParser parseFromCSV
INFO: Parsed module from line 2: ADV-COM
Nov 30, 2025 2:15:03 PM ua.onlinecourses.parser.ModuleFileParser parseFromCSV
INFO: Successfully parsed 1 modules from file
Nov 30, 2025 2:15:03 PM ua.onlinecourses.parser.ModuleFileParser parseFromCSV
INFO: Starting to parse modules from file: /tmp/junit16585474905121617961/modules.csv
Nov 30, 2025 2:15:03 PM ua.onlinecourses.parser.ModuleFileParser parseFromCSV
WARNING: Failed to parse line 1: Line 1: Expected format 'title, content', got: Title,
Nov 30, 2025 2:15:03 PM ua.onlinecourses.model.myModule <init>
INFO: Attempting to create Module: Advanced, Complex topics
Nov 30, 2025 2:15:03 PM ua.onlinecourses.util.ValidationUtils validate
INFO: Attempting to validate object: myModule
Nov 30, 2025 2:15:03 PM ua.onlinecourses.util.ValidationUtils validate
INFO: Validation successful for myModule
Nov 30, 2025 2:15:03 PM ua.onlinecourses.model.myModule <init>
INFO: Module created successfully: Advanced, Complex topics
Nov 30, 2025 2:15:03 PM ua.onlinecourses.parser.ModuleFileParser parseFromCSV
INFO: Parsed module from line 2: ADV-COM
Nov 30, 2025 2:15:03 PM ua.onlinecourses.parser.ModuleFileParser parseFromCSV
INFO: Successfully parsed 1 modules from file
]]></system-err>
</testsuite>
