<?xml version="1.0" encoding="UTF-8"?>
<testsuite name="ua.onlinecourses.model.InstructorTest" tests="28" skipped="0" failures="2" errors="0" timestamp="2025-11-30T14:15:03.368Z" hostname="runnervmg1sw1" time="0.151">
  <properties/>
  <testcase name="[1] " classname="ua.onlinecourses.model.InstructorTest" time="0.009"/>
  <testcase name="[2]    " classname="ua.onlinecourses.model.InstructorTest" time="0.002"/>
  <testcase name="[3] AlexAlexAlllleksandrErrorAaaaleksanderProblemAaalllekks" classname="ua.onlinecourses.model.InstructorTest" time="0.002"/>
  <testcase name="[1] 0" classname="ua.onlinecourses.model.InstructorTest" time="0.002"/>
  <testcase name="[2] -1" classname="ua.onlinecourses.model.InstructorTest" time="0.002"/>
  <testcase name="[3] -5" classname="ua.onlinecourses.model.InstructorTest" time="0.001"/>
  <testcase name="[4] 61" classname="ua.onlinecourses.model.InstructorTest" time="0.003"/>
  <testcase name="[5] 100" classname="ua.onlinecourses.model.InstructorTest" time="0.003"/>
  <testcase name="testGetFullNameThrowsExceptionForShortLastName()" classname="ua.onlinecourses.model.InstructorTest" time="0.003">
    <failure message="ua.onlinecourses.exception.InvalidDataException: lastName: invalid value 'Ma' — must be between 3 and 50 characters" type="ua.onlinecourses.exception.InvalidDataException">ua.onlinecourses.exception.InvalidDataException: lastName: invalid value 'Ma' — must be between 3 and 50 characters
	at app//ua.onlinecourses.util.ValidationUtils.validate(ValidationUtils.java:36)
	at app//ua.onlinecourses.model.Instructor.&lt;init&gt;(Instructor.java:48)
	at app//ua.onlinecourses.model.InstructorTest.testGetFullNameThrowsExceptionForShortLastName(InstructorTest.java:101)
	at java.base@17.0.17/java.lang.reflect.Method.invoke(Method.java:569)
	at java.base@17.0.17/java.util.ArrayList.forEach(ArrayList.java:1511)
	at java.base@17.0.17/java.util.ArrayList.forEach(ArrayList.java:1511)
</failure>
  </testcase>
  <testcase name="[1] Alexandrov, Maksym, 10, ALEMAK-10" classname="ua.onlinecourses.model.InstructorTest" time="0.008"/>
  <testcase name="[2] Ivan, Danulyk, 25, IVADAN-25" classname="ua.onlinecourses.model.InstructorTest" time="0.003"/>
  <testcase name="[3] Olga, Marchenko, 5, OLGMAR-5" classname="ua.onlinecourses.model.InstructorTest" time="0.002"/>
  <testcase name="[4] Halyna, Unguryan, 60, HALUNG-60" classname="ua.onlinecourses.model.InstructorTest" time="0.003"/>
  <testcase name="[1] Alexandrov,Maksym,10&#10;Ivan,Danulyk,25, 2, Alexandrov, Maksym" classname="ua.onlinecourses.model.InstructorTest" time="0.011"/>
  <testcase name="[2] Halyna,Unguryan,5, 1, Halyna, Unguryan" classname="ua.onlinecourses.model.InstructorTest" time="0.008"/>
  <testcase name="[3] # Comment&#10;Bob,Wilson,15&#10;&#10;Carol,Davis,20, 2, Bob, Wilson" classname="ua.onlinecourses.model.InstructorTest" time="0.005"/>
  <testcase name="[4] , 0, null, null" classname="ua.onlinecourses.model.InstructorTest" time="0.003"/>
  <testcase name="testGetFullNameThrowsExceptionForShortFirstName()" classname="ua.onlinecourses.model.InstructorTest" time="0.004">
    <failure message="ua.onlinecourses.exception.InvalidDataException: firstName: invalid value 'Ol' — must be between 3 and 50 characters" type="ua.onlinecourses.exception.InvalidDataException">ua.onlinecourses.exception.InvalidDataException: firstName: invalid value 'Ol' — must be between 3 and 50 characters
	at app//ua.onlinecourses.util.ValidationUtils.validate(ValidationUtils.java:36)
	at app//ua.onlinecourses.model.Instructor.&lt;init&gt;(Instructor.java:48)
	at app//ua.onlinecourses.model.InstructorTest.testGetFullNameThrowsExceptionForShortFirstName(InstructorTest.java:92)
	at java.base@17.0.17/java.lang.reflect.Method.invoke(Method.java:569)
	at java.base@17.0.17/java.util.ArrayList.forEach(ArrayList.java:1511)
	at java.base@17.0.17/java.util.ArrayList.forEach(ArrayList.java:1511)
</failure>
  </testcase>
  <testcase name="[1] John, Doe, 10" classname="ua.onlinecourses.model.InstructorTest" time="0.005"/>
  <testcase name="[2] Jane, Smith, 25" classname="ua.onlinecourses.model.InstructorTest" time="0.005"/>
  <testcase name="[3] Alice, Brown, 5" classname="ua.onlinecourses.model.InstructorTest" time="0.005"/>
  <testcase name="testFileNotFound()" classname="ua.onlinecourses.model.InstructorTest" time="0.001"/>
  <testcase name="[1] " classname="ua.onlinecourses.model.InstructorTest" time="0.002"/>
  <testcase name="[2]    " classname="ua.onlinecourses.model.InstructorTest" time="0.002"/>
  <testcase name="[3] MaksymMaksymMaksymMaksymMaksymMaksymMaksymMaksymMaksymMaksymMaksymMaksymMaksymMaksymMaksymMaksymMaksym" classname="ua.onlinecourses.model.InstructorTest" time="0.002"/>
  <testcase name="[1] John,Doe,10&#10;Invalid Line&#10;Jane,Smith,25, 2" classname="ua.onlinecourses.model.InstructorTest" time="0.005"/>
  <testcase name="[2] John,Doe,100&#10;Jane,Smith,25, 1" classname="ua.onlinecourses.model.InstructorTest" time="0.005"/>
  <testcase name="[3] John,Doe,10&#10;Jane,Smith,25, 2" classname="ua.onlinecourses.model.InstructorTest" time="0.008"/>
  <system-out><![CDATA[]]></system-out>
  <system-err><![CDATA[Nov 30, 2025 2:15:03 PM ua.onlinecourses.model.Instructor <init>
INFO: Attempting to create Instructor: , Alexandrov, 10
Nov 30, 2025 2:15:03 PM ua.onlinecourses.util.ValidationUtils validate
INFO: Attempting to validate object: Instructor
Nov 30, 2025 2:15:03 PM ua.onlinecourses.util.ValidationUtils validate
WARNING: Validation failed for Instructor: firstName: invalid value '' — must be between 3 and 50 characters; firstName: invalid value '' — cannot be empty
Nov 30, 2025 2:15:03 PM ua.onlinecourses.model.Instructor <init>
INFO: Attempting to create Instructor:    , Alexandrov, 10
Nov 30, 2025 2:15:03 PM ua.onlinecourses.util.ValidationUtils validate
INFO: Attempting to validate object: Instructor
Nov 30, 2025 2:15:03 PM ua.onlinecourses.util.ValidationUtils validate
WARNING: Validation failed for Instructor: firstName: invalid value '   ' — cannot be empty
Nov 30, 2025 2:15:03 PM ua.onlinecourses.model.Instructor <init>
INFO: Attempting to create Instructor: AlexAlexAlllleksandrErrorAaaaleksanderProblemAaalllekks, Alexandrov, 10
Nov 30, 2025 2:15:03 PM ua.onlinecourses.util.ValidationUtils validate
INFO: Attempting to validate object: Instructor
Nov 30, 2025 2:15:03 PM ua.onlinecourses.util.ValidationUtils validate
WARNING: Validation failed for Instructor: firstName: invalid value 'AlexAlexAlllleksandrErrorAaaaleksanderProblemAaalllekks' — must be between 3 and 50 characters
Nov 30, 2025 2:15:03 PM ua.onlinecourses.model.Instructor <init>
INFO: Attempting to create Instructor: Maksym, Alexandrov, 0
Nov 30, 2025 2:15:03 PM ua.onlinecourses.util.ValidationUtils validate
INFO: Attempting to validate object: Instructor
Nov 30, 2025 2:15:03 PM ua.onlinecourses.util.ValidationUtils validate
WARNING: Validation failed for Instructor: expertise: invalid value '0' — must be at least 1
Nov 30, 2025 2:15:03 PM ua.onlinecourses.model.Instructor <init>
INFO: Attempting to create Instructor: Maksym, Alexandrov, -1
Nov 30, 2025 2:15:03 PM ua.onlinecourses.util.ValidationUtils validate
INFO: Attempting to validate object: Instructor
Nov 30, 2025 2:15:03 PM ua.onlinecourses.util.ValidationUtils validate
WARNING: Validation failed for Instructor: expertise: invalid value '-1' — must be at least 1
Nov 30, 2025 2:15:03 PM ua.onlinecourses.model.Instructor <init>
INFO: Attempting to create Instructor: Maksym, Alexandrov, -5
Nov 30, 2025 2:15:03 PM ua.onlinecourses.util.ValidationUtils validate
INFO: Attempting to validate object: Instructor
Nov 30, 2025 2:15:03 PM ua.onlinecourses.util.ValidationUtils validate
WARNING: Validation failed for Instructor: expertise: invalid value '-5' — must be at least 1
Nov 30, 2025 2:15:03 PM ua.onlinecourses.model.Instructor <init>
INFO: Attempting to create Instructor: Maksym, Alexandrov, 61
Nov 30, 2025 2:15:03 PM ua.onlinecourses.util.ValidationUtils validate
INFO: Attempting to validate object: Instructor
Nov 30, 2025 2:15:03 PM ua.onlinecourses.util.ValidationUtils validate
WARNING: Validation failed for Instructor: expertise: invalid value '61' — must be at most 60
Nov 30, 2025 2:15:03 PM ua.onlinecourses.model.Instructor <init>
INFO: Attempting to create Instructor: Maksym, Alexandrov, 100
Nov 30, 2025 2:15:03 PM ua.onlinecourses.util.ValidationUtils validate
INFO: Attempting to validate object: Instructor
Nov 30, 2025 2:15:03 PM ua.onlinecourses.util.ValidationUtils validate
WARNING: Validation failed for Instructor: expertise: invalid value '100' — must be at most 60
Nov 30, 2025 2:15:03 PM ua.onlinecourses.model.Instructor <init>
INFO: Attempting to create Instructor: Olga, Ma, 10
Nov 30, 2025 2:15:03 PM ua.onlinecourses.util.ValidationUtils validate
INFO: Attempting to validate object: Instructor
Nov 30, 2025 2:15:03 PM ua.onlinecourses.util.ValidationUtils validate
WARNING: Validation failed for Instructor: lastName: invalid value 'Ma' — must be between 3 and 50 characters
Nov 30, 2025 2:15:03 PM ua.onlinecourses.model.Instructor <init>
INFO: Attempting to create Instructor: Alexandrov, Maksym, 10
Nov 30, 2025 2:15:03 PM ua.onlinecourses.util.ValidationUtils validate
INFO: Attempting to validate object: Instructor
Nov 30, 2025 2:15:03 PM ua.onlinecourses.util.ValidationUtils validate
INFO: Validation successful for Instructor
Nov 30, 2025 2:15:03 PM ua.onlinecourses.model.Instructor <init>
INFO: Instructor created successfully: Alexandrov, Maksym, 10
Nov 30, 2025 2:15:03 PM ua.onlinecourses.model.Instructor <init>
INFO: Attempting to create Instructor: Ivan, Danulyk, 25
Nov 30, 2025 2:15:03 PM ua.onlinecourses.util.ValidationUtils validate
INFO: Attempting to validate object: Instructor
Nov 30, 2025 2:15:03 PM ua.onlinecourses.util.ValidationUtils validate
INFO: Validation successful for Instructor
Nov 30, 2025 2:15:03 PM ua.onlinecourses.model.Instructor <init>
INFO: Instructor created successfully: Ivan, Danulyk, 25
Nov 30, 2025 2:15:03 PM ua.onlinecourses.model.Instructor <init>
INFO: Attempting to create Instructor: Olga, Marchenko, 5
Nov 30, 2025 2:15:03 PM ua.onlinecourses.util.ValidationUtils validate
INFO: Attempting to validate object: Instructor
Nov 30, 2025 2:15:03 PM ua.onlinecourses.util.ValidationUtils validate
INFO: Validation successful for Instructor
Nov 30, 2025 2:15:03 PM ua.onlinecourses.model.Instructor <init>
INFO: Instructor created successfully: Olga, Marchenko, 5
Nov 30, 2025 2:15:03 PM ua.onlinecourses.model.Instructor <init>
INFO: Attempting to create Instructor: Halyna, Unguryan, 60
Nov 30, 2025 2:15:03 PM ua.onlinecourses.util.ValidationUtils validate
INFO: Attempting to validate object: Instructor
Nov 30, 2025 2:15:03 PM ua.onlinecourses.util.ValidationUtils validate
INFO: Validation successful for Instructor
Nov 30, 2025 2:15:03 PM ua.onlinecourses.model.Instructor <init>
INFO: Instructor created successfully: Halyna, Unguryan, 60
Nov 30, 2025 2:15:03 PM ua.onlinecourses.parser.InstructorFileParser parseFromCSV
INFO: Starting to parse instructors from file: /tmp/junit6448337680697914750/instructors.csv
Nov 30, 2025 2:15:03 PM ua.onlinecourses.model.Instructor <init>
INFO: Attempting to create Instructor: Alexandrov, Maksym, 10
Nov 30, 2025 2:15:03 PM ua.onlinecourses.util.ValidationUtils validate
INFO: Attempting to validate object: Instructor
Nov 30, 2025 2:15:03 PM ua.onlinecourses.util.ValidationUtils validate
INFO: Validation successful for Instructor
Nov 30, 2025 2:15:03 PM ua.onlinecourses.model.Instructor <init>
INFO: Instructor created successfully: Alexandrov, Maksym, 10
Nov 30, 2025 2:15:03 PM ua.onlinecourses.parser.InstructorFileParser parseFromCSV
INFO: Parsed instructor from line 1: ALEMAK-10
Nov 30, 2025 2:15:03 PM ua.onlinecourses.model.Instructor <init>
INFO: Attempting to create Instructor: Ivan, Danulyk, 25
Nov 30, 2025 2:15:03 PM ua.onlinecourses.util.ValidationUtils validate
INFO: Attempting to validate object: Instructor
Nov 30, 2025 2:15:03 PM ua.onlinecourses.util.ValidationUtils validate
INFO: Validation successful for Instructor
Nov 30, 2025 2:15:03 PM ua.onlinecourses.model.Instructor <init>
INFO: Instructor created successfully: Ivan, Danulyk, 25
Nov 30, 2025 2:15:03 PM ua.onlinecourses.parser.InstructorFileParser parseFromCSV
INFO: Parsed instructor from line 2: IVADAN-25
Nov 30, 2025 2:15:03 PM ua.onlinecourses.parser.InstructorFileParser parseFromCSV
INFO: Successfully parsed 2 instructors from file
Nov 30, 2025 2:15:03 PM ua.onlinecourses.parser.InstructorFileParser parseFromCSV
INFO: Starting to parse instructors from file: /tmp/junit9703951208015560921/instructors.csv
Nov 30, 2025 2:15:03 PM ua.onlinecourses.model.Instructor <init>
INFO: Attempting to create Instructor: Halyna, Unguryan, 5
Nov 30, 2025 2:15:03 PM ua.onlinecourses.util.ValidationUtils validate
INFO: Attempting to validate object: Instructor
Nov 30, 2025 2:15:03 PM ua.onlinecourses.util.ValidationUtils validate
INFO: Validation successful for Instructor
Nov 30, 2025 2:15:03 PM ua.onlinecourses.model.Instructor <init>
INFO: Instructor created successfully: Halyna, Unguryan, 5
Nov 30, 2025 2:15:03 PM ua.onlinecourses.parser.InstructorFileParser parseFromCSV
INFO: Parsed instructor from line 1: HALUNG-5
Nov 30, 2025 2:15:03 PM ua.onlinecourses.parser.InstructorFileParser parseFromCSV
INFO: Successfully parsed 1 instructors from file
Nov 30, 2025 2:15:03 PM ua.onlinecourses.parser.InstructorFileParser parseFromCSV
INFO: Starting to parse instructors from file: /tmp/junit3611200238876983691/instructors.csv
Nov 30, 2025 2:15:03 PM ua.onlinecourses.model.Instructor <init>
INFO: Attempting to create Instructor: Bob, Wilson, 15
Nov 30, 2025 2:15:03 PM ua.onlinecourses.util.ValidationUtils validate
INFO: Attempting to validate object: Instructor
Nov 30, 2025 2:15:03 PM ua.onlinecourses.util.ValidationUtils validate
INFO: Validation successful for Instructor
Nov 30, 2025 2:15:03 PM ua.onlinecourses.model.Instructor <init>
INFO: Instructor created successfully: Bob, Wilson, 15
Nov 30, 2025 2:15:03 PM ua.onlinecourses.parser.InstructorFileParser parseFromCSV
INFO: Parsed instructor from line 2: BOBWIL-15
Nov 30, 2025 2:15:03 PM ua.onlinecourses.model.Instructor <init>
INFO: Attempting to create Instructor: Carol, Davis, 20
Nov 30, 2025 2:15:03 PM ua.onlinecourses.util.ValidationUtils validate
INFO: Attempting to validate object: Instructor
Nov 30, 2025 2:15:03 PM ua.onlinecourses.util.ValidationUtils validate
INFO: Validation successful for Instructor
Nov 30, 2025 2:15:03 PM ua.onlinecourses.model.Instructor <init>
INFO: Instructor created successfully: Carol, Davis, 20
Nov 30, 2025 2:15:03 PM ua.onlinecourses.parser.InstructorFileParser parseFromCSV
INFO: Parsed instructor from line 4: CARDAV-20
Nov 30, 2025 2:15:03 PM ua.onlinecourses.parser.InstructorFileParser parseFromCSV
INFO: Successfully parsed 2 instructors from file
Nov 30, 2025 2:15:03 PM ua.onlinecourses.parser.InstructorFileParser parseFromCSV
INFO: Starting to parse instructors from file: /tmp/junit16590290662298270683/instructors.csv
Nov 30, 2025 2:15:03 PM ua.onlinecourses.parser.InstructorFileParser parseFromCSV
INFO: Successfully parsed 0 instructors from file
Nov 30, 2025 2:15:03 PM ua.onlinecourses.model.Instructor <init>
INFO: Attempting to create Instructor: Ol, Marchenko, 10
Nov 30, 2025 2:15:03 PM ua.onlinecourses.util.ValidationUtils validate
INFO: Attempting to validate object: Instructor
Nov 30, 2025 2:15:03 PM ua.onlinecourses.util.ValidationUtils validate
WARNING: Validation failed for Instructor: firstName: invalid value 'Ol' — must be between 3 and 50 characters
Nov 30, 2025 2:15:03 PM ua.onlinecourses.model.Instructor <init>
INFO: Attempting to create Instructor: John, Doe, 10
Nov 30, 2025 2:15:03 PM ua.onlinecourses.util.ValidationUtils validate
INFO: Attempting to validate object: Instructor
Nov 30, 2025 2:15:03 PM ua.onlinecourses.util.ValidationUtils validate
INFO: Validation successful for Instructor
Nov 30, 2025 2:15:03 PM ua.onlinecourses.model.Instructor <init>
INFO: Instructor created successfully: John, Doe, 10
Nov 30, 2025 2:15:03 PM ua.onlinecourses.model.Instructor <init>
INFO: Attempting to create Instructor: Jane, Smith, 25
Nov 30, 2025 2:15:03 PM ua.onlinecourses.util.ValidationUtils validate
INFO: Attempting to validate object: Instructor
Nov 30, 2025 2:15:03 PM ua.onlinecourses.util.ValidationUtils validate
INFO: Validation successful for Instructor
Nov 30, 2025 2:15:03 PM ua.onlinecourses.model.Instructor <init>
INFO: Instructor created successfully: Jane, Smith, 25
Nov 30, 2025 2:15:03 PM ua.onlinecourses.model.Instructor <init>
INFO: Attempting to create Instructor: Alice, Brown, 5
Nov 30, 2025 2:15:03 PM ua.onlinecourses.util.ValidationUtils validate
INFO: Attempting to validate object: Instructor
Nov 30, 2025 2:15:03 PM ua.onlinecourses.util.ValidationUtils validate
INFO: Validation successful for Instructor
Nov 30, 2025 2:15:03 PM ua.onlinecourses.model.Instructor <init>
INFO: Instructor created successfully: Alice, Brown, 5
Nov 30, 2025 2:15:03 PM ua.onlinecourses.model.Instructor <init>
INFO: Attempting to create Instructor: Maksym, , 10
Nov 30, 2025 2:15:03 PM ua.onlinecourses.util.ValidationUtils validate
INFO: Attempting to validate object: Instructor
Nov 30, 2025 2:15:03 PM ua.onlinecourses.util.ValidationUtils validate
WARNING: Validation failed for Instructor: lastName: invalid value '' — cannot be empty; lastName: invalid value '' — must be between 3 and 50 characters
Nov 30, 2025 2:15:03 PM ua.onlinecourses.model.Instructor <init>
INFO: Attempting to create Instructor: Maksym,    , 10
Nov 30, 2025 2:15:03 PM ua.onlinecourses.util.ValidationUtils validate
INFO: Attempting to validate object: Instructor
Nov 30, 2025 2:15:03 PM ua.onlinecourses.util.ValidationUtils validate
WARNING: Validation failed for Instructor: lastName: invalid value '   ' — cannot be empty
Nov 30, 2025 2:15:03 PM ua.onlinecourses.model.Instructor <init>
INFO: Attempting to create Instructor: Maksym, MaksymMaksymMaksymMaksymMaksymMaksymMaksymMaksymMaksymMaksymMaksymMaksymMaksymMaksymMaksymMaksymMaksym, 10
Nov 30, 2025 2:15:03 PM ua.onlinecourses.util.ValidationUtils validate
INFO: Attempting to validate object: Instructor
Nov 30, 2025 2:15:03 PM ua.onlinecourses.util.ValidationUtils validate
WARNING: Validation failed for Instructor: lastName: invalid value 'MaksymMaksymMaksymMaksymMaksymMaksymMaksymMaksymMaksymMaksymMaksymMaksymMaksymMaksymMaksymMaksymMaksym' — must be between 3 and 50 characters
Nov 30, 2025 2:15:03 PM ua.onlinecourses.parser.InstructorFileParser parseFromCSV
INFO: Starting to parse instructors from file: /tmp/junit7213314351947696364/instructors.csv
Nov 30, 2025 2:15:03 PM ua.onlinecourses.model.Instructor <init>
INFO: Attempting to create Instructor: John, Doe, 10
Nov 30, 2025 2:15:03 PM ua.onlinecourses.util.ValidationUtils validate
INFO: Attempting to validate object: Instructor
Nov 30, 2025 2:15:03 PM ua.onlinecourses.util.ValidationUtils validate
INFO: Validation successful for Instructor
Nov 30, 2025 2:15:03 PM ua.onlinecourses.model.Instructor <init>
INFO: Instructor created successfully: John, Doe, 10
Nov 30, 2025 2:15:03 PM ua.onlinecourses.parser.InstructorFileParser parseFromCSV
INFO: Parsed instructor from line 1: JOHDOE-10
Nov 30, 2025 2:15:03 PM ua.onlinecourses.parser.InstructorFileParser parseFromCSV
WARNING: Failed to parse line 2: Line 2: Expected format 'firstName, lastName, expertise', got: Invalid Line
Nov 30, 2025 2:15:03 PM ua.onlinecourses.model.Instructor <init>
INFO: Attempting to create Instructor: Jane, Smith, 25
Nov 30, 2025 2:15:03 PM ua.onlinecourses.util.ValidationUtils validate
INFO: Attempting to validate object: Instructor
Nov 30, 2025 2:15:03 PM ua.onlinecourses.util.ValidationUtils validate
INFO: Validation successful for Instructor
Nov 30, 2025 2:15:03 PM ua.onlinecourses.model.Instructor <init>
INFO: Instructor created successfully: Jane, Smith, 25
Nov 30, 2025 2:15:03 PM ua.onlinecourses.parser.InstructorFileParser parseFromCSV
INFO: Parsed instructor from line 3: JANSMI-25
Nov 30, 2025 2:15:03 PM ua.onlinecourses.parser.InstructorFileParser parseFromCSV
INFO: Successfully parsed 2 instructors from file
Nov 30, 2025 2:15:03 PM ua.onlinecourses.parser.InstructorFileParser parseFromCSV
INFO: Starting to parse instructors from file: /tmp/junit11139842830325836783/instructors.csv
Nov 30, 2025 2:15:03 PM ua.onlinecourses.model.Instructor <init>
INFO: Attempting to create Instructor: John, Doe, 100
Nov 30, 2025 2:15:03 PM ua.onlinecourses.util.ValidationUtils validate
INFO: Attempting to validate object: Instructor
Nov 30, 2025 2:15:03 PM ua.onlinecourses.util.ValidationUtils validate
WARNING: Validation failed for Instructor: expertise: invalid value '100' — must be at most 60
Nov 30, 2025 2:15:03 PM ua.onlinecourses.parser.InstructorFileParser parseFromCSV
WARNING: Failed to parse line 1: Line 1: expertise: invalid value '100' — must be at most 60
Nov 30, 2025 2:15:03 PM ua.onlinecourses.model.Instructor <init>
INFO: Attempting to create Instructor: Jane, Smith, 25
Nov 30, 2025 2:15:03 PM ua.onlinecourses.util.ValidationUtils validate
INFO: Attempting to validate object: Instructor
Nov 30, 2025 2:15:03 PM ua.onlinecourses.util.ValidationUtils validate
INFO: Validation successful for Instructor
Nov 30, 2025 2:15:03 PM ua.onlinecourses.model.Instructor <init>
INFO: Instructor created successfully: Jane, Smith, 25
Nov 30, 2025 2:15:03 PM ua.onlinecourses.parser.InstructorFileParser parseFromCSV
INFO: Parsed instructor from line 2: JANSMI-25
Nov 30, 2025 2:15:03 PM ua.onlinecourses.parser.InstructorFileParser parseFromCSV
INFO: Successfully parsed 1 instructors from file
Nov 30, 2025 2:15:03 PM ua.onlinecourses.parser.InstructorFileParser parseFromCSV
INFO: Starting to parse instructors from file: /tmp/junit10738272971747327792/instructors.csv
Nov 30, 2025 2:15:03 PM ua.onlinecourses.model.Instructor <init>
INFO: Attempting to create Instructor: John, Doe, 10
Nov 30, 2025 2:15:03 PM ua.onlinecourses.util.ValidationUtils validate
INFO: Attempting to validate object: Instructor
Nov 30, 2025 2:15:03 PM ua.onlinecourses.util.ValidationUtils validate
INFO: Validation successful for Instructor
Nov 30, 2025 2:15:03 PM ua.onlinecourses.model.Instructor <init>
INFO: Instructor created successfully: John, Doe, 10
Nov 30, 2025 2:15:03 PM ua.onlinecourses.parser.InstructorFileParser parseFromCSV
INFO: Parsed instructor from line 1: JOHDOE-10
Nov 30, 2025 2:15:03 PM ua.onlinecourses.model.Instructor <init>
INFO: Attempting to create Instructor: Jane, Smith, 25
Nov 30, 2025 2:15:03 PM ua.onlinecourses.util.ValidationUtils validate
INFO: Attempting to validate object: Instructor
Nov 30, 2025 2:15:03 PM ua.onlinecourses.util.ValidationUtils validate
INFO: Validation successful for Instructor
Nov 30, 2025 2:15:03 PM ua.onlinecourses.model.Instructor <init>
INFO: Instructor created successfully: Jane, Smith, 25
Nov 30, 2025 2:15:03 PM ua.onlinecourses.parser.InstructorFileParser parseFromCSV
INFO: Parsed instructor from line 2: JANSMI-25
Nov 30, 2025 2:15:03 PM ua.onlinecourses.parser.InstructorFileParser parseFromCSV
INFO: Successfully parsed 2 instructors from file
]]></system-err>
</testsuite>
