<?xml version="1.0" encoding="UTF-8"?>
<testsuite name="CourseRepository Sorting Tests" tests="9" skipped="0" failures="0" errors="0" timestamp="2025-11-30T14:15:04.179Z" hostname="runnervmg1sw1" time="0.049">
  <properties/>
  <testcase name="sortByIdentity should sort by fullName" classname="ua.onlinecourses.repository.CourseRepositorySortingTest" time="0.009"/>
  <testcase name="sortByStartDate should sort courses by start date" classname="ua.onlinecourses.repository.CourseRepositorySortingTest" time="0.003"/>
  <testcase name="Sorting empty repository should return empty list" classname="ua.onlinecourses.repository.CourseRepositorySortingTest" time="0.003"/>
  <testcase name="sortByCredits should sort courses by credits ascending" classname="ua.onlinecourses.repository.CourseRepositorySortingTest" time="0.003"/>
  <testcase name="sortByDescription should sort courses by description using lambda" classname="ua.onlinecourses.repository.CourseRepositorySortingTest" time="0.005"/>
  <testcase name="Sorting should not modify the original repository" classname="ua.onlinecourses.repository.CourseRepositorySortingTest" time="0.004"/>
  <testcase name="sortByTitle should sort courses by title" classname="ua.onlinecourses.repository.CourseRepositorySortingTest" time="0.003"/>
  <testcase name="sortByCreditsDesc should sort courses by credits descending" classname="ua.onlinecourses.repository.CourseRepositorySortingTest" time="0.003"/>
  <testcase name="sortByCreditsAndDate should sort by credits desc, then by date" classname="ua.onlinecourses.repository.CourseRepositorySortingTest" time="0.009"/>
  <system-out><![CDATA[]]></system-out>
  <system-err><![CDATA[Nov 30, 2025 2:15:04 PM ua.onlinecourses.repository.CourseRepositorySortingTest setUp
INFO: Setting up test data
Nov 30, 2025 2:15:04 PM ua.onlinecourses.repository.GenericRepository <init>
INFO: Created repository for Course
Nov 30, 2025 2:15:04 PM ua.onlinecourses.model.Course <init>
INFO: Attempting to create Course: Java Programming, Introduction to Java, 5, 2025-01-15
Nov 30, 2025 2:15:04 PM ua.onlinecourses.util.ValidationUtils validate
INFO: Attempting to validate object: Course
Nov 30, 2025 2:15:04 PM ua.onlinecourses.util.ValidationUtils validate
INFO: Validation successful for Course
Nov 30, 2025 2:15:04 PM ua.onlinecourses.model.Course <init>
INFO: Course created successfully: Java Programming, Introduction to Java, 5, 2025-01-15
Nov 30, 2025 2:15:04 PM ua.onlinecourses.model.Course <init>
INFO: Attempting to create Course: Data Structures, Advanced algorithms, 3, 2025-02-01
Nov 30, 2025 2:15:04 PM ua.onlinecourses.util.ValidationUtils validate
INFO: Attempting to validate object: Course
Nov 30, 2025 2:15:04 PM ua.onlinecourses.util.ValidationUtils validate
INFO: Validation successful for Course
Nov 30, 2025 2:15:04 PM ua.onlinecourses.model.Course <init>
INFO: Course created successfully: Data Structures, Advanced algorithms, 3, 2025-02-01
Nov 30, 2025 2:15:04 PM ua.onlinecourses.model.Course <init>
INFO: Attempting to create Course: Web Development, HTML, CSS, JavaScript, 4, 2025-01-20
Nov 30, 2025 2:15:04 PM ua.onlinecourses.util.ValidationUtils validate
INFO: Attempting to validate object: Course
Nov 30, 2025 2:15:04 PM ua.onlinecourses.util.ValidationUtils validate
INFO: Validation successful for Course
Nov 30, 2025 2:15:04 PM ua.onlinecourses.model.Course <init>
INFO: Course created successfully: Web Development, HTML, CSS, JavaScript, 4, 2025-01-20
Nov 30, 2025 2:15:04 PM ua.onlinecourses.model.Course <init>
INFO: Attempting to create Course: Database Systems, SQL and NoSQL, 5, 2025-03-01
Nov 30, 2025 2:15:04 PM ua.onlinecourses.util.ValidationUtils validate
INFO: Attempting to validate object: Course
Nov 30, 2025 2:15:04 PM ua.onlinecourses.util.ValidationUtils validate
INFO: Validation successful for Course
Nov 30, 2025 2:15:04 PM ua.onlinecourses.model.Course <init>
INFO: Course created successfully: Database Systems, SQL and NoSQL, 5, 2025-03-01
Nov 30, 2025 2:15:04 PM ua.onlinecourses.model.Course <init>
INFO: Attempting to create Course: Machine Learning, AI fundamentals, 2, 2025-02-15
Nov 30, 2025 2:15:04 PM ua.onlinecourses.util.ValidationUtils validate
INFO: Attempting to validate object: Course
Nov 30, 2025 2:15:04 PM ua.onlinecourses.util.ValidationUtils validate
INFO: Validation successful for Course
Nov 30, 2025 2:15:04 PM ua.onlinecourses.model.Course <init>
INFO: Course created successfully: Machine Learning, AI fundamentals, 2, 2025-02-15
Nov 30, 2025 2:15:04 PM ua.onlinecourses.repository.GenericRepository findByIdentity
INFO: No Course found with identity: JAV-INT-52025-01-15
Nov 30, 2025 2:15:04 PM ua.onlinecourses.repository.GenericRepository add
INFO: Added Course: JAV-INT-52025-01-15
Nov 30, 2025 2:15:04 PM ua.onlinecourses.repository.GenericRepository findByIdentity
INFO: No Course found with identity: DAT-ADV-32025-02-01
Nov 30, 2025 2:15:04 PM ua.onlinecourses.repository.GenericRepository add
INFO: Added Course: DAT-ADV-32025-02-01
Nov 30, 2025 2:15:04 PM ua.onlinecourses.repository.GenericRepository findByIdentity
INFO: No Course found with identity: WEB-HTM-42025-01-20
Nov 30, 2025 2:15:04 PM ua.onlinecourses.repository.GenericRepository add
INFO: Added Course: WEB-HTM-42025-01-20
Nov 30, 2025 2:15:04 PM ua.onlinecourses.repository.GenericRepository findByIdentity
INFO: No Course found with identity: DAT-SQL-52025-03-01
Nov 30, 2025 2:15:04 PM ua.onlinecourses.repository.GenericRepository add
INFO: Added Course: DAT-SQL-52025-03-01
Nov 30, 2025 2:15:04 PM ua.onlinecourses.repository.GenericRepository findByIdentity
INFO: No Course found with identity: MAC-AI -22025-02-15
Nov 30, 2025 2:15:04 PM ua.onlinecourses.repository.GenericRepository add
INFO: Added Course: MAC-AI -22025-02-15
Nov 30, 2025 2:15:04 PM ua.onlinecourses.repository.CourseRepositorySortingTest setUp
INFO: Test setup completed with 5 courses
Nov 30, 2025 2:15:04 PM ua.onlinecourses.repository.CourseRepositorySortingTest testSortByIdentity
INFO: Testing sortByIdentity
Nov 30, 2025 2:15:04 PM ua.onlinecourses.repository.GenericRepository sortByIdentity
INFO: Sorted Course items by identity in asc order
Nov 30, 2025 2:15:04 PM ua.onlinecourses.repository.GenericRepository sortByIdentity
INFO: Sorted Course items by identity in desc order
Nov 30, 2025 2:15:04 PM ua.onlinecourses.repository.CourseRepositorySortingTest testSortByIdentity
INFO: sortByIdentity test completed successfully
Nov 30, 2025 2:15:04 PM ua.onlinecourses.repository.CourseRepositorySortingTest setUp
INFO: Setting up test data
Nov 30, 2025 2:15:04 PM ua.onlinecourses.repository.GenericRepository <init>
INFO: Created repository for Course
Nov 30, 2025 2:15:04 PM ua.onlinecourses.model.Course <init>
INFO: Attempting to create Course: Java Programming, Introduction to Java, 5, 2025-01-15
Nov 30, 2025 2:15:04 PM ua.onlinecourses.util.ValidationUtils validate
INFO: Attempting to validate object: Course
Nov 30, 2025 2:15:04 PM ua.onlinecourses.util.ValidationUtils validate
INFO: Validation successful for Course
Nov 30, 2025 2:15:04 PM ua.onlinecourses.model.Course <init>
INFO: Course created successfully: Java Programming, Introduction to Java, 5, 2025-01-15
Nov 30, 2025 2:15:04 PM ua.onlinecourses.model.Course <init>
INFO: Attempting to create Course: Data Structures, Advanced algorithms, 3, 2025-02-01
Nov 30, 2025 2:15:04 PM ua.onlinecourses.util.ValidationUtils validate
INFO: Attempting to validate object: Course
Nov 30, 2025 2:15:04 PM ua.onlinecourses.util.ValidationUtils validate
INFO: Validation successful for Course
Nov 30, 2025 2:15:04 PM ua.onlinecourses.model.Course <init>
INFO: Course created successfully: Data Structures, Advanced algorithms, 3, 2025-02-01
Nov 30, 2025 2:15:04 PM ua.onlinecourses.model.Course <init>
INFO: Attempting to create Course: Web Development, HTML, CSS, JavaScript, 4, 2025-01-20
Nov 30, 2025 2:15:04 PM ua.onlinecourses.util.ValidationUtils validate
INFO: Attempting to validate object: Course
Nov 30, 2025 2:15:04 PM ua.onlinecourses.util.ValidationUtils validate
INFO: Validation successful for Course
Nov 30, 2025 2:15:04 PM ua.onlinecourses.model.Course <init>
INFO: Course created successfully: Web Development, HTML, CSS, JavaScript, 4, 2025-01-20
Nov 30, 2025 2:15:04 PM ua.onlinecourses.model.Course <init>
INFO: Attempting to create Course: Database Systems, SQL and NoSQL, 5, 2025-03-01
Nov 30, 2025 2:15:04 PM ua.onlinecourses.util.ValidationUtils validate
INFO: Attempting to validate object: Course
Nov 30, 2025 2:15:04 PM ua.onlinecourses.util.ValidationUtils validate
INFO: Validation successful for Course
Nov 30, 2025 2:15:04 PM ua.onlinecourses.model.Course <init>
INFO: Course created successfully: Database Systems, SQL and NoSQL, 5, 2025-03-01
Nov 30, 2025 2:15:04 PM ua.onlinecourses.model.Course <init>
INFO: Attempting to create Course: Machine Learning, AI fundamentals, 2, 2025-02-15
Nov 30, 2025 2:15:04 PM ua.onlinecourses.util.ValidationUtils validate
INFO: Attempting to validate object: Course
Nov 30, 2025 2:15:04 PM ua.onlinecourses.util.ValidationUtils validate
INFO: Validation successful for Course
Nov 30, 2025 2:15:04 PM ua.onlinecourses.model.Course <init>
INFO: Course created successfully: Machine Learning, AI fundamentals, 2, 2025-02-15
Nov 30, 2025 2:15:04 PM ua.onlinecourses.repository.GenericRepository findByIdentity
INFO: No Course found with identity: JAV-INT-52025-01-15
Nov 30, 2025 2:15:04 PM ua.onlinecourses.repository.GenericRepository add
INFO: Added Course: JAV-INT-52025-01-15
Nov 30, 2025 2:15:04 PM ua.onlinecourses.repository.GenericRepository findByIdentity
INFO: No Course found with identity: DAT-ADV-32025-02-01
Nov 30, 2025 2:15:04 PM ua.onlinecourses.repository.GenericRepository add
INFO: Added Course: DAT-ADV-32025-02-01
Nov 30, 2025 2:15:04 PM ua.onlinecourses.repository.GenericRepository findByIdentity
INFO: No Course found with identity: WEB-HTM-42025-01-20
Nov 30, 2025 2:15:04 PM ua.onlinecourses.repository.GenericRepository add
INFO: Added Course: WEB-HTM-42025-01-20
Nov 30, 2025 2:15:04 PM ua.onlinecourses.repository.GenericRepository findByIdentity
INFO: No Course found with identity: DAT-SQL-52025-03-01
Nov 30, 2025 2:15:04 PM ua.onlinecourses.repository.GenericRepository add
INFO: Added Course: DAT-SQL-52025-03-01
Nov 30, 2025 2:15:04 PM ua.onlinecourses.repository.GenericRepository findByIdentity
INFO: No Course found with identity: MAC-AI -22025-02-15
Nov 30, 2025 2:15:04 PM ua.onlinecourses.repository.GenericRepository add
INFO: Added Course: MAC-AI -22025-02-15
Nov 30, 2025 2:15:04 PM ua.onlinecourses.repository.CourseRepositorySortingTest setUp
INFO: Test setup completed with 5 courses
Nov 30, 2025 2:15:04 PM ua.onlinecourses.repository.CourseRepositorySortingTest testSortByStartDate
INFO: Testing sortByStartDate
Nov 30, 2025 2:15:04 PM ua.onlinecourses.repository.GenericRepository getAll
INFO: Retrieved all Course items. Count: 5
Nov 30, 2025 2:15:04 PM ua.onlinecourses.repository.CourseRepository sortByStartDate
INFO: Sorted Course by start date
Nov 30, 2025 2:15:04 PM ua.onlinecourses.repository.CourseRepositorySortingTest testSortByStartDate
INFO: sortByStartDate test completed successfully
Nov 30, 2025 2:15:04 PM ua.onlinecourses.repository.CourseRepositorySortingTest setUp
INFO: Setting up test data
Nov 30, 2025 2:15:04 PM ua.onlinecourses.repository.GenericRepository <init>
INFO: Created repository for Course
Nov 30, 2025 2:15:04 PM ua.onlinecourses.model.Course <init>
INFO: Attempting to create Course: Java Programming, Introduction to Java, 5, 2025-01-15
Nov 30, 2025 2:15:04 PM ua.onlinecourses.util.ValidationUtils validate
INFO: Attempting to validate object: Course
Nov 30, 2025 2:15:04 PM ua.onlinecourses.util.ValidationUtils validate
INFO: Validation successful for Course
Nov 30, 2025 2:15:04 PM ua.onlinecourses.model.Course <init>
INFO: Course created successfully: Java Programming, Introduction to Java, 5, 2025-01-15
Nov 30, 2025 2:15:04 PM ua.onlinecourses.model.Course <init>
INFO: Attempting to create Course: Data Structures, Advanced algorithms, 3, 2025-02-01
Nov 30, 2025 2:15:04 PM ua.onlinecourses.util.ValidationUtils validate
INFO: Attempting to validate object: Course
Nov 30, 2025 2:15:04 PM ua.onlinecourses.util.ValidationUtils validate
INFO: Validation successful for Course
Nov 30, 2025 2:15:04 PM ua.onlinecourses.model.Course <init>
INFO: Course created successfully: Data Structures, Advanced algorithms, 3, 2025-02-01
Nov 30, 2025 2:15:04 PM ua.onlinecourses.model.Course <init>
INFO: Attempting to create Course: Web Development, HTML, CSS, JavaScript, 4, 2025-01-20
Nov 30, 2025 2:15:04 PM ua.onlinecourses.util.ValidationUtils validate
INFO: Attempting to validate object: Course
Nov 30, 2025 2:15:04 PM ua.onlinecourses.util.ValidationUtils validate
INFO: Validation successful for Course
Nov 30, 2025 2:15:04 PM ua.onlinecourses.model.Course <init>
INFO: Course created successfully: Web Development, HTML, CSS, JavaScript, 4, 2025-01-20
Nov 30, 2025 2:15:04 PM ua.onlinecourses.model.Course <init>
INFO: Attempting to create Course: Database Systems, SQL and NoSQL, 5, 2025-03-01
Nov 30, 2025 2:15:04 PM ua.onlinecourses.util.ValidationUtils validate
INFO: Attempting to validate object: Course
Nov 30, 2025 2:15:04 PM ua.onlinecourses.util.ValidationUtils validate
INFO: Validation successful for Course
Nov 30, 2025 2:15:04 PM ua.onlinecourses.model.Course <init>
INFO: Course created successfully: Database Systems, SQL and NoSQL, 5, 2025-03-01
Nov 30, 2025 2:15:04 PM ua.onlinecourses.model.Course <init>
INFO: Attempting to create Course: Machine Learning, AI fundamentals, 2, 2025-02-15
Nov 30, 2025 2:15:04 PM ua.onlinecourses.util.ValidationUtils validate
INFO: Attempting to validate object: Course
Nov 30, 2025 2:15:04 PM ua.onlinecourses.util.ValidationUtils validate
INFO: Validation successful for Course
Nov 30, 2025 2:15:04 PM ua.onlinecourses.model.Course <init>
INFO: Course created successfully: Machine Learning, AI fundamentals, 2, 2025-02-15
Nov 30, 2025 2:15:04 PM ua.onlinecourses.repository.GenericRepository findByIdentity
INFO: No Course found with identity: JAV-INT-52025-01-15
Nov 30, 2025 2:15:04 PM ua.onlinecourses.repository.GenericRepository add
INFO: Added Course: JAV-INT-52025-01-15
Nov 30, 2025 2:15:04 PM ua.onlinecourses.repository.GenericRepository findByIdentity
INFO: No Course found with identity: DAT-ADV-32025-02-01
Nov 30, 2025 2:15:04 PM ua.onlinecourses.repository.GenericRepository add
INFO: Added Course: DAT-ADV-32025-02-01
Nov 30, 2025 2:15:04 PM ua.onlinecourses.repository.GenericRepository findByIdentity
INFO: No Course found with identity: WEB-HTM-42025-01-20
Nov 30, 2025 2:15:04 PM ua.onlinecourses.repository.GenericRepository add
INFO: Added Course: WEB-HTM-42025-01-20
Nov 30, 2025 2:15:04 PM ua.onlinecourses.repository.GenericRepository findByIdentity
INFO: No Course found with identity: DAT-SQL-52025-03-01
Nov 30, 2025 2:15:04 PM ua.onlinecourses.repository.GenericRepository add
INFO: Added Course: DAT-SQL-52025-03-01
Nov 30, 2025 2:15:04 PM ua.onlinecourses.repository.GenericRepository findByIdentity
INFO: No Course found with identity: MAC-AI -22025-02-15
Nov 30, 2025 2:15:04 PM ua.onlinecourses.repository.GenericRepository add
INFO: Added Course: MAC-AI -22025-02-15
Nov 30, 2025 2:15:04 PM ua.onlinecourses.repository.CourseRepositorySortingTest setUp
INFO: Test setup completed with 5 courses
Nov 30, 2025 2:15:04 PM ua.onlinecourses.repository.CourseRepositorySortingTest testSortingEmptyRepository
INFO: Testing sorting on empty repository
Nov 30, 2025 2:15:04 PM ua.onlinecourses.repository.GenericRepository <init>
INFO: Created repository for Course
Nov 30, 2025 2:15:04 PM ua.onlinecourses.repository.GenericRepository getAll
INFO: Retrieved all Course items. Count: 0
Nov 30, 2025 2:15:04 PM ua.onlinecourses.repository.CourseRepository sortByTitle
INFO: Sorted Course by title
Nov 30, 2025 2:15:04 PM ua.onlinecourses.repository.GenericRepository getAll
INFO: Retrieved all Course items. Count: 0
Nov 30, 2025 2:15:04 PM ua.onlinecourses.repository.CourseRepository sortByCredits
INFO: Sorted Course by credits
Nov 30, 2025 2:15:04 PM ua.onlinecourses.repository.GenericRepository getAll
INFO: Retrieved all Course items. Count: 0
Nov 30, 2025 2:15:04 PM ua.onlinecourses.repository.CourseRepository sortByStartDate
INFO: Sorted Course by start date
Nov 30, 2025 2:15:04 PM ua.onlinecourses.repository.CourseRepositorySortingTest testSortingEmptyRepository
INFO: Empty repository sorting test completed
Nov 30, 2025 2:15:04 PM ua.onlinecourses.repository.CourseRepositorySortingTest setUp
INFO: Setting up test data
Nov 30, 2025 2:15:04 PM ua.onlinecourses.repository.GenericRepository <init>
INFO: Created repository for Course
Nov 30, 2025 2:15:04 PM ua.onlinecourses.model.Course <init>
INFO: Attempting to create Course: Java Programming, Introduction to Java, 5, 2025-01-15
Nov 30, 2025 2:15:04 PM ua.onlinecourses.util.ValidationUtils validate
INFO: Attempting to validate object: Course
Nov 30, 2025 2:15:04 PM ua.onlinecourses.util.ValidationUtils validate
INFO: Validation successful for Course
Nov 30, 2025 2:15:04 PM ua.onlinecourses.model.Course <init>
INFO: Course created successfully: Java Programming, Introduction to Java, 5, 2025-01-15
Nov 30, 2025 2:15:04 PM ua.onlinecourses.model.Course <init>
INFO: Attempting to create Course: Data Structures, Advanced algorithms, 3, 2025-02-01
Nov 30, 2025 2:15:04 PM ua.onlinecourses.util.ValidationUtils validate
INFO: Attempting to validate object: Course
Nov 30, 2025 2:15:04 PM ua.onlinecourses.util.ValidationUtils validate
INFO: Validation successful for Course
Nov 30, 2025 2:15:04 PM ua.onlinecourses.model.Course <init>
INFO: Course created successfully: Data Structures, Advanced algorithms, 3, 2025-02-01
Nov 30, 2025 2:15:04 PM ua.onlinecourses.model.Course <init>
INFO: Attempting to create Course: Web Development, HTML, CSS, JavaScript, 4, 2025-01-20
Nov 30, 2025 2:15:04 PM ua.onlinecourses.util.ValidationUtils validate
INFO: Attempting to validate object: Course
Nov 30, 2025 2:15:04 PM ua.onlinecourses.util.ValidationUtils validate
INFO: Validation successful for Course
Nov 30, 2025 2:15:04 PM ua.onlinecourses.model.Course <init>
INFO: Course created successfully: Web Development, HTML, CSS, JavaScript, 4, 2025-01-20
Nov 30, 2025 2:15:04 PM ua.onlinecourses.model.Course <init>
INFO: Attempting to create Course: Database Systems, SQL and NoSQL, 5, 2025-03-01
Nov 30, 2025 2:15:04 PM ua.onlinecourses.util.ValidationUtils validate
INFO: Attempting to validate object: Course
Nov 30, 2025 2:15:04 PM ua.onlinecourses.util.ValidationUtils validate
INFO: Validation successful for Course
Nov 30, 2025 2:15:04 PM ua.onlinecourses.model.Course <init>
INFO: Course created successfully: Database Systems, SQL and NoSQL, 5, 2025-03-01
Nov 30, 2025 2:15:04 PM ua.onlinecourses.model.Course <init>
INFO: Attempting to create Course: Machine Learning, AI fundamentals, 2, 2025-02-15
Nov 30, 2025 2:15:04 PM ua.onlinecourses.util.ValidationUtils validate
INFO: Attempting to validate object: Course
Nov 30, 2025 2:15:04 PM ua.onlinecourses.util.ValidationUtils validate
INFO: Validation successful for Course
Nov 30, 2025 2:15:04 PM ua.onlinecourses.model.Course <init>
INFO: Course created successfully: Machine Learning, AI fundamentals, 2, 2025-02-15
Nov 30, 2025 2:15:04 PM ua.onlinecourses.repository.GenericRepository findByIdentity
INFO: No Course found with identity: JAV-INT-52025-01-15
Nov 30, 2025 2:15:04 PM ua.onlinecourses.repository.GenericRepository add
INFO: Added Course: JAV-INT-52025-01-15
Nov 30, 2025 2:15:04 PM ua.onlinecourses.repository.GenericRepository findByIdentity
INFO: No Course found with identity: DAT-ADV-32025-02-01
Nov 30, 2025 2:15:04 PM ua.onlinecourses.repository.GenericRepository add
INFO: Added Course: DAT-ADV-32025-02-01
Nov 30, 2025 2:15:04 PM ua.onlinecourses.repository.GenericRepository findByIdentity
INFO: No Course found with identity: WEB-HTM-42025-01-20
Nov 30, 2025 2:15:04 PM ua.onlinecourses.repository.GenericRepository add
INFO: Added Course: WEB-HTM-42025-01-20
Nov 30, 2025 2:15:04 PM ua.onlinecourses.repository.GenericRepository findByIdentity
INFO: No Course found with identity: DAT-SQL-52025-03-01
Nov 30, 2025 2:15:04 PM ua.onlinecourses.repository.GenericRepository add
INFO: Added Course: DAT-SQL-52025-03-01
Nov 30, 2025 2:15:04 PM ua.onlinecourses.repository.GenericRepository findByIdentity
INFO: No Course found with identity: MAC-AI -22025-02-15
Nov 30, 2025 2:15:04 PM ua.onlinecourses.repository.GenericRepository add
INFO: Added Course: MAC-AI -22025-02-15
Nov 30, 2025 2:15:04 PM ua.onlinecourses.repository.CourseRepositorySortingTest setUp
INFO: Test setup completed with 5 courses
Nov 30, 2025 2:15:04 PM ua.onlinecourses.repository.CourseRepositorySortingTest testSortByCredits
INFO: Testing sortByCredits
Nov 30, 2025 2:15:04 PM ua.onlinecourses.repository.GenericRepository getAll
INFO: Retrieved all Course items. Count: 5
Nov 30, 2025 2:15:04 PM ua.onlinecourses.repository.CourseRepository sortByCredits
INFO: Sorted Course by credits
Nov 30, 2025 2:15:04 PM ua.onlinecourses.repository.CourseRepositorySortingTest testSortByCredits
INFO: sortByCredits test completed successfully
Nov 30, 2025 2:15:04 PM ua.onlinecourses.repository.CourseRepositorySortingTest setUp
INFO: Setting up test data
Nov 30, 2025 2:15:04 PM ua.onlinecourses.repository.GenericRepository <init>
INFO: Created repository for Course
Nov 30, 2025 2:15:04 PM ua.onlinecourses.model.Course <init>
INFO: Attempting to create Course: Java Programming, Introduction to Java, 5, 2025-01-15
Nov 30, 2025 2:15:04 PM ua.onlinecourses.util.ValidationUtils validate
INFO: Attempting to validate object: Course
Nov 30, 2025 2:15:04 PM ua.onlinecourses.util.ValidationUtils validate
INFO: Validation successful for Course
Nov 30, 2025 2:15:04 PM ua.onlinecourses.model.Course <init>
INFO: Course created successfully: Java Programming, Introduction to Java, 5, 2025-01-15
Nov 30, 2025 2:15:04 PM ua.onlinecourses.model.Course <init>
INFO: Attempting to create Course: Data Structures, Advanced algorithms, 3, 2025-02-01
Nov 30, 2025 2:15:04 PM ua.onlinecourses.util.ValidationUtils validate
INFO: Attempting to validate object: Course
Nov 30, 2025 2:15:04 PM ua.onlinecourses.util.ValidationUtils validate
INFO: Validation successful for Course
Nov 30, 2025 2:15:04 PM ua.onlinecourses.model.Course <init>
INFO: Course created successfully: Data Structures, Advanced algorithms, 3, 2025-02-01
Nov 30, 2025 2:15:04 PM ua.onlinecourses.model.Course <init>
INFO: Attempting to create Course: Web Development, HTML, CSS, JavaScript, 4, 2025-01-20
Nov 30, 2025 2:15:04 PM ua.onlinecourses.util.ValidationUtils validate
INFO: Attempting to validate object: Course
Nov 30, 2025 2:15:04 PM ua.onlinecourses.util.ValidationUtils validate
INFO: Validation successful for Course
Nov 30, 2025 2:15:04 PM ua.onlinecourses.model.Course <init>
INFO: Course created successfully: Web Development, HTML, CSS, JavaScript, 4, 2025-01-20
Nov 30, 2025 2:15:04 PM ua.onlinecourses.model.Course <init>
INFO: Attempting to create Course: Database Systems, SQL and NoSQL, 5, 2025-03-01
Nov 30, 2025 2:15:04 PM ua.onlinecourses.util.ValidationUtils validate
INFO: Attempting to validate object: Course
Nov 30, 2025 2:15:04 PM ua.onlinecourses.util.ValidationUtils validate
INFO: Validation successful for Course
Nov 30, 2025 2:15:04 PM ua.onlinecourses.model.Course <init>
INFO: Course created successfully: Database Systems, SQL and NoSQL, 5, 2025-03-01
Nov 30, 2025 2:15:04 PM ua.onlinecourses.model.Course <init>
INFO: Attempting to create Course: Machine Learning, AI fundamentals, 2, 2025-02-15
Nov 30, 2025 2:15:04 PM ua.onlinecourses.util.ValidationUtils validate
INFO: Attempting to validate object: Course
Nov 30, 2025 2:15:04 PM ua.onlinecourses.util.ValidationUtils validate
INFO: Validation successful for Course
Nov 30, 2025 2:15:04 PM ua.onlinecourses.model.Course <init>
INFO: Course created successfully: Machine Learning, AI fundamentals, 2, 2025-02-15
Nov 30, 2025 2:15:04 PM ua.onlinecourses.repository.GenericRepository findByIdentity
INFO: No Course found with identity: JAV-INT-52025-01-15
Nov 30, 2025 2:15:04 PM ua.onlinecourses.repository.GenericRepository add
INFO: Added Course: JAV-INT-52025-01-15
Nov 30, 2025 2:15:04 PM ua.onlinecourses.repository.GenericRepository findByIdentity
INFO: No Course found with identity: DAT-ADV-32025-02-01
Nov 30, 2025 2:15:04 PM ua.onlinecourses.repository.GenericRepository add
INFO: Added Course: DAT-ADV-32025-02-01
Nov 30, 2025 2:15:04 PM ua.onlinecourses.repository.GenericRepository findByIdentity
INFO: No Course found with identity: WEB-HTM-42025-01-20
Nov 30, 2025 2:15:04 PM ua.onlinecourses.repository.GenericRepository add
INFO: Added Course: WEB-HTM-42025-01-20
Nov 30, 2025 2:15:04 PM ua.onlinecourses.repository.GenericRepository findByIdentity
INFO: No Course found with identity: DAT-SQL-52025-03-01
Nov 30, 2025 2:15:04 PM ua.onlinecourses.repository.GenericRepository add
INFO: Added Course: DAT-SQL-52025-03-01
Nov 30, 2025 2:15:04 PM ua.onlinecourses.repository.GenericRepository findByIdentity
INFO: No Course found with identity: MAC-AI -22025-02-15
Nov 30, 2025 2:15:04 PM ua.onlinecourses.repository.GenericRepository add
INFO: Added Course: MAC-AI -22025-02-15
Nov 30, 2025 2:15:04 PM ua.onlinecourses.repository.CourseRepositorySortingTest setUp
INFO: Test setup completed with 5 courses
Nov 30, 2025 2:15:04 PM ua.onlinecourses.repository.CourseRepositorySortingTest testSortByDescription
INFO: Testing sortByDescription
Nov 30, 2025 2:15:04 PM ua.onlinecourses.repository.GenericRepository getAll
INFO: Retrieved all Course items. Count: 5
Nov 30, 2025 2:15:04 PM ua.onlinecourses.repository.CourseRepository sortByDescription
INFO: Sorted Course by description using lambda
Nov 30, 2025 2:15:04 PM ua.onlinecourses.repository.CourseRepositorySortingTest testSortByDescription
INFO: sortByDescription test completed successfully
Nov 30, 2025 2:15:04 PM ua.onlinecourses.repository.CourseRepositorySortingTest setUp
INFO: Setting up test data
Nov 30, 2025 2:15:04 PM ua.onlinecourses.repository.GenericRepository <init>
INFO: Created repository for Course
Nov 30, 2025 2:15:04 PM ua.onlinecourses.model.Course <init>
INFO: Attempting to create Course: Java Programming, Introduction to Java, 5, 2025-01-15
Nov 30, 2025 2:15:04 PM ua.onlinecourses.util.ValidationUtils validate
INFO: Attempting to validate object: Course
Nov 30, 2025 2:15:04 PM ua.onlinecourses.util.ValidationUtils validate
INFO: Validation successful for Course
Nov 30, 2025 2:15:04 PM ua.onlinecourses.model.Course <init>
INFO: Course created successfully: Java Programming, Introduction to Java, 5, 2025-01-15
Nov 30, 2025 2:15:04 PM ua.onlinecourses.model.Course <init>
INFO: Attempting to create Course: Data Structures, Advanced algorithms, 3, 2025-02-01
Nov 30, 2025 2:15:04 PM ua.onlinecourses.util.ValidationUtils validate
INFO: Attempting to validate object: Course
Nov 30, 2025 2:15:04 PM ua.onlinecourses.util.ValidationUtils validate
INFO: Validation successful for Course
Nov 30, 2025 2:15:04 PM ua.onlinecourses.model.Course <init>
INFO: Course created successfully: Data Structures, Advanced algorithms, 3, 2025-02-01
Nov 30, 2025 2:15:04 PM ua.onlinecourses.model.Course <init>
INFO: Attempting to create Course: Web Development, HTML, CSS, JavaScript, 4, 2025-01-20
Nov 30, 2025 2:15:04 PM ua.onlinecourses.util.ValidationUtils validate
INFO: Attempting to validate object: Course
Nov 30, 2025 2:15:04 PM ua.onlinecourses.util.ValidationUtils validate
INFO: Validation successful for Course
Nov 30, 2025 2:15:04 PM ua.onlinecourses.model.Course <init>
INFO: Course created successfully: Web Development, HTML, CSS, JavaScript, 4, 2025-01-20
Nov 30, 2025 2:15:04 PM ua.onlinecourses.model.Course <init>
INFO: Attempting to create Course: Database Systems, SQL and NoSQL, 5, 2025-03-01
Nov 30, 2025 2:15:04 PM ua.onlinecourses.util.ValidationUtils validate
INFO: Attempting to validate object: Course
Nov 30, 2025 2:15:04 PM ua.onlinecourses.util.ValidationUtils validate
INFO: Validation successful for Course
Nov 30, 2025 2:15:04 PM ua.onlinecourses.model.Course <init>
INFO: Course created successfully: Database Systems, SQL and NoSQL, 5, 2025-03-01
Nov 30, 2025 2:15:04 PM ua.onlinecourses.model.Course <init>
INFO: Attempting to create Course: Machine Learning, AI fundamentals, 2, 2025-02-15
Nov 30, 2025 2:15:04 PM ua.onlinecourses.util.ValidationUtils validate
INFO: Attempting to validate object: Course
Nov 30, 2025 2:15:04 PM ua.onlinecourses.util.ValidationUtils validate
INFO: Validation successful for Course
Nov 30, 2025 2:15:04 PM ua.onlinecourses.model.Course <init>
INFO: Course created successfully: Machine Learning, AI fundamentals, 2, 2025-02-15
Nov 30, 2025 2:15:04 PM ua.onlinecourses.repository.GenericRepository findByIdentity
INFO: No Course found with identity: JAV-INT-52025-01-15
Nov 30, 2025 2:15:04 PM ua.onlinecourses.repository.GenericRepository add
INFO: Added Course: JAV-INT-52025-01-15
Nov 30, 2025 2:15:04 PM ua.onlinecourses.repository.GenericRepository findByIdentity
INFO: No Course found with identity: DAT-ADV-32025-02-01
Nov 30, 2025 2:15:04 PM ua.onlinecourses.repository.GenericRepository add
INFO: Added Course: DAT-ADV-32025-02-01
Nov 30, 2025 2:15:04 PM ua.onlinecourses.repository.GenericRepository findByIdentity
INFO: No Course found with identity: WEB-HTM-42025-01-20
Nov 30, 2025 2:15:04 PM ua.onlinecourses.repository.GenericRepository add
INFO: Added Course: WEB-HTM-42025-01-20
Nov 30, 2025 2:15:04 PM ua.onlinecourses.repository.GenericRepository findByIdentity
INFO: No Course found with identity: DAT-SQL-52025-03-01
Nov 30, 2025 2:15:04 PM ua.onlinecourses.repository.GenericRepository add
INFO: Added Course: DAT-SQL-52025-03-01
Nov 30, 2025 2:15:04 PM ua.onlinecourses.repository.GenericRepository findByIdentity
INFO: No Course found with identity: MAC-AI -22025-02-15
Nov 30, 2025 2:15:04 PM ua.onlinecourses.repository.GenericRepository add
INFO: Added Course: MAC-AI -22025-02-15
Nov 30, 2025 2:15:04 PM ua.onlinecourses.repository.CourseRepositorySortingTest setUp
INFO: Test setup completed with 5 courses
Nov 30, 2025 2:15:04 PM ua.onlinecourses.repository.CourseRepositorySortingTest testSortingDoesNotModifyRepository
INFO: Testing that sorting does not modify repository
Nov 30, 2025 2:15:04 PM ua.onlinecourses.repository.GenericRepository getAll
INFO: Retrieved all Course items. Count: 5
Nov 30, 2025 2:15:04 PM ua.onlinecourses.repository.GenericRepository getAll
INFO: Retrieved all Course items. Count: 5
Nov 30, 2025 2:15:04 PM ua.onlinecourses.repository.CourseRepository sortByTitle
INFO: Sorted Course by title
Nov 30, 2025 2:15:04 PM ua.onlinecourses.repository.GenericRepository getAll
INFO: Retrieved all Course items. Count: 5
Nov 30, 2025 2:15:04 PM ua.onlinecourses.repository.CourseRepository sortByCredits
INFO: Sorted Course by credits
Nov 30, 2025 2:15:04 PM ua.onlinecourses.repository.GenericRepository getAll
INFO: Retrieved all Course items. Count: 5
Nov 30, 2025 2:15:04 PM ua.onlinecourses.repository.CourseRepositorySortingTest testSortingDoesNotModifyRepository
INFO: Repository immutability test completed
Nov 30, 2025 2:15:04 PM ua.onlinecourses.repository.CourseRepositorySortingTest setUp
INFO: Setting up test data
Nov 30, 2025 2:15:04 PM ua.onlinecourses.repository.GenericRepository <init>
INFO: Created repository for Course
Nov 30, 2025 2:15:04 PM ua.onlinecourses.model.Course <init>
INFO: Attempting to create Course: Java Programming, Introduction to Java, 5, 2025-01-15
Nov 30, 2025 2:15:04 PM ua.onlinecourses.util.ValidationUtils validate
INFO: Attempting to validate object: Course
Nov 30, 2025 2:15:04 PM ua.onlinecourses.util.ValidationUtils validate
INFO: Validation successful for Course
Nov 30, 2025 2:15:04 PM ua.onlinecourses.model.Course <init>
INFO: Course created successfully: Java Programming, Introduction to Java, 5, 2025-01-15
Nov 30, 2025 2:15:04 PM ua.onlinecourses.model.Course <init>
INFO: Attempting to create Course: Data Structures, Advanced algorithms, 3, 2025-02-01
Nov 30, 2025 2:15:04 PM ua.onlinecourses.util.ValidationUtils validate
INFO: Attempting to validate object: Course
Nov 30, 2025 2:15:04 PM ua.onlinecourses.util.ValidationUtils validate
INFO: Validation successful for Course
Nov 30, 2025 2:15:04 PM ua.onlinecourses.model.Course <init>
INFO: Course created successfully: Data Structures, Advanced algorithms, 3, 2025-02-01
Nov 30, 2025 2:15:04 PM ua.onlinecourses.model.Course <init>
INFO: Attempting to create Course: Web Development, HTML, CSS, JavaScript, 4, 2025-01-20
Nov 30, 2025 2:15:04 PM ua.onlinecourses.util.ValidationUtils validate
INFO: Attempting to validate object: Course
Nov 30, 2025 2:15:04 PM ua.onlinecourses.util.ValidationUtils validate
INFO: Validation successful for Course
Nov 30, 2025 2:15:04 PM ua.onlinecourses.model.Course <init>
INFO: Course created successfully: Web Development, HTML, CSS, JavaScript, 4, 2025-01-20
Nov 30, 2025 2:15:04 PM ua.onlinecourses.model.Course <init>
INFO: Attempting to create Course: Database Systems, SQL and NoSQL, 5, 2025-03-01
Nov 30, 2025 2:15:04 PM ua.onlinecourses.util.ValidationUtils validate
INFO: Attempting to validate object: Course
Nov 30, 2025 2:15:04 PM ua.onlinecourses.util.ValidationUtils validate
INFO: Validation successful for Course
Nov 30, 2025 2:15:04 PM ua.onlinecourses.model.Course <init>
INFO: Course created successfully: Database Systems, SQL and NoSQL, 5, 2025-03-01
Nov 30, 2025 2:15:04 PM ua.onlinecourses.model.Course <init>
INFO: Attempting to create Course: Machine Learning, AI fundamentals, 2, 2025-02-15
Nov 30, 2025 2:15:04 PM ua.onlinecourses.util.ValidationUtils validate
INFO: Attempting to validate object: Course
Nov 30, 2025 2:15:04 PM ua.onlinecourses.util.ValidationUtils validate
INFO: Validation successful for Course
Nov 30, 2025 2:15:04 PM ua.onlinecourses.model.Course <init>
INFO: Course created successfully: Machine Learning, AI fundamentals, 2, 2025-02-15
Nov 30, 2025 2:15:04 PM ua.onlinecourses.repository.GenericRepository findByIdentity
INFO: No Course found with identity: JAV-INT-52025-01-15
Nov 30, 2025 2:15:04 PM ua.onlinecourses.repository.GenericRepository add
INFO: Added Course: JAV-INT-52025-01-15
Nov 30, 2025 2:15:04 PM ua.onlinecourses.repository.GenericRepository findByIdentity
INFO: No Course found with identity: DAT-ADV-32025-02-01
Nov 30, 2025 2:15:04 PM ua.onlinecourses.repository.GenericRepository add
INFO: Added Course: DAT-ADV-32025-02-01
Nov 30, 2025 2:15:04 PM ua.onlinecourses.repository.GenericRepository findByIdentity
INFO: No Course found with identity: WEB-HTM-42025-01-20
Nov 30, 2025 2:15:04 PM ua.onlinecourses.repository.GenericRepository add
INFO: Added Course: WEB-HTM-42025-01-20
Nov 30, 2025 2:15:04 PM ua.onlinecourses.repository.GenericRepository findByIdentity
INFO: No Course found with identity: DAT-SQL-52025-03-01
Nov 30, 2025 2:15:04 PM ua.onlinecourses.repository.GenericRepository add
INFO: Added Course: DAT-SQL-52025-03-01
Nov 30, 2025 2:15:04 PM ua.onlinecourses.repository.GenericRepository findByIdentity
INFO: No Course found with identity: MAC-AI -22025-02-15
Nov 30, 2025 2:15:04 PM ua.onlinecourses.repository.GenericRepository add
INFO: Added Course: MAC-AI -22025-02-15
Nov 30, 2025 2:15:04 PM ua.onlinecourses.repository.CourseRepositorySortingTest setUp
INFO: Test setup completed with 5 courses
Nov 30, 2025 2:15:04 PM ua.onlinecourses.repository.CourseRepositorySortingTest testSortByTitle
INFO: Testing sortByTitle
Nov 30, 2025 2:15:04 PM ua.onlinecourses.repository.GenericRepository getAll
INFO: Retrieved all Course items. Count: 5
Nov 30, 2025 2:15:04 PM ua.onlinecourses.repository.CourseRepository sortByTitle
INFO: Sorted Course by title
Nov 30, 2025 2:15:04 PM ua.onlinecourses.repository.CourseRepositorySortingTest testSortByTitle
INFO: sortByTitle test completed successfully
Nov 30, 2025 2:15:04 PM ua.onlinecourses.repository.CourseRepositorySortingTest setUp
INFO: Setting up test data
Nov 30, 2025 2:15:04 PM ua.onlinecourses.repository.GenericRepository <init>
INFO: Created repository for Course
Nov 30, 2025 2:15:04 PM ua.onlinecourses.model.Course <init>
INFO: Attempting to create Course: Java Programming, Introduction to Java, 5, 2025-01-15
Nov 30, 2025 2:15:04 PM ua.onlinecourses.util.ValidationUtils validate
INFO: Attempting to validate object: Course
Nov 30, 2025 2:15:04 PM ua.onlinecourses.util.ValidationUtils validate
INFO: Validation successful for Course
Nov 30, 2025 2:15:04 PM ua.onlinecourses.model.Course <init>
INFO: Course created successfully: Java Programming, Introduction to Java, 5, 2025-01-15
Nov 30, 2025 2:15:04 PM ua.onlinecourses.model.Course <init>
INFO: Attempting to create Course: Data Structures, Advanced algorithms, 3, 2025-02-01
Nov 30, 2025 2:15:04 PM ua.onlinecourses.util.ValidationUtils validate
INFO: Attempting to validate object: Course
Nov 30, 2025 2:15:04 PM ua.onlinecourses.util.ValidationUtils validate
INFO: Validation successful for Course
Nov 30, 2025 2:15:04 PM ua.onlinecourses.model.Course <init>
INFO: Course created successfully: Data Structures, Advanced algorithms, 3, 2025-02-01
Nov 30, 2025 2:15:04 PM ua.onlinecourses.model.Course <init>
INFO: Attempting to create Course: Web Development, HTML, CSS, JavaScript, 4, 2025-01-20
Nov 30, 2025 2:15:04 PM ua.onlinecourses.util.ValidationUtils validate
INFO: Attempting to validate object: Course
Nov 30, 2025 2:15:04 PM ua.onlinecourses.util.ValidationUtils validate
INFO: Validation successful for Course
Nov 30, 2025 2:15:04 PM ua.onlinecourses.model.Course <init>
INFO: Course created successfully: Web Development, HTML, CSS, JavaScript, 4, 2025-01-20
Nov 30, 2025 2:15:04 PM ua.onlinecourses.model.Course <init>
INFO: Attempting to create Course: Database Systems, SQL and NoSQL, 5, 2025-03-01
Nov 30, 2025 2:15:04 PM ua.onlinecourses.util.ValidationUtils validate
INFO: Attempting to validate object: Course
Nov 30, 2025 2:15:04 PM ua.onlinecourses.util.ValidationUtils validate
INFO: Validation successful for Course
Nov 30, 2025 2:15:04 PM ua.onlinecourses.model.Course <init>
INFO: Course created successfully: Database Systems, SQL and NoSQL, 5, 2025-03-01
Nov 30, 2025 2:15:04 PM ua.onlinecourses.model.Course <init>
INFO: Attempting to create Course: Machine Learning, AI fundamentals, 2, 2025-02-15
Nov 30, 2025 2:15:04 PM ua.onlinecourses.util.ValidationUtils validate
INFO: Attempting to validate object: Course
Nov 30, 2025 2:15:04 PM ua.onlinecourses.util.ValidationUtils validate
INFO: Validation successful for Course
Nov 30, 2025 2:15:04 PM ua.onlinecourses.model.Course <init>
INFO: Course created successfully: Machine Learning, AI fundamentals, 2, 2025-02-15
Nov 30, 2025 2:15:04 PM ua.onlinecourses.repository.GenericRepository findByIdentity
INFO: No Course found with identity: JAV-INT-52025-01-15
Nov 30, 2025 2:15:04 PM ua.onlinecourses.repository.GenericRepository add
INFO: Added Course: JAV-INT-52025-01-15
Nov 30, 2025 2:15:04 PM ua.onlinecourses.repository.GenericRepository findByIdentity
INFO: No Course found with identity: DAT-ADV-32025-02-01
Nov 30, 2025 2:15:04 PM ua.onlinecourses.repository.GenericRepository add
INFO: Added Course: DAT-ADV-32025-02-01
Nov 30, 2025 2:15:04 PM ua.onlinecourses.repository.GenericRepository findByIdentity
INFO: No Course found with identity: WEB-HTM-42025-01-20
Nov 30, 2025 2:15:04 PM ua.onlinecourses.repository.GenericRepository add
INFO: Added Course: WEB-HTM-42025-01-20
Nov 30, 2025 2:15:04 PM ua.onlinecourses.repository.GenericRepository findByIdentity
INFO: No Course found with identity: DAT-SQL-52025-03-01
Nov 30, 2025 2:15:04 PM ua.onlinecourses.repository.GenericRepository add
INFO: Added Course: DAT-SQL-52025-03-01
Nov 30, 2025 2:15:04 PM ua.onlinecourses.repository.GenericRepository findByIdentity
INFO: No Course found with identity: MAC-AI -22025-02-15
Nov 30, 2025 2:15:04 PM ua.onlinecourses.repository.GenericRepository add
INFO: Added Course: MAC-AI -22025-02-15
Nov 30, 2025 2:15:04 PM ua.onlinecourses.repository.CourseRepositorySortingTest setUp
INFO: Test setup completed with 5 courses
Nov 30, 2025 2:15:04 PM ua.onlinecourses.repository.CourseRepositorySortingTest testSortByCreditsDesc
INFO: Testing sortByCreditsDesc
Nov 30, 2025 2:15:04 PM ua.onlinecourses.repository.GenericRepository getAll
INFO: Retrieved all Course items. Count: 5
Nov 30, 2025 2:15:04 PM ua.onlinecourses.repository.CourseRepository sortByCreditsDesc
INFO: Sorted Course by credits (descending)
Nov 30, 2025 2:15:04 PM ua.onlinecourses.repository.CourseRepositorySortingTest testSortByCreditsDesc
INFO: sortByCreditsDesc test completed successfully
Nov 30, 2025 2:15:04 PM ua.onlinecourses.repository.CourseRepositorySortingTest setUp
INFO: Setting up test data
Nov 30, 2025 2:15:04 PM ua.onlinecourses.repository.GenericRepository <init>
INFO: Created repository for Course
Nov 30, 2025 2:15:04 PM ua.onlinecourses.model.Course <init>
INFO: Attempting to create Course: Java Programming, Introduction to Java, 5, 2025-01-15
Nov 30, 2025 2:15:04 PM ua.onlinecourses.util.ValidationUtils validate
INFO: Attempting to validate object: Course
Nov 30, 2025 2:15:04 PM ua.onlinecourses.util.ValidationUtils validate
INFO: Validation successful for Course
Nov 30, 2025 2:15:04 PM ua.onlinecourses.model.Course <init>
INFO: Course created successfully: Java Programming, Introduction to Java, 5, 2025-01-15
Nov 30, 2025 2:15:04 PM ua.onlinecourses.model.Course <init>
INFO: Attempting to create Course: Data Structures, Advanced algorithms, 3, 2025-02-01
Nov 30, 2025 2:15:04 PM ua.onlinecourses.util.ValidationUtils validate
INFO: Attempting to validate object: Course
Nov 30, 2025 2:15:04 PM ua.onlinecourses.util.ValidationUtils validate
INFO: Validation successful for Course
Nov 30, 2025 2:15:04 PM ua.onlinecourses.model.Course <init>
INFO: Course created successfully: Data Structures, Advanced algorithms, 3, 2025-02-01
Nov 30, 2025 2:15:04 PM ua.onlinecourses.model.Course <init>
INFO: Attempting to create Course: Web Development, HTML, CSS, JavaScript, 4, 2025-01-20
Nov 30, 2025 2:15:04 PM ua.onlinecourses.util.ValidationUtils validate
INFO: Attempting to validate object: Course
Nov 30, 2025 2:15:04 PM ua.onlinecourses.util.ValidationUtils validate
INFO: Validation successful for Course
Nov 30, 2025 2:15:04 PM ua.onlinecourses.model.Course <init>
INFO: Course created successfully: Web Development, HTML, CSS, JavaScript, 4, 2025-01-20
Nov 30, 2025 2:15:04 PM ua.onlinecourses.model.Course <init>
INFO: Attempting to create Course: Database Systems, SQL and NoSQL, 5, 2025-03-01
Nov 30, 2025 2:15:04 PM ua.onlinecourses.util.ValidationUtils validate
INFO: Attempting to validate object: Course
Nov 30, 2025 2:15:04 PM ua.onlinecourses.util.ValidationUtils validate
INFO: Validation successful for Course
Nov 30, 2025 2:15:04 PM ua.onlinecourses.model.Course <init>
INFO: Course created successfully: Database Systems, SQL and NoSQL, 5, 2025-03-01
Nov 30, 2025 2:15:04 PM ua.onlinecourses.model.Course <init>
INFO: Attempting to create Course: Machine Learning, AI fundamentals, 2, 2025-02-15
Nov 30, 2025 2:15:04 PM ua.onlinecourses.util.ValidationUtils validate
INFO: Attempting to validate object: Course
Nov 30, 2025 2:15:04 PM ua.onlinecourses.util.ValidationUtils validate
INFO: Validation successful for Course
Nov 30, 2025 2:15:04 PM ua.onlinecourses.model.Course <init>
INFO: Course created successfully: Machine Learning, AI fundamentals, 2, 2025-02-15
Nov 30, 2025 2:15:04 PM ua.onlinecourses.repository.GenericRepository findByIdentity
INFO: No Course found with identity: JAV-INT-52025-01-15
Nov 30, 2025 2:15:04 PM ua.onlinecourses.repository.GenericRepository add
INFO: Added Course: JAV-INT-52025-01-15
Nov 30, 2025 2:15:04 PM ua.onlinecourses.repository.GenericRepository findByIdentity
INFO: No Course found with identity: DAT-ADV-32025-02-01
Nov 30, 2025 2:15:04 PM ua.onlinecourses.repository.GenericRepository add
INFO: Added Course: DAT-ADV-32025-02-01
Nov 30, 2025 2:15:04 PM ua.onlinecourses.repository.GenericRepository findByIdentity
INFO: No Course found with identity: WEB-HTM-42025-01-20
Nov 30, 2025 2:15:04 PM ua.onlinecourses.repository.GenericRepository add
INFO: Added Course: WEB-HTM-42025-01-20
Nov 30, 2025 2:15:04 PM ua.onlinecourses.repository.GenericRepository findByIdentity
INFO: No Course found with identity: DAT-SQL-52025-03-01
Nov 30, 2025 2:15:04 PM ua.onlinecourses.repository.GenericRepository add
INFO: Added Course: DAT-SQL-52025-03-01
Nov 30, 2025 2:15:04 PM ua.onlinecourses.repository.GenericRepository findByIdentity
INFO: No Course found with identity: MAC-AI -22025-02-15
Nov 30, 2025 2:15:04 PM ua.onlinecourses.repository.GenericRepository add
INFO: Added Course: MAC-AI -22025-02-15
Nov 30, 2025 2:15:04 PM ua.onlinecourses.repository.CourseRepositorySortingTest setUp
INFO: Test setup completed with 5 courses
Nov 30, 2025 2:15:04 PM ua.onlinecourses.repository.CourseRepositorySortingTest testSortByCreditsAndDate
INFO: Testing sortByCreditsAndDate
Nov 30, 2025 2:15:04 PM ua.onlinecourses.repository.GenericRepository getAll
INFO: Retrieved all Course items. Count: 5
Nov 30, 2025 2:15:04 PM ua.onlinecourses.repository.CourseRepository sortByCreditsAndDate
INFO: Sorted Course by credits (desc) and start date
Nov 30, 2025 2:15:04 PM ua.onlinecourses.repository.CourseRepositorySortingTest testSortByCreditsAndDate
INFO: sortByCreditsAndDate test completed successfully
]]></system-err>
</testsuite>
