<?xml version="1.0" encoding="UTF-8"?>
<testsuite name="YamlDataSerializer Tests" tests="7" skipped="0" failures="0" errors="0" timestamp="2025-11-29T19:15:10.728Z" hostname="DIANACOMP" time="0.057">
  <properties/>
  <testcase name="serialize null list should throw exception" classname="ua.onlinecourses.serializer.YamlDataSerializerTest" time="0.003"/>
  <testcase name="deserialize from non-existent file should return empty list" classname="ua.onlinecourses.serializer.YamlDataSerializerTest" time="0.003"/>
  <testcase name="serialize empty list should create empty YAML array" classname="ua.onlinecourses.serializer.YamlDataSerializerTest" time="0.011"/>
  <testcase name="serialize should save courses to YAML file" classname="ua.onlinecourses.serializer.YamlDataSerializerTest" time="0.007"/>
  <testcase name="serialize and deserialize should preserve data integrity" classname="ua.onlinecourses.serializer.YamlDataSerializerTest" time="0.015"/>
  <testcase name="deserialize should load courses from YAML file" classname="ua.onlinecourses.serializer.YamlDataSerializerTest" time="0.015"/>
  <testcase name="getFormat should return YAML" classname="ua.onlinecourses.serializer.YamlDataSerializerTest" time="0.001"/>
  <system-out><![CDATA[]]></system-out>
  <system-err><![CDATA[нояб. 29, 2025 9:15:10 PM ua.onlinecourses.model.Course <init>
INFO: Attempting to create Course: Java, Programming, 5, 2025-01-01
нояб. 29, 2025 9:15:10 PM ua.onlinecourses.util.ValidationUtils validate
INFO: Attempting to validate object: Course
нояб. 29, 2025 9:15:10 PM ua.onlinecourses.util.ValidationUtils validate
INFO: Validation successful for Course
нояб. 29, 2025 9:15:10 PM ua.onlinecourses.model.Course <init>
INFO: Course created successfully: Java, Programming, 5, 2025-01-01
нояб. 29, 2025 9:15:10 PM ua.onlinecourses.model.Course <init>
INFO: Attempting to create Course: Python, Scripting, 4, 2025-02-01
нояб. 29, 2025 9:15:10 PM ua.onlinecourses.util.ValidationUtils validate
INFO: Attempting to validate object: Course
нояб. 29, 2025 9:15:10 PM ua.onlinecourses.util.ValidationUtils validate
INFO: Validation successful for Course
нояб. 29, 2025 9:15:10 PM ua.onlinecourses.model.Course <init>
INFO: Course created successfully: Python, Scripting, 4, 2025-02-01
нояб. 29, 2025 9:15:10 PM ua.onlinecourses.model.Course <init>
INFO: Attempting to create Course: Java, Programming, 5, 2025-01-01
нояб. 29, 2025 9:15:10 PM ua.onlinecourses.util.ValidationUtils validate
INFO: Attempting to validate object: Course
нояб. 29, 2025 9:15:10 PM ua.onlinecourses.util.ValidationUtils validate
INFO: Validation successful for Course
нояб. 29, 2025 9:15:10 PM ua.onlinecourses.model.Course <init>
INFO: Course created successfully: Java, Programming, 5, 2025-01-01
нояб. 29, 2025 9:15:10 PM ua.onlinecourses.model.Course <init>
INFO: Attempting to create Course: Python, Scripting, 4, 2025-02-01
нояб. 29, 2025 9:15:10 PM ua.onlinecourses.util.ValidationUtils validate
INFO: Attempting to validate object: Course
нояб. 29, 2025 9:15:10 PM ua.onlinecourses.util.ValidationUtils validate
INFO: Validation successful for Course
нояб. 29, 2025 9:15:10 PM ua.onlinecourses.model.Course <init>
INFO: Course created successfully: Python, Scripting, 4, 2025-02-01
нояб. 29, 2025 9:15:10 PM ua.onlinecourses.serializer.AbstractDataSerializer deserialize
WARNING: File does not exist: ./nonexistent.yaml. Returning empty list.
нояб. 29, 2025 9:15:10 PM ua.onlinecourses.model.Course <init>
INFO: Attempting to create Course: Java, Programming, 5, 2025-01-01
нояб. 29, 2025 9:15:10 PM ua.onlinecourses.util.ValidationUtils validate
INFO: Attempting to validate object: Course
нояб. 29, 2025 9:15:10 PM ua.onlinecourses.util.ValidationUtils validate
INFO: Validation successful for Course
нояб. 29, 2025 9:15:10 PM ua.onlinecourses.model.Course <init>
INFO: Course created successfully: Java, Programming, 5, 2025-01-01
нояб. 29, 2025 9:15:10 PM ua.onlinecourses.model.Course <init>
INFO: Attempting to create Course: Python, Scripting, 4, 2025-02-01
нояб. 29, 2025 9:15:10 PM ua.onlinecourses.util.ValidationUtils validate
INFO: Attempting to validate object: Course
нояб. 29, 2025 9:15:10 PM ua.onlinecourses.util.ValidationUtils validate
INFO: Validation successful for Course
нояб. 29, 2025 9:15:10 PM ua.onlinecourses.model.Course <init>
INFO: Course created successfully: Python, Scripting, 4, 2025-02-01
нояб. 29, 2025 9:15:10 PM ua.onlinecourses.serializer.AbstractDataSerializer createParentDirectories
INFO: Created directory: C:\Users\dinag\IdeaProjects\onlinecourses\.\test_data
нояб. 29, 2025 9:15:10 PM ua.onlinecourses.serializer.AbstractDataSerializer serialize
INFO: Successfully serialized 0 items to YAML file: ./test_data/courses_test.yaml
нояб. 29, 2025 9:15:10 PM ua.onlinecourses.serializer.AbstractDataSerializer deserialize
INFO: Successfully deserialized 0 items from YAML file: ./test_data/courses_test.yaml
нояб. 29, 2025 9:15:10 PM ua.onlinecourses.model.Course <init>
INFO: Attempting to create Course: Java, Programming, 5, 2025-01-01
нояб. 29, 2025 9:15:10 PM ua.onlinecourses.util.ValidationUtils validate
INFO: Attempting to validate object: Course
нояб. 29, 2025 9:15:10 PM ua.onlinecourses.util.ValidationUtils validate
INFO: Validation successful for Course
нояб. 29, 2025 9:15:10 PM ua.onlinecourses.model.Course <init>
INFO: Course created successfully: Java, Programming, 5, 2025-01-01
нояб. 29, 2025 9:15:10 PM ua.onlinecourses.model.Course <init>
INFO: Attempting to create Course: Python, Scripting, 4, 2025-02-01
нояб. 29, 2025 9:15:10 PM ua.onlinecourses.util.ValidationUtils validate
INFO: Attempting to validate object: Course
нояб. 29, 2025 9:15:10 PM ua.onlinecourses.util.ValidationUtils validate
INFO: Validation successful for Course
нояб. 29, 2025 9:15:10 PM ua.onlinecourses.model.Course <init>
INFO: Course created successfully: Python, Scripting, 4, 2025-02-01
нояб. 29, 2025 9:15:10 PM ua.onlinecourses.serializer.AbstractDataSerializer createParentDirectories
INFO: Created directory: C:\Users\dinag\IdeaProjects\onlinecourses\.\test_data
нояб. 29, 2025 9:15:10 PM ua.onlinecourses.serializer.AbstractDataSerializer serialize
INFO: Successfully serialized 2 items to YAML file: ./test_data/courses_test.yaml
нояб. 29, 2025 9:15:10 PM ua.onlinecourses.model.Course <init>
INFO: Attempting to create Course: Java, Programming, 5, 2025-01-01
нояб. 29, 2025 9:15:10 PM ua.onlinecourses.util.ValidationUtils validate
INFO: Attempting to validate object: Course
нояб. 29, 2025 9:15:10 PM ua.onlinecourses.util.ValidationUtils validate
INFO: Validation successful for Course
нояб. 29, 2025 9:15:10 PM ua.onlinecourses.model.Course <init>
INFO: Course created successfully: Java, Programming, 5, 2025-01-01
нояб. 29, 2025 9:15:10 PM ua.onlinecourses.model.Course <init>
INFO: Attempting to create Course: Python, Scripting, 4, 2025-02-01
нояб. 29, 2025 9:15:10 PM ua.onlinecourses.util.ValidationUtils validate
INFO: Attempting to validate object: Course
нояб. 29, 2025 9:15:10 PM ua.onlinecourses.util.ValidationUtils validate
INFO: Validation successful for Course
нояб. 29, 2025 9:15:10 PM ua.onlinecourses.model.Course <init>
INFO: Course created successfully: Python, Scripting, 4, 2025-02-01
нояб. 29, 2025 9:15:10 PM ua.onlinecourses.serializer.AbstractDataSerializer createParentDirectories
INFO: Created directory: C:\Users\dinag\IdeaProjects\onlinecourses\.\test_data
нояб. 29, 2025 9:15:10 PM ua.onlinecourses.serializer.AbstractDataSerializer serialize
INFO: Successfully serialized 2 items to YAML file: ./test_data/courses_test.yaml
нояб. 29, 2025 9:15:10 PM ua.onlinecourses.model.Course <init>
INFO: Attempting to create Course: Java, Programming, 5, 2025-01-01
нояб. 29, 2025 9:15:10 PM ua.onlinecourses.util.ValidationUtils validate
INFO: Attempting to validate object: Course
нояб. 29, 2025 9:15:10 PM ua.onlinecourses.util.ValidationUtils validate
INFO: Validation successful for Course
нояб. 29, 2025 9:15:10 PM ua.onlinecourses.model.Course <init>
INFO: Course created successfully: Java, Programming, 5, 2025-01-01
нояб. 29, 2025 9:15:10 PM ua.onlinecourses.model.Course <init>
INFO: Attempting to create Course: Python, Scripting, 4, 2025-02-01
нояб. 29, 2025 9:15:10 PM ua.onlinecourses.util.ValidationUtils validate
INFO: Attempting to validate object: Course
нояб. 29, 2025 9:15:10 PM ua.onlinecourses.util.ValidationUtils validate
INFO: Validation successful for Course
нояб. 29, 2025 9:15:10 PM ua.onlinecourses.model.Course <init>
INFO: Course created successfully: Python, Scripting, 4, 2025-02-01
нояб. 29, 2025 9:15:10 PM ua.onlinecourses.serializer.AbstractDataSerializer deserialize
INFO: Successfully deserialized 2 items from YAML file: ./test_data/courses_test.yaml
нояб. 29, 2025 9:15:10 PM ua.onlinecourses.model.Course <init>
INFO: Attempting to create Course: Java, Programming, 5, 2025-01-01
нояб. 29, 2025 9:15:10 PM ua.onlinecourses.util.ValidationUtils validate
INFO: Attempting to validate object: Course
нояб. 29, 2025 9:15:10 PM ua.onlinecourses.util.ValidationUtils validate
INFO: Validation successful for Course
нояб. 29, 2025 9:15:10 PM ua.onlinecourses.model.Course <init>
INFO: Course created successfully: Java, Programming, 5, 2025-01-01
нояб. 29, 2025 9:15:10 PM ua.onlinecourses.model.Course <init>
INFO: Attempting to create Course: Python, Scripting, 4, 2025-02-01
нояб. 29, 2025 9:15:10 PM ua.onlinecourses.util.ValidationUtils validate
INFO: Attempting to validate object: Course
нояб. 29, 2025 9:15:10 PM ua.onlinecourses.util.ValidationUtils validate
INFO: Validation successful for Course
нояб. 29, 2025 9:15:10 PM ua.onlinecourses.model.Course <init>
INFO: Course created successfully: Python, Scripting, 4, 2025-02-01
нояб. 29, 2025 9:15:10 PM ua.onlinecourses.serializer.AbstractDataSerializer createParentDirectories
INFO: Created directory: C:\Users\dinag\IdeaProjects\onlinecourses\.\test_data
нояб. 29, 2025 9:15:10 PM ua.onlinecourses.serializer.AbstractDataSerializer serialize
INFO: Successfully serialized 2 items to YAML file: ./test_data/courses_test.yaml
нояб. 29, 2025 9:15:10 PM ua.onlinecourses.model.Course <init>
INFO: Attempting to create Course: Java, Programming, 5, 2025-01-01
нояб. 29, 2025 9:15:10 PM ua.onlinecourses.util.ValidationUtils validate
INFO: Attempting to validate object: Course
нояб. 29, 2025 9:15:10 PM ua.onlinecourses.util.ValidationUtils validate
INFO: Validation successful for Course
нояб. 29, 2025 9:15:10 PM ua.onlinecourses.model.Course <init>
INFO: Course created successfully: Java, Programming, 5, 2025-01-01
нояб. 29, 2025 9:15:10 PM ua.onlinecourses.model.Course <init>
INFO: Attempting to create Course: Python, Scripting, 4, 2025-02-01
нояб. 29, 2025 9:15:10 PM ua.onlinecourses.util.ValidationUtils validate
INFO: Attempting to validate object: Course
нояб. 29, 2025 9:15:10 PM ua.onlinecourses.util.ValidationUtils validate
INFO: Validation successful for Course
нояб. 29, 2025 9:15:10 PM ua.onlinecourses.model.Course <init>
INFO: Course created successfully: Python, Scripting, 4, 2025-02-01
нояб. 29, 2025 9:15:10 PM ua.onlinecourses.serializer.AbstractDataSerializer deserialize
INFO: Successfully deserialized 2 items from YAML file: ./test_data/courses_test.yaml
нояб. 29, 2025 9:15:10 PM ua.onlinecourses.model.Course <init>
INFO: Attempting to create Course: Java, Programming, 5, 2025-01-01
нояб. 29, 2025 9:15:10 PM ua.onlinecourses.util.ValidationUtils validate
INFO: Attempting to validate object: Course
нояб. 29, 2025 9:15:10 PM ua.onlinecourses.util.ValidationUtils validate
INFO: Validation successful for Course
нояб. 29, 2025 9:15:10 PM ua.onlinecourses.model.Course <init>
INFO: Course created successfully: Java, Programming, 5, 2025-01-01
нояб. 29, 2025 9:15:10 PM ua.onlinecourses.model.Course <init>
INFO: Attempting to create Course: Python, Scripting, 4, 2025-02-01
нояб. 29, 2025 9:15:10 PM ua.onlinecourses.util.ValidationUtils validate
INFO: Attempting to validate object: Course
нояб. 29, 2025 9:15:10 PM ua.onlinecourses.util.ValidationUtils validate
INFO: Validation successful for Course
нояб. 29, 2025 9:15:10 PM ua.onlinecourses.model.Course <init>
INFO: Course created successfully: Python, Scripting, 4, 2025-02-01
]]></system-err>
</testsuite>
