<?xml version="1.0" encoding="UTF-8"?>
<testsuite name="GenericRepository sortByIdentity Tests" tests="10" skipped="0" failures="0" errors="0" timestamp="2025-11-30T14:15:04.230Z" hostname="runnervmg1sw1" time="0.083">
  <properties/>
  <testcase name="sortByIdentity on empty repository should return empty list" classname="ua.onlinecourses.repository.GenericRepositorySortingTest" time="0.01"/>
  <testcase name="sortByIdentity with null order should default to 'asc'" classname="ua.onlinecourses.repository.GenericRepositorySortingTest" time="0.003"/>
  <testcase name="sortByIdentity should be case-insensitive for order parameter" classname="ua.onlinecourses.repository.GenericRepositorySortingTest" time="0.008"/>
  <testcase name="sortByIdentity should not modify the original repository" classname="ua.onlinecourses.repository.GenericRepositorySortingTest" time="0.007"/>
  <testcase name="sortByIdentity with invalid order should default to 'asc'" classname="ua.onlinecourses.repository.GenericRepositorySortingTest" time="0.005"/>
  <testcase name="sortByIdentity with single element should return list with that element" classname="ua.onlinecourses.repository.GenericRepositorySortingTest" time="0.01"/>
  <testcase name="sortByIdentity with duplicate identities should maintain stability" classname="ua.onlinecourses.repository.GenericRepositorySortingTest" time="0.007"/>
  <testcase name="sortByIdentity with 'desc' should sort in descending order" classname="ua.onlinecourses.repository.GenericRepositorySortingTest" time="0.002"/>
  <testcase name="sortByIdentity should return reverse order for asc and desc" classname="ua.onlinecourses.repository.GenericRepositorySortingTest" time="0.006"/>
  <testcase name="sortByIdentity with 'asc' should sort in ascending order" classname="ua.onlinecourses.repository.GenericRepositorySortingTest" time="0.006"/>
  <system-out><![CDATA[]]></system-out>
  <system-err><![CDATA[Nov 30, 2025 2:15:04 PM ua.onlinecourses.repository.GenericRepositorySortingTest setUp
INFO: Setting up test data
Nov 30, 2025 2:15:04 PM ua.onlinecourses.repository.GenericRepository <init>
INFO: Created repository for Module
Nov 30, 2025 2:15:04 PM ua.onlinecourses.model.myModule <init>
INFO: Attempting to create Module: Introduction, Basic concepts
Nov 30, 2025 2:15:04 PM ua.onlinecourses.util.ValidationUtils validate
INFO: Attempting to validate object: myModule
Nov 30, 2025 2:15:04 PM ua.onlinecourses.util.ValidationUtils validate
INFO: Validation successful for myModule
Nov 30, 2025 2:15:04 PM ua.onlinecourses.model.myModule <init>
INFO: Module created successfully: Introduction, Basic concepts
Nov 30, 2025 2:15:04 PM ua.onlinecourses.model.myModule <init>
INFO: Attempting to create Module: Advanced Topics, Complex algorithms
Nov 30, 2025 2:15:04 PM ua.onlinecourses.util.ValidationUtils validate
INFO: Attempting to validate object: myModule
Nov 30, 2025 2:15:04 PM ua.onlinecourses.util.ValidationUtils validate
INFO: Validation successful for myModule
Nov 30, 2025 2:15:04 PM ua.onlinecourses.model.myModule <init>
INFO: Module created successfully: Advanced Topics, Complex algorithms
Nov 30, 2025 2:15:04 PM ua.onlinecourses.model.myModule <init>
INFO: Attempting to create Module: Data Structures, Lists and trees
Nov 30, 2025 2:15:04 PM ua.onlinecourses.util.ValidationUtils validate
INFO: Attempting to validate object: myModule
Nov 30, 2025 2:15:04 PM ua.onlinecourses.util.ValidationUtils validate
INFO: Validation successful for myModule
Nov 30, 2025 2:15:04 PM ua.onlinecourses.model.myModule <init>
INFO: Module created successfully: Data Structures, Lists and trees
Nov 30, 2025 2:15:04 PM ua.onlinecourses.model.myModule <init>
INFO: Attempting to create Module: Algorithms, Sorting methods
Nov 30, 2025 2:15:04 PM ua.onlinecourses.util.ValidationUtils validate
INFO: Attempting to validate object: myModule
Nov 30, 2025 2:15:04 PM ua.onlinecourses.util.ValidationUtils validate
INFO: Validation successful for myModule
Nov 30, 2025 2:15:04 PM ua.onlinecourses.model.myModule <init>
INFO: Module created successfully: Algorithms, Sorting methods
Nov 30, 2025 2:15:04 PM ua.onlinecourses.model.myModule <init>
INFO: Attempting to create Module: Testing, Unit tests
Nov 30, 2025 2:15:04 PM ua.onlinecourses.util.ValidationUtils validate
INFO: Attempting to validate object: myModule
Nov 30, 2025 2:15:04 PM ua.onlinecourses.util.ValidationUtils validate
INFO: Validation successful for myModule
Nov 30, 2025 2:15:04 PM ua.onlinecourses.model.myModule <init>
INFO: Module created successfully: Testing, Unit tests
Nov 30, 2025 2:15:04 PM ua.onlinecourses.repository.GenericRepository findByIdentity
INFO: No Module found with identity: INT-BAS
Nov 30, 2025 2:15:04 PM ua.onlinecourses.repository.GenericRepository add
INFO: Added Module: INT-BAS
Nov 30, 2025 2:15:04 PM ua.onlinecourses.repository.GenericRepository findByIdentity
INFO: No Module found with identity: ADV-COM
Nov 30, 2025 2:15:04 PM ua.onlinecourses.repository.GenericRepository add
INFO: Added Module: ADV-COM
Nov 30, 2025 2:15:04 PM ua.onlinecourses.repository.GenericRepository findByIdentity
INFO: No Module found with identity: DAT-LIS
Nov 30, 2025 2:15:04 PM ua.onlinecourses.repository.GenericRepository add
INFO: Added Module: DAT-LIS
Nov 30, 2025 2:15:04 PM ua.onlinecourses.repository.GenericRepository findByIdentity
INFO: No Module found with identity: ALG-SOR
Nov 30, 2025 2:15:04 PM ua.onlinecourses.repository.GenericRepository add
INFO: Added Module: ALG-SOR
Nov 30, 2025 2:15:04 PM ua.onlinecourses.repository.GenericRepository findByIdentity
INFO: No Module found with identity: TES-UNI
Nov 30, 2025 2:15:04 PM ua.onlinecourses.repository.GenericRepository add
INFO: Added Module: TES-UNI
Nov 30, 2025 2:15:04 PM ua.onlinecourses.repository.GenericRepositorySortingTest setUp
INFO: Test setup completed with 5 modules
Nov 30, 2025 2:15:04 PM ua.onlinecourses.repository.GenericRepositorySortingTest testSortByIdentityEmptyRepository
INFO: Testing sortByIdentity on empty repository
Nov 30, 2025 2:15:04 PM ua.onlinecourses.repository.GenericRepository <init>
INFO: Created repository for Module
Nov 30, 2025 2:15:04 PM ua.onlinecourses.repository.GenericRepository sortByIdentity
INFO: Sorted Module items by identity in asc order
Nov 30, 2025 2:15:04 PM ua.onlinecourses.repository.GenericRepository sortByIdentity
INFO: Sorted Module items by identity in desc order
Nov 30, 2025 2:15:04 PM ua.onlinecourses.repository.GenericRepositorySortingTest testSortByIdentityEmptyRepository
INFO: Empty repository test completed successfully
Nov 30, 2025 2:15:04 PM ua.onlinecourses.repository.GenericRepositorySortingTest setUp
INFO: Setting up test data
Nov 30, 2025 2:15:04 PM ua.onlinecourses.repository.GenericRepository <init>
INFO: Created repository for Module
Nov 30, 2025 2:15:04 PM ua.onlinecourses.model.myModule <init>
INFO: Attempting to create Module: Introduction, Basic concepts
Nov 30, 2025 2:15:04 PM ua.onlinecourses.util.ValidationUtils validate
INFO: Attempting to validate object: myModule
Nov 30, 2025 2:15:04 PM ua.onlinecourses.util.ValidationUtils validate
INFO: Validation successful for myModule
Nov 30, 2025 2:15:04 PM ua.onlinecourses.model.myModule <init>
INFO: Module created successfully: Introduction, Basic concepts
Nov 30, 2025 2:15:04 PM ua.onlinecourses.model.myModule <init>
INFO: Attempting to create Module: Advanced Topics, Complex algorithms
Nov 30, 2025 2:15:04 PM ua.onlinecourses.util.ValidationUtils validate
INFO: Attempting to validate object: myModule
Nov 30, 2025 2:15:04 PM ua.onlinecourses.util.ValidationUtils validate
INFO: Validation successful for myModule
Nov 30, 2025 2:15:04 PM ua.onlinecourses.model.myModule <init>
INFO: Module created successfully: Advanced Topics, Complex algorithms
Nov 30, 2025 2:15:04 PM ua.onlinecourses.model.myModule <init>
INFO: Attempting to create Module: Data Structures, Lists and trees
Nov 30, 2025 2:15:04 PM ua.onlinecourses.util.ValidationUtils validate
INFO: Attempting to validate object: myModule
Nov 30, 2025 2:15:04 PM ua.onlinecourses.util.ValidationUtils validate
INFO: Validation successful for myModule
Nov 30, 2025 2:15:04 PM ua.onlinecourses.model.myModule <init>
INFO: Module created successfully: Data Structures, Lists and trees
Nov 30, 2025 2:15:04 PM ua.onlinecourses.model.myModule <init>
INFO: Attempting to create Module: Algorithms, Sorting methods
Nov 30, 2025 2:15:04 PM ua.onlinecourses.util.ValidationUtils validate
INFO: Attempting to validate object: myModule
Nov 30, 2025 2:15:04 PM ua.onlinecourses.util.ValidationUtils validate
INFO: Validation successful for myModule
Nov 30, 2025 2:15:04 PM ua.onlinecourses.model.myModule <init>
INFO: Module created successfully: Algorithms, Sorting methods
Nov 30, 2025 2:15:04 PM ua.onlinecourses.model.myModule <init>
INFO: Attempting to create Module: Testing, Unit tests
Nov 30, 2025 2:15:04 PM ua.onlinecourses.util.ValidationUtils validate
INFO: Attempting to validate object: myModule
Nov 30, 2025 2:15:04 PM ua.onlinecourses.util.ValidationUtils validate
INFO: Validation successful for myModule
Nov 30, 2025 2:15:04 PM ua.onlinecourses.model.myModule <init>
INFO: Module created successfully: Testing, Unit tests
Nov 30, 2025 2:15:04 PM ua.onlinecourses.repository.GenericRepository findByIdentity
INFO: No Module found with identity: INT-BAS
Nov 30, 2025 2:15:04 PM ua.onlinecourses.repository.GenericRepository add
INFO: Added Module: INT-BAS
Nov 30, 2025 2:15:04 PM ua.onlinecourses.repository.GenericRepository findByIdentity
INFO: No Module found with identity: ADV-COM
Nov 30, 2025 2:15:04 PM ua.onlinecourses.repository.GenericRepository add
INFO: Added Module: ADV-COM
Nov 30, 2025 2:15:04 PM ua.onlinecourses.repository.GenericRepository findByIdentity
INFO: No Module found with identity: DAT-LIS
Nov 30, 2025 2:15:04 PM ua.onlinecourses.repository.GenericRepository add
INFO: Added Module: DAT-LIS
Nov 30, 2025 2:15:04 PM ua.onlinecourses.repository.GenericRepository findByIdentity
INFO: No Module found with identity: ALG-SOR
Nov 30, 2025 2:15:04 PM ua.onlinecourses.repository.GenericRepository add
INFO: Added Module: ALG-SOR
Nov 30, 2025 2:15:04 PM ua.onlinecourses.repository.GenericRepository findByIdentity
INFO: No Module found with identity: TES-UNI
Nov 30, 2025 2:15:04 PM ua.onlinecourses.repository.GenericRepository add
INFO: Added Module: TES-UNI
Nov 30, 2025 2:15:04 PM ua.onlinecourses.repository.GenericRepositorySortingTest setUp
INFO: Test setup completed with 5 modules
Nov 30, 2025 2:15:04 PM ua.onlinecourses.repository.GenericRepositorySortingTest testSortByIdentityNullOrder
INFO: Testing sortByIdentity with null order
Nov 30, 2025 2:15:04 PM ua.onlinecourses.repository.GenericRepository sortByIdentity
WARNING: Invalid sort order: null. Using asc by default
Nov 30, 2025 2:15:04 PM ua.onlinecourses.repository.GenericRepository sortByIdentity
INFO: Sorted Module items by identity in asc order
Nov 30, 2025 2:15:04 PM ua.onlinecourses.repository.GenericRepository sortByIdentity
INFO: Sorted Module items by identity in asc order
Nov 30, 2025 2:15:04 PM ua.onlinecourses.repository.GenericRepositorySortingTest testSortByIdentityNullOrder
INFO: Null order test completed successfully
Nov 30, 2025 2:15:04 PM ua.onlinecourses.repository.GenericRepositorySortingTest setUp
INFO: Setting up test data
Nov 30, 2025 2:15:04 PM ua.onlinecourses.repository.GenericRepository <init>
INFO: Created repository for Module
Nov 30, 2025 2:15:04 PM ua.onlinecourses.model.myModule <init>
INFO: Attempting to create Module: Introduction, Basic concepts
Nov 30, 2025 2:15:04 PM ua.onlinecourses.util.ValidationUtils validate
INFO: Attempting to validate object: myModule
Nov 30, 2025 2:15:04 PM ua.onlinecourses.util.ValidationUtils validate
INFO: Validation successful for myModule
Nov 30, 2025 2:15:04 PM ua.onlinecourses.model.myModule <init>
INFO: Module created successfully: Introduction, Basic concepts
Nov 30, 2025 2:15:04 PM ua.onlinecourses.model.myModule <init>
INFO: Attempting to create Module: Advanced Topics, Complex algorithms
Nov 30, 2025 2:15:04 PM ua.onlinecourses.util.ValidationUtils validate
INFO: Attempting to validate object: myModule
Nov 30, 2025 2:15:04 PM ua.onlinecourses.util.ValidationUtils validate
INFO: Validation successful for myModule
Nov 30, 2025 2:15:04 PM ua.onlinecourses.model.myModule <init>
INFO: Module created successfully: Advanced Topics, Complex algorithms
Nov 30, 2025 2:15:04 PM ua.onlinecourses.model.myModule <init>
INFO: Attempting to create Module: Data Structures, Lists and trees
Nov 30, 2025 2:15:04 PM ua.onlinecourses.util.ValidationUtils validate
INFO: Attempting to validate object: myModule
Nov 30, 2025 2:15:04 PM ua.onlinecourses.util.ValidationUtils validate
INFO: Validation successful for myModule
Nov 30, 2025 2:15:04 PM ua.onlinecourses.model.myModule <init>
INFO: Module created successfully: Data Structures, Lists and trees
Nov 30, 2025 2:15:04 PM ua.onlinecourses.model.myModule <init>
INFO: Attempting to create Module: Algorithms, Sorting methods
Nov 30, 2025 2:15:04 PM ua.onlinecourses.util.ValidationUtils validate
INFO: Attempting to validate object: myModule
Nov 30, 2025 2:15:04 PM ua.onlinecourses.util.ValidationUtils validate
INFO: Validation successful for myModule
Nov 30, 2025 2:15:04 PM ua.onlinecourses.model.myModule <init>
INFO: Module created successfully: Algorithms, Sorting methods
Nov 30, 2025 2:15:04 PM ua.onlinecourses.model.myModule <init>
INFO: Attempting to create Module: Testing, Unit tests
Nov 30, 2025 2:15:04 PM ua.onlinecourses.util.ValidationUtils validate
INFO: Attempting to validate object: myModule
Nov 30, 2025 2:15:04 PM ua.onlinecourses.util.ValidationUtils validate
INFO: Validation successful for myModule
Nov 30, 2025 2:15:04 PM ua.onlinecourses.model.myModule <init>
INFO: Module created successfully: Testing, Unit tests
Nov 30, 2025 2:15:04 PM ua.onlinecourses.repository.GenericRepository findByIdentity
INFO: No Module found with identity: INT-BAS
Nov 30, 2025 2:15:04 PM ua.onlinecourses.repository.GenericRepository add
INFO: Added Module: INT-BAS
Nov 30, 2025 2:15:04 PM ua.onlinecourses.repository.GenericRepository findByIdentity
INFO: No Module found with identity: ADV-COM
Nov 30, 2025 2:15:04 PM ua.onlinecourses.repository.GenericRepository add
INFO: Added Module: ADV-COM
Nov 30, 2025 2:15:04 PM ua.onlinecourses.repository.GenericRepository findByIdentity
INFO: No Module found with identity: DAT-LIS
Nov 30, 2025 2:15:04 PM ua.onlinecourses.repository.GenericRepository add
INFO: Added Module: DAT-LIS
Nov 30, 2025 2:15:04 PM ua.onlinecourses.repository.GenericRepository findByIdentity
INFO: No Module found with identity: ALG-SOR
Nov 30, 2025 2:15:04 PM ua.onlinecourses.repository.GenericRepository add
INFO: Added Module: ALG-SOR
Nov 30, 2025 2:15:04 PM ua.onlinecourses.repository.GenericRepository findByIdentity
INFO: No Module found with identity: TES-UNI
Nov 30, 2025 2:15:04 PM ua.onlinecourses.repository.GenericRepository add
INFO: Added Module: TES-UNI
Nov 30, 2025 2:15:04 PM ua.onlinecourses.repository.GenericRepositorySortingTest setUp
INFO: Test setup completed with 5 modules
Nov 30, 2025 2:15:04 PM ua.onlinecourses.repository.GenericRepositorySortingTest testSortByIdentityCaseInsensitive
INFO: Testing sortByIdentity case insensitivity
Nov 30, 2025 2:15:04 PM ua.onlinecourses.repository.GenericRepository sortByIdentity
INFO: Sorted Module items by identity in asc order
Nov 30, 2025 2:15:04 PM ua.onlinecourses.repository.GenericRepository sortByIdentity
INFO: Sorted Module items by identity in ASC order
Nov 30, 2025 2:15:04 PM ua.onlinecourses.repository.GenericRepository sortByIdentity
INFO: Sorted Module items by identity in Asc order
Nov 30, 2025 2:15:04 PM ua.onlinecourses.repository.GenericRepository sortByIdentity
INFO: Sorted Module items by identity in desc order
Nov 30, 2025 2:15:04 PM ua.onlinecourses.repository.GenericRepository sortByIdentity
INFO: Sorted Module items by identity in DESC order
Nov 30, 2025 2:15:04 PM ua.onlinecourses.repository.GenericRepository sortByIdentity
INFO: Sorted Module items by identity in Desc order
Nov 30, 2025 2:15:04 PM ua.onlinecourses.repository.GenericRepositorySortingTest testSortByIdentityCaseInsensitive
INFO: Case insensitivity test completed successfully
Nov 30, 2025 2:15:04 PM ua.onlinecourses.repository.GenericRepositorySortingTest setUp
INFO: Setting up test data
Nov 30, 2025 2:15:04 PM ua.onlinecourses.repository.GenericRepository <init>
INFO: Created repository for Module
Nov 30, 2025 2:15:04 PM ua.onlinecourses.model.myModule <init>
INFO: Attempting to create Module: Introduction, Basic concepts
Nov 30, 2025 2:15:04 PM ua.onlinecourses.util.ValidationUtils validate
INFO: Attempting to validate object: myModule
Nov 30, 2025 2:15:04 PM ua.onlinecourses.util.ValidationUtils validate
INFO: Validation successful for myModule
Nov 30, 2025 2:15:04 PM ua.onlinecourses.model.myModule <init>
INFO: Module created successfully: Introduction, Basic concepts
Nov 30, 2025 2:15:04 PM ua.onlinecourses.model.myModule <init>
INFO: Attempting to create Module: Advanced Topics, Complex algorithms
Nov 30, 2025 2:15:04 PM ua.onlinecourses.util.ValidationUtils validate
INFO: Attempting to validate object: myModule
Nov 30, 2025 2:15:04 PM ua.onlinecourses.util.ValidationUtils validate
INFO: Validation successful for myModule
Nov 30, 2025 2:15:04 PM ua.onlinecourses.model.myModule <init>
INFO: Module created successfully: Advanced Topics, Complex algorithms
Nov 30, 2025 2:15:04 PM ua.onlinecourses.model.myModule <init>
INFO: Attempting to create Module: Data Structures, Lists and trees
Nov 30, 2025 2:15:04 PM ua.onlinecourses.util.ValidationUtils validate
INFO: Attempting to validate object: myModule
Nov 30, 2025 2:15:04 PM ua.onlinecourses.util.ValidationUtils validate
INFO: Validation successful for myModule
Nov 30, 2025 2:15:04 PM ua.onlinecourses.model.myModule <init>
INFO: Module created successfully: Data Structures, Lists and trees
Nov 30, 2025 2:15:04 PM ua.onlinecourses.model.myModule <init>
INFO: Attempting to create Module: Algorithms, Sorting methods
Nov 30, 2025 2:15:04 PM ua.onlinecourses.util.ValidationUtils validate
INFO: Attempting to validate object: myModule
Nov 30, 2025 2:15:04 PM ua.onlinecourses.util.ValidationUtils validate
INFO: Validation successful for myModule
Nov 30, 2025 2:15:04 PM ua.onlinecourses.model.myModule <init>
INFO: Module created successfully: Algorithms, Sorting methods
Nov 30, 2025 2:15:04 PM ua.onlinecourses.model.myModule <init>
INFO: Attempting to create Module: Testing, Unit tests
Nov 30, 2025 2:15:04 PM ua.onlinecourses.util.ValidationUtils validate
INFO: Attempting to validate object: myModule
Nov 30, 2025 2:15:04 PM ua.onlinecourses.util.ValidationUtils validate
INFO: Validation successful for myModule
Nov 30, 2025 2:15:04 PM ua.onlinecourses.model.myModule <init>
INFO: Module created successfully: Testing, Unit tests
Nov 30, 2025 2:15:04 PM ua.onlinecourses.repository.GenericRepository findByIdentity
INFO: No Module found with identity: INT-BAS
Nov 30, 2025 2:15:04 PM ua.onlinecourses.repository.GenericRepository add
INFO: Added Module: INT-BAS
Nov 30, 2025 2:15:04 PM ua.onlinecourses.repository.GenericRepository findByIdentity
INFO: No Module found with identity: ADV-COM
Nov 30, 2025 2:15:04 PM ua.onlinecourses.repository.GenericRepository add
INFO: Added Module: ADV-COM
Nov 30, 2025 2:15:04 PM ua.onlinecourses.repository.GenericRepository findByIdentity
INFO: No Module found with identity: DAT-LIS
Nov 30, 2025 2:15:04 PM ua.onlinecourses.repository.GenericRepository add
INFO: Added Module: DAT-LIS
Nov 30, 2025 2:15:04 PM ua.onlinecourses.repository.GenericRepository findByIdentity
INFO: No Module found with identity: ALG-SOR
Nov 30, 2025 2:15:04 PM ua.onlinecourses.repository.GenericRepository add
INFO: Added Module: ALG-SOR
Nov 30, 2025 2:15:04 PM ua.onlinecourses.repository.GenericRepository findByIdentity
INFO: No Module found with identity: TES-UNI
Nov 30, 2025 2:15:04 PM ua.onlinecourses.repository.GenericRepository add
INFO: Added Module: TES-UNI
Nov 30, 2025 2:15:04 PM ua.onlinecourses.repository.GenericRepositorySortingTest setUp
INFO: Test setup completed with 5 modules
Nov 30, 2025 2:15:04 PM ua.onlinecourses.repository.GenericRepositorySortingTest testSortByIdentityDoesNotModifyRepository
INFO: Testing that sortByIdentity does not modify repository
Nov 30, 2025 2:15:04 PM ua.onlinecourses.repository.GenericRepository getAll
INFO: Retrieved all Module items. Count: 5
Nov 30, 2025 2:15:04 PM ua.onlinecourses.repository.GenericRepository sortByIdentity
INFO: Sorted Module items by identity in asc order
Nov 30, 2025 2:15:04 PM ua.onlinecourses.repository.GenericRepository sortByIdentity
INFO: Sorted Module items by identity in desc order
Nov 30, 2025 2:15:04 PM ua.onlinecourses.repository.GenericRepository getAll
INFO: Retrieved all Module items. Count: 5
Nov 30, 2025 2:15:04 PM ua.onlinecourses.repository.GenericRepositorySortingTest testSortByIdentityDoesNotModifyRepository
INFO: Repository immutability test completed successfully
Nov 30, 2025 2:15:04 PM ua.onlinecourses.repository.GenericRepositorySortingTest setUp
INFO: Setting up test data
Nov 30, 2025 2:15:04 PM ua.onlinecourses.repository.GenericRepository <init>
INFO: Created repository for Module
Nov 30, 2025 2:15:04 PM ua.onlinecourses.model.myModule <init>
INFO: Attempting to create Module: Introduction, Basic concepts
Nov 30, 2025 2:15:04 PM ua.onlinecourses.util.ValidationUtils validate
INFO: Attempting to validate object: myModule
Nov 30, 2025 2:15:04 PM ua.onlinecourses.util.ValidationUtils validate
INFO: Validation successful for myModule
Nov 30, 2025 2:15:04 PM ua.onlinecourses.model.myModule <init>
INFO: Module created successfully: Introduction, Basic concepts
Nov 30, 2025 2:15:04 PM ua.onlinecourses.model.myModule <init>
INFO: Attempting to create Module: Advanced Topics, Complex algorithms
Nov 30, 2025 2:15:04 PM ua.onlinecourses.util.ValidationUtils validate
INFO: Attempting to validate object: myModule
Nov 30, 2025 2:15:04 PM ua.onlinecourses.util.ValidationUtils validate
INFO: Validation successful for myModule
Nov 30, 2025 2:15:04 PM ua.onlinecourses.model.myModule <init>
INFO: Module created successfully: Advanced Topics, Complex algorithms
Nov 30, 2025 2:15:04 PM ua.onlinecourses.model.myModule <init>
INFO: Attempting to create Module: Data Structures, Lists and trees
Nov 30, 2025 2:15:04 PM ua.onlinecourses.util.ValidationUtils validate
INFO: Attempting to validate object: myModule
Nov 30, 2025 2:15:04 PM ua.onlinecourses.util.ValidationUtils validate
INFO: Validation successful for myModule
Nov 30, 2025 2:15:04 PM ua.onlinecourses.model.myModule <init>
INFO: Module created successfully: Data Structures, Lists and trees
Nov 30, 2025 2:15:04 PM ua.onlinecourses.model.myModule <init>
INFO: Attempting to create Module: Algorithms, Sorting methods
Nov 30, 2025 2:15:04 PM ua.onlinecourses.util.ValidationUtils validate
INFO: Attempting to validate object: myModule
Nov 30, 2025 2:15:04 PM ua.onlinecourses.util.ValidationUtils validate
INFO: Validation successful for myModule
Nov 30, 2025 2:15:04 PM ua.onlinecourses.model.myModule <init>
INFO: Module created successfully: Algorithms, Sorting methods
Nov 30, 2025 2:15:04 PM ua.onlinecourses.model.myModule <init>
INFO: Attempting to create Module: Testing, Unit tests
Nov 30, 2025 2:15:04 PM ua.onlinecourses.util.ValidationUtils validate
INFO: Attempting to validate object: myModule
Nov 30, 2025 2:15:04 PM ua.onlinecourses.util.ValidationUtils validate
INFO: Validation successful for myModule
Nov 30, 2025 2:15:04 PM ua.onlinecourses.model.myModule <init>
INFO: Module created successfully: Testing, Unit tests
Nov 30, 2025 2:15:04 PM ua.onlinecourses.repository.GenericRepository findByIdentity
INFO: No Module found with identity: INT-BAS
Nov 30, 2025 2:15:04 PM ua.onlinecourses.repository.GenericRepository add
INFO: Added Module: INT-BAS
Nov 30, 2025 2:15:04 PM ua.onlinecourses.repository.GenericRepository findByIdentity
INFO: No Module found with identity: ADV-COM
Nov 30, 2025 2:15:04 PM ua.onlinecourses.repository.GenericRepository add
INFO: Added Module: ADV-COM
Nov 30, 2025 2:15:04 PM ua.onlinecourses.repository.GenericRepository findByIdentity
INFO: No Module found with identity: DAT-LIS
Nov 30, 2025 2:15:04 PM ua.onlinecourses.repository.GenericRepository add
INFO: Added Module: DAT-LIS
Nov 30, 2025 2:15:04 PM ua.onlinecourses.repository.GenericRepository findByIdentity
INFO: No Module found with identity: ALG-SOR
Nov 30, 2025 2:15:04 PM ua.onlinecourses.repository.GenericRepository add
INFO: Added Module: ALG-SOR
Nov 30, 2025 2:15:04 PM ua.onlinecourses.repository.GenericRepository findByIdentity
INFO: No Module found with identity: TES-UNI
Nov 30, 2025 2:15:04 PM ua.onlinecourses.repository.GenericRepository add
INFO: Added Module: TES-UNI
Nov 30, 2025 2:15:04 PM ua.onlinecourses.repository.GenericRepositorySortingTest setUp
INFO: Test setup completed with 5 modules
Nov 30, 2025 2:15:04 PM ua.onlinecourses.repository.GenericRepositorySortingTest testSortByIdentityInvalidOrder
INFO: Testing sortByIdentity with invalid order
Nov 30, 2025 2:15:04 PM ua.onlinecourses.repository.GenericRepository sortByIdentity
WARNING: Invalid sort order: invalid. Using asc by default
Nov 30, 2025 2:15:04 PM ua.onlinecourses.repository.GenericRepository sortByIdentity
INFO: Sorted Module items by identity in asc order
Nov 30, 2025 2:15:04 PM ua.onlinecourses.repository.GenericRepository sortByIdentity
INFO: Sorted Module items by identity in asc order
Nov 30, 2025 2:15:04 PM ua.onlinecourses.repository.GenericRepositorySortingTest testSortByIdentityInvalidOrder
INFO: Invalid order test completed successfully
Nov 30, 2025 2:15:04 PM ua.onlinecourses.repository.GenericRepositorySortingTest setUp
INFO: Setting up test data
Nov 30, 2025 2:15:04 PM ua.onlinecourses.repository.GenericRepository <init>
INFO: Created repository for Module
Nov 30, 2025 2:15:04 PM ua.onlinecourses.model.myModule <init>
INFO: Attempting to create Module: Introduction, Basic concepts
Nov 30, 2025 2:15:04 PM ua.onlinecourses.util.ValidationUtils validate
INFO: Attempting to validate object: myModule
Nov 30, 2025 2:15:04 PM ua.onlinecourses.util.ValidationUtils validate
INFO: Validation successful for myModule
Nov 30, 2025 2:15:04 PM ua.onlinecourses.model.myModule <init>
INFO: Module created successfully: Introduction, Basic concepts
Nov 30, 2025 2:15:04 PM ua.onlinecourses.model.myModule <init>
INFO: Attempting to create Module: Advanced Topics, Complex algorithms
Nov 30, 2025 2:15:04 PM ua.onlinecourses.util.ValidationUtils validate
INFO: Attempting to validate object: myModule
Nov 30, 2025 2:15:04 PM ua.onlinecourses.util.ValidationUtils validate
INFO: Validation successful for myModule
Nov 30, 2025 2:15:04 PM ua.onlinecourses.model.myModule <init>
INFO: Module created successfully: Advanced Topics, Complex algorithms
Nov 30, 2025 2:15:04 PM ua.onlinecourses.model.myModule <init>
INFO: Attempting to create Module: Data Structures, Lists and trees
Nov 30, 2025 2:15:04 PM ua.onlinecourses.util.ValidationUtils validate
INFO: Attempting to validate object: myModule
Nov 30, 2025 2:15:04 PM ua.onlinecourses.util.ValidationUtils validate
INFO: Validation successful for myModule
Nov 30, 2025 2:15:04 PM ua.onlinecourses.model.myModule <init>
INFO: Module created successfully: Data Structures, Lists and trees
Nov 30, 2025 2:15:04 PM ua.onlinecourses.model.myModule <init>
INFO: Attempting to create Module: Algorithms, Sorting methods
Nov 30, 2025 2:15:04 PM ua.onlinecourses.util.ValidationUtils validate
INFO: Attempting to validate object: myModule
Nov 30, 2025 2:15:04 PM ua.onlinecourses.util.ValidationUtils validate
INFO: Validation successful for myModule
Nov 30, 2025 2:15:04 PM ua.onlinecourses.model.myModule <init>
INFO: Module created successfully: Algorithms, Sorting methods
Nov 30, 2025 2:15:04 PM ua.onlinecourses.model.myModule <init>
INFO: Attempting to create Module: Testing, Unit tests
Nov 30, 2025 2:15:04 PM ua.onlinecourses.util.ValidationUtils validate
INFO: Attempting to validate object: myModule
Nov 30, 2025 2:15:04 PM ua.onlinecourses.util.ValidationUtils validate
INFO: Validation successful for myModule
Nov 30, 2025 2:15:04 PM ua.onlinecourses.model.myModule <init>
INFO: Module created successfully: Testing, Unit tests
Nov 30, 2025 2:15:04 PM ua.onlinecourses.repository.GenericRepository findByIdentity
INFO: No Module found with identity: INT-BAS
Nov 30, 2025 2:15:04 PM ua.onlinecourses.repository.GenericRepository add
INFO: Added Module: INT-BAS
Nov 30, 2025 2:15:04 PM ua.onlinecourses.repository.GenericRepository findByIdentity
INFO: No Module found with identity: ADV-COM
Nov 30, 2025 2:15:04 PM ua.onlinecourses.repository.GenericRepository add
INFO: Added Module: ADV-COM
Nov 30, 2025 2:15:04 PM ua.onlinecourses.repository.GenericRepository findByIdentity
INFO: No Module found with identity: DAT-LIS
Nov 30, 2025 2:15:04 PM ua.onlinecourses.repository.GenericRepository add
INFO: Added Module: DAT-LIS
Nov 30, 2025 2:15:04 PM ua.onlinecourses.repository.GenericRepository findByIdentity
INFO: No Module found with identity: ALG-SOR
Nov 30, 2025 2:15:04 PM ua.onlinecourses.repository.GenericRepository add
INFO: Added Module: ALG-SOR
Nov 30, 2025 2:15:04 PM ua.onlinecourses.repository.GenericRepository findByIdentity
INFO: No Module found with identity: TES-UNI
Nov 30, 2025 2:15:04 PM ua.onlinecourses.repository.GenericRepository add
INFO: Added Module: TES-UNI
Nov 30, 2025 2:15:04 PM ua.onlinecourses.repository.GenericRepositorySortingTest setUp
INFO: Test setup completed with 5 modules
Nov 30, 2025 2:15:04 PM ua.onlinecourses.repository.GenericRepositorySortingTest testSortByIdentitySingleElement
INFO: Testing sortByIdentity with single element
Nov 30, 2025 2:15:04 PM ua.onlinecourses.repository.GenericRepository <init>
INFO: Created repository for Module
Nov 30, 2025 2:15:04 PM ua.onlinecourses.model.myModule <init>
INFO: Attempting to create Module: Single, Content
Nov 30, 2025 2:15:04 PM ua.onlinecourses.util.ValidationUtils validate
INFO: Attempting to validate object: myModule
Nov 30, 2025 2:15:04 PM ua.onlinecourses.util.ValidationUtils validate
INFO: Validation successful for myModule
Nov 30, 2025 2:15:04 PM ua.onlinecourses.model.myModule <init>
INFO: Module created successfully: Single, Content
Nov 30, 2025 2:15:04 PM ua.onlinecourses.repository.GenericRepository findByIdentity
INFO: No Module found with identity: SIN-CON
Nov 30, 2025 2:15:04 PM ua.onlinecourses.repository.GenericRepository add
INFO: Added Module: SIN-CON
Nov 30, 2025 2:15:04 PM ua.onlinecourses.repository.GenericRepository sortByIdentity
INFO: Sorted Module items by identity in asc order
Nov 30, 2025 2:15:04 PM ua.onlinecourses.repository.GenericRepository sortByIdentity
INFO: Sorted Module items by identity in desc order
Nov 30, 2025 2:15:04 PM ua.onlinecourses.repository.GenericRepositorySortingTest testSortByIdentitySingleElement
INFO: Single element test completed successfully
Nov 30, 2025 2:15:04 PM ua.onlinecourses.repository.GenericRepositorySortingTest setUp
INFO: Setting up test data
Nov 30, 2025 2:15:04 PM ua.onlinecourses.repository.GenericRepository <init>
INFO: Created repository for Module
Nov 30, 2025 2:15:04 PM ua.onlinecourses.model.myModule <init>
INFO: Attempting to create Module: Introduction, Basic concepts
Nov 30, 2025 2:15:04 PM ua.onlinecourses.util.ValidationUtils validate
INFO: Attempting to validate object: myModule
Nov 30, 2025 2:15:04 PM ua.onlinecourses.util.ValidationUtils validate
INFO: Validation successful for myModule
Nov 30, 2025 2:15:04 PM ua.onlinecourses.model.myModule <init>
INFO: Module created successfully: Introduction, Basic concepts
Nov 30, 2025 2:15:04 PM ua.onlinecourses.model.myModule <init>
INFO: Attempting to create Module: Advanced Topics, Complex algorithms
Nov 30, 2025 2:15:04 PM ua.onlinecourses.util.ValidationUtils validate
INFO: Attempting to validate object: myModule
Nov 30, 2025 2:15:04 PM ua.onlinecourses.util.ValidationUtils validate
INFO: Validation successful for myModule
Nov 30, 2025 2:15:04 PM ua.onlinecourses.model.myModule <init>
INFO: Module created successfully: Advanced Topics, Complex algorithms
Nov 30, 2025 2:15:04 PM ua.onlinecourses.model.myModule <init>
INFO: Attempting to create Module: Data Structures, Lists and trees
Nov 30, 2025 2:15:04 PM ua.onlinecourses.util.ValidationUtils validate
INFO: Attempting to validate object: myModule
Nov 30, 2025 2:15:04 PM ua.onlinecourses.util.ValidationUtils validate
INFO: Validation successful for myModule
Nov 30, 2025 2:15:04 PM ua.onlinecourses.model.myModule <init>
INFO: Module created successfully: Data Structures, Lists and trees
Nov 30, 2025 2:15:04 PM ua.onlinecourses.model.myModule <init>
INFO: Attempting to create Module: Algorithms, Sorting methods
Nov 30, 2025 2:15:04 PM ua.onlinecourses.util.ValidationUtils validate
INFO: Attempting to validate object: myModule
Nov 30, 2025 2:15:04 PM ua.onlinecourses.util.ValidationUtils validate
INFO: Validation successful for myModule
Nov 30, 2025 2:15:04 PM ua.onlinecourses.model.myModule <init>
INFO: Module created successfully: Algorithms, Sorting methods
Nov 30, 2025 2:15:04 PM ua.onlinecourses.model.myModule <init>
INFO: Attempting to create Module: Testing, Unit tests
Nov 30, 2025 2:15:04 PM ua.onlinecourses.util.ValidationUtils validate
INFO: Attempting to validate object: myModule
Nov 30, 2025 2:15:04 PM ua.onlinecourses.util.ValidationUtils validate
INFO: Validation successful for myModule
Nov 30, 2025 2:15:04 PM ua.onlinecourses.model.myModule <init>
INFO: Module created successfully: Testing, Unit tests
Nov 30, 2025 2:15:04 PM ua.onlinecourses.repository.GenericRepository findByIdentity
INFO: No Module found with identity: INT-BAS
Nov 30, 2025 2:15:04 PM ua.onlinecourses.repository.GenericRepository add
INFO: Added Module: INT-BAS
Nov 30, 2025 2:15:04 PM ua.onlinecourses.repository.GenericRepository findByIdentity
INFO: No Module found with identity: ADV-COM
Nov 30, 2025 2:15:04 PM ua.onlinecourses.repository.GenericRepository add
INFO: Added Module: ADV-COM
Nov 30, 2025 2:15:04 PM ua.onlinecourses.repository.GenericRepository findByIdentity
INFO: No Module found with identity: DAT-LIS
Nov 30, 2025 2:15:04 PM ua.onlinecourses.repository.GenericRepository add
INFO: Added Module: DAT-LIS
Nov 30, 2025 2:15:04 PM ua.onlinecourses.repository.GenericRepository findByIdentity
INFO: No Module found with identity: ALG-SOR
Nov 30, 2025 2:15:04 PM ua.onlinecourses.repository.GenericRepository add
INFO: Added Module: ALG-SOR
Nov 30, 2025 2:15:04 PM ua.onlinecourses.repository.GenericRepository findByIdentity
INFO: No Module found with identity: TES-UNI
Nov 30, 2025 2:15:04 PM ua.onlinecourses.repository.GenericRepository add
INFO: Added Module: TES-UNI
Nov 30, 2025 2:15:04 PM ua.onlinecourses.repository.GenericRepositorySortingTest setUp
INFO: Test setup completed with 5 modules
Nov 30, 2025 2:15:04 PM ua.onlinecourses.repository.GenericRepositorySortingTest testSortByIdentityWithDuplicates
INFO: Testing sortByIdentity with modules having same identity prefix
Nov 30, 2025 2:15:04 PM ua.onlinecourses.repository.GenericRepository <init>
INFO: Created repository for Module
Nov 30, 2025 2:15:04 PM ua.onlinecourses.model.myModule <init>
INFO: Attempting to create Module: AAA, First
Nov 30, 2025 2:15:04 PM ua.onlinecourses.util.ValidationUtils validate
INFO: Attempting to validate object: myModule
Nov 30, 2025 2:15:04 PM ua.onlinecourses.util.ValidationUtils validate
INFO: Validation successful for myModule
Nov 30, 2025 2:15:04 PM ua.onlinecourses.model.myModule <init>
INFO: Module created successfully: AAA, First
Nov 30, 2025 2:15:04 PM ua.onlinecourses.model.myModule <init>
INFO: Attempting to create Module: AAA, Second
Nov 30, 2025 2:15:04 PM ua.onlinecourses.util.ValidationUtils validate
INFO: Attempting to validate object: myModule
Nov 30, 2025 2:15:04 PM ua.onlinecourses.util.ValidationUtils validate
INFO: Validation successful for myModule
Nov 30, 2025 2:15:04 PM ua.onlinecourses.model.myModule <init>
INFO: Module created successfully: AAA, Second
Nov 30, 2025 2:15:04 PM ua.onlinecourses.model.myModule <init>
INFO: Attempting to create Module: BBB, Third
Nov 30, 2025 2:15:04 PM ua.onlinecourses.util.ValidationUtils validate
INFO: Attempting to validate object: myModule
Nov 30, 2025 2:15:04 PM ua.onlinecourses.util.ValidationUtils validate
INFO: Validation successful for myModule
Nov 30, 2025 2:15:04 PM ua.onlinecourses.model.myModule <init>
INFO: Module created successfully: BBB, Third
Nov 30, 2025 2:15:04 PM ua.onlinecourses.repository.GenericRepository findByIdentity
INFO: No Module found with identity: AAA-FIR
Nov 30, 2025 2:15:04 PM ua.onlinecourses.repository.GenericRepository add
INFO: Added Module: AAA-FIR
Nov 30, 2025 2:15:04 PM ua.onlinecourses.repository.GenericRepository findByIdentity
INFO: No Module found with identity: AAA-SEC
Nov 30, 2025 2:15:04 PM ua.onlinecourses.repository.GenericRepository add
INFO: Added Module: AAA-SEC
Nov 30, 2025 2:15:04 PM ua.onlinecourses.repository.GenericRepository findByIdentity
INFO: No Module found with identity: BBB-THI
Nov 30, 2025 2:15:04 PM ua.onlinecourses.repository.GenericRepository add
INFO: Added Module: BBB-THI
Nov 30, 2025 2:15:04 PM ua.onlinecourses.repository.GenericRepository sortByIdentity
INFO: Sorted Module items by identity in asc order
Nov 30, 2025 2:15:04 PM ua.onlinecourses.repository.GenericRepositorySortingTest testSortByIdentityWithDuplicates
INFO: Duplicate identities test completed successfully
Nov 30, 2025 2:15:04 PM ua.onlinecourses.repository.GenericRepositorySortingTest setUp
INFO: Setting up test data
Nov 30, 2025 2:15:04 PM ua.onlinecourses.repository.GenericRepository <init>
INFO: Created repository for Module
Nov 30, 2025 2:15:04 PM ua.onlinecourses.model.myModule <init>
INFO: Attempting to create Module: Introduction, Basic concepts
Nov 30, 2025 2:15:04 PM ua.onlinecourses.util.ValidationUtils validate
INFO: Attempting to validate object: myModule
Nov 30, 2025 2:15:04 PM ua.onlinecourses.util.ValidationUtils validate
INFO: Validation successful for myModule
Nov 30, 2025 2:15:04 PM ua.onlinecourses.model.myModule <init>
INFO: Module created successfully: Introduction, Basic concepts
Nov 30, 2025 2:15:04 PM ua.onlinecourses.model.myModule <init>
INFO: Attempting to create Module: Advanced Topics, Complex algorithms
Nov 30, 2025 2:15:04 PM ua.onlinecourses.util.ValidationUtils validate
INFO: Attempting to validate object: myModule
Nov 30, 2025 2:15:04 PM ua.onlinecourses.util.ValidationUtils validate
INFO: Validation successful for myModule
Nov 30, 2025 2:15:04 PM ua.onlinecourses.model.myModule <init>
INFO: Module created successfully: Advanced Topics, Complex algorithms
Nov 30, 2025 2:15:04 PM ua.onlinecourses.model.myModule <init>
INFO: Attempting to create Module: Data Structures, Lists and trees
Nov 30, 2025 2:15:04 PM ua.onlinecourses.util.ValidationUtils validate
INFO: Attempting to validate object: myModule
Nov 30, 2025 2:15:04 PM ua.onlinecourses.util.ValidationUtils validate
INFO: Validation successful for myModule
Nov 30, 2025 2:15:04 PM ua.onlinecourses.model.myModule <init>
INFO: Module created successfully: Data Structures, Lists and trees
Nov 30, 2025 2:15:04 PM ua.onlinecourses.model.myModule <init>
INFO: Attempting to create Module: Algorithms, Sorting methods
Nov 30, 2025 2:15:04 PM ua.onlinecourses.util.ValidationUtils validate
INFO: Attempting to validate object: myModule
Nov 30, 2025 2:15:04 PM ua.onlinecourses.util.ValidationUtils validate
INFO: Validation successful for myModule
Nov 30, 2025 2:15:04 PM ua.onlinecourses.model.myModule <init>
INFO: Module created successfully: Algorithms, Sorting methods
Nov 30, 2025 2:15:04 PM ua.onlinecourses.model.myModule <init>
INFO: Attempting to create Module: Testing, Unit tests
Nov 30, 2025 2:15:04 PM ua.onlinecourses.util.ValidationUtils validate
INFO: Attempting to validate object: myModule
Nov 30, 2025 2:15:04 PM ua.onlinecourses.util.ValidationUtils validate
INFO: Validation successful for myModule
Nov 30, 2025 2:15:04 PM ua.onlinecourses.model.myModule <init>
INFO: Module created successfully: Testing, Unit tests
Nov 30, 2025 2:15:04 PM ua.onlinecourses.repository.GenericRepository findByIdentity
INFO: No Module found with identity: INT-BAS
Nov 30, 2025 2:15:04 PM ua.onlinecourses.repository.GenericRepository add
INFO: Added Module: INT-BAS
Nov 30, 2025 2:15:04 PM ua.onlinecourses.repository.GenericRepository findByIdentity
INFO: No Module found with identity: ADV-COM
Nov 30, 2025 2:15:04 PM ua.onlinecourses.repository.GenericRepository add
INFO: Added Module: ADV-COM
Nov 30, 2025 2:15:04 PM ua.onlinecourses.repository.GenericRepository findByIdentity
INFO: No Module found with identity: DAT-LIS
Nov 30, 2025 2:15:04 PM ua.onlinecourses.repository.GenericRepository add
INFO: Added Module: DAT-LIS
Nov 30, 2025 2:15:04 PM ua.onlinecourses.repository.GenericRepository findByIdentity
INFO: No Module found with identity: ALG-SOR
Nov 30, 2025 2:15:04 PM ua.onlinecourses.repository.GenericRepository add
INFO: Added Module: ALG-SOR
Nov 30, 2025 2:15:04 PM ua.onlinecourses.repository.GenericRepository findByIdentity
INFO: No Module found with identity: TES-UNI
Nov 30, 2025 2:15:04 PM ua.onlinecourses.repository.GenericRepository add
INFO: Added Module: TES-UNI
Nov 30, 2025 2:15:04 PM ua.onlinecourses.repository.GenericRepositorySortingTest setUp
INFO: Test setup completed with 5 modules
Nov 30, 2025 2:15:04 PM ua.onlinecourses.repository.GenericRepositorySortingTest testSortByIdentityDescending
INFO: Testing sortByIdentity descending
Nov 30, 2025 2:15:04 PM ua.onlinecourses.repository.GenericRepository sortByIdentity
INFO: Sorted Module items by identity in desc order
Nov 30, 2025 2:15:04 PM ua.onlinecourses.repository.GenericRepositorySortingTest testSortByIdentityDescending
INFO: sortByIdentity descending test completed successfully
Nov 30, 2025 2:15:04 PM ua.onlinecourses.repository.GenericRepositorySortingTest setUp
INFO: Setting up test data
Nov 30, 2025 2:15:04 PM ua.onlinecourses.repository.GenericRepository <init>
INFO: Created repository for Module
Nov 30, 2025 2:15:04 PM ua.onlinecourses.model.myModule <init>
INFO: Attempting to create Module: Introduction, Basic concepts
Nov 30, 2025 2:15:04 PM ua.onlinecourses.util.ValidationUtils validate
INFO: Attempting to validate object: myModule
Nov 30, 2025 2:15:04 PM ua.onlinecourses.util.ValidationUtils validate
INFO: Validation successful for myModule
Nov 30, 2025 2:15:04 PM ua.onlinecourses.model.myModule <init>
INFO: Module created successfully: Introduction, Basic concepts
Nov 30, 2025 2:15:04 PM ua.onlinecourses.model.myModule <init>
INFO: Attempting to create Module: Advanced Topics, Complex algorithms
Nov 30, 2025 2:15:04 PM ua.onlinecourses.util.ValidationUtils validate
INFO: Attempting to validate object: myModule
Nov 30, 2025 2:15:04 PM ua.onlinecourses.util.ValidationUtils validate
INFO: Validation successful for myModule
Nov 30, 2025 2:15:04 PM ua.onlinecourses.model.myModule <init>
INFO: Module created successfully: Advanced Topics, Complex algorithms
Nov 30, 2025 2:15:04 PM ua.onlinecourses.model.myModule <init>
INFO: Attempting to create Module: Data Structures, Lists and trees
Nov 30, 2025 2:15:04 PM ua.onlinecourses.util.ValidationUtils validate
INFO: Attempting to validate object: myModule
Nov 30, 2025 2:15:04 PM ua.onlinecourses.util.ValidationUtils validate
INFO: Validation successful for myModule
Nov 30, 2025 2:15:04 PM ua.onlinecourses.model.myModule <init>
INFO: Module created successfully: Data Structures, Lists and trees
Nov 30, 2025 2:15:04 PM ua.onlinecourses.model.myModule <init>
INFO: Attempting to create Module: Algorithms, Sorting methods
Nov 30, 2025 2:15:04 PM ua.onlinecourses.util.ValidationUtils validate
INFO: Attempting to validate object: myModule
Nov 30, 2025 2:15:04 PM ua.onlinecourses.util.ValidationUtils validate
INFO: Validation successful for myModule
Nov 30, 2025 2:15:04 PM ua.onlinecourses.model.myModule <init>
INFO: Module created successfully: Algorithms, Sorting methods
Nov 30, 2025 2:15:04 PM ua.onlinecourses.model.myModule <init>
INFO: Attempting to create Module: Testing, Unit tests
Nov 30, 2025 2:15:04 PM ua.onlinecourses.util.ValidationUtils validate
INFO: Attempting to validate object: myModule
Nov 30, 2025 2:15:04 PM ua.onlinecourses.util.ValidationUtils validate
INFO: Validation successful for myModule
Nov 30, 2025 2:15:04 PM ua.onlinecourses.model.myModule <init>
INFO: Module created successfully: Testing, Unit tests
Nov 30, 2025 2:15:04 PM ua.onlinecourses.repository.GenericRepository findByIdentity
INFO: No Module found with identity: INT-BAS
Nov 30, 2025 2:15:04 PM ua.onlinecourses.repository.GenericRepository add
INFO: Added Module: INT-BAS
Nov 30, 2025 2:15:04 PM ua.onlinecourses.repository.GenericRepository findByIdentity
INFO: No Module found with identity: ADV-COM
Nov 30, 2025 2:15:04 PM ua.onlinecourses.repository.GenericRepository add
INFO: Added Module: ADV-COM
Nov 30, 2025 2:15:04 PM ua.onlinecourses.repository.GenericRepository findByIdentity
INFO: No Module found with identity: DAT-LIS
Nov 30, 2025 2:15:04 PM ua.onlinecourses.repository.GenericRepository add
INFO: Added Module: DAT-LIS
Nov 30, 2025 2:15:04 PM ua.onlinecourses.repository.GenericRepository findByIdentity
INFO: No Module found with identity: ALG-SOR
Nov 30, 2025 2:15:04 PM ua.onlinecourses.repository.GenericRepository add
INFO: Added Module: ALG-SOR
Nov 30, 2025 2:15:04 PM ua.onlinecourses.repository.GenericRepository findByIdentity
INFO: No Module found with identity: TES-UNI
Nov 30, 2025 2:15:04 PM ua.onlinecourses.repository.GenericRepository add
INFO: Added Module: TES-UNI
Nov 30, 2025 2:15:04 PM ua.onlinecourses.repository.GenericRepositorySortingTest setUp
INFO: Test setup completed with 5 modules
Nov 30, 2025 2:15:04 PM ua.onlinecourses.repository.GenericRepositorySortingTest testSortByIdentityAscDescReverse
INFO: Testing that asc and desc are reverse of each other
Nov 30, 2025 2:15:04 PM ua.onlinecourses.repository.GenericRepository sortByIdentity
INFO: Sorted Module items by identity in asc order
Nov 30, 2025 2:15:04 PM ua.onlinecourses.repository.GenericRepository sortByIdentity
INFO: Sorted Module items by identity in desc order
Nov 30, 2025 2:15:04 PM ua.onlinecourses.repository.GenericRepositorySortingTest testSortByIdentityAscDescReverse
INFO: Asc/Desc reverse test completed successfully
Nov 30, 2025 2:15:04 PM ua.onlinecourses.repository.GenericRepositorySortingTest setUp
INFO: Setting up test data
Nov 30, 2025 2:15:04 PM ua.onlinecourses.repository.GenericRepository <init>
INFO: Created repository for Module
Nov 30, 2025 2:15:04 PM ua.onlinecourses.model.myModule <init>
INFO: Attempting to create Module: Introduction, Basic concepts
Nov 30, 2025 2:15:04 PM ua.onlinecourses.util.ValidationUtils validate
INFO: Attempting to validate object: myModule
Nov 30, 2025 2:15:04 PM ua.onlinecourses.util.ValidationUtils validate
INFO: Validation successful for myModule
Nov 30, 2025 2:15:04 PM ua.onlinecourses.model.myModule <init>
INFO: Module created successfully: Introduction, Basic concepts
Nov 30, 2025 2:15:04 PM ua.onlinecourses.model.myModule <init>
INFO: Attempting to create Module: Advanced Topics, Complex algorithms
Nov 30, 2025 2:15:04 PM ua.onlinecourses.util.ValidationUtils validate
INFO: Attempting to validate object: myModule
Nov 30, 2025 2:15:04 PM ua.onlinecourses.util.ValidationUtils validate
INFO: Validation successful for myModule
Nov 30, 2025 2:15:04 PM ua.onlinecourses.model.myModule <init>
INFO: Module created successfully: Advanced Topics, Complex algorithms
Nov 30, 2025 2:15:04 PM ua.onlinecourses.model.myModule <init>
INFO: Attempting to create Module: Data Structures, Lists and trees
Nov 30, 2025 2:15:04 PM ua.onlinecourses.util.ValidationUtils validate
INFO: Attempting to validate object: myModule
Nov 30, 2025 2:15:04 PM ua.onlinecourses.util.ValidationUtils validate
INFO: Validation successful for myModule
Nov 30, 2025 2:15:04 PM ua.onlinecourses.model.myModule <init>
INFO: Module created successfully: Data Structures, Lists and trees
Nov 30, 2025 2:15:04 PM ua.onlinecourses.model.myModule <init>
INFO: Attempting to create Module: Algorithms, Sorting methods
Nov 30, 2025 2:15:04 PM ua.onlinecourses.util.ValidationUtils validate
INFO: Attempting to validate object: myModule
Nov 30, 2025 2:15:04 PM ua.onlinecourses.util.ValidationUtils validate
INFO: Validation successful for myModule
Nov 30, 2025 2:15:04 PM ua.onlinecourses.model.myModule <init>
INFO: Module created successfully: Algorithms, Sorting methods
Nov 30, 2025 2:15:04 PM ua.onlinecourses.model.myModule <init>
INFO: Attempting to create Module: Testing, Unit tests
Nov 30, 2025 2:15:04 PM ua.onlinecourses.util.ValidationUtils validate
INFO: Attempting to validate object: myModule
Nov 30, 2025 2:15:04 PM ua.onlinecourses.util.ValidationUtils validate
INFO: Validation successful for myModule
Nov 30, 2025 2:15:04 PM ua.onlinecourses.model.myModule <init>
INFO: Module created successfully: Testing, Unit tests
Nov 30, 2025 2:15:04 PM ua.onlinecourses.repository.GenericRepository findByIdentity
INFO: No Module found with identity: INT-BAS
Nov 30, 2025 2:15:04 PM ua.onlinecourses.repository.GenericRepository add
INFO: Added Module: INT-BAS
Nov 30, 2025 2:15:04 PM ua.onlinecourses.repository.GenericRepository findByIdentity
INFO: No Module found with identity: ADV-COM
Nov 30, 2025 2:15:04 PM ua.onlinecourses.repository.GenericRepository add
INFO: Added Module: ADV-COM
Nov 30, 2025 2:15:04 PM ua.onlinecourses.repository.GenericRepository findByIdentity
INFO: No Module found with identity: DAT-LIS
Nov 30, 2025 2:15:04 PM ua.onlinecourses.repository.GenericRepository add
INFO: Added Module: DAT-LIS
Nov 30, 2025 2:15:04 PM ua.onlinecourses.repository.GenericRepository findByIdentity
INFO: No Module found with identity: ALG-SOR
Nov 30, 2025 2:15:04 PM ua.onlinecourses.repository.GenericRepository add
INFO: Added Module: ALG-SOR
Nov 30, 2025 2:15:04 PM ua.onlinecourses.repository.GenericRepository findByIdentity
INFO: No Module found with identity: TES-UNI
Nov 30, 2025 2:15:04 PM ua.onlinecourses.repository.GenericRepository add
INFO: Added Module: TES-UNI
Nov 30, 2025 2:15:04 PM ua.onlinecourses.repository.GenericRepositorySortingTest setUp
INFO: Test setup completed with 5 modules
Nov 30, 2025 2:15:04 PM ua.onlinecourses.repository.GenericRepositorySortingTest testSortByIdentityAscending
INFO: Testing sortByIdentity ascending
Nov 30, 2025 2:15:04 PM ua.onlinecourses.repository.GenericRepository sortByIdentity
INFO: Sorted Module items by identity in asc order
Nov 30, 2025 2:15:04 PM ua.onlinecourses.repository.GenericRepositorySortingTest testSortByIdentityAscending
INFO: sortByIdentity ascending test completed successfully
]]></system-err>
</testsuite>
