<?xml version="1.0" encoding="UTF-8"?>
<testsuite name="AssignmentRepository Sorting Tests" tests="15" skipped="0" failures="0" errors="0" timestamp="2025-11-30T14:15:04.043Z" hostname="runnervmg1sw1" time="0.135">
  <properties/>
  <testcase name="sortByMark should sort by mark" classname="ua.onlinecourses.repository.AssignmentRepositorySortingTest" time="0.015"/>
  <testcase name="findByMark should work after sorting" classname="ua.onlinecourses.repository.AssignmentRepositorySortingTest" time="0.008"/>
  <testcase name="sorting empty repository should return empty list" classname="ua.onlinecourses.repository.AssignmentRepositorySortingTest" time="0.008"/>
  <testcase name="sortByModuleAndDate should group by module correctly" classname="ua.onlinecourses.repository.AssignmentRepositorySortingTest" time="0.01"/>
  <testcase name="sortByModuleAndDate should sort by module then date" classname="ua.onlinecourses.repository.AssignmentRepositorySortingTest" time="0.007"/>
  <testcase name="sorting should not modify the original repository" classname="ua.onlinecourses.repository.AssignmentRepositorySortingTest" time="0.011"/>
  <testcase name="sortByDueDate should sort by due date ascending" classname="ua.onlinecourses.repository.AssignmentRepositorySortingTest" time="0.005"/>
  <testcase name="sortByModuleTitle should sort by module title using lambda" classname="ua.onlinecourses.repository.AssignmentRepositorySortingTest" time="0.004"/>
  <testcase name="sortByMaxPoints should sort by max points descending" classname="ua.onlinecourses.repository.AssignmentRepositorySortingTest" time="0.006"/>
  <testcase name="sortByDueDateDesc should sort by due date descending" classname="ua.onlinecourses.repository.AssignmentRepositorySortingTest" time="0.009"/>
  <testcase name="sortByMaxPoints with same points should maintain order" classname="ua.onlinecourses.repository.AssignmentRepositorySortingTest" time="0.011"/>
  <testcase name="sorting single assignment should return list with that assignment" classname="ua.onlinecourses.repository.AssignmentRepositorySortingTest" time="0.011"/>
  <testcase name="sortByMarkPointsDate should handle complex ordering" classname="ua.onlinecourses.repository.AssignmentRepositorySortingTest" time="0.009"/>
  <testcase name="sortNaturally should use Comparable (dueDate)" classname="ua.onlinecourses.repository.AssignmentRepositorySortingTest" time="0.007"/>
  <testcase name="sortByMarkPointsDate should sort by mark, points desc, then date" classname="ua.onlinecourses.repository.AssignmentRepositorySortingTest" time="0.006"/>
  <system-out><![CDATA[]]></system-out>
  <system-err><![CDATA[Nov 30, 2025 2:15:04 PM ua.onlinecourses.repository.GenericRepository <init>
INFO: Created repository for Assignment
Nov 30, 2025 2:15:04 PM ua.onlinecourses.model.myModule <init>
INFO: Attempting to create Module: Вступ до Java, Основні концепції ООП
Nov 30, 2025 2:15:04 PM ua.onlinecourses.util.ValidationUtils validate
INFO: Attempting to validate object: myModule
Nov 30, 2025 2:15:04 PM ua.onlinecourses.util.ValidationUtils validate
INFO: Validation successful for myModule
Nov 30, 2025 2:15:04 PM ua.onlinecourses.model.myModule <init>
INFO: Module created successfully: Вступ до Java, Основні концепції ООП
Nov 30, 2025 2:15:04 PM ua.onlinecourses.model.myModule <init>
INFO: Attempting to create Module: Колекції, List, Set, Map
Nov 30, 2025 2:15:04 PM ua.onlinecourses.util.ValidationUtils validate
INFO: Attempting to validate object: myModule
Nov 30, 2025 2:15:04 PM ua.onlinecourses.util.ValidationUtils validate
INFO: Validation successful for myModule
Nov 30, 2025 2:15:04 PM ua.onlinecourses.model.myModule <init>
INFO: Module created successfully: Колекції, List, Set, Map
Nov 30, 2025 2:15:04 PM ua.onlinecourses.model.myModule <init>
INFO: Attempting to create Module: Потоки вводу-виводу, IO Streams
Nov 30, 2025 2:15:04 PM ua.onlinecourses.util.ValidationUtils validate
INFO: Attempting to validate object: myModule
Nov 30, 2025 2:15:04 PM ua.onlinecourses.util.ValidationUtils validate
INFO: Validation successful for myModule
Nov 30, 2025 2:15:04 PM ua.onlinecourses.model.myModule <init>
INFO: Module created successfully: Потоки вводу-виводу, IO Streams
Nov 30, 2025 2:15:04 PM ua.onlinecourses.model.myModule <init>
INFO: Attempting to create Module: Багатопоточність, Threads
Nov 30, 2025 2:15:04 PM ua.onlinecourses.util.ValidationUtils validate
INFO: Attempting to validate object: myModule
Nov 30, 2025 2:15:04 PM ua.onlinecourses.util.ValidationUtils validate
INFO: Validation successful for myModule
Nov 30, 2025 2:15:04 PM ua.onlinecourses.model.myModule <init>
INFO: Module created successfully: Багатопоточність, Threads
Nov 30, 2025 2:15:04 PM ua.onlinecourses.model.Assignment <init>
INFO: Attempting to create Assignment: myModule[title=Вступ до Java, content=Основні концепції ООП], 2025-05-10, 100, EXCELLENT
Nov 30, 2025 2:15:04 PM ua.onlinecourses.util.ValidationUtils validate
INFO: Attempting to validate object: Assignment
Nov 30, 2025 2:15:04 PM ua.onlinecourses.util.ValidationUtils validate
INFO: Validation successful for Assignment
Nov 30, 2025 2:15:04 PM ua.onlinecourses.model.Assignment <init>
INFO: Assignment created successfully: myModule[title=Вступ до Java, content=Основні концепції ООП], 2025-05-10, 100, EXCELLENT
Nov 30, 2025 2:15:04 PM ua.onlinecourses.model.Assignment <init>
INFO: Attempting to create Assignment: myModule[title=Колекції, content=List, Set, Map], 2025-05-15, 80, GOOD
Nov 30, 2025 2:15:04 PM ua.onlinecourses.util.ValidationUtils validate
INFO: Attempting to validate object: Assignment
Nov 30, 2025 2:15:04 PM ua.onlinecourses.util.ValidationUtils validate
INFO: Validation successful for Assignment
Nov 30, 2025 2:15:04 PM ua.onlinecourses.model.Assignment <init>
INFO: Assignment created successfully: myModule[title=Колекції, content=List, Set, Map], 2025-05-15, 80, GOOD
Nov 30, 2025 2:15:04 PM ua.onlinecourses.model.Assignment <init>
INFO: Attempting to create Assignment: myModule[title=Потоки вводу-виводу, content=IO Streams], 2025-05-05, 90, PASSED
Nov 30, 2025 2:15:04 PM ua.onlinecourses.util.ValidationUtils validate
INFO: Attempting to validate object: Assignment
Nov 30, 2025 2:15:04 PM ua.onlinecourses.util.ValidationUtils validate
INFO: Validation successful for Assignment
Nov 30, 2025 2:15:04 PM ua.onlinecourses.model.Assignment <init>
INFO: Assignment created successfully: myModule[title=Потоки вводу-виводу, content=IO Streams], 2025-05-05, 90, PASSED
Nov 30, 2025 2:15:04 PM ua.onlinecourses.model.Assignment <init>
INFO: Attempting to create Assignment: myModule[title=Багатопоточність, content=Threads], 2025-05-20, 85, SATISFACTORY
Nov 30, 2025 2:15:04 PM ua.onlinecourses.util.ValidationUtils validate
INFO: Attempting to validate object: Assignment
Nov 30, 2025 2:15:04 PM ua.onlinecourses.util.ValidationUtils validate
INFO: Validation successful for Assignment
Nov 30, 2025 2:15:04 PM ua.onlinecourses.model.Assignment <init>
INFO: Assignment created successfully: myModule[title=Багатопоточність, content=Threads], 2025-05-20, 85, SATISFACTORY
Nov 30, 2025 2:15:04 PM ua.onlinecourses.model.Assignment <init>
INFO: Attempting to create Assignment: myModule[title=Вступ до Java, content=Основні концепції ООП], 2025-05-08, 75, LOW
Nov 30, 2025 2:15:04 PM ua.onlinecourses.util.ValidationUtils validate
INFO: Attempting to validate object: Assignment
Nov 30, 2025 2:15:04 PM ua.onlinecourses.util.ValidationUtils validate
INFO: Validation successful for Assignment
Nov 30, 2025 2:15:04 PM ua.onlinecourses.model.Assignment <init>
INFO: Assignment created successfully: myModule[title=Вступ до Java, content=Основні концепції ООП], 2025-05-08, 75, LOW
Nov 30, 2025 2:15:04 PM ua.onlinecourses.repository.GenericRepository findByIdentity
INFO: No Assignment found with identity: ВСТ-ОСН-2025-05-10
Nov 30, 2025 2:15:04 PM ua.onlinecourses.repository.GenericRepository add
INFO: Added Assignment: ВСТ-ОСН-2025-05-10
Nov 30, 2025 2:15:04 PM ua.onlinecourses.repository.GenericRepository findByIdentity
INFO: No Assignment found with identity: КОЛ-LIS-2025-05-15
Nov 30, 2025 2:15:04 PM ua.onlinecourses.repository.GenericRepository add
INFO: Added Assignment: КОЛ-LIS-2025-05-15
Nov 30, 2025 2:15:04 PM ua.onlinecourses.repository.GenericRepository findByIdentity
INFO: No Assignment found with identity: ПОТ-IO -2025-05-05
Nov 30, 2025 2:15:04 PM ua.onlinecourses.repository.GenericRepository add
INFO: Added Assignment: ПОТ-IO -2025-05-05
Nov 30, 2025 2:15:04 PM ua.onlinecourses.repository.GenericRepository findByIdentity
INFO: No Assignment found with identity: БАГ-THR-2025-05-20
Nov 30, 2025 2:15:04 PM ua.onlinecourses.repository.GenericRepository add
INFO: Added Assignment: БАГ-THR-2025-05-20
Nov 30, 2025 2:15:04 PM ua.onlinecourses.repository.GenericRepository findByIdentity
INFO: No Assignment found with identity: ВСТ-ОСН-2025-05-08
Nov 30, 2025 2:15:04 PM ua.onlinecourses.repository.GenericRepository add
INFO: Added Assignment: ВСТ-ОСН-2025-05-08
Nov 30, 2025 2:15:04 PM ua.onlinecourses.repository.GenericRepository getAll
INFO: Retrieved all Assignment items. Count: 5
Nov 30, 2025 2:15:04 PM ua.onlinecourses.repository.AssignmentRepository sortByMark
INFO: Sorted Assignment by mark
Nov 30, 2025 2:15:04 PM ua.onlinecourses.repository.GenericRepository <init>
INFO: Created repository for Assignment
Nov 30, 2025 2:15:04 PM ua.onlinecourses.model.myModule <init>
INFO: Attempting to create Module: Вступ до Java, Основні концепції ООП
Nov 30, 2025 2:15:04 PM ua.onlinecourses.util.ValidationUtils validate
INFO: Attempting to validate object: myModule
Nov 30, 2025 2:15:04 PM ua.onlinecourses.util.ValidationUtils validate
INFO: Validation successful for myModule
Nov 30, 2025 2:15:04 PM ua.onlinecourses.model.myModule <init>
INFO: Module created successfully: Вступ до Java, Основні концепції ООП
Nov 30, 2025 2:15:04 PM ua.onlinecourses.model.myModule <init>
INFO: Attempting to create Module: Колекції, List, Set, Map
Nov 30, 2025 2:15:04 PM ua.onlinecourses.util.ValidationUtils validate
INFO: Attempting to validate object: myModule
Nov 30, 2025 2:15:04 PM ua.onlinecourses.util.ValidationUtils validate
INFO: Validation successful for myModule
Nov 30, 2025 2:15:04 PM ua.onlinecourses.model.myModule <init>
INFO: Module created successfully: Колекції, List, Set, Map
Nov 30, 2025 2:15:04 PM ua.onlinecourses.model.myModule <init>
INFO: Attempting to create Module: Потоки вводу-виводу, IO Streams
Nov 30, 2025 2:15:04 PM ua.onlinecourses.util.ValidationUtils validate
INFO: Attempting to validate object: myModule
Nov 30, 2025 2:15:04 PM ua.onlinecourses.util.ValidationUtils validate
INFO: Validation successful for myModule
Nov 30, 2025 2:15:04 PM ua.onlinecourses.model.myModule <init>
INFO: Module created successfully: Потоки вводу-виводу, IO Streams
Nov 30, 2025 2:15:04 PM ua.onlinecourses.model.myModule <init>
INFO: Attempting to create Module: Багатопоточність, Threads
Nov 30, 2025 2:15:04 PM ua.onlinecourses.util.ValidationUtils validate
INFO: Attempting to validate object: myModule
Nov 30, 2025 2:15:04 PM ua.onlinecourses.util.ValidationUtils validate
INFO: Validation successful for myModule
Nov 30, 2025 2:15:04 PM ua.onlinecourses.model.myModule <init>
INFO: Module created successfully: Багатопоточність, Threads
Nov 30, 2025 2:15:04 PM ua.onlinecourses.model.Assignment <init>
INFO: Attempting to create Assignment: myModule[title=Вступ до Java, content=Основні концепції ООП], 2025-05-10, 100, EXCELLENT
Nov 30, 2025 2:15:04 PM ua.onlinecourses.util.ValidationUtils validate
INFO: Attempting to validate object: Assignment
Nov 30, 2025 2:15:04 PM ua.onlinecourses.util.ValidationUtils validate
INFO: Validation successful for Assignment
Nov 30, 2025 2:15:04 PM ua.onlinecourses.model.Assignment <init>
INFO: Assignment created successfully: myModule[title=Вступ до Java, content=Основні концепції ООП], 2025-05-10, 100, EXCELLENT
Nov 30, 2025 2:15:04 PM ua.onlinecourses.model.Assignment <init>
INFO: Attempting to create Assignment: myModule[title=Колекції, content=List, Set, Map], 2025-05-15, 80, GOOD
Nov 30, 2025 2:15:04 PM ua.onlinecourses.util.ValidationUtils validate
INFO: Attempting to validate object: Assignment
Nov 30, 2025 2:15:04 PM ua.onlinecourses.util.ValidationUtils validate
INFO: Validation successful for Assignment
Nov 30, 2025 2:15:04 PM ua.onlinecourses.model.Assignment <init>
INFO: Assignment created successfully: myModule[title=Колекції, content=List, Set, Map], 2025-05-15, 80, GOOD
Nov 30, 2025 2:15:04 PM ua.onlinecourses.model.Assignment <init>
INFO: Attempting to create Assignment: myModule[title=Потоки вводу-виводу, content=IO Streams], 2025-05-05, 90, PASSED
Nov 30, 2025 2:15:04 PM ua.onlinecourses.util.ValidationUtils validate
INFO: Attempting to validate object: Assignment
Nov 30, 2025 2:15:04 PM ua.onlinecourses.util.ValidationUtils validate
INFO: Validation successful for Assignment
Nov 30, 2025 2:15:04 PM ua.onlinecourses.model.Assignment <init>
INFO: Assignment created successfully: myModule[title=Потоки вводу-виводу, content=IO Streams], 2025-05-05, 90, PASSED
Nov 30, 2025 2:15:04 PM ua.onlinecourses.model.Assignment <init>
INFO: Attempting to create Assignment: myModule[title=Багатопоточність, content=Threads], 2025-05-20, 85, SATISFACTORY
Nov 30, 2025 2:15:04 PM ua.onlinecourses.util.ValidationUtils validate
INFO: Attempting to validate object: Assignment
Nov 30, 2025 2:15:04 PM ua.onlinecourses.util.ValidationUtils validate
INFO: Validation successful for Assignment
Nov 30, 2025 2:15:04 PM ua.onlinecourses.model.Assignment <init>
INFO: Assignment created successfully: myModule[title=Багатопоточність, content=Threads], 2025-05-20, 85, SATISFACTORY
Nov 30, 2025 2:15:04 PM ua.onlinecourses.model.Assignment <init>
INFO: Attempting to create Assignment: myModule[title=Вступ до Java, content=Основні концепції ООП], 2025-05-08, 75, LOW
Nov 30, 2025 2:15:04 PM ua.onlinecourses.util.ValidationUtils validate
INFO: Attempting to validate object: Assignment
Nov 30, 2025 2:15:04 PM ua.onlinecourses.util.ValidationUtils validate
INFO: Validation successful for Assignment
Nov 30, 2025 2:15:04 PM ua.onlinecourses.model.Assignment <init>
INFO: Assignment created successfully: myModule[title=Вступ до Java, content=Основні концепції ООП], 2025-05-08, 75, LOW
Nov 30, 2025 2:15:04 PM ua.onlinecourses.repository.GenericRepository findByIdentity
INFO: No Assignment found with identity: ВСТ-ОСН-2025-05-10
Nov 30, 2025 2:15:04 PM ua.onlinecourses.repository.GenericRepository add
INFO: Added Assignment: ВСТ-ОСН-2025-05-10
Nov 30, 2025 2:15:04 PM ua.onlinecourses.repository.GenericRepository findByIdentity
INFO: No Assignment found with identity: КОЛ-LIS-2025-05-15
Nov 30, 2025 2:15:04 PM ua.onlinecourses.repository.GenericRepository add
INFO: Added Assignment: КОЛ-LIS-2025-05-15
Nov 30, 2025 2:15:04 PM ua.onlinecourses.repository.GenericRepository findByIdentity
INFO: No Assignment found with identity: ПОТ-IO -2025-05-05
Nov 30, 2025 2:15:04 PM ua.onlinecourses.repository.GenericRepository add
INFO: Added Assignment: ПОТ-IO -2025-05-05
Nov 30, 2025 2:15:04 PM ua.onlinecourses.repository.GenericRepository findByIdentity
INFO: No Assignment found with identity: БАГ-THR-2025-05-20
Nov 30, 2025 2:15:04 PM ua.onlinecourses.repository.GenericRepository add
INFO: Added Assignment: БАГ-THR-2025-05-20
Nov 30, 2025 2:15:04 PM ua.onlinecourses.repository.GenericRepository findByIdentity
INFO: No Assignment found with identity: ВСТ-ОСН-2025-05-08
Nov 30, 2025 2:15:04 PM ua.onlinecourses.repository.GenericRepository add
INFO: Added Assignment: ВСТ-ОСН-2025-05-08
Nov 30, 2025 2:15:04 PM ua.onlinecourses.repository.GenericRepository getAll
INFO: Retrieved all Assignment items. Count: 5
Nov 30, 2025 2:15:04 PM ua.onlinecourses.repository.AssignmentRepository sortByMaxPoints
INFO: Sorted Assignment by max points (descending)
Nov 30, 2025 2:15:04 PM ua.onlinecourses.repository.GenericRepository getAll
INFO: Retrieved all Assignment items. Count: 5
Nov 30, 2025 2:15:04 PM ua.onlinecourses.repository.AssignmentRepository findByMark
INFO: Found 1 assignments with mark 'EXCELLENT'
Nov 30, 2025 2:15:04 PM ua.onlinecourses.repository.GenericRepository <init>
INFO: Created repository for Assignment
Nov 30, 2025 2:15:04 PM ua.onlinecourses.model.myModule <init>
INFO: Attempting to create Module: Вступ до Java, Основні концепції ООП
Nov 30, 2025 2:15:04 PM ua.onlinecourses.util.ValidationUtils validate
INFO: Attempting to validate object: myModule
Nov 30, 2025 2:15:04 PM ua.onlinecourses.util.ValidationUtils validate
INFO: Validation successful for myModule
Nov 30, 2025 2:15:04 PM ua.onlinecourses.model.myModule <init>
INFO: Module created successfully: Вступ до Java, Основні концепції ООП
Nov 30, 2025 2:15:04 PM ua.onlinecourses.model.myModule <init>
INFO: Attempting to create Module: Колекції, List, Set, Map
Nov 30, 2025 2:15:04 PM ua.onlinecourses.util.ValidationUtils validate
INFO: Attempting to validate object: myModule
Nov 30, 2025 2:15:04 PM ua.onlinecourses.util.ValidationUtils validate
INFO: Validation successful for myModule
Nov 30, 2025 2:15:04 PM ua.onlinecourses.model.myModule <init>
INFO: Module created successfully: Колекції, List, Set, Map
Nov 30, 2025 2:15:04 PM ua.onlinecourses.model.myModule <init>
INFO: Attempting to create Module: Потоки вводу-виводу, IO Streams
Nov 30, 2025 2:15:04 PM ua.onlinecourses.util.ValidationUtils validate
INFO: Attempting to validate object: myModule
Nov 30, 2025 2:15:04 PM ua.onlinecourses.util.ValidationUtils validate
INFO: Validation successful for myModule
Nov 30, 2025 2:15:04 PM ua.onlinecourses.model.myModule <init>
INFO: Module created successfully: Потоки вводу-виводу, IO Streams
Nov 30, 2025 2:15:04 PM ua.onlinecourses.model.myModule <init>
INFO: Attempting to create Module: Багатопоточність, Threads
Nov 30, 2025 2:15:04 PM ua.onlinecourses.util.ValidationUtils validate
INFO: Attempting to validate object: myModule
Nov 30, 2025 2:15:04 PM ua.onlinecourses.util.ValidationUtils validate
INFO: Validation successful for myModule
Nov 30, 2025 2:15:04 PM ua.onlinecourses.model.myModule <init>
INFO: Module created successfully: Багатопоточність, Threads
Nov 30, 2025 2:15:04 PM ua.onlinecourses.model.Assignment <init>
INFO: Attempting to create Assignment: myModule[title=Вступ до Java, content=Основні концепції ООП], 2025-05-10, 100, EXCELLENT
Nov 30, 2025 2:15:04 PM ua.onlinecourses.util.ValidationUtils validate
INFO: Attempting to validate object: Assignment
Nov 30, 2025 2:15:04 PM ua.onlinecourses.util.ValidationUtils validate
INFO: Validation successful for Assignment
Nov 30, 2025 2:15:04 PM ua.onlinecourses.model.Assignment <init>
INFO: Assignment created successfully: myModule[title=Вступ до Java, content=Основні концепції ООП], 2025-05-10, 100, EXCELLENT
Nov 30, 2025 2:15:04 PM ua.onlinecourses.model.Assignment <init>
INFO: Attempting to create Assignment: myModule[title=Колекції, content=List, Set, Map], 2025-05-15, 80, GOOD
Nov 30, 2025 2:15:04 PM ua.onlinecourses.util.ValidationUtils validate
INFO: Attempting to validate object: Assignment
Nov 30, 2025 2:15:04 PM ua.onlinecourses.util.ValidationUtils validate
INFO: Validation successful for Assignment
Nov 30, 2025 2:15:04 PM ua.onlinecourses.model.Assignment <init>
INFO: Assignment created successfully: myModule[title=Колекції, content=List, Set, Map], 2025-05-15, 80, GOOD
Nov 30, 2025 2:15:04 PM ua.onlinecourses.model.Assignment <init>
INFO: Attempting to create Assignment: myModule[title=Потоки вводу-виводу, content=IO Streams], 2025-05-05, 90, PASSED
Nov 30, 2025 2:15:04 PM ua.onlinecourses.util.ValidationUtils validate
INFO: Attempting to validate object: Assignment
Nov 30, 2025 2:15:04 PM ua.onlinecourses.util.ValidationUtils validate
INFO: Validation successful for Assignment
Nov 30, 2025 2:15:04 PM ua.onlinecourses.model.Assignment <init>
INFO: Assignment created successfully: myModule[title=Потоки вводу-виводу, content=IO Streams], 2025-05-05, 90, PASSED
Nov 30, 2025 2:15:04 PM ua.onlinecourses.model.Assignment <init>
INFO: Attempting to create Assignment: myModule[title=Багатопоточність, content=Threads], 2025-05-20, 85, SATISFACTORY
Nov 30, 2025 2:15:04 PM ua.onlinecourses.util.ValidationUtils validate
INFO: Attempting to validate object: Assignment
Nov 30, 2025 2:15:04 PM ua.onlinecourses.util.ValidationUtils validate
INFO: Validation successful for Assignment
Nov 30, 2025 2:15:04 PM ua.onlinecourses.model.Assignment <init>
INFO: Assignment created successfully: myModule[title=Багатопоточність, content=Threads], 2025-05-20, 85, SATISFACTORY
Nov 30, 2025 2:15:04 PM ua.onlinecourses.model.Assignment <init>
INFO: Attempting to create Assignment: myModule[title=Вступ до Java, content=Основні концепції ООП], 2025-05-08, 75, LOW
Nov 30, 2025 2:15:04 PM ua.onlinecourses.util.ValidationUtils validate
INFO: Attempting to validate object: Assignment
Nov 30, 2025 2:15:04 PM ua.onlinecourses.util.ValidationUtils validate
INFO: Validation successful for Assignment
Nov 30, 2025 2:15:04 PM ua.onlinecourses.model.Assignment <init>
INFO: Assignment created successfully: myModule[title=Вступ до Java, content=Основні концепції ООП], 2025-05-08, 75, LOW
Nov 30, 2025 2:15:04 PM ua.onlinecourses.repository.GenericRepository findByIdentity
INFO: No Assignment found with identity: ВСТ-ОСН-2025-05-10
Nov 30, 2025 2:15:04 PM ua.onlinecourses.repository.GenericRepository add
INFO: Added Assignment: ВСТ-ОСН-2025-05-10
Nov 30, 2025 2:15:04 PM ua.onlinecourses.repository.GenericRepository findByIdentity
INFO: No Assignment found with identity: КОЛ-LIS-2025-05-15
Nov 30, 2025 2:15:04 PM ua.onlinecourses.repository.GenericRepository add
INFO: Added Assignment: КОЛ-LIS-2025-05-15
Nov 30, 2025 2:15:04 PM ua.onlinecourses.repository.GenericRepository findByIdentity
INFO: No Assignment found with identity: ПОТ-IO -2025-05-05
Nov 30, 2025 2:15:04 PM ua.onlinecourses.repository.GenericRepository add
INFO: Added Assignment: ПОТ-IO -2025-05-05
Nov 30, 2025 2:15:04 PM ua.onlinecourses.repository.GenericRepository findByIdentity
INFO: No Assignment found with identity: БАГ-THR-2025-05-20
Nov 30, 2025 2:15:04 PM ua.onlinecourses.repository.GenericRepository add
INFO: Added Assignment: БАГ-THR-2025-05-20
Nov 30, 2025 2:15:04 PM ua.onlinecourses.repository.GenericRepository findByIdentity
INFO: No Assignment found with identity: ВСТ-ОСН-2025-05-08
Nov 30, 2025 2:15:04 PM ua.onlinecourses.repository.GenericRepository add
INFO: Added Assignment: ВСТ-ОСН-2025-05-08
Nov 30, 2025 2:15:04 PM ua.onlinecourses.repository.GenericRepository <init>
INFO: Created repository for Assignment
Nov 30, 2025 2:15:04 PM ua.onlinecourses.repository.GenericRepository getAll
INFO: Retrieved all Assignment items. Count: 0
Nov 30, 2025 2:15:04 PM ua.onlinecourses.repository.AssignmentRepository sortByDueDate
INFO: Sorted Assignment by due date
Nov 30, 2025 2:15:04 PM ua.onlinecourses.repository.GenericRepository getAll
INFO: Retrieved all Assignment items. Count: 0
Nov 30, 2025 2:15:04 PM ua.onlinecourses.repository.AssignmentRepository sortByMaxPoints
INFO: Sorted Assignment by max points (descending)
Nov 30, 2025 2:15:04 PM ua.onlinecourses.repository.GenericRepository getAll
INFO: Retrieved all Assignment items. Count: 0
Nov 30, 2025 2:15:04 PM ua.onlinecourses.repository.AssignmentRepository sortByMark
INFO: Sorted Assignment by mark
Nov 30, 2025 2:15:04 PM ua.onlinecourses.repository.GenericRepository getAll
INFO: Retrieved all Assignment items. Count: 0
Nov 30, 2025 2:15:04 PM ua.onlinecourses.repository.AssignmentRepository sortNaturally
INFO: Sorted Assignment using natural order (Comparable)
Nov 30, 2025 2:15:04 PM ua.onlinecourses.repository.GenericRepository <init>
INFO: Created repository for Assignment
Nov 30, 2025 2:15:04 PM ua.onlinecourses.model.myModule <init>
INFO: Attempting to create Module: Вступ до Java, Основні концепції ООП
Nov 30, 2025 2:15:04 PM ua.onlinecourses.util.ValidationUtils validate
INFO: Attempting to validate object: myModule
Nov 30, 2025 2:15:04 PM ua.onlinecourses.util.ValidationUtils validate
INFO: Validation successful for myModule
Nov 30, 2025 2:15:04 PM ua.onlinecourses.model.myModule <init>
INFO: Module created successfully: Вступ до Java, Основні концепції ООП
Nov 30, 2025 2:15:04 PM ua.onlinecourses.model.myModule <init>
INFO: Attempting to create Module: Колекції, List, Set, Map
Nov 30, 2025 2:15:04 PM ua.onlinecourses.util.ValidationUtils validate
INFO: Attempting to validate object: myModule
Nov 30, 2025 2:15:04 PM ua.onlinecourses.util.ValidationUtils validate
INFO: Validation successful for myModule
Nov 30, 2025 2:15:04 PM ua.onlinecourses.model.myModule <init>
INFO: Module created successfully: Колекції, List, Set, Map
Nov 30, 2025 2:15:04 PM ua.onlinecourses.model.myModule <init>
INFO: Attempting to create Module: Потоки вводу-виводу, IO Streams
Nov 30, 2025 2:15:04 PM ua.onlinecourses.util.ValidationUtils validate
INFO: Attempting to validate object: myModule
Nov 30, 2025 2:15:04 PM ua.onlinecourses.util.ValidationUtils validate
INFO: Validation successful for myModule
Nov 30, 2025 2:15:04 PM ua.onlinecourses.model.myModule <init>
INFO: Module created successfully: Потоки вводу-виводу, IO Streams
Nov 30, 2025 2:15:04 PM ua.onlinecourses.model.myModule <init>
INFO: Attempting to create Module: Багатопоточність, Threads
Nov 30, 2025 2:15:04 PM ua.onlinecourses.util.ValidationUtils validate
INFO: Attempting to validate object: myModule
Nov 30, 2025 2:15:04 PM ua.onlinecourses.util.ValidationUtils validate
INFO: Validation successful for myModule
Nov 30, 2025 2:15:04 PM ua.onlinecourses.model.myModule <init>
INFO: Module created successfully: Багатопоточність, Threads
Nov 30, 2025 2:15:04 PM ua.onlinecourses.model.Assignment <init>
INFO: Attempting to create Assignment: myModule[title=Вступ до Java, content=Основні концепції ООП], 2025-05-10, 100, EXCELLENT
Nov 30, 2025 2:15:04 PM ua.onlinecourses.util.ValidationUtils validate
INFO: Attempting to validate object: Assignment
Nov 30, 2025 2:15:04 PM ua.onlinecourses.util.ValidationUtils validate
INFO: Validation successful for Assignment
Nov 30, 2025 2:15:04 PM ua.onlinecourses.model.Assignment <init>
INFO: Assignment created successfully: myModule[title=Вступ до Java, content=Основні концепції ООП], 2025-05-10, 100, EXCELLENT
Nov 30, 2025 2:15:04 PM ua.onlinecourses.model.Assignment <init>
INFO: Attempting to create Assignment: myModule[title=Колекції, content=List, Set, Map], 2025-05-15, 80, GOOD
Nov 30, 2025 2:15:04 PM ua.onlinecourses.util.ValidationUtils validate
INFO: Attempting to validate object: Assignment
Nov 30, 2025 2:15:04 PM ua.onlinecourses.util.ValidationUtils validate
INFO: Validation successful for Assignment
Nov 30, 2025 2:15:04 PM ua.onlinecourses.model.Assignment <init>
INFO: Assignment created successfully: myModule[title=Колекції, content=List, Set, Map], 2025-05-15, 80, GOOD
Nov 30, 2025 2:15:04 PM ua.onlinecourses.model.Assignment <init>
INFO: Attempting to create Assignment: myModule[title=Потоки вводу-виводу, content=IO Streams], 2025-05-05, 90, PASSED
Nov 30, 2025 2:15:04 PM ua.onlinecourses.util.ValidationUtils validate
INFO: Attempting to validate object: Assignment
Nov 30, 2025 2:15:04 PM ua.onlinecourses.util.ValidationUtils validate
INFO: Validation successful for Assignment
Nov 30, 2025 2:15:04 PM ua.onlinecourses.model.Assignment <init>
INFO: Assignment created successfully: myModule[title=Потоки вводу-виводу, content=IO Streams], 2025-05-05, 90, PASSED
Nov 30, 2025 2:15:04 PM ua.onlinecourses.model.Assignment <init>
INFO: Attempting to create Assignment: myModule[title=Багатопоточність, content=Threads], 2025-05-20, 85, SATISFACTORY
Nov 30, 2025 2:15:04 PM ua.onlinecourses.util.ValidationUtils validate
INFO: Attempting to validate object: Assignment
Nov 30, 2025 2:15:04 PM ua.onlinecourses.util.ValidationUtils validate
INFO: Validation successful for Assignment
Nov 30, 2025 2:15:04 PM ua.onlinecourses.model.Assignment <init>
INFO: Assignment created successfully: myModule[title=Багатопоточність, content=Threads], 2025-05-20, 85, SATISFACTORY
Nov 30, 2025 2:15:04 PM ua.onlinecourses.model.Assignment <init>
INFO: Attempting to create Assignment: myModule[title=Вступ до Java, content=Основні концепції ООП], 2025-05-08, 75, LOW
Nov 30, 2025 2:15:04 PM ua.onlinecourses.util.ValidationUtils validate
INFO: Attempting to validate object: Assignment
Nov 30, 2025 2:15:04 PM ua.onlinecourses.util.ValidationUtils validate
INFO: Validation successful for Assignment
Nov 30, 2025 2:15:04 PM ua.onlinecourses.model.Assignment <init>
INFO: Assignment created successfully: myModule[title=Вступ до Java, content=Основні концепції ООП], 2025-05-08, 75, LOW
Nov 30, 2025 2:15:04 PM ua.onlinecourses.repository.GenericRepository findByIdentity
INFO: No Assignment found with identity: ВСТ-ОСН-2025-05-10
Nov 30, 2025 2:15:04 PM ua.onlinecourses.repository.GenericRepository add
INFO: Added Assignment: ВСТ-ОСН-2025-05-10
Nov 30, 2025 2:15:04 PM ua.onlinecourses.repository.GenericRepository findByIdentity
INFO: No Assignment found with identity: КОЛ-LIS-2025-05-15
Nov 30, 2025 2:15:04 PM ua.onlinecourses.repository.GenericRepository add
INFO: Added Assignment: КОЛ-LIS-2025-05-15
Nov 30, 2025 2:15:04 PM ua.onlinecourses.repository.GenericRepository findByIdentity
INFO: No Assignment found with identity: ПОТ-IO -2025-05-05
Nov 30, 2025 2:15:04 PM ua.onlinecourses.repository.GenericRepository add
INFO: Added Assignment: ПОТ-IO -2025-05-05
Nov 30, 2025 2:15:04 PM ua.onlinecourses.repository.GenericRepository findByIdentity
INFO: No Assignment found with identity: БАГ-THR-2025-05-20
Nov 30, 2025 2:15:04 PM ua.onlinecourses.repository.GenericRepository add
INFO: Added Assignment: БАГ-THR-2025-05-20
Nov 30, 2025 2:15:04 PM ua.onlinecourses.repository.GenericRepository findByIdentity
INFO: No Assignment found with identity: ВСТ-ОСН-2025-05-08
Nov 30, 2025 2:15:04 PM ua.onlinecourses.repository.GenericRepository add
INFO: Added Assignment: ВСТ-ОСН-2025-05-08
Nov 30, 2025 2:15:04 PM ua.onlinecourses.repository.GenericRepository <init>
INFO: Created repository for Assignment
Nov 30, 2025 2:15:04 PM ua.onlinecourses.model.myModule <init>
INFO: Attempting to create Module: Test, Content
Nov 30, 2025 2:15:04 PM ua.onlinecourses.util.ValidationUtils validate
INFO: Attempting to validate object: myModule
Nov 30, 2025 2:15:04 PM ua.onlinecourses.util.ValidationUtils validate
INFO: Validation successful for myModule
Nov 30, 2025 2:15:04 PM ua.onlinecourses.model.myModule <init>
INFO: Module created successfully: Test, Content
Nov 30, 2025 2:15:04 PM ua.onlinecourses.model.Assignment <init>
INFO: Attempting to create Assignment: myModule[title=Test, content=Content], 2025-06-10, 100, EXCELLENT
Nov 30, 2025 2:15:04 PM ua.onlinecourses.util.ValidationUtils validate
INFO: Attempting to validate object: Assignment
Nov 30, 2025 2:15:04 PM ua.onlinecourses.util.ValidationUtils validate
INFO: Validation successful for Assignment
Nov 30, 2025 2:15:04 PM ua.onlinecourses.model.Assignment <init>
INFO: Assignment created successfully: myModule[title=Test, content=Content], 2025-06-10, 100, EXCELLENT
Nov 30, 2025 2:15:04 PM ua.onlinecourses.model.Assignment <init>
INFO: Attempting to create Assignment: myModule[title=Test, content=Content], 2025-06-05, 90, GOOD
Nov 30, 2025 2:15:04 PM ua.onlinecourses.util.ValidationUtils validate
INFO: Attempting to validate object: Assignment
Nov 30, 2025 2:15:04 PM ua.onlinecourses.util.ValidationUtils validate
INFO: Validation successful for Assignment
Nov 30, 2025 2:15:04 PM ua.onlinecourses.model.Assignment <init>
INFO: Assignment created successfully: myModule[title=Test, content=Content], 2025-06-05, 90, GOOD
Nov 30, 2025 2:15:04 PM ua.onlinecourses.model.Assignment <init>
INFO: Attempting to create Assignment: myModule[title=Test, content=Content], 2025-06-15, 80, PASSED
Nov 30, 2025 2:15:04 PM ua.onlinecourses.util.ValidationUtils validate
INFO: Attempting to validate object: Assignment
Nov 30, 2025 2:15:04 PM ua.onlinecourses.util.ValidationUtils validate
INFO: Validation successful for Assignment
Nov 30, 2025 2:15:04 PM ua.onlinecourses.model.Assignment <init>
INFO: Assignment created successfully: myModule[title=Test, content=Content], 2025-06-15, 80, PASSED
Nov 30, 2025 2:15:04 PM ua.onlinecourses.repository.GenericRepository findByIdentity
INFO: No Assignment found with identity: TES-CON-2025-06-10
Nov 30, 2025 2:15:04 PM ua.onlinecourses.repository.GenericRepository add
INFO: Added Assignment: TES-CON-2025-06-10
Nov 30, 2025 2:15:04 PM ua.onlinecourses.repository.GenericRepository findByIdentity
INFO: No Assignment found with identity: TES-CON-2025-06-05
Nov 30, 2025 2:15:04 PM ua.onlinecourses.repository.GenericRepository add
INFO: Added Assignment: TES-CON-2025-06-05
Nov 30, 2025 2:15:04 PM ua.onlinecourses.repository.GenericRepository findByIdentity
INFO: No Assignment found with identity: TES-CON-2025-06-15
Nov 30, 2025 2:15:04 PM ua.onlinecourses.repository.GenericRepository add
INFO: Added Assignment: TES-CON-2025-06-15
Nov 30, 2025 2:15:04 PM ua.onlinecourses.repository.GenericRepository getAll
INFO: Retrieved all Assignment items. Count: 3
Nov 30, 2025 2:15:04 PM ua.onlinecourses.repository.AssignmentRepository sortByModuleAndDate
INFO: Sorted Assignment by module and due date
Nov 30, 2025 2:15:04 PM ua.onlinecourses.repository.GenericRepository <init>
INFO: Created repository for Assignment
Nov 30, 2025 2:15:04 PM ua.onlinecourses.model.myModule <init>
INFO: Attempting to create Module: Вступ до Java, Основні концепції ООП
Nov 30, 2025 2:15:04 PM ua.onlinecourses.util.ValidationUtils validate
INFO: Attempting to validate object: myModule
Nov 30, 2025 2:15:04 PM ua.onlinecourses.util.ValidationUtils validate
INFO: Validation successful for myModule
Nov 30, 2025 2:15:04 PM ua.onlinecourses.model.myModule <init>
INFO: Module created successfully: Вступ до Java, Основні концепції ООП
Nov 30, 2025 2:15:04 PM ua.onlinecourses.model.myModule <init>
INFO: Attempting to create Module: Колекції, List, Set, Map
Nov 30, 2025 2:15:04 PM ua.onlinecourses.util.ValidationUtils validate
INFO: Attempting to validate object: myModule
Nov 30, 2025 2:15:04 PM ua.onlinecourses.util.ValidationUtils validate
INFO: Validation successful for myModule
Nov 30, 2025 2:15:04 PM ua.onlinecourses.model.myModule <init>
INFO: Module created successfully: Колекції, List, Set, Map
Nov 30, 2025 2:15:04 PM ua.onlinecourses.model.myModule <init>
INFO: Attempting to create Module: Потоки вводу-виводу, IO Streams
Nov 30, 2025 2:15:04 PM ua.onlinecourses.util.ValidationUtils validate
INFO: Attempting to validate object: myModule
Nov 30, 2025 2:15:04 PM ua.onlinecourses.util.ValidationUtils validate
INFO: Validation successful for myModule
Nov 30, 2025 2:15:04 PM ua.onlinecourses.model.myModule <init>
INFO: Module created successfully: Потоки вводу-виводу, IO Streams
Nov 30, 2025 2:15:04 PM ua.onlinecourses.model.myModule <init>
INFO: Attempting to create Module: Багатопоточність, Threads
Nov 30, 2025 2:15:04 PM ua.onlinecourses.util.ValidationUtils validate
INFO: Attempting to validate object: myModule
Nov 30, 2025 2:15:04 PM ua.onlinecourses.util.ValidationUtils validate
INFO: Validation successful for myModule
Nov 30, 2025 2:15:04 PM ua.onlinecourses.model.myModule <init>
INFO: Module created successfully: Багатопоточність, Threads
Nov 30, 2025 2:15:04 PM ua.onlinecourses.model.Assignment <init>
INFO: Attempting to create Assignment: myModule[title=Вступ до Java, content=Основні концепції ООП], 2025-05-10, 100, EXCELLENT
Nov 30, 2025 2:15:04 PM ua.onlinecourses.util.ValidationUtils validate
INFO: Attempting to validate object: Assignment
Nov 30, 2025 2:15:04 PM ua.onlinecourses.util.ValidationUtils validate
INFO: Validation successful for Assignment
Nov 30, 2025 2:15:04 PM ua.onlinecourses.model.Assignment <init>
INFO: Assignment created successfully: myModule[title=Вступ до Java, content=Основні концепції ООП], 2025-05-10, 100, EXCELLENT
Nov 30, 2025 2:15:04 PM ua.onlinecourses.model.Assignment <init>
INFO: Attempting to create Assignment: myModule[title=Колекції, content=List, Set, Map], 2025-05-15, 80, GOOD
Nov 30, 2025 2:15:04 PM ua.onlinecourses.util.ValidationUtils validate
INFO: Attempting to validate object: Assignment
Nov 30, 2025 2:15:04 PM ua.onlinecourses.util.ValidationUtils validate
INFO: Validation successful for Assignment
Nov 30, 2025 2:15:04 PM ua.onlinecourses.model.Assignment <init>
INFO: Assignment created successfully: myModule[title=Колекції, content=List, Set, Map], 2025-05-15, 80, GOOD
Nov 30, 2025 2:15:04 PM ua.onlinecourses.model.Assignment <init>
INFO: Attempting to create Assignment: myModule[title=Потоки вводу-виводу, content=IO Streams], 2025-05-05, 90, PASSED
Nov 30, 2025 2:15:04 PM ua.onlinecourses.util.ValidationUtils validate
INFO: Attempting to validate object: Assignment
Nov 30, 2025 2:15:04 PM ua.onlinecourses.util.ValidationUtils validate
INFO: Validation successful for Assignment
Nov 30, 2025 2:15:04 PM ua.onlinecourses.model.Assignment <init>
INFO: Assignment created successfully: myModule[title=Потоки вводу-виводу, content=IO Streams], 2025-05-05, 90, PASSED
Nov 30, 2025 2:15:04 PM ua.onlinecourses.model.Assignment <init>
INFO: Attempting to create Assignment: myModule[title=Багатопоточність, content=Threads], 2025-05-20, 85, SATISFACTORY
Nov 30, 2025 2:15:04 PM ua.onlinecourses.util.ValidationUtils validate
INFO: Attempting to validate object: Assignment
Nov 30, 2025 2:15:04 PM ua.onlinecourses.util.ValidationUtils validate
INFO: Validation successful for Assignment
Nov 30, 2025 2:15:04 PM ua.onlinecourses.model.Assignment <init>
INFO: Assignment created successfully: myModule[title=Багатопоточність, content=Threads], 2025-05-20, 85, SATISFACTORY
Nov 30, 2025 2:15:04 PM ua.onlinecourses.model.Assignment <init>
INFO: Attempting to create Assignment: myModule[title=Вступ до Java, content=Основні концепції ООП], 2025-05-08, 75, LOW
Nov 30, 2025 2:15:04 PM ua.onlinecourses.util.ValidationUtils validate
INFO: Attempting to validate object: Assignment
Nov 30, 2025 2:15:04 PM ua.onlinecourses.util.ValidationUtils validate
INFO: Validation successful for Assignment
Nov 30, 2025 2:15:04 PM ua.onlinecourses.model.Assignment <init>
INFO: Assignment created successfully: myModule[title=Вступ до Java, content=Основні концепції ООП], 2025-05-08, 75, LOW
Nov 30, 2025 2:15:04 PM ua.onlinecourses.repository.GenericRepository findByIdentity
INFO: No Assignment found with identity: ВСТ-ОСН-2025-05-10
Nov 30, 2025 2:15:04 PM ua.onlinecourses.repository.GenericRepository add
INFO: Added Assignment: ВСТ-ОСН-2025-05-10
Nov 30, 2025 2:15:04 PM ua.onlinecourses.repository.GenericRepository findByIdentity
INFO: No Assignment found with identity: КОЛ-LIS-2025-05-15
Nov 30, 2025 2:15:04 PM ua.onlinecourses.repository.GenericRepository add
INFO: Added Assignment: КОЛ-LIS-2025-05-15
Nov 30, 2025 2:15:04 PM ua.onlinecourses.repository.GenericRepository findByIdentity
INFO: No Assignment found with identity: ПОТ-IO -2025-05-05
Nov 30, 2025 2:15:04 PM ua.onlinecourses.repository.GenericRepository add
INFO: Added Assignment: ПОТ-IO -2025-05-05
Nov 30, 2025 2:15:04 PM ua.onlinecourses.repository.GenericRepository findByIdentity
INFO: No Assignment found with identity: БАГ-THR-2025-05-20
Nov 30, 2025 2:15:04 PM ua.onlinecourses.repository.GenericRepository add
INFO: Added Assignment: БАГ-THR-2025-05-20
Nov 30, 2025 2:15:04 PM ua.onlinecourses.repository.GenericRepository findByIdentity
INFO: No Assignment found with identity: ВСТ-ОСН-2025-05-08
Nov 30, 2025 2:15:04 PM ua.onlinecourses.repository.GenericRepository add
INFO: Added Assignment: ВСТ-ОСН-2025-05-08
Nov 30, 2025 2:15:04 PM ua.onlinecourses.repository.GenericRepository getAll
INFO: Retrieved all Assignment items. Count: 5
Nov 30, 2025 2:15:04 PM ua.onlinecourses.repository.AssignmentRepository sortByModuleAndDate
INFO: Sorted Assignment by module and due date
Nov 30, 2025 2:15:04 PM ua.onlinecourses.repository.GenericRepository <init>
INFO: Created repository for Assignment
Nov 30, 2025 2:15:04 PM ua.onlinecourses.model.myModule <init>
INFO: Attempting to create Module: Вступ до Java, Основні концепції ООП
Nov 30, 2025 2:15:04 PM ua.onlinecourses.util.ValidationUtils validate
INFO: Attempting to validate object: myModule
Nov 30, 2025 2:15:04 PM ua.onlinecourses.util.ValidationUtils validate
INFO: Validation successful for myModule
Nov 30, 2025 2:15:04 PM ua.onlinecourses.model.myModule <init>
INFO: Module created successfully: Вступ до Java, Основні концепції ООП
Nov 30, 2025 2:15:04 PM ua.onlinecourses.model.myModule <init>
INFO: Attempting to create Module: Колекції, List, Set, Map
Nov 30, 2025 2:15:04 PM ua.onlinecourses.util.ValidationUtils validate
INFO: Attempting to validate object: myModule
Nov 30, 2025 2:15:04 PM ua.onlinecourses.util.ValidationUtils validate
INFO: Validation successful for myModule
Nov 30, 2025 2:15:04 PM ua.onlinecourses.model.myModule <init>
INFO: Module created successfully: Колекції, List, Set, Map
Nov 30, 2025 2:15:04 PM ua.onlinecourses.model.myModule <init>
INFO: Attempting to create Module: Потоки вводу-виводу, IO Streams
Nov 30, 2025 2:15:04 PM ua.onlinecourses.util.ValidationUtils validate
INFO: Attempting to validate object: myModule
Nov 30, 2025 2:15:04 PM ua.onlinecourses.util.ValidationUtils validate
INFO: Validation successful for myModule
Nov 30, 2025 2:15:04 PM ua.onlinecourses.model.myModule <init>
INFO: Module created successfully: Потоки вводу-виводу, IO Streams
Nov 30, 2025 2:15:04 PM ua.onlinecourses.model.myModule <init>
INFO: Attempting to create Module: Багатопоточність, Threads
Nov 30, 2025 2:15:04 PM ua.onlinecourses.util.ValidationUtils validate
INFO: Attempting to validate object: myModule
Nov 30, 2025 2:15:04 PM ua.onlinecourses.util.ValidationUtils validate
INFO: Validation successful for myModule
Nov 30, 2025 2:15:04 PM ua.onlinecourses.model.myModule <init>
INFO: Module created successfully: Багатопоточність, Threads
Nov 30, 2025 2:15:04 PM ua.onlinecourses.model.Assignment <init>
INFO: Attempting to create Assignment: myModule[title=Вступ до Java, content=Основні концепції ООП], 2025-05-10, 100, EXCELLENT
Nov 30, 2025 2:15:04 PM ua.onlinecourses.util.ValidationUtils validate
INFO: Attempting to validate object: Assignment
Nov 30, 2025 2:15:04 PM ua.onlinecourses.util.ValidationUtils validate
INFO: Validation successful for Assignment
Nov 30, 2025 2:15:04 PM ua.onlinecourses.model.Assignment <init>
INFO: Assignment created successfully: myModule[title=Вступ до Java, content=Основні концепції ООП], 2025-05-10, 100, EXCELLENT
Nov 30, 2025 2:15:04 PM ua.onlinecourses.model.Assignment <init>
INFO: Attempting to create Assignment: myModule[title=Колекції, content=List, Set, Map], 2025-05-15, 80, GOOD
Nov 30, 2025 2:15:04 PM ua.onlinecourses.util.ValidationUtils validate
INFO: Attempting to validate object: Assignment
Nov 30, 2025 2:15:04 PM ua.onlinecourses.util.ValidationUtils validate
INFO: Validation successful for Assignment
Nov 30, 2025 2:15:04 PM ua.onlinecourses.model.Assignment <init>
INFO: Assignment created successfully: myModule[title=Колекції, content=List, Set, Map], 2025-05-15, 80, GOOD
Nov 30, 2025 2:15:04 PM ua.onlinecourses.model.Assignment <init>
INFO: Attempting to create Assignment: myModule[title=Потоки вводу-виводу, content=IO Streams], 2025-05-05, 90, PASSED
Nov 30, 2025 2:15:04 PM ua.onlinecourses.util.ValidationUtils validate
INFO: Attempting to validate object: Assignment
Nov 30, 2025 2:15:04 PM ua.onlinecourses.util.ValidationUtils validate
INFO: Validation successful for Assignment
Nov 30, 2025 2:15:04 PM ua.onlinecourses.model.Assignment <init>
INFO: Assignment created successfully: myModule[title=Потоки вводу-виводу, content=IO Streams], 2025-05-05, 90, PASSED
Nov 30, 2025 2:15:04 PM ua.onlinecourses.model.Assignment <init>
INFO: Attempting to create Assignment: myModule[title=Багатопоточність, content=Threads], 2025-05-20, 85, SATISFACTORY
Nov 30, 2025 2:15:04 PM ua.onlinecourses.util.ValidationUtils validate
INFO: Attempting to validate object: Assignment
Nov 30, 2025 2:15:04 PM ua.onlinecourses.util.ValidationUtils validate
INFO: Validation successful for Assignment
Nov 30, 2025 2:15:04 PM ua.onlinecourses.model.Assignment <init>
INFO: Assignment created successfully: myModule[title=Багатопоточність, content=Threads], 2025-05-20, 85, SATISFACTORY
Nov 30, 2025 2:15:04 PM ua.onlinecourses.model.Assignment <init>
INFO: Attempting to create Assignment: myModule[title=Вступ до Java, content=Основні концепції ООП], 2025-05-08, 75, LOW
Nov 30, 2025 2:15:04 PM ua.onlinecourses.util.ValidationUtils validate
INFO: Attempting to validate object: Assignment
Nov 30, 2025 2:15:04 PM ua.onlinecourses.util.ValidationUtils validate
INFO: Validation successful for Assignment
Nov 30, 2025 2:15:04 PM ua.onlinecourses.model.Assignment <init>
INFO: Assignment created successfully: myModule[title=Вступ до Java, content=Основні концепції ООП], 2025-05-08, 75, LOW
Nov 30, 2025 2:15:04 PM ua.onlinecourses.repository.GenericRepository findByIdentity
INFO: No Assignment found with identity: ВСТ-ОСН-2025-05-10
Nov 30, 2025 2:15:04 PM ua.onlinecourses.repository.GenericRepository add
INFO: Added Assignment: ВСТ-ОСН-2025-05-10
Nov 30, 2025 2:15:04 PM ua.onlinecourses.repository.GenericRepository findByIdentity
INFO: No Assignment found with identity: КОЛ-LIS-2025-05-15
Nov 30, 2025 2:15:04 PM ua.onlinecourses.repository.GenericRepository add
INFO: Added Assignment: КОЛ-LIS-2025-05-15
Nov 30, 2025 2:15:04 PM ua.onlinecourses.repository.GenericRepository findByIdentity
INFO: No Assignment found with identity: ПОТ-IO -2025-05-05
Nov 30, 2025 2:15:04 PM ua.onlinecourses.repository.GenericRepository add
INFO: Added Assignment: ПОТ-IO -2025-05-05
Nov 30, 2025 2:15:04 PM ua.onlinecourses.repository.GenericRepository findByIdentity
INFO: No Assignment found with identity: БАГ-THR-2025-05-20
Nov 30, 2025 2:15:04 PM ua.onlinecourses.repository.GenericRepository add
INFO: Added Assignment: БАГ-THR-2025-05-20
Nov 30, 2025 2:15:04 PM ua.onlinecourses.repository.GenericRepository findByIdentity
INFO: No Assignment found with identity: ВСТ-ОСН-2025-05-08
Nov 30, 2025 2:15:04 PM ua.onlinecourses.repository.GenericRepository add
INFO: Added Assignment: ВСТ-ОСН-2025-05-08
Nov 30, 2025 2:15:04 PM ua.onlinecourses.repository.GenericRepository getAll
INFO: Retrieved all Assignment items. Count: 5
Nov 30, 2025 2:15:04 PM ua.onlinecourses.repository.GenericRepository getAll
INFO: Retrieved all Assignment items. Count: 5
Nov 30, 2025 2:15:04 PM ua.onlinecourses.repository.AssignmentRepository sortByDueDate
INFO: Sorted Assignment by due date
Nov 30, 2025 2:15:04 PM ua.onlinecourses.repository.GenericRepository getAll
INFO: Retrieved all Assignment items. Count: 5
Nov 30, 2025 2:15:04 PM ua.onlinecourses.repository.AssignmentRepository sortByMaxPoints
INFO: Sorted Assignment by max points (descending)
Nov 30, 2025 2:15:04 PM ua.onlinecourses.repository.GenericRepository getAll
INFO: Retrieved all Assignment items. Count: 5
Nov 30, 2025 2:15:04 PM ua.onlinecourses.repository.AssignmentRepository sortByMark
INFO: Sorted Assignment by mark
Nov 30, 2025 2:15:04 PM ua.onlinecourses.repository.GenericRepository getAll
INFO: Retrieved all Assignment items. Count: 5
Nov 30, 2025 2:15:04 PM ua.onlinecourses.repository.GenericRepository <init>
INFO: Created repository for Assignment
Nov 30, 2025 2:15:04 PM ua.onlinecourses.model.myModule <init>
INFO: Attempting to create Module: Вступ до Java, Основні концепції ООП
Nov 30, 2025 2:15:04 PM ua.onlinecourses.util.ValidationUtils validate
INFO: Attempting to validate object: myModule
Nov 30, 2025 2:15:04 PM ua.onlinecourses.util.ValidationUtils validate
INFO: Validation successful for myModule
Nov 30, 2025 2:15:04 PM ua.onlinecourses.model.myModule <init>
INFO: Module created successfully: Вступ до Java, Основні концепції ООП
Nov 30, 2025 2:15:04 PM ua.onlinecourses.model.myModule <init>
INFO: Attempting to create Module: Колекції, List, Set, Map
Nov 30, 2025 2:15:04 PM ua.onlinecourses.util.ValidationUtils validate
INFO: Attempting to validate object: myModule
Nov 30, 2025 2:15:04 PM ua.onlinecourses.util.ValidationUtils validate
INFO: Validation successful for myModule
Nov 30, 2025 2:15:04 PM ua.onlinecourses.model.myModule <init>
INFO: Module created successfully: Колекції, List, Set, Map
Nov 30, 2025 2:15:04 PM ua.onlinecourses.model.myModule <init>
INFO: Attempting to create Module: Потоки вводу-виводу, IO Streams
Nov 30, 2025 2:15:04 PM ua.onlinecourses.util.ValidationUtils validate
INFO: Attempting to validate object: myModule
Nov 30, 2025 2:15:04 PM ua.onlinecourses.util.ValidationUtils validate
INFO: Validation successful for myModule
Nov 30, 2025 2:15:04 PM ua.onlinecourses.model.myModule <init>
INFO: Module created successfully: Потоки вводу-виводу, IO Streams
Nov 30, 2025 2:15:04 PM ua.onlinecourses.model.myModule <init>
INFO: Attempting to create Module: Багатопоточність, Threads
Nov 30, 2025 2:15:04 PM ua.onlinecourses.util.ValidationUtils validate
INFO: Attempting to validate object: myModule
Nov 30, 2025 2:15:04 PM ua.onlinecourses.util.ValidationUtils validate
INFO: Validation successful for myModule
Nov 30, 2025 2:15:04 PM ua.onlinecourses.model.myModule <init>
INFO: Module created successfully: Багатопоточність, Threads
Nov 30, 2025 2:15:04 PM ua.onlinecourses.model.Assignment <init>
INFO: Attempting to create Assignment: myModule[title=Вступ до Java, content=Основні концепції ООП], 2025-05-10, 100, EXCELLENT
Nov 30, 2025 2:15:04 PM ua.onlinecourses.util.ValidationUtils validate
INFO: Attempting to validate object: Assignment
Nov 30, 2025 2:15:04 PM ua.onlinecourses.util.ValidationUtils validate
INFO: Validation successful for Assignment
Nov 30, 2025 2:15:04 PM ua.onlinecourses.model.Assignment <init>
INFO: Assignment created successfully: myModule[title=Вступ до Java, content=Основні концепції ООП], 2025-05-10, 100, EXCELLENT
Nov 30, 2025 2:15:04 PM ua.onlinecourses.model.Assignment <init>
INFO: Attempting to create Assignment: myModule[title=Колекції, content=List, Set, Map], 2025-05-15, 80, GOOD
Nov 30, 2025 2:15:04 PM ua.onlinecourses.util.ValidationUtils validate
INFO: Attempting to validate object: Assignment
Nov 30, 2025 2:15:04 PM ua.onlinecourses.util.ValidationUtils validate
INFO: Validation successful for Assignment
Nov 30, 2025 2:15:04 PM ua.onlinecourses.model.Assignment <init>
INFO: Assignment created successfully: myModule[title=Колекції, content=List, Set, Map], 2025-05-15, 80, GOOD
Nov 30, 2025 2:15:04 PM ua.onlinecourses.model.Assignment <init>
INFO: Attempting to create Assignment: myModule[title=Потоки вводу-виводу, content=IO Streams], 2025-05-05, 90, PASSED
Nov 30, 2025 2:15:04 PM ua.onlinecourses.util.ValidationUtils validate
INFO: Attempting to validate object: Assignment
Nov 30, 2025 2:15:04 PM ua.onlinecourses.util.ValidationUtils validate
INFO: Validation successful for Assignment
Nov 30, 2025 2:15:04 PM ua.onlinecourses.model.Assignment <init>
INFO: Assignment created successfully: myModule[title=Потоки вводу-виводу, content=IO Streams], 2025-05-05, 90, PASSED
Nov 30, 2025 2:15:04 PM ua.onlinecourses.model.Assignment <init>
INFO: Attempting to create Assignment: myModule[title=Багатопоточність, content=Threads], 2025-05-20, 85, SATISFACTORY
Nov 30, 2025 2:15:04 PM ua.onlinecourses.util.ValidationUtils validate
INFO: Attempting to validate object: Assignment
Nov 30, 2025 2:15:04 PM ua.onlinecourses.util.ValidationUtils validate
INFO: Validation successful for Assignment
Nov 30, 2025 2:15:04 PM ua.onlinecourses.model.Assignment <init>
INFO: Assignment created successfully: myModule[title=Багатопоточність, content=Threads], 2025-05-20, 85, SATISFACTORY
Nov 30, 2025 2:15:04 PM ua.onlinecourses.model.Assignment <init>
INFO: Attempting to create Assignment: myModule[title=Вступ до Java, content=Основні концепції ООП], 2025-05-08, 75, LOW
Nov 30, 2025 2:15:04 PM ua.onlinecourses.util.ValidationUtils validate
INFO: Attempting to validate object: Assignment
Nov 30, 2025 2:15:04 PM ua.onlinecourses.util.ValidationUtils validate
INFO: Validation successful for Assignment
Nov 30, 2025 2:15:04 PM ua.onlinecourses.model.Assignment <init>
INFO: Assignment created successfully: myModule[title=Вступ до Java, content=Основні концепції ООП], 2025-05-08, 75, LOW
Nov 30, 2025 2:15:04 PM ua.onlinecourses.repository.GenericRepository findByIdentity
INFO: No Assignment found with identity: ВСТ-ОСН-2025-05-10
Nov 30, 2025 2:15:04 PM ua.onlinecourses.repository.GenericRepository add
INFO: Added Assignment: ВСТ-ОСН-2025-05-10
Nov 30, 2025 2:15:04 PM ua.onlinecourses.repository.GenericRepository findByIdentity
INFO: No Assignment found with identity: КОЛ-LIS-2025-05-15
Nov 30, 2025 2:15:04 PM ua.onlinecourses.repository.GenericRepository add
INFO: Added Assignment: КОЛ-LIS-2025-05-15
Nov 30, 2025 2:15:04 PM ua.onlinecourses.repository.GenericRepository findByIdentity
INFO: No Assignment found with identity: ПОТ-IO -2025-05-05
Nov 30, 2025 2:15:04 PM ua.onlinecourses.repository.GenericRepository add
INFO: Added Assignment: ПОТ-IO -2025-05-05
Nov 30, 2025 2:15:04 PM ua.onlinecourses.repository.GenericRepository findByIdentity
INFO: No Assignment found with identity: БАГ-THR-2025-05-20
Nov 30, 2025 2:15:04 PM ua.onlinecourses.repository.GenericRepository add
INFO: Added Assignment: БАГ-THR-2025-05-20
Nov 30, 2025 2:15:04 PM ua.onlinecourses.repository.GenericRepository findByIdentity
INFO: No Assignment found with identity: ВСТ-ОСН-2025-05-08
Nov 30, 2025 2:15:04 PM ua.onlinecourses.repository.GenericRepository add
INFO: Added Assignment: ВСТ-ОСН-2025-05-08
Nov 30, 2025 2:15:04 PM ua.onlinecourses.repository.GenericRepository getAll
INFO: Retrieved all Assignment items. Count: 5
Nov 30, 2025 2:15:04 PM ua.onlinecourses.repository.AssignmentRepository sortByDueDate
INFO: Sorted Assignment by due date
Nov 30, 2025 2:15:04 PM ua.onlinecourses.repository.GenericRepository <init>
INFO: Created repository for Assignment
Nov 30, 2025 2:15:04 PM ua.onlinecourses.model.myModule <init>
INFO: Attempting to create Module: Вступ до Java, Основні концепції ООП
Nov 30, 2025 2:15:04 PM ua.onlinecourses.util.ValidationUtils validate
INFO: Attempting to validate object: myModule
Nov 30, 2025 2:15:04 PM ua.onlinecourses.util.ValidationUtils validate
INFO: Validation successful for myModule
Nov 30, 2025 2:15:04 PM ua.onlinecourses.model.myModule <init>
INFO: Module created successfully: Вступ до Java, Основні концепції ООП
Nov 30, 2025 2:15:04 PM ua.onlinecourses.model.myModule <init>
INFO: Attempting to create Module: Колекції, List, Set, Map
Nov 30, 2025 2:15:04 PM ua.onlinecourses.util.ValidationUtils validate
INFO: Attempting to validate object: myModule
Nov 30, 2025 2:15:04 PM ua.onlinecourses.util.ValidationUtils validate
INFO: Validation successful for myModule
Nov 30, 2025 2:15:04 PM ua.onlinecourses.model.myModule <init>
INFO: Module created successfully: Колекції, List, Set, Map
Nov 30, 2025 2:15:04 PM ua.onlinecourses.model.myModule <init>
INFO: Attempting to create Module: Потоки вводу-виводу, IO Streams
Nov 30, 2025 2:15:04 PM ua.onlinecourses.util.ValidationUtils validate
INFO: Attempting to validate object: myModule
Nov 30, 2025 2:15:04 PM ua.onlinecourses.util.ValidationUtils validate
INFO: Validation successful for myModule
Nov 30, 2025 2:15:04 PM ua.onlinecourses.model.myModule <init>
INFO: Module created successfully: Потоки вводу-виводу, IO Streams
Nov 30, 2025 2:15:04 PM ua.onlinecourses.model.myModule <init>
INFO: Attempting to create Module: Багатопоточність, Threads
Nov 30, 2025 2:15:04 PM ua.onlinecourses.util.ValidationUtils validate
INFO: Attempting to validate object: myModule
Nov 30, 2025 2:15:04 PM ua.onlinecourses.util.ValidationUtils validate
INFO: Validation successful for myModule
Nov 30, 2025 2:15:04 PM ua.onlinecourses.model.myModule <init>
INFO: Module created successfully: Багатопоточність, Threads
Nov 30, 2025 2:15:04 PM ua.onlinecourses.model.Assignment <init>
INFO: Attempting to create Assignment: myModule[title=Вступ до Java, content=Основні концепції ООП], 2025-05-10, 100, EXCELLENT
Nov 30, 2025 2:15:04 PM ua.onlinecourses.util.ValidationUtils validate
INFO: Attempting to validate object: Assignment
Nov 30, 2025 2:15:04 PM ua.onlinecourses.util.ValidationUtils validate
INFO: Validation successful for Assignment
Nov 30, 2025 2:15:04 PM ua.onlinecourses.model.Assignment <init>
INFO: Assignment created successfully: myModule[title=Вступ до Java, content=Основні концепції ООП], 2025-05-10, 100, EXCELLENT
Nov 30, 2025 2:15:04 PM ua.onlinecourses.model.Assignment <init>
INFO: Attempting to create Assignment: myModule[title=Колекції, content=List, Set, Map], 2025-05-15, 80, GOOD
Nov 30, 2025 2:15:04 PM ua.onlinecourses.util.ValidationUtils validate
INFO: Attempting to validate object: Assignment
Nov 30, 2025 2:15:04 PM ua.onlinecourses.util.ValidationUtils validate
INFO: Validation successful for Assignment
Nov 30, 2025 2:15:04 PM ua.onlinecourses.model.Assignment <init>
INFO: Assignment created successfully: myModule[title=Колекції, content=List, Set, Map], 2025-05-15, 80, GOOD
Nov 30, 2025 2:15:04 PM ua.onlinecourses.model.Assignment <init>
INFO: Attempting to create Assignment: myModule[title=Потоки вводу-виводу, content=IO Streams], 2025-05-05, 90, PASSED
Nov 30, 2025 2:15:04 PM ua.onlinecourses.util.ValidationUtils validate
INFO: Attempting to validate object: Assignment
Nov 30, 2025 2:15:04 PM ua.onlinecourses.util.ValidationUtils validate
INFO: Validation successful for Assignment
Nov 30, 2025 2:15:04 PM ua.onlinecourses.model.Assignment <init>
INFO: Assignment created successfully: myModule[title=Потоки вводу-виводу, content=IO Streams], 2025-05-05, 90, PASSED
Nov 30, 2025 2:15:04 PM ua.onlinecourses.model.Assignment <init>
INFO: Attempting to create Assignment: myModule[title=Багатопоточність, content=Threads], 2025-05-20, 85, SATISFACTORY
Nov 30, 2025 2:15:04 PM ua.onlinecourses.util.ValidationUtils validate
INFO: Attempting to validate object: Assignment
Nov 30, 2025 2:15:04 PM ua.onlinecourses.util.ValidationUtils validate
INFO: Validation successful for Assignment
Nov 30, 2025 2:15:04 PM ua.onlinecourses.model.Assignment <init>
INFO: Assignment created successfully: myModule[title=Багатопоточність, content=Threads], 2025-05-20, 85, SATISFACTORY
Nov 30, 2025 2:15:04 PM ua.onlinecourses.model.Assignment <init>
INFO: Attempting to create Assignment: myModule[title=Вступ до Java, content=Основні концепції ООП], 2025-05-08, 75, LOW
Nov 30, 2025 2:15:04 PM ua.onlinecourses.util.ValidationUtils validate
INFO: Attempting to validate object: Assignment
Nov 30, 2025 2:15:04 PM ua.onlinecourses.util.ValidationUtils validate
INFO: Validation successful for Assignment
Nov 30, 2025 2:15:04 PM ua.onlinecourses.model.Assignment <init>
INFO: Assignment created successfully: myModule[title=Вступ до Java, content=Основні концепції ООП], 2025-05-08, 75, LOW
Nov 30, 2025 2:15:04 PM ua.onlinecourses.repository.GenericRepository findByIdentity
INFO: No Assignment found with identity: ВСТ-ОСН-2025-05-10
Nov 30, 2025 2:15:04 PM ua.onlinecourses.repository.GenericRepository add
INFO: Added Assignment: ВСТ-ОСН-2025-05-10
Nov 30, 2025 2:15:04 PM ua.onlinecourses.repository.GenericRepository findByIdentity
INFO: No Assignment found with identity: КОЛ-LIS-2025-05-15
Nov 30, 2025 2:15:04 PM ua.onlinecourses.repository.GenericRepository add
INFO: Added Assignment: КОЛ-LIS-2025-05-15
Nov 30, 2025 2:15:04 PM ua.onlinecourses.repository.GenericRepository findByIdentity
INFO: No Assignment found with identity: ПОТ-IO -2025-05-05
Nov 30, 2025 2:15:04 PM ua.onlinecourses.repository.GenericRepository add
INFO: Added Assignment: ПОТ-IO -2025-05-05
Nov 30, 2025 2:15:04 PM ua.onlinecourses.repository.GenericRepository findByIdentity
INFO: No Assignment found with identity: БАГ-THR-2025-05-20
Nov 30, 2025 2:15:04 PM ua.onlinecourses.repository.GenericRepository add
INFO: Added Assignment: БАГ-THR-2025-05-20
Nov 30, 2025 2:15:04 PM ua.onlinecourses.repository.GenericRepository findByIdentity
INFO: No Assignment found with identity: ВСТ-ОСН-2025-05-08
Nov 30, 2025 2:15:04 PM ua.onlinecourses.repository.GenericRepository add
INFO: Added Assignment: ВСТ-ОСН-2025-05-08
Nov 30, 2025 2:15:04 PM ua.onlinecourses.repository.GenericRepository getAll
INFO: Retrieved all Assignment items. Count: 5
Nov 30, 2025 2:15:04 PM ua.onlinecourses.repository.AssignmentRepository sortByModuleTitle
INFO: Sorted Assignment by module title using lambda
Nov 30, 2025 2:15:04 PM ua.onlinecourses.repository.GenericRepository <init>
INFO: Created repository for Assignment
Nov 30, 2025 2:15:04 PM ua.onlinecourses.model.myModule <init>
INFO: Attempting to create Module: Вступ до Java, Основні концепції ООП
Nov 30, 2025 2:15:04 PM ua.onlinecourses.util.ValidationUtils validate
INFO: Attempting to validate object: myModule
Nov 30, 2025 2:15:04 PM ua.onlinecourses.util.ValidationUtils validate
INFO: Validation successful for myModule
Nov 30, 2025 2:15:04 PM ua.onlinecourses.model.myModule <init>
INFO: Module created successfully: Вступ до Java, Основні концепції ООП
Nov 30, 2025 2:15:04 PM ua.onlinecourses.model.myModule <init>
INFO: Attempting to create Module: Колекції, List, Set, Map
Nov 30, 2025 2:15:04 PM ua.onlinecourses.util.ValidationUtils validate
INFO: Attempting to validate object: myModule
Nov 30, 2025 2:15:04 PM ua.onlinecourses.util.ValidationUtils validate
INFO: Validation successful for myModule
Nov 30, 2025 2:15:04 PM ua.onlinecourses.model.myModule <init>
INFO: Module created successfully: Колекції, List, Set, Map
Nov 30, 2025 2:15:04 PM ua.onlinecourses.model.myModule <init>
INFO: Attempting to create Module: Потоки вводу-виводу, IO Streams
Nov 30, 2025 2:15:04 PM ua.onlinecourses.util.ValidationUtils validate
INFO: Attempting to validate object: myModule
Nov 30, 2025 2:15:04 PM ua.onlinecourses.util.ValidationUtils validate
INFO: Validation successful for myModule
Nov 30, 2025 2:15:04 PM ua.onlinecourses.model.myModule <init>
INFO: Module created successfully: Потоки вводу-виводу, IO Streams
Nov 30, 2025 2:15:04 PM ua.onlinecourses.model.myModule <init>
INFO: Attempting to create Module: Багатопоточність, Threads
Nov 30, 2025 2:15:04 PM ua.onlinecourses.util.ValidationUtils validate
INFO: Attempting to validate object: myModule
Nov 30, 2025 2:15:04 PM ua.onlinecourses.util.ValidationUtils validate
INFO: Validation successful for myModule
Nov 30, 2025 2:15:04 PM ua.onlinecourses.model.myModule <init>
INFO: Module created successfully: Багатопоточність, Threads
Nov 30, 2025 2:15:04 PM ua.onlinecourses.model.Assignment <init>
INFO: Attempting to create Assignment: myModule[title=Вступ до Java, content=Основні концепції ООП], 2025-05-10, 100, EXCELLENT
Nov 30, 2025 2:15:04 PM ua.onlinecourses.util.ValidationUtils validate
INFO: Attempting to validate object: Assignment
Nov 30, 2025 2:15:04 PM ua.onlinecourses.util.ValidationUtils validate
INFO: Validation successful for Assignment
Nov 30, 2025 2:15:04 PM ua.onlinecourses.model.Assignment <init>
INFO: Assignment created successfully: myModule[title=Вступ до Java, content=Основні концепції ООП], 2025-05-10, 100, EXCELLENT
Nov 30, 2025 2:15:04 PM ua.onlinecourses.model.Assignment <init>
INFO: Attempting to create Assignment: myModule[title=Колекції, content=List, Set, Map], 2025-05-15, 80, GOOD
Nov 30, 2025 2:15:04 PM ua.onlinecourses.util.ValidationUtils validate
INFO: Attempting to validate object: Assignment
Nov 30, 2025 2:15:04 PM ua.onlinecourses.util.ValidationUtils validate
INFO: Validation successful for Assignment
Nov 30, 2025 2:15:04 PM ua.onlinecourses.model.Assignment <init>
INFO: Assignment created successfully: myModule[title=Колекції, content=List, Set, Map], 2025-05-15, 80, GOOD
Nov 30, 2025 2:15:04 PM ua.onlinecourses.model.Assignment <init>
INFO: Attempting to create Assignment: myModule[title=Потоки вводу-виводу, content=IO Streams], 2025-05-05, 90, PASSED
Nov 30, 2025 2:15:04 PM ua.onlinecourses.util.ValidationUtils validate
INFO: Attempting to validate object: Assignment
Nov 30, 2025 2:15:04 PM ua.onlinecourses.util.ValidationUtils validate
INFO: Validation successful for Assignment
Nov 30, 2025 2:15:04 PM ua.onlinecourses.model.Assignment <init>
INFO: Assignment created successfully: myModule[title=Потоки вводу-виводу, content=IO Streams], 2025-05-05, 90, PASSED
Nov 30, 2025 2:15:04 PM ua.onlinecourses.model.Assignment <init>
INFO: Attempting to create Assignment: myModule[title=Багатопоточність, content=Threads], 2025-05-20, 85, SATISFACTORY
Nov 30, 2025 2:15:04 PM ua.onlinecourses.util.ValidationUtils validate
INFO: Attempting to validate object: Assignment
Nov 30, 2025 2:15:04 PM ua.onlinecourses.util.ValidationUtils validate
INFO: Validation successful for Assignment
Nov 30, 2025 2:15:04 PM ua.onlinecourses.model.Assignment <init>
INFO: Assignment created successfully: myModule[title=Багатопоточність, content=Threads], 2025-05-20, 85, SATISFACTORY
Nov 30, 2025 2:15:04 PM ua.onlinecourses.model.Assignment <init>
INFO: Attempting to create Assignment: myModule[title=Вступ до Java, content=Основні концепції ООП], 2025-05-08, 75, LOW
Nov 30, 2025 2:15:04 PM ua.onlinecourses.util.ValidationUtils validate
INFO: Attempting to validate object: Assignment
Nov 30, 2025 2:15:04 PM ua.onlinecourses.util.ValidationUtils validate
INFO: Validation successful for Assignment
Nov 30, 2025 2:15:04 PM ua.onlinecourses.model.Assignment <init>
INFO: Assignment created successfully: myModule[title=Вступ до Java, content=Основні концепції ООП], 2025-05-08, 75, LOW
Nov 30, 2025 2:15:04 PM ua.onlinecourses.repository.GenericRepository findByIdentity
INFO: No Assignment found with identity: ВСТ-ОСН-2025-05-10
Nov 30, 2025 2:15:04 PM ua.onlinecourses.repository.GenericRepository add
INFO: Added Assignment: ВСТ-ОСН-2025-05-10
Nov 30, 2025 2:15:04 PM ua.onlinecourses.repository.GenericRepository findByIdentity
INFO: No Assignment found with identity: КОЛ-LIS-2025-05-15
Nov 30, 2025 2:15:04 PM ua.onlinecourses.repository.GenericRepository add
INFO: Added Assignment: КОЛ-LIS-2025-05-15
Nov 30, 2025 2:15:04 PM ua.onlinecourses.repository.GenericRepository findByIdentity
INFO: No Assignment found with identity: ПОТ-IO -2025-05-05
Nov 30, 2025 2:15:04 PM ua.onlinecourses.repository.GenericRepository add
INFO: Added Assignment: ПОТ-IO -2025-05-05
Nov 30, 2025 2:15:04 PM ua.onlinecourses.repository.GenericRepository findByIdentity
INFO: No Assignment found with identity: БАГ-THR-2025-05-20
Nov 30, 2025 2:15:04 PM ua.onlinecourses.repository.GenericRepository add
INFO: Added Assignment: БАГ-THR-2025-05-20
Nov 30, 2025 2:15:04 PM ua.onlinecourses.repository.GenericRepository findByIdentity
INFO: No Assignment found with identity: ВСТ-ОСН-2025-05-08
Nov 30, 2025 2:15:04 PM ua.onlinecourses.repository.GenericRepository add
INFO: Added Assignment: ВСТ-ОСН-2025-05-08
Nov 30, 2025 2:15:04 PM ua.onlinecourses.repository.GenericRepository getAll
INFO: Retrieved all Assignment items. Count: 5
Nov 30, 2025 2:15:04 PM ua.onlinecourses.repository.AssignmentRepository sortByMaxPoints
INFO: Sorted Assignment by max points (descending)
Nov 30, 2025 2:15:04 PM ua.onlinecourses.repository.GenericRepository <init>
INFO: Created repository for Assignment
Nov 30, 2025 2:15:04 PM ua.onlinecourses.model.myModule <init>
INFO: Attempting to create Module: Вступ до Java, Основні концепції ООП
Nov 30, 2025 2:15:04 PM ua.onlinecourses.util.ValidationUtils validate
INFO: Attempting to validate object: myModule
Nov 30, 2025 2:15:04 PM ua.onlinecourses.util.ValidationUtils validate
INFO: Validation successful for myModule
Nov 30, 2025 2:15:04 PM ua.onlinecourses.model.myModule <init>
INFO: Module created successfully: Вступ до Java, Основні концепції ООП
Nov 30, 2025 2:15:04 PM ua.onlinecourses.model.myModule <init>
INFO: Attempting to create Module: Колекції, List, Set, Map
Nov 30, 2025 2:15:04 PM ua.onlinecourses.util.ValidationUtils validate
INFO: Attempting to validate object: myModule
Nov 30, 2025 2:15:04 PM ua.onlinecourses.util.ValidationUtils validate
INFO: Validation successful for myModule
Nov 30, 2025 2:15:04 PM ua.onlinecourses.model.myModule <init>
INFO: Module created successfully: Колекції, List, Set, Map
Nov 30, 2025 2:15:04 PM ua.onlinecourses.model.myModule <init>
INFO: Attempting to create Module: Потоки вводу-виводу, IO Streams
Nov 30, 2025 2:15:04 PM ua.onlinecourses.util.ValidationUtils validate
INFO: Attempting to validate object: myModule
Nov 30, 2025 2:15:04 PM ua.onlinecourses.util.ValidationUtils validate
INFO: Validation successful for myModule
Nov 30, 2025 2:15:04 PM ua.onlinecourses.model.myModule <init>
INFO: Module created successfully: Потоки вводу-виводу, IO Streams
Nov 30, 2025 2:15:04 PM ua.onlinecourses.model.myModule <init>
INFO: Attempting to create Module: Багатопоточність, Threads
Nov 30, 2025 2:15:04 PM ua.onlinecourses.util.ValidationUtils validate
INFO: Attempting to validate object: myModule
Nov 30, 2025 2:15:04 PM ua.onlinecourses.util.ValidationUtils validate
INFO: Validation successful for myModule
Nov 30, 2025 2:15:04 PM ua.onlinecourses.model.myModule <init>
INFO: Module created successfully: Багатопоточність, Threads
Nov 30, 2025 2:15:04 PM ua.onlinecourses.model.Assignment <init>
INFO: Attempting to create Assignment: myModule[title=Вступ до Java, content=Основні концепції ООП], 2025-05-10, 100, EXCELLENT
Nov 30, 2025 2:15:04 PM ua.onlinecourses.util.ValidationUtils validate
INFO: Attempting to validate object: Assignment
Nov 30, 2025 2:15:04 PM ua.onlinecourses.util.ValidationUtils validate
INFO: Validation successful for Assignment
Nov 30, 2025 2:15:04 PM ua.onlinecourses.model.Assignment <init>
INFO: Assignment created successfully: myModule[title=Вступ до Java, content=Основні концепції ООП], 2025-05-10, 100, EXCELLENT
Nov 30, 2025 2:15:04 PM ua.onlinecourses.model.Assignment <init>
INFO: Attempting to create Assignment: myModule[title=Колекції, content=List, Set, Map], 2025-05-15, 80, GOOD
Nov 30, 2025 2:15:04 PM ua.onlinecourses.util.ValidationUtils validate
INFO: Attempting to validate object: Assignment
Nov 30, 2025 2:15:04 PM ua.onlinecourses.util.ValidationUtils validate
INFO: Validation successful for Assignment
Nov 30, 2025 2:15:04 PM ua.onlinecourses.model.Assignment <init>
INFO: Assignment created successfully: myModule[title=Колекції, content=List, Set, Map], 2025-05-15, 80, GOOD
Nov 30, 2025 2:15:04 PM ua.onlinecourses.model.Assignment <init>
INFO: Attempting to create Assignment: myModule[title=Потоки вводу-виводу, content=IO Streams], 2025-05-05, 90, PASSED
Nov 30, 2025 2:15:04 PM ua.onlinecourses.util.ValidationUtils validate
INFO: Attempting to validate object: Assignment
Nov 30, 2025 2:15:04 PM ua.onlinecourses.util.ValidationUtils validate
INFO: Validation successful for Assignment
Nov 30, 2025 2:15:04 PM ua.onlinecourses.model.Assignment <init>
INFO: Assignment created successfully: myModule[title=Потоки вводу-виводу, content=IO Streams], 2025-05-05, 90, PASSED
Nov 30, 2025 2:15:04 PM ua.onlinecourses.model.Assignment <init>
INFO: Attempting to create Assignment: myModule[title=Багатопоточність, content=Threads], 2025-05-20, 85, SATISFACTORY
Nov 30, 2025 2:15:04 PM ua.onlinecourses.util.ValidationUtils validate
INFO: Attempting to validate object: Assignment
Nov 30, 2025 2:15:04 PM ua.onlinecourses.util.ValidationUtils validate
INFO: Validation successful for Assignment
Nov 30, 2025 2:15:04 PM ua.onlinecourses.model.Assignment <init>
INFO: Assignment created successfully: myModule[title=Багатопоточність, content=Threads], 2025-05-20, 85, SATISFACTORY
Nov 30, 2025 2:15:04 PM ua.onlinecourses.model.Assignment <init>
INFO: Attempting to create Assignment: myModule[title=Вступ до Java, content=Основні концепції ООП], 2025-05-08, 75, LOW
Nov 30, 2025 2:15:04 PM ua.onlinecourses.util.ValidationUtils validate
INFO: Attempting to validate object: Assignment
Nov 30, 2025 2:15:04 PM ua.onlinecourses.util.ValidationUtils validate
INFO: Validation successful for Assignment
Nov 30, 2025 2:15:04 PM ua.onlinecourses.model.Assignment <init>
INFO: Assignment created successfully: myModule[title=Вступ до Java, content=Основні концепції ООП], 2025-05-08, 75, LOW
Nov 30, 2025 2:15:04 PM ua.onlinecourses.repository.GenericRepository findByIdentity
INFO: No Assignment found with identity: ВСТ-ОСН-2025-05-10
Nov 30, 2025 2:15:04 PM ua.onlinecourses.repository.GenericRepository add
INFO: Added Assignment: ВСТ-ОСН-2025-05-10
Nov 30, 2025 2:15:04 PM ua.onlinecourses.repository.GenericRepository findByIdentity
INFO: No Assignment found with identity: КОЛ-LIS-2025-05-15
Nov 30, 2025 2:15:04 PM ua.onlinecourses.repository.GenericRepository add
INFO: Added Assignment: КОЛ-LIS-2025-05-15
Nov 30, 2025 2:15:04 PM ua.onlinecourses.repository.GenericRepository findByIdentity
INFO: No Assignment found with identity: ПОТ-IO -2025-05-05
Nov 30, 2025 2:15:04 PM ua.onlinecourses.repository.GenericRepository add
INFO: Added Assignment: ПОТ-IO -2025-05-05
Nov 30, 2025 2:15:04 PM ua.onlinecourses.repository.GenericRepository findByIdentity
INFO: No Assignment found with identity: БАГ-THR-2025-05-20
Nov 30, 2025 2:15:04 PM ua.onlinecourses.repository.GenericRepository add
INFO: Added Assignment: БАГ-THR-2025-05-20
Nov 30, 2025 2:15:04 PM ua.onlinecourses.repository.GenericRepository findByIdentity
INFO: No Assignment found with identity: ВСТ-ОСН-2025-05-08
Nov 30, 2025 2:15:04 PM ua.onlinecourses.repository.GenericRepository add
INFO: Added Assignment: ВСТ-ОСН-2025-05-08
Nov 30, 2025 2:15:04 PM ua.onlinecourses.repository.GenericRepository getAll
INFO: Retrieved all Assignment items. Count: 5
Nov 30, 2025 2:15:04 PM ua.onlinecourses.repository.AssignmentRepository sortByDueDateDesc
INFO: Sorted Assignment by due date (descending)
Nov 30, 2025 2:15:04 PM ua.onlinecourses.repository.GenericRepository <init>
INFO: Created repository for Assignment
Nov 30, 2025 2:15:04 PM ua.onlinecourses.model.myModule <init>
INFO: Attempting to create Module: Вступ до Java, Основні концепції ООП
Nov 30, 2025 2:15:04 PM ua.onlinecourses.util.ValidationUtils validate
INFO: Attempting to validate object: myModule
Nov 30, 2025 2:15:04 PM ua.onlinecourses.util.ValidationUtils validate
INFO: Validation successful for myModule
Nov 30, 2025 2:15:04 PM ua.onlinecourses.model.myModule <init>
INFO: Module created successfully: Вступ до Java, Основні концепції ООП
Nov 30, 2025 2:15:04 PM ua.onlinecourses.model.myModule <init>
INFO: Attempting to create Module: Колекції, List, Set, Map
Nov 30, 2025 2:15:04 PM ua.onlinecourses.util.ValidationUtils validate
INFO: Attempting to validate object: myModule
Nov 30, 2025 2:15:04 PM ua.onlinecourses.util.ValidationUtils validate
INFO: Validation successful for myModule
Nov 30, 2025 2:15:04 PM ua.onlinecourses.model.myModule <init>
INFO: Module created successfully: Колекції, List, Set, Map
Nov 30, 2025 2:15:04 PM ua.onlinecourses.model.myModule <init>
INFO: Attempting to create Module: Потоки вводу-виводу, IO Streams
Nov 30, 2025 2:15:04 PM ua.onlinecourses.util.ValidationUtils validate
INFO: Attempting to validate object: myModule
Nov 30, 2025 2:15:04 PM ua.onlinecourses.util.ValidationUtils validate
INFO: Validation successful for myModule
Nov 30, 2025 2:15:04 PM ua.onlinecourses.model.myModule <init>
INFO: Module created successfully: Потоки вводу-виводу, IO Streams
Nov 30, 2025 2:15:04 PM ua.onlinecourses.model.myModule <init>
INFO: Attempting to create Module: Багатопоточність, Threads
Nov 30, 2025 2:15:04 PM ua.onlinecourses.util.ValidationUtils validate
INFO: Attempting to validate object: myModule
Nov 30, 2025 2:15:04 PM ua.onlinecourses.util.ValidationUtils validate
INFO: Validation successful for myModule
Nov 30, 2025 2:15:04 PM ua.onlinecourses.model.myModule <init>
INFO: Module created successfully: Багатопоточність, Threads
Nov 30, 2025 2:15:04 PM ua.onlinecourses.model.Assignment <init>
INFO: Attempting to create Assignment: myModule[title=Вступ до Java, content=Основні концепції ООП], 2025-05-10, 100, EXCELLENT
Nov 30, 2025 2:15:04 PM ua.onlinecourses.util.ValidationUtils validate
INFO: Attempting to validate object: Assignment
Nov 30, 2025 2:15:04 PM ua.onlinecourses.util.ValidationUtils validate
INFO: Validation successful for Assignment
Nov 30, 2025 2:15:04 PM ua.onlinecourses.model.Assignment <init>
INFO: Assignment created successfully: myModule[title=Вступ до Java, content=Основні концепції ООП], 2025-05-10, 100, EXCELLENT
Nov 30, 2025 2:15:04 PM ua.onlinecourses.model.Assignment <init>
INFO: Attempting to create Assignment: myModule[title=Колекції, content=List, Set, Map], 2025-05-15, 80, GOOD
Nov 30, 2025 2:15:04 PM ua.onlinecourses.util.ValidationUtils validate
INFO: Attempting to validate object: Assignment
Nov 30, 2025 2:15:04 PM ua.onlinecourses.util.ValidationUtils validate
INFO: Validation successful for Assignment
Nov 30, 2025 2:15:04 PM ua.onlinecourses.model.Assignment <init>
INFO: Assignment created successfully: myModule[title=Колекції, content=List, Set, Map], 2025-05-15, 80, GOOD
Nov 30, 2025 2:15:04 PM ua.onlinecourses.model.Assignment <init>
INFO: Attempting to create Assignment: myModule[title=Потоки вводу-виводу, content=IO Streams], 2025-05-05, 90, PASSED
Nov 30, 2025 2:15:04 PM ua.onlinecourses.util.ValidationUtils validate
INFO: Attempting to validate object: Assignment
Nov 30, 2025 2:15:04 PM ua.onlinecourses.util.ValidationUtils validate
INFO: Validation successful for Assignment
Nov 30, 2025 2:15:04 PM ua.onlinecourses.model.Assignment <init>
INFO: Assignment created successfully: myModule[title=Потоки вводу-виводу, content=IO Streams], 2025-05-05, 90, PASSED
Nov 30, 2025 2:15:04 PM ua.onlinecourses.model.Assignment <init>
INFO: Attempting to create Assignment: myModule[title=Багатопоточність, content=Threads], 2025-05-20, 85, SATISFACTORY
Nov 30, 2025 2:15:04 PM ua.onlinecourses.util.ValidationUtils validate
INFO: Attempting to validate object: Assignment
Nov 30, 2025 2:15:04 PM ua.onlinecourses.util.ValidationUtils validate
INFO: Validation successful for Assignment
Nov 30, 2025 2:15:04 PM ua.onlinecourses.model.Assignment <init>
INFO: Assignment created successfully: myModule[title=Багатопоточність, content=Threads], 2025-05-20, 85, SATISFACTORY
Nov 30, 2025 2:15:04 PM ua.onlinecourses.model.Assignment <init>
INFO: Attempting to create Assignment: myModule[title=Вступ до Java, content=Основні концепції ООП], 2025-05-08, 75, LOW
Nov 30, 2025 2:15:04 PM ua.onlinecourses.util.ValidationUtils validate
INFO: Attempting to validate object: Assignment
Nov 30, 2025 2:15:04 PM ua.onlinecourses.util.ValidationUtils validate
INFO: Validation successful for Assignment
Nov 30, 2025 2:15:04 PM ua.onlinecourses.model.Assignment <init>
INFO: Assignment created successfully: myModule[title=Вступ до Java, content=Основні концепції ООП], 2025-05-08, 75, LOW
Nov 30, 2025 2:15:04 PM ua.onlinecourses.repository.GenericRepository findByIdentity
INFO: No Assignment found with identity: ВСТ-ОСН-2025-05-10
Nov 30, 2025 2:15:04 PM ua.onlinecourses.repository.GenericRepository add
INFO: Added Assignment: ВСТ-ОСН-2025-05-10
Nov 30, 2025 2:15:04 PM ua.onlinecourses.repository.GenericRepository findByIdentity
INFO: No Assignment found with identity: КОЛ-LIS-2025-05-15
Nov 30, 2025 2:15:04 PM ua.onlinecourses.repository.GenericRepository add
INFO: Added Assignment: КОЛ-LIS-2025-05-15
Nov 30, 2025 2:15:04 PM ua.onlinecourses.repository.GenericRepository findByIdentity
INFO: No Assignment found with identity: ПОТ-IO -2025-05-05
Nov 30, 2025 2:15:04 PM ua.onlinecourses.repository.GenericRepository add
INFO: Added Assignment: ПОТ-IO -2025-05-05
Nov 30, 2025 2:15:04 PM ua.onlinecourses.repository.GenericRepository findByIdentity
INFO: No Assignment found with identity: БАГ-THR-2025-05-20
[...]
Nov 30, 2025 2:15:04 PM ua.onlinecourses.model.Assignment <init>
INFO: Assignment created successfully: myModule[title=Колекції, content=List, Set, Map], 2025-05-15, 80, GOOD
Nov 30, 2025 2:15:04 PM ua.onlinecourses.model.Assignment <init>
INFO: Attempting to create Assignment: myModule[title=Потоки вводу-виводу, content=IO Streams], 2025-05-05, 90, PASSED
Nov 30, 2025 2:15:04 PM ua.onlinecourses.util.ValidationUtils validate
INFO: Attempting to validate object: Assignment
Nov 30, 2025 2:15:04 PM ua.onlinecourses.util.ValidationUtils validate
INFO: Validation successful for Assignment
Nov 30, 2025 2:15:04 PM ua.onlinecourses.model.Assignment <init>
INFO: Assignment created successfully: myModule[title=Потоки вводу-виводу, content=IO Streams], 2025-05-05, 90, PASSED
Nov 30, 2025 2:15:04 PM ua.onlinecourses.model.Assignment <init>
INFO: Attempting to create Assignment: myModule[title=Багатопоточність, content=Threads], 2025-05-20, 85, SATISFACTORY
Nov 30, 2025 2:15:04 PM ua.onlinecourses.util.ValidationUtils validate
INFO: Attempting to validate object: Assignment
Nov 30, 2025 2:15:04 PM ua.onlinecourses.util.ValidationUtils validate
INFO: Validation successful for Assignment
Nov 30, 2025 2:15:04 PM ua.onlinecourses.model.Assignment <init>
INFO: Assignment created successfully: myModule[title=Багатопоточність, content=Threads], 2025-05-20, 85, SATISFACTORY
Nov 30, 2025 2:15:04 PM ua.onlinecourses.model.Assignment <init>
INFO: Attempting to create Assignment: myModule[title=Вступ до Java, content=Основні концепції ООП], 2025-05-08, 75, LOW
Nov 30, 2025 2:15:04 PM ua.onlinecourses.util.ValidationUtils validate
INFO: Attempting to validate object: Assignment
Nov 30, 2025 2:15:04 PM ua.onlinecourses.util.ValidationUtils validate
INFO: Validation successful for Assignment
Nov 30, 2025 2:15:04 PM ua.onlinecourses.model.Assignment <init>
INFO: Assignment created successfully: myModule[title=Вступ до Java, content=Основні концепції ООП], 2025-05-08, 75, LOW
Nov 30, 2025 2:15:04 PM ua.onlinecourses.repository.GenericRepository findByIdentity
INFO: No Assignment found with identity: ВСТ-ОСН-2025-05-10
Nov 30, 2025 2:15:04 PM ua.onlinecourses.repository.GenericRepository add
INFO: Added Assignment: ВСТ-ОСН-2025-05-10
Nov 30, 2025 2:15:04 PM ua.onlinecourses.repository.GenericRepository findByIdentity
INFO: No Assignment found with identity: КОЛ-LIS-2025-05-15
Nov 30, 2025 2:15:04 PM ua.onlinecourses.repository.GenericRepository add
INFO: Added Assignment: КОЛ-LIS-2025-05-15
Nov 30, 2025 2:15:04 PM ua.onlinecourses.repository.GenericRepository findByIdentity
INFO: No Assignment found with identity: ПОТ-IO -2025-05-05
Nov 30, 2025 2:15:04 PM ua.onlinecourses.repository.GenericRepository add
INFO: Added Assignment: ПОТ-IO -2025-05-05
Nov 30, 2025 2:15:04 PM ua.onlinecourses.repository.GenericRepository findByIdentity
INFO: No Assignment found with identity: БАГ-THR-2025-05-20
Nov 30, 2025 2:15:04 PM ua.onlinecourses.repository.GenericRepository add
INFO: Added Assignment: БАГ-THR-2025-05-20
Nov 30, 2025 2:15:04 PM ua.onlinecourses.repository.GenericRepository findByIdentity
INFO: No Assignment found with identity: ВСТ-ОСН-2025-05-08
Nov 30, 2025 2:15:04 PM ua.onlinecourses.repository.GenericRepository add
INFO: Added Assignment: ВСТ-ОСН-2025-05-08
Nov 30, 2025 2:15:04 PM ua.onlinecourses.repository.GenericRepository <init>
INFO: Created repository for Assignment
Nov 30, 2025 2:15:04 PM ua.onlinecourses.model.myModule <init>
INFO: Attempting to create Module: Test, Content
Nov 30, 2025 2:15:04 PM ua.onlinecourses.util.ValidationUtils validate
INFO: Attempting to validate object: myModule
Nov 30, 2025 2:15:04 PM ua.onlinecourses.util.ValidationUtils validate
INFO: Validation successful for myModule
Nov 30, 2025 2:15:04 PM ua.onlinecourses.model.myModule <init>
INFO: Module created successfully: Test, Content
Nov 30, 2025 2:15:04 PM ua.onlinecourses.model.Assignment <init>
INFO: Attempting to create Assignment: myModule[title=Test, content=Content], 2025-06-01, 100, GOOD
Nov 30, 2025 2:15:04 PM ua.onlinecourses.util.ValidationUtils validate
INFO: Attempting to validate object: Assignment
Nov 30, 2025 2:15:04 PM ua.onlinecourses.util.ValidationUtils validate
INFO: Validation successful for Assignment
Nov 30, 2025 2:15:04 PM ua.onlinecourses.model.Assignment <init>
INFO: Assignment created successfully: myModule[title=Test, content=Content], 2025-06-01, 100, GOOD
Nov 30, 2025 2:15:04 PM ua.onlinecourses.model.Assignment <init>
INFO: Attempting to create Assignment: myModule[title=Test, content=Content], 2025-06-02, 90, GOOD
Nov 30, 2025 2:15:04 PM ua.onlinecourses.util.ValidationUtils validate
INFO: Attempting to validate object: Assignment
Nov 30, 2025 2:15:04 PM ua.onlinecourses.util.ValidationUtils validate
INFO: Validation successful for Assignment
Nov 30, 2025 2:15:04 PM ua.onlinecourses.model.Assignment <init>
INFO: Assignment created successfully: myModule[title=Test, content=Content], 2025-06-02, 90, GOOD
Nov 30, 2025 2:15:04 PM ua.onlinecourses.model.Assignment <init>
INFO: Attempting to create Assignment: myModule[title=Test, content=Content], 2025-06-03, 100, EXCELLENT
Nov 30, 2025 2:15:04 PM ua.onlinecourses.util.ValidationUtils validate
INFO: Attempting to validate object: Assignment
Nov 30, 2025 2:15:04 PM ua.onlinecourses.util.ValidationUtils validate
INFO: Validation successful for Assignment
Nov 30, 2025 2:15:04 PM ua.onlinecourses.model.Assignment <init>
INFO: Assignment created successfully: myModule[title=Test, content=Content], 2025-06-03, 100, EXCELLENT
Nov 30, 2025 2:15:04 PM ua.onlinecourses.repository.GenericRepository findByIdentity
INFO: No Assignment found with identity: TES-CON-2025-06-02
Nov 30, 2025 2:15:04 PM ua.onlinecourses.repository.GenericRepository add
INFO: Added Assignment: TES-CON-2025-06-02
Nov 30, 2025 2:15:04 PM ua.onlinecourses.repository.GenericRepository findByIdentity
INFO: No Assignment found with identity: TES-CON-2025-06-03
Nov 30, 2025 2:15:04 PM ua.onlinecourses.repository.GenericRepository add
INFO: Added Assignment: TES-CON-2025-06-03
Nov 30, 2025 2:15:04 PM ua.onlinecourses.repository.GenericRepository findByIdentity
INFO: No Assignment found with identity: TES-CON-2025-06-01
Nov 30, 2025 2:15:04 PM ua.onlinecourses.repository.GenericRepository add
INFO: Added Assignment: TES-CON-2025-06-01
Nov 30, 2025 2:15:04 PM ua.onlinecourses.repository.GenericRepository getAll
INFO: Retrieved all Assignment items. Count: 3
Nov 30, 2025 2:15:04 PM ua.onlinecourses.repository.AssignmentRepository sortByMarkPointsDate
INFO: Sorted Assignment by mark, max points (desc), and due date
Nov 30, 2025 2:15:04 PM ua.onlinecourses.repository.GenericRepository <init>
INFO: Created repository for Assignment
Nov 30, 2025 2:15:04 PM ua.onlinecourses.model.myModule <init>
INFO: Attempting to create Module: Вступ до Java, Основні концепції ООП
Nov 30, 2025 2:15:04 PM ua.onlinecourses.util.ValidationUtils validate
INFO: Attempting to validate object: myModule
Nov 30, 2025 2:15:04 PM ua.onlinecourses.util.ValidationUtils validate
INFO: Validation successful for myModule
Nov 30, 2025 2:15:04 PM ua.onlinecourses.model.myModule <init>
INFO: Module created successfully: Вступ до Java, Основні концепції ООП
Nov 30, 2025 2:15:04 PM ua.onlinecourses.model.myModule <init>
INFO: Attempting to create Module: Колекції, List, Set, Map
Nov 30, 2025 2:15:04 PM ua.onlinecourses.util.ValidationUtils validate
INFO: Attempting to validate object: myModule
Nov 30, 2025 2:15:04 PM ua.onlinecourses.util.ValidationUtils validate
INFO: Validation successful for myModule
Nov 30, 2025 2:15:04 PM ua.onlinecourses.model.myModule <init>
INFO: Module created successfully: Колекції, List, Set, Map
Nov 30, 2025 2:15:04 PM ua.onlinecourses.model.myModule <init>
INFO: Attempting to create Module: Потоки вводу-виводу, IO Streams
Nov 30, 2025 2:15:04 PM ua.onlinecourses.util.ValidationUtils validate
INFO: Attempting to validate object: myModule
Nov 30, 2025 2:15:04 PM ua.onlinecourses.util.ValidationUtils validate
INFO: Validation successful for myModule
Nov 30, 2025 2:15:04 PM ua.onlinecourses.model.myModule <init>
INFO: Module created successfully: Потоки вводу-виводу, IO Streams
Nov 30, 2025 2:15:04 PM ua.onlinecourses.model.myModule <init>
INFO: Attempting to create Module: Багатопоточність, Threads
Nov 30, 2025 2:15:04 PM ua.onlinecourses.util.ValidationUtils validate
INFO: Attempting to validate object: myModule
Nov 30, 2025 2:15:04 PM ua.onlinecourses.util.ValidationUtils validate
INFO: Validation successful for myModule
Nov 30, 2025 2:15:04 PM ua.onlinecourses.model.myModule <init>
INFO: Module created successfully: Багатопоточність, Threads
Nov 30, 2025 2:15:04 PM ua.onlinecourses.model.Assignment <init>
INFO: Attempting to create Assignment: myModule[title=Вступ до Java, content=Основні концепції ООП], 2025-05-10, 100, EXCELLENT
Nov 30, 2025 2:15:04 PM ua.onlinecourses.util.ValidationUtils validate
INFO: Attempting to validate object: Assignment
Nov 30, 2025 2:15:04 PM ua.onlinecourses.util.ValidationUtils validate
INFO: Validation successful for Assignment
Nov 30, 2025 2:15:04 PM ua.onlinecourses.model.Assignment <init>
INFO: Assignment created successfully: myModule[title=Вступ до Java, content=Основні концепції ООП], 2025-05-10, 100, EXCELLENT
Nov 30, 2025 2:15:04 PM ua.onlinecourses.model.Assignment <init>
INFO: Attempting to create Assignment: myModule[title=Колекції, content=List, Set, Map], 2025-05-15, 80, GOOD
Nov 30, 2025 2:15:04 PM ua.onlinecourses.util.ValidationUtils validate
INFO: Attempting to validate object: Assignment
Nov 30, 2025 2:15:04 PM ua.onlinecourses.util.ValidationUtils validate
INFO: Validation successful for Assignment
Nov 30, 2025 2:15:04 PM ua.onlinecourses.model.Assignment <init>
INFO: Assignment created successfully: myModule[title=Колекції, content=List, Set, Map], 2025-05-15, 80, GOOD
Nov 30, 2025 2:15:04 PM ua.onlinecourses.model.Assignment <init>
INFO: Attempting to create Assignment: myModule[title=Потоки вводу-виводу, content=IO Streams], 2025-05-05, 90, PASSED
Nov 30, 2025 2:15:04 PM ua.onlinecourses.util.ValidationUtils validate
INFO: Attempting to validate object: Assignment
Nov 30, 2025 2:15:04 PM ua.onlinecourses.util.ValidationUtils validate
INFO: Validation successful for Assignment
Nov 30, 2025 2:15:04 PM ua.onlinecourses.model.Assignment <init>
INFO: Assignment created successfully: myModule[title=Потоки вводу-виводу, content=IO Streams], 2025-05-05, 90, PASSED
Nov 30, 2025 2:15:04 PM ua.onlinecourses.model.Assignment <init>
INFO: Attempting to create Assignment: myModule[title=Багатопоточність, content=Threads], 2025-05-20, 85, SATISFACTORY
Nov 30, 2025 2:15:04 PM ua.onlinecourses.util.ValidationUtils validate
INFO: Attempting to validate object: Assignment
Nov 30, 2025 2:15:04 PM ua.onlinecourses.util.ValidationUtils validate
INFO: Validation successful for Assignment
Nov 30, 2025 2:15:04 PM ua.onlinecourses.model.Assignment <init>
INFO: Assignment created successfully: myModule[title=Багатопоточність, content=Threads], 2025-05-20, 85, SATISFACTORY
Nov 30, 2025 2:15:04 PM ua.onlinecourses.model.Assignment <init>
INFO: Attempting to create Assignment: myModule[title=Вступ до Java, content=Основні концепції ООП], 2025-05-08, 75, LOW
Nov 30, 2025 2:15:04 PM ua.onlinecourses.util.ValidationUtils validate
INFO: Attempting to validate object: Assignment
Nov 30, 2025 2:15:04 PM ua.onlinecourses.util.ValidationUtils validate
INFO: Validation successful for Assignment
Nov 30, 2025 2:15:04 PM ua.onlinecourses.model.Assignment <init>
INFO: Assignment created successfully: myModule[title=Вступ до Java, content=Основні концепції ООП], 2025-05-08, 75, LOW
Nov 30, 2025 2:15:04 PM ua.onlinecourses.repository.GenericRepository findByIdentity
INFO: No Assignment found with identity: ВСТ-ОСН-2025-05-10
Nov 30, 2025 2:15:04 PM ua.onlinecourses.repository.GenericRepository add
INFO: Added Assignment: ВСТ-ОСН-2025-05-10
Nov 30, 2025 2:15:04 PM ua.onlinecourses.repository.GenericRepository findByIdentity
INFO: No Assignment found with identity: КОЛ-LIS-2025-05-15
Nov 30, 2025 2:15:04 PM ua.onlinecourses.repository.GenericRepository add
INFO: Added Assignment: КОЛ-LIS-2025-05-15
Nov 30, 2025 2:15:04 PM ua.onlinecourses.repository.GenericRepository findByIdentity
INFO: No Assignment found with identity: ПОТ-IO -2025-05-05
Nov 30, 2025 2:15:04 PM ua.onlinecourses.repository.GenericRepository add
INFO: Added Assignment: ПОТ-IO -2025-05-05
Nov 30, 2025 2:15:04 PM ua.onlinecourses.repository.GenericRepository findByIdentity
INFO: No Assignment found with identity: БАГ-THR-2025-05-20
Nov 30, 2025 2:15:04 PM ua.onlinecourses.repository.GenericRepository add
INFO: Added Assignment: БАГ-THR-2025-05-20
Nov 30, 2025 2:15:04 PM ua.onlinecourses.repository.GenericRepository findByIdentity
INFO: No Assignment found with identity: ВСТ-ОСН-2025-05-08
Nov 30, 2025 2:15:04 PM ua.onlinecourses.repository.GenericRepository add
INFO: Added Assignment: ВСТ-ОСН-2025-05-08
Nov 30, 2025 2:15:04 PM ua.onlinecourses.repository.GenericRepository getAll
INFO: Retrieved all Assignment items. Count: 5
Nov 30, 2025 2:15:04 PM ua.onlinecourses.repository.AssignmentRepository sortNaturally
INFO: Sorted Assignment using natural order (Comparable)
Nov 30, 2025 2:15:04 PM ua.onlinecourses.repository.GenericRepository <init>
INFO: Created repository for Assignment
Nov 30, 2025 2:15:04 PM ua.onlinecourses.model.myModule <init>
INFO: Attempting to create Module: Вступ до Java, Основні концепції ООП
Nov 30, 2025 2:15:04 PM ua.onlinecourses.util.ValidationUtils validate
INFO: Attempting to validate object: myModule
Nov 30, 2025 2:15:04 PM ua.onlinecourses.util.ValidationUtils validate
INFO: Validation successful for myModule
Nov 30, 2025 2:15:04 PM ua.onlinecourses.model.myModule <init>
INFO: Module created successfully: Вступ до Java, Основні концепції ООП
Nov 30, 2025 2:15:04 PM ua.onlinecourses.model.myModule <init>
INFO: Attempting to create Module: Колекції, List, Set, Map
Nov 30, 2025 2:15:04 PM ua.onlinecourses.util.ValidationUtils validate
INFO: Attempting to validate object: myModule
Nov 30, 2025 2:15:04 PM ua.onlinecourses.util.ValidationUtils validate
INFO: Validation successful for myModule
Nov 30, 2025 2:15:04 PM ua.onlinecourses.model.myModule <init>
INFO: Module created successfully: Колекції, List, Set, Map
Nov 30, 2025 2:15:04 PM ua.onlinecourses.model.myModule <init>
INFO: Attempting to create Module: Потоки вводу-виводу, IO Streams
Nov 30, 2025 2:15:04 PM ua.onlinecourses.util.ValidationUtils validate
INFO: Attempting to validate object: myModule
Nov 30, 2025 2:15:04 PM ua.onlinecourses.util.ValidationUtils validate
INFO: Validation successful for myModule
Nov 30, 2025 2:15:04 PM ua.onlinecourses.model.myModule <init>
INFO: Module created successfully: Потоки вводу-виводу, IO Streams
Nov 30, 2025 2:15:04 PM ua.onlinecourses.model.myModule <init>
INFO: Attempting to create Module: Багатопоточність, Threads
Nov 30, 2025 2:15:04 PM ua.onlinecourses.util.ValidationUtils validate
INFO: Attempting to validate object: myModule
Nov 30, 2025 2:15:04 PM ua.onlinecourses.util.ValidationUtils validate
INFO: Validation successful for myModule
Nov 30, 2025 2:15:04 PM ua.onlinecourses.model.myModule <init>
INFO: Module created successfully: Багатопоточність, Threads
Nov 30, 2025 2:15:04 PM ua.onlinecourses.model.Assignment <init>
INFO: Attempting to create Assignment: myModule[title=Вступ до Java, content=Основні концепції ООП], 2025-05-10, 100, EXCELLENT
Nov 30, 2025 2:15:04 PM ua.onlinecourses.util.ValidationUtils validate
INFO: Attempting to validate object: Assignment
Nov 30, 2025 2:15:04 PM ua.onlinecourses.util.ValidationUtils validate
INFO: Validation successful for Assignment
Nov 30, 2025 2:15:04 PM ua.onlinecourses.model.Assignment <init>
INFO: Assignment created successfully: myModule[title=Вступ до Java, content=Основні концепції ООП], 2025-05-10, 100, EXCELLENT
Nov 30, 2025 2:15:04 PM ua.onlinecourses.model.Assignment <init>
INFO: Attempting to create Assignment: myModule[title=Колекції, content=List, Set, Map], 2025-05-15, 80, GOOD
Nov 30, 2025 2:15:04 PM ua.onlinecourses.util.ValidationUtils validate
INFO: Attempting to validate object: Assignment
Nov 30, 2025 2:15:04 PM ua.onlinecourses.util.ValidationUtils validate
INFO: Validation successful for Assignment
Nov 30, 2025 2:15:04 PM ua.onlinecourses.model.Assignment <init>
INFO: Assignment created successfully: myModule[title=Колекції, content=List, Set, Map], 2025-05-15, 80, GOOD
Nov 30, 2025 2:15:04 PM ua.onlinecourses.model.Assignment <init>
INFO: Attempting to create Assignment: myModule[title=Потоки вводу-виводу, content=IO Streams], 2025-05-05, 90, PASSED
Nov 30, 2025 2:15:04 PM ua.onlinecourses.util.ValidationUtils validate
INFO: Attempting to validate object: Assignment
Nov 30, 2025 2:15:04 PM ua.onlinecourses.util.ValidationUtils validate
INFO: Validation successful for Assignment
Nov 30, 2025 2:15:04 PM ua.onlinecourses.model.Assignment <init>
INFO: Assignment created successfully: myModule[title=Потоки вводу-виводу, content=IO Streams], 2025-05-05, 90, PASSED
Nov 30, 2025 2:15:04 PM ua.onlinecourses.model.Assignment <init>
INFO: Attempting to create Assignment: myModule[title=Багатопоточність, content=Threads], 2025-05-20, 85, SATISFACTORY
Nov 30, 2025 2:15:04 PM ua.onlinecourses.util.ValidationUtils validate
INFO: Attempting to validate object: Assignment
Nov 30, 2025 2:15:04 PM ua.onlinecourses.util.ValidationUtils validate
INFO: Validation successful for Assignment
Nov 30, 2025 2:15:04 PM ua.onlinecourses.model.Assignment <init>
INFO: Assignment created successfully: myModule[title=Багатопоточність, content=Threads], 2025-05-20, 85, SATISFACTORY
Nov 30, 2025 2:15:04 PM ua.onlinecourses.model.Assignment <init>
INFO: Attempting to create Assignment: myModule[title=Вступ до Java, content=Основні концепції ООП], 2025-05-08, 75, LOW
Nov 30, 2025 2:15:04 PM ua.onlinecourses.util.ValidationUtils validate
INFO: Attempting to validate object: Assignment
Nov 30, 2025 2:15:04 PM ua.onlinecourses.util.ValidationUtils validate
INFO: Validation successful for Assignment
Nov 30, 2025 2:15:04 PM ua.onlinecourses.model.Assignment <init>
INFO: Assignment created successfully: myModule[title=Вступ до Java, content=Основні концепції ООП], 2025-05-08, 75, LOW
Nov 30, 2025 2:15:04 PM ua.onlinecourses.repository.GenericRepository findByIdentity
INFO: No Assignment found with identity: ВСТ-ОСН-2025-05-10
Nov 30, 2025 2:15:04 PM ua.onlinecourses.repository.GenericRepository add
INFO: Added Assignment: ВСТ-ОСН-2025-05-10
Nov 30, 2025 2:15:04 PM ua.onlinecourses.repository.GenericRepository findByIdentity
INFO: No Assignment found with identity: КОЛ-LIS-2025-05-15
Nov 30, 2025 2:15:04 PM ua.onlinecourses.repository.GenericRepository add
INFO: Added Assignment: КОЛ-LIS-2025-05-15
Nov 30, 2025 2:15:04 PM ua.onlinecourses.repository.GenericRepository findByIdentity
INFO: No Assignment found with identity: ПОТ-IO -2025-05-05
Nov 30, 2025 2:15:04 PM ua.onlinecourses.repository.GenericRepository add
INFO: Added Assignment: ПОТ-IO -2025-05-05
Nov 30, 2025 2:15:04 PM ua.onlinecourses.repository.GenericRepository findByIdentity
INFO: No Assignment found with identity: БАГ-THR-2025-05-20
Nov 30, 2025 2:15:04 PM ua.onlinecourses.repository.GenericRepository add
INFO: Added Assignment: БАГ-THR-2025-05-20
Nov 30, 2025 2:15:04 PM ua.onlinecourses.repository.GenericRepository findByIdentity
INFO: No Assignment found with identity: ВСТ-ОСН-2025-05-08
Nov 30, 2025 2:15:04 PM ua.onlinecourses.repository.GenericRepository add
INFO: Added Assignment: ВСТ-ОСН-2025-05-08
Nov 30, 2025 2:15:04 PM ua.onlinecourses.repository.GenericRepository getAll
INFO: Retrieved all Assignment items. Count: 5
Nov 30, 2025 2:15:04 PM ua.onlinecourses.repository.AssignmentRepository sortByMarkPointsDate
INFO: Sorted Assignment by mark, max points (desc), and due date
]]></system-err>
</testsuite>
