<?xml version="1.0" encoding="UTF-8"?>
<testsuite name="StudentRepository Sorting Tests" tests="9" skipped="0" failures="0" errors="0" timestamp="2025-11-30T14:15:04.752Z" hostname="runnervmg1sw1" time="0.048">
  <properties/>
  <testcase name="sortByName should sort by last name, then first name, then email" classname="ua.onlinecourses.repository.StudentRepositorySortingTest" time="0.006"/>
  <testcase name="sortByEmailLength should sort by email length" classname="ua.onlinecourses.repository.StudentRepositorySortingTest" time="0.004"/>
  <testcase name="Sorting empty repository should return empty list" classname="ua.onlinecourses.repository.StudentRepositorySortingTest" time="0.007"/>
  <testcase name="sortByName with students having same last and first name should sort by email" classname="ua.onlinecourses.repository.StudentRepositorySortingTest" time="0.006"/>
  <testcase name="sortByNameDesc should sort by last name descending, then first name, then email" classname="ua.onlinecourses.repository.StudentRepositorySortingTest" time="0.005"/>
  <testcase name="Sorting single student should return list with that student" classname="ua.onlinecourses.repository.StudentRepositorySortingTest" time="0.005"/>
  <testcase name="sortByName should not modify the original repository" classname="ua.onlinecourses.repository.StudentRepositorySortingTest" time="0.006"/>
  <testcase name="sortByFirstName should sort by first name" classname="ua.onlinecourses.repository.StudentRepositorySortingTest" time="0.005"/>
  <testcase name="sortByEnrollmentDate should sort by enrollment date ascending" classname="ua.onlinecourses.repository.StudentRepositorySortingTest" time="0.002"/>
  <system-out><![CDATA[]]></system-out>
  <system-err><![CDATA[Nov 30, 2025 2:15:04 PM ua.onlinecourses.repository.StudentRepositorySortingTest setUp
INFO: Setting up test data
Nov 30, 2025 2:15:04 PM ua.onlinecourses.repository.GenericRepository <init>
INFO: Created repository for Student
Nov 30, 2025 2:15:04 PM ua.onlinecourses.model.Student <init>
INFO: Attempting to create Student: Alice, Rotar, alice.rotar@chnu.edu.ua, 2025-09-01
Nov 30, 2025 2:15:04 PM ua.onlinecourses.util.ValidationUtils validate
INFO: Attempting to validate object: Student
Nov 30, 2025 2:15:04 PM ua.onlinecourses.util.ValidationUtils validate
INFO: Validation successful for Student
Nov 30, 2025 2:15:04 PM ua.onlinecourses.model.Student <init>
INFO: Student created successfully: Alice, Rotar, alice.rotar@chnu.edu.ua, 2025-09-01
Nov 30, 2025 2:15:04 PM ua.onlinecourses.model.Student <init>
INFO: Attempting to create Student: Maria, Smyk, maria.smyk@chnu.edu.ua, 2025-09-05
Nov 30, 2025 2:15:04 PM ua.onlinecourses.util.ValidationUtils validate
INFO: Attempting to validate object: Student
Nov 30, 2025 2:15:04 PM ua.onlinecourses.util.ValidationUtils validate
INFO: Validation successful for Student
Nov 30, 2025 2:15:04 PM ua.onlinecourses.model.Student <init>
INFO: Student created successfully: Maria, Smyk, maria.smyk@chnu.edu.ua, 2025-09-05
Nov 30, 2025 2:15:04 PM ua.onlinecourses.model.Student <init>
INFO: Attempting to create Student: Alex, Kushnir, alex.kushnir@chnu.edu.ua, 2025-09-10
Nov 30, 2025 2:15:04 PM ua.onlinecourses.util.ValidationUtils validate
INFO: Attempting to validate object: Student
Nov 30, 2025 2:15:04 PM ua.onlinecourses.util.ValidationUtils validate
INFO: Validation successful for Student
Nov 30, 2025 2:15:04 PM ua.onlinecourses.model.Student <init>
INFO: Student created successfully: Alex, Kushnir, alex.kushnir@chnu.edu.ua, 2025-09-10
Nov 30, 2025 2:15:04 PM ua.onlinecourses.model.Student <init>
INFO: Attempting to create Student: Alice, Hatsenko, alice.hatsenko@chnu.edu.ua, 2025-09-15
Nov 30, 2025 2:15:04 PM ua.onlinecourses.util.ValidationUtils validate
INFO: Attempting to validate object: Student
Nov 30, 2025 2:15:04 PM ua.onlinecourses.util.ValidationUtils validate
INFO: Validation successful for Student
Nov 30, 2025 2:15:04 PM ua.onlinecourses.model.Student <init>
INFO: Student created successfully: Alice, Hatsenko, alice.hatsenko@chnu.edu.ua, 2025-09-15
Nov 30, 2025 2:15:04 PM ua.onlinecourses.model.Student <init>
INFO: Attempting to create Student: Anna, Hatsenko, anna.hatsenko@chnu.edu.ua, 2025-09-20
Nov 30, 2025 2:15:04 PM ua.onlinecourses.util.ValidationUtils validate
INFO: Attempting to validate object: Student
Nov 30, 2025 2:15:04 PM ua.onlinecourses.util.ValidationUtils validate
INFO: Validation successful for Student
Nov 30, 2025 2:15:04 PM ua.onlinecourses.model.Student <init>
INFO: Student created successfully: Anna, Hatsenko, anna.hatsenko@chnu.edu.ua, 2025-09-20
Nov 30, 2025 2:15:04 PM ua.onlinecourses.repository.GenericRepository findByIdentity
INFO: No Student found with identity: maria.smyk@chnu.edu.ua
Nov 30, 2025 2:15:04 PM ua.onlinecourses.repository.GenericRepository add
INFO: Added Student: maria.smyk@chnu.edu.ua
Nov 30, 2025 2:15:04 PM ua.onlinecourses.repository.GenericRepository findByIdentity
INFO: No Student found with identity: alice.rotar@chnu.edu.ua
Nov 30, 2025 2:15:04 PM ua.onlinecourses.repository.GenericRepository add
INFO: Added Student: alice.rotar@chnu.edu.ua
Nov 30, 2025 2:15:04 PM ua.onlinecourses.repository.GenericRepository findByIdentity
INFO: No Student found with identity: alex.kushnir@chnu.edu.ua
Nov 30, 2025 2:15:04 PM ua.onlinecourses.repository.GenericRepository add
INFO: Added Student: alex.kushnir@chnu.edu.ua
Nov 30, 2025 2:15:04 PM ua.onlinecourses.repository.GenericRepository findByIdentity
INFO: No Student found with identity: alice.hatsenko@chnu.edu.ua
Nov 30, 2025 2:15:04 PM ua.onlinecourses.repository.GenericRepository add
INFO: Added Student: alice.hatsenko@chnu.edu.ua
Nov 30, 2025 2:15:04 PM ua.onlinecourses.repository.GenericRepository findByIdentity
INFO: No Student found with identity: anna.hatsenko@chnu.edu.ua
Nov 30, 2025 2:15:04 PM ua.onlinecourses.repository.GenericRepository add
INFO: Added Student: anna.hatsenko@chnu.edu.ua
Nov 30, 2025 2:15:04 PM ua.onlinecourses.repository.StudentRepositorySortingTest setUp
INFO: Test setup completed with 5 students
Nov 30, 2025 2:15:04 PM ua.onlinecourses.repository.StudentRepositorySortingTest testSortByName
INFO: Testing sortByName
Nov 30, 2025 2:15:04 PM ua.onlinecourses.repository.GenericRepository getAll
INFO: Retrieved all Student items. Count: 5
Nov 30, 2025 2:15:04 PM ua.onlinecourses.repository.StudentRepository sortByName
INFO: Sorted Student by lastName, firstName, and email (ascending)
Nov 30, 2025 2:15:04 PM ua.onlinecourses.repository.StudentRepositorySortingTest testSortByName
INFO: sortByName test completed successfully
Nov 30, 2025 2:15:04 PM ua.onlinecourses.repository.StudentRepositorySortingTest setUp
INFO: Setting up test data
Nov 30, 2025 2:15:04 PM ua.onlinecourses.repository.GenericRepository <init>
INFO: Created repository for Student
Nov 30, 2025 2:15:04 PM ua.onlinecourses.model.Student <init>
INFO: Attempting to create Student: Alice, Rotar, alice.rotar@chnu.edu.ua, 2025-09-01
Nov 30, 2025 2:15:04 PM ua.onlinecourses.util.ValidationUtils validate
INFO: Attempting to validate object: Student
Nov 30, 2025 2:15:04 PM ua.onlinecourses.util.ValidationUtils validate
INFO: Validation successful for Student
Nov 30, 2025 2:15:04 PM ua.onlinecourses.model.Student <init>
INFO: Student created successfully: Alice, Rotar, alice.rotar@chnu.edu.ua, 2025-09-01
Nov 30, 2025 2:15:04 PM ua.onlinecourses.model.Student <init>
INFO: Attempting to create Student: Maria, Smyk, maria.smyk@chnu.edu.ua, 2025-09-05
Nov 30, 2025 2:15:04 PM ua.onlinecourses.util.ValidationUtils validate
INFO: Attempting to validate object: Student
Nov 30, 2025 2:15:04 PM ua.onlinecourses.util.ValidationUtils validate
INFO: Validation successful for Student
Nov 30, 2025 2:15:04 PM ua.onlinecourses.model.Student <init>
INFO: Student created successfully: Maria, Smyk, maria.smyk@chnu.edu.ua, 2025-09-05
Nov 30, 2025 2:15:04 PM ua.onlinecourses.model.Student <init>
INFO: Attempting to create Student: Alex, Kushnir, alex.kushnir@chnu.edu.ua, 2025-09-10
Nov 30, 2025 2:15:04 PM ua.onlinecourses.util.ValidationUtils validate
INFO: Attempting to validate object: Student
Nov 30, 2025 2:15:04 PM ua.onlinecourses.util.ValidationUtils validate
INFO: Validation successful for Student
Nov 30, 2025 2:15:04 PM ua.onlinecourses.model.Student <init>
INFO: Student created successfully: Alex, Kushnir, alex.kushnir@chnu.edu.ua, 2025-09-10
Nov 30, 2025 2:15:04 PM ua.onlinecourses.model.Student <init>
INFO: Attempting to create Student: Alice, Hatsenko, alice.hatsenko@chnu.edu.ua, 2025-09-15
Nov 30, 2025 2:15:04 PM ua.onlinecourses.util.ValidationUtils validate
INFO: Attempting to validate object: Student
Nov 30, 2025 2:15:04 PM ua.onlinecourses.util.ValidationUtils validate
INFO: Validation successful for Student
Nov 30, 2025 2:15:04 PM ua.onlinecourses.model.Student <init>
INFO: Student created successfully: Alice, Hatsenko, alice.hatsenko@chnu.edu.ua, 2025-09-15
Nov 30, 2025 2:15:04 PM ua.onlinecourses.model.Student <init>
INFO: Attempting to create Student: Anna, Hatsenko, anna.hatsenko@chnu.edu.ua, 2025-09-20
Nov 30, 2025 2:15:04 PM ua.onlinecourses.util.ValidationUtils validate
INFO: Attempting to validate object: Student
Nov 30, 2025 2:15:04 PM ua.onlinecourses.util.ValidationUtils validate
INFO: Validation successful for Student
Nov 30, 2025 2:15:04 PM ua.onlinecourses.model.Student <init>
INFO: Student created successfully: Anna, Hatsenko, anna.hatsenko@chnu.edu.ua, 2025-09-20
Nov 30, 2025 2:15:04 PM ua.onlinecourses.repository.GenericRepository findByIdentity
INFO: No Student found with identity: maria.smyk@chnu.edu.ua
Nov 30, 2025 2:15:04 PM ua.onlinecourses.repository.GenericRepository add
INFO: Added Student: maria.smyk@chnu.edu.ua
Nov 30, 2025 2:15:04 PM ua.onlinecourses.repository.GenericRepository findByIdentity
INFO: No Student found with identity: alice.rotar@chnu.edu.ua
Nov 30, 2025 2:15:04 PM ua.onlinecourses.repository.GenericRepository add
INFO: Added Student: alice.rotar@chnu.edu.ua
Nov 30, 2025 2:15:04 PM ua.onlinecourses.repository.GenericRepository findByIdentity
INFO: No Student found with identity: alex.kushnir@chnu.edu.ua
Nov 30, 2025 2:15:04 PM ua.onlinecourses.repository.GenericRepository add
INFO: Added Student: alex.kushnir@chnu.edu.ua
Nov 30, 2025 2:15:04 PM ua.onlinecourses.repository.GenericRepository findByIdentity
INFO: No Student found with identity: alice.hatsenko@chnu.edu.ua
Nov 30, 2025 2:15:04 PM ua.onlinecourses.repository.GenericRepository add
INFO: Added Student: alice.hatsenko@chnu.edu.ua
Nov 30, 2025 2:15:04 PM ua.onlinecourses.repository.GenericRepository findByIdentity
INFO: No Student found with identity: anna.hatsenko@chnu.edu.ua
Nov 30, 2025 2:15:04 PM ua.onlinecourses.repository.GenericRepository add
INFO: Added Student: anna.hatsenko@chnu.edu.ua
Nov 30, 2025 2:15:04 PM ua.onlinecourses.repository.StudentRepositorySortingTest setUp
INFO: Test setup completed with 5 students
Nov 30, 2025 2:15:04 PM ua.onlinecourses.repository.StudentRepositorySortingTest testSortByEmailLength
INFO: Testing sortByEmailLength
Nov 30, 2025 2:15:04 PM ua.onlinecourses.repository.GenericRepository getAll
INFO: Retrieved all Student items. Count: 5
Nov 30, 2025 2:15:04 PM ua.onlinecourses.repository.StudentRepository sortByEmailLength
INFO: Sorted Student by email length using lambda
Nov 30, 2025 2:15:04 PM ua.onlinecourses.repository.StudentRepositorySortingTest testSortByEmailLength
INFO: sortByEmailLength test completed successfully
Nov 30, 2025 2:15:04 PM ua.onlinecourses.repository.StudentRepositorySortingTest setUp
INFO: Setting up test data
Nov 30, 2025 2:15:04 PM ua.onlinecourses.repository.GenericRepository <init>
INFO: Created repository for Student
Nov 30, 2025 2:15:04 PM ua.onlinecourses.model.Student <init>
INFO: Attempting to create Student: Alice, Rotar, alice.rotar@chnu.edu.ua, 2025-09-01
Nov 30, 2025 2:15:04 PM ua.onlinecourses.util.ValidationUtils validate
INFO: Attempting to validate object: Student
Nov 30, 2025 2:15:04 PM ua.onlinecourses.util.ValidationUtils validate
INFO: Validation successful for Student
Nov 30, 2025 2:15:04 PM ua.onlinecourses.model.Student <init>
INFO: Student created successfully: Alice, Rotar, alice.rotar@chnu.edu.ua, 2025-09-01
Nov 30, 2025 2:15:04 PM ua.onlinecourses.model.Student <init>
INFO: Attempting to create Student: Maria, Smyk, maria.smyk@chnu.edu.ua, 2025-09-05
Nov 30, 2025 2:15:04 PM ua.onlinecourses.util.ValidationUtils validate
INFO: Attempting to validate object: Student
Nov 30, 2025 2:15:04 PM ua.onlinecourses.util.ValidationUtils validate
INFO: Validation successful for Student
Nov 30, 2025 2:15:04 PM ua.onlinecourses.model.Student <init>
INFO: Student created successfully: Maria, Smyk, maria.smyk@chnu.edu.ua, 2025-09-05
Nov 30, 2025 2:15:04 PM ua.onlinecourses.model.Student <init>
INFO: Attempting to create Student: Alex, Kushnir, alex.kushnir@chnu.edu.ua, 2025-09-10
Nov 30, 2025 2:15:04 PM ua.onlinecourses.util.ValidationUtils validate
INFO: Attempting to validate object: Student
Nov 30, 2025 2:15:04 PM ua.onlinecourses.util.ValidationUtils validate
INFO: Validation successful for Student
Nov 30, 2025 2:15:04 PM ua.onlinecourses.model.Student <init>
INFO: Student created successfully: Alex, Kushnir, alex.kushnir@chnu.edu.ua, 2025-09-10
Nov 30, 2025 2:15:04 PM ua.onlinecourses.model.Student <init>
INFO: Attempting to create Student: Alice, Hatsenko, alice.hatsenko@chnu.edu.ua, 2025-09-15
Nov 30, 2025 2:15:04 PM ua.onlinecourses.util.ValidationUtils validate
INFO: Attempting to validate object: Student
Nov 30, 2025 2:15:04 PM ua.onlinecourses.util.ValidationUtils validate
INFO: Validation successful for Student
Nov 30, 2025 2:15:04 PM ua.onlinecourses.model.Student <init>
INFO: Student created successfully: Alice, Hatsenko, alice.hatsenko@chnu.edu.ua, 2025-09-15
Nov 30, 2025 2:15:04 PM ua.onlinecourses.model.Student <init>
INFO: Attempting to create Student: Anna, Hatsenko, anna.hatsenko@chnu.edu.ua, 2025-09-20
Nov 30, 2025 2:15:04 PM ua.onlinecourses.util.ValidationUtils validate
INFO: Attempting to validate object: Student
Nov 30, 2025 2:15:04 PM ua.onlinecourses.util.ValidationUtils validate
INFO: Validation successful for Student
Nov 30, 2025 2:15:04 PM ua.onlinecourses.model.Student <init>
INFO: Student created successfully: Anna, Hatsenko, anna.hatsenko@chnu.edu.ua, 2025-09-20
Nov 30, 2025 2:15:04 PM ua.onlinecourses.repository.GenericRepository findByIdentity
INFO: No Student found with identity: maria.smyk@chnu.edu.ua
Nov 30, 2025 2:15:04 PM ua.onlinecourses.repository.GenericRepository add
INFO: Added Student: maria.smyk@chnu.edu.ua
Nov 30, 2025 2:15:04 PM ua.onlinecourses.repository.GenericRepository findByIdentity
INFO: No Student found with identity: alice.rotar@chnu.edu.ua
Nov 30, 2025 2:15:04 PM ua.onlinecourses.repository.GenericRepository add
INFO: Added Student: alice.rotar@chnu.edu.ua
Nov 30, 2025 2:15:04 PM ua.onlinecourses.repository.GenericRepository findByIdentity
INFO: No Student found with identity: alex.kushnir@chnu.edu.ua
Nov 30, 2025 2:15:04 PM ua.onlinecourses.repository.GenericRepository add
INFO: Added Student: alex.kushnir@chnu.edu.ua
Nov 30, 2025 2:15:04 PM ua.onlinecourses.repository.GenericRepository findByIdentity
INFO: No Student found with identity: alice.hatsenko@chnu.edu.ua
Nov 30, 2025 2:15:04 PM ua.onlinecourses.repository.GenericRepository add
INFO: Added Student: alice.hatsenko@chnu.edu.ua
Nov 30, 2025 2:15:04 PM ua.onlinecourses.repository.GenericRepository findByIdentity
INFO: No Student found with identity: anna.hatsenko@chnu.edu.ua
Nov 30, 2025 2:15:04 PM ua.onlinecourses.repository.GenericRepository add
INFO: Added Student: anna.hatsenko@chnu.edu.ua
Nov 30, 2025 2:15:04 PM ua.onlinecourses.repository.StudentRepositorySortingTest setUp
INFO: Test setup completed with 5 students
Nov 30, 2025 2:15:04 PM ua.onlinecourses.repository.StudentRepositorySortingTest testSortingEmptyRepository
INFO: Testing sorting on empty repository
Nov 30, 2025 2:15:04 PM ua.onlinecourses.repository.GenericRepository <init>
INFO: Created repository for Student
Nov 30, 2025 2:15:04 PM ua.onlinecourses.repository.GenericRepository getAll
INFO: Retrieved all Student items. Count: 0
Nov 30, 2025 2:15:04 PM ua.onlinecourses.repository.StudentRepository sortByName
INFO: Sorted Student by lastName, firstName, and email (ascending)
Nov 30, 2025 2:15:04 PM ua.onlinecourses.repository.GenericRepository getAll
INFO: Retrieved all Student items. Count: 0
Nov 30, 2025 2:15:04 PM ua.onlinecourses.repository.StudentRepository sortByNameDesc
INFO: Sorted Student by lastName (desc), firstName, and email
Nov 30, 2025 2:15:04 PM ua.onlinecourses.repository.GenericRepository getAll
INFO: Retrieved all Student items. Count: 0
Nov 30, 2025 2:15:04 PM ua.onlinecourses.repository.StudentRepository sortByEnrollmentDate
INFO: Sorted Student by enrollment date
Nov 30, 2025 2:15:04 PM ua.onlinecourses.repository.StudentRepositorySortingTest testSortingEmptyRepository
INFO: Empty repository sorting test completed
Nov 30, 2025 2:15:04 PM ua.onlinecourses.repository.StudentRepositorySortingTest setUp
INFO: Setting up test data
Nov 30, 2025 2:15:04 PM ua.onlinecourses.repository.GenericRepository <init>
INFO: Created repository for Student
Nov 30, 2025 2:15:04 PM ua.onlinecourses.model.Student <init>
INFO: Attempting to create Student: Alice, Rotar, alice.rotar@chnu.edu.ua, 2025-09-01
Nov 30, 2025 2:15:04 PM ua.onlinecourses.util.ValidationUtils validate
INFO: Attempting to validate object: Student
Nov 30, 2025 2:15:04 PM ua.onlinecourses.util.ValidationUtils validate
INFO: Validation successful for Student
Nov 30, 2025 2:15:04 PM ua.onlinecourses.model.Student <init>
INFO: Student created successfully: Alice, Rotar, alice.rotar@chnu.edu.ua, 2025-09-01
Nov 30, 2025 2:15:04 PM ua.onlinecourses.model.Student <init>
INFO: Attempting to create Student: Maria, Smyk, maria.smyk@chnu.edu.ua, 2025-09-05
Nov 30, 2025 2:15:04 PM ua.onlinecourses.util.ValidationUtils validate
INFO: Attempting to validate object: Student
Nov 30, 2025 2:15:04 PM ua.onlinecourses.util.ValidationUtils validate
INFO: Validation successful for Student
Nov 30, 2025 2:15:04 PM ua.onlinecourses.model.Student <init>
INFO: Student created successfully: Maria, Smyk, maria.smyk@chnu.edu.ua, 2025-09-05
Nov 30, 2025 2:15:04 PM ua.onlinecourses.model.Student <init>
INFO: Attempting to create Student: Alex, Kushnir, alex.kushnir@chnu.edu.ua, 2025-09-10
Nov 30, 2025 2:15:04 PM ua.onlinecourses.util.ValidationUtils validate
INFO: Attempting to validate object: Student
Nov 30, 2025 2:15:04 PM ua.onlinecourses.util.ValidationUtils validate
INFO: Validation successful for Student
Nov 30, 2025 2:15:04 PM ua.onlinecourses.model.Student <init>
INFO: Student created successfully: Alex, Kushnir, alex.kushnir@chnu.edu.ua, 2025-09-10
Nov 30, 2025 2:15:04 PM ua.onlinecourses.model.Student <init>
INFO: Attempting to create Student: Alice, Hatsenko, alice.hatsenko@chnu.edu.ua, 2025-09-15
Nov 30, 2025 2:15:04 PM ua.onlinecourses.util.ValidationUtils validate
INFO: Attempting to validate object: Student
Nov 30, 2025 2:15:04 PM ua.onlinecourses.util.ValidationUtils validate
INFO: Validation successful for Student
Nov 30, 2025 2:15:04 PM ua.onlinecourses.model.Student <init>
INFO: Student created successfully: Alice, Hatsenko, alice.hatsenko@chnu.edu.ua, 2025-09-15
Nov 30, 2025 2:15:04 PM ua.onlinecourses.model.Student <init>
INFO: Attempting to create Student: Anna, Hatsenko, anna.hatsenko@chnu.edu.ua, 2025-09-20
Nov 30, 2025 2:15:04 PM ua.onlinecourses.util.ValidationUtils validate
INFO: Attempting to validate object: Student
Nov 30, 2025 2:15:04 PM ua.onlinecourses.util.ValidationUtils validate
INFO: Validation successful for Student
Nov 30, 2025 2:15:04 PM ua.onlinecourses.model.Student <init>
INFO: Student created successfully: Anna, Hatsenko, anna.hatsenko@chnu.edu.ua, 2025-09-20
Nov 30, 2025 2:15:04 PM ua.onlinecourses.repository.GenericRepository findByIdentity
INFO: No Student found with identity: maria.smyk@chnu.edu.ua
Nov 30, 2025 2:15:04 PM ua.onlinecourses.repository.GenericRepository add
INFO: Added Student: maria.smyk@chnu.edu.ua
Nov 30, 2025 2:15:04 PM ua.onlinecourses.repository.GenericRepository findByIdentity
INFO: No Student found with identity: alice.rotar@chnu.edu.ua
Nov 30, 2025 2:15:04 PM ua.onlinecourses.repository.GenericRepository add
INFO: Added Student: alice.rotar@chnu.edu.ua
Nov 30, 2025 2:15:04 PM ua.onlinecourses.repository.GenericRepository findByIdentity
INFO: No Student found with identity: alex.kushnir@chnu.edu.ua
Nov 30, 2025 2:15:04 PM ua.onlinecourses.repository.GenericRepository add
INFO: Added Student: alex.kushnir@chnu.edu.ua
Nov 30, 2025 2:15:04 PM ua.onlinecourses.repository.GenericRepository findByIdentity
INFO: No Student found with identity: alice.hatsenko@chnu.edu.ua
Nov 30, 2025 2:15:04 PM ua.onlinecourses.repository.GenericRepository add
INFO: Added Student: alice.hatsenko@chnu.edu.ua
Nov 30, 2025 2:15:04 PM ua.onlinecourses.repository.GenericRepository findByIdentity
INFO: No Student found with identity: anna.hatsenko@chnu.edu.ua
Nov 30, 2025 2:15:04 PM ua.onlinecourses.repository.GenericRepository add
INFO: Added Student: anna.hatsenko@chnu.edu.ua
Nov 30, 2025 2:15:04 PM ua.onlinecourses.repository.StudentRepositorySortingTest setUp
INFO: Test setup completed with 5 students
Nov 30, 2025 2:15:04 PM ua.onlinecourses.repository.StudentRepositorySortingTest testSortByNameWithIdenticalNames
INFO: Testing sortByName with identical names
Nov 30, 2025 2:15:04 PM ua.onlinecourses.repository.GenericRepository <init>
INFO: Created repository for Student
Nov 30, 2025 2:15:04 PM ua.onlinecourses.model.Student <init>
INFO: Attempting to create Student: Vasyl, Kosovan, vasyl.kosovan.c@chnu.edu.ua, 2023-01-01
Nov 30, 2025 2:15:04 PM ua.onlinecourses.util.ValidationUtils validate
INFO: Attempting to validate object: Student
Nov 30, 2025 2:15:04 PM ua.onlinecourses.util.ValidationUtils validate
INFO: Validation successful for Student
Nov 30, 2025 2:15:04 PM ua.onlinecourses.model.Student <init>
INFO: Student created successfully: Vasyl, Kosovan, vasyl.kosovan.c@chnu.edu.ua, 2023-01-01
Nov 30, 2025 2:15:04 PM ua.onlinecourses.model.Student <init>
INFO: Attempting to create Student: Vasyl, Kosovan, vasyl.kosovan.a@chnu.edu.ua, 2023-01-01
Nov 30, 2025 2:15:04 PM ua.onlinecourses.util.ValidationUtils validate
INFO: Attempting to validate object: Student
Nov 30, 2025 2:15:04 PM ua.onlinecourses.util.ValidationUtils validate
INFO: Validation successful for Student
Nov 30, 2025 2:15:04 PM ua.onlinecourses.model.Student <init>
INFO: Student created successfully: Vasyl, Kosovan, vasyl.kosovan.a@chnu.edu.ua, 2023-01-01
Nov 30, 2025 2:15:04 PM ua.onlinecourses.model.Student <init>
INFO: Attempting to create Student: Vasyl, Kosovan, vasyl.kosovan.b@chnu.edu.ua, 2023-01-01
Nov 30, 2025 2:15:04 PM ua.onlinecourses.util.ValidationUtils validate
INFO: Attempting to validate object: Student
Nov 30, 2025 2:15:04 PM ua.onlinecourses.util.ValidationUtils validate
INFO: Validation successful for Student
Nov 30, 2025 2:15:04 PM ua.onlinecourses.model.Student <init>
INFO: Student created successfully: Vasyl, Kosovan, vasyl.kosovan.b@chnu.edu.ua, 2023-01-01
Nov 30, 2025 2:15:04 PM ua.onlinecourses.repository.GenericRepository findByIdentity
INFO: No Student found with identity: vasyl.kosovan.c@chnu.edu.ua
Nov 30, 2025 2:15:04 PM ua.onlinecourses.repository.GenericRepository add
INFO: Added Student: vasyl.kosovan.c@chnu.edu.ua
Nov 30, 2025 2:15:04 PM ua.onlinecourses.repository.GenericRepository findByIdentity
INFO: No Student found with identity: vasyl.kosovan.a@chnu.edu.ua
Nov 30, 2025 2:15:04 PM ua.onlinecourses.repository.GenericRepository add
INFO: Added Student: vasyl.kosovan.a@chnu.edu.ua
Nov 30, 2025 2:15:04 PM ua.onlinecourses.repository.GenericRepository findByIdentity
INFO: No Student found with identity: vasyl.kosovan.b@chnu.edu.ua
Nov 30, 2025 2:15:04 PM ua.onlinecourses.repository.GenericRepository add
INFO: Added Student: vasyl.kosovan.b@chnu.edu.ua
Nov 30, 2025 2:15:04 PM ua.onlinecourses.repository.GenericRepository getAll
INFO: Retrieved all Student items. Count: 3
Nov 30, 2025 2:15:04 PM ua.onlinecourses.repository.StudentRepository sortByName
INFO: Sorted Student by lastName, firstName, and email (ascending)
Nov 30, 2025 2:15:04 PM ua.onlinecourses.repository.StudentRepositorySortingTest testSortByNameWithIdenticalNames
INFO: sortByName with identical names test completed
Nov 30, 2025 2:15:04 PM ua.onlinecourses.repository.StudentRepositorySortingTest setUp
INFO: Setting up test data
Nov 30, 2025 2:15:04 PM ua.onlinecourses.repository.GenericRepository <init>
INFO: Created repository for Student
Nov 30, 2025 2:15:04 PM ua.onlinecourses.model.Student <init>
INFO: Attempting to create Student: Alice, Rotar, alice.rotar@chnu.edu.ua, 2025-09-01
Nov 30, 2025 2:15:04 PM ua.onlinecourses.util.ValidationUtils validate
INFO: Attempting to validate object: Student
Nov 30, 2025 2:15:04 PM ua.onlinecourses.util.ValidationUtils validate
INFO: Validation successful for Student
Nov 30, 2025 2:15:04 PM ua.onlinecourses.model.Student <init>
INFO: Student created successfully: Alice, Rotar, alice.rotar@chnu.edu.ua, 2025-09-01
Nov 30, 2025 2:15:04 PM ua.onlinecourses.model.Student <init>
INFO: Attempting to create Student: Maria, Smyk, maria.smyk@chnu.edu.ua, 2025-09-05
Nov 30, 2025 2:15:04 PM ua.onlinecourses.util.ValidationUtils validate
INFO: Attempting to validate object: Student
Nov 30, 2025 2:15:04 PM ua.onlinecourses.util.ValidationUtils validate
INFO: Validation successful for Student
Nov 30, 2025 2:15:04 PM ua.onlinecourses.model.Student <init>
INFO: Student created successfully: Maria, Smyk, maria.smyk@chnu.edu.ua, 2025-09-05
Nov 30, 2025 2:15:04 PM ua.onlinecourses.model.Student <init>
INFO: Attempting to create Student: Alex, Kushnir, alex.kushnir@chnu.edu.ua, 2025-09-10
Nov 30, 2025 2:15:04 PM ua.onlinecourses.util.ValidationUtils validate
INFO: Attempting to validate object: Student
Nov 30, 2025 2:15:04 PM ua.onlinecourses.util.ValidationUtils validate
INFO: Validation successful for Student
Nov 30, 2025 2:15:04 PM ua.onlinecourses.model.Student <init>
INFO: Student created successfully: Alex, Kushnir, alex.kushnir@chnu.edu.ua, 2025-09-10
Nov 30, 2025 2:15:04 PM ua.onlinecourses.model.Student <init>
INFO: Attempting to create Student: Alice, Hatsenko, alice.hatsenko@chnu.edu.ua, 2025-09-15
Nov 30, 2025 2:15:04 PM ua.onlinecourses.util.ValidationUtils validate
INFO: Attempting to validate object: Student
Nov 30, 2025 2:15:04 PM ua.onlinecourses.util.ValidationUtils validate
INFO: Validation successful for Student
Nov 30, 2025 2:15:04 PM ua.onlinecourses.model.Student <init>
INFO: Student created successfully: Alice, Hatsenko, alice.hatsenko@chnu.edu.ua, 2025-09-15
Nov 30, 2025 2:15:04 PM ua.onlinecourses.model.Student <init>
INFO: Attempting to create Student: Anna, Hatsenko, anna.hatsenko@chnu.edu.ua, 2025-09-20
Nov 30, 2025 2:15:04 PM ua.onlinecourses.util.ValidationUtils validate
INFO: Attempting to validate object: Student
Nov 30, 2025 2:15:04 PM ua.onlinecourses.util.ValidationUtils validate
INFO: Validation successful for Student
Nov 30, 2025 2:15:04 PM ua.onlinecourses.model.Student <init>
INFO: Student created successfully: Anna, Hatsenko, anna.hatsenko@chnu.edu.ua, 2025-09-20
Nov 30, 2025 2:15:04 PM ua.onlinecourses.repository.GenericRepository findByIdentity
INFO: No Student found with identity: maria.smyk@chnu.edu.ua
Nov 30, 2025 2:15:04 PM ua.onlinecourses.repository.GenericRepository add
INFO: Added Student: maria.smyk@chnu.edu.ua
Nov 30, 2025 2:15:04 PM ua.onlinecourses.repository.GenericRepository findByIdentity
INFO: No Student found with identity: alice.rotar@chnu.edu.ua
Nov 30, 2025 2:15:04 PM ua.onlinecourses.repository.GenericRepository add
INFO: Added Student: alice.rotar@chnu.edu.ua
Nov 30, 2025 2:15:04 PM ua.onlinecourses.repository.GenericRepository findByIdentity
INFO: No Student found with identity: alex.kushnir@chnu.edu.ua
Nov 30, 2025 2:15:04 PM ua.onlinecourses.repository.GenericRepository add
INFO: Added Student: alex.kushnir@chnu.edu.ua
Nov 30, 2025 2:15:04 PM ua.onlinecourses.repository.GenericRepository findByIdentity
INFO: No Student found with identity: alice.hatsenko@chnu.edu.ua
Nov 30, 2025 2:15:04 PM ua.onlinecourses.repository.GenericRepository add
INFO: Added Student: alice.hatsenko@chnu.edu.ua
Nov 30, 2025 2:15:04 PM ua.onlinecourses.repository.GenericRepository findByIdentity
INFO: No Student found with identity: anna.hatsenko@chnu.edu.ua
Nov 30, 2025 2:15:04 PM ua.onlinecourses.repository.GenericRepository add
INFO: Added Student: anna.hatsenko@chnu.edu.ua
Nov 30, 2025 2:15:04 PM ua.onlinecourses.repository.StudentRepositorySortingTest setUp
INFO: Test setup completed with 5 students
Nov 30, 2025 2:15:04 PM ua.onlinecourses.repository.StudentRepositorySortingTest testSortByNameDesc
INFO: Testing sortByNameDesc
Nov 30, 2025 2:15:04 PM ua.onlinecourses.repository.GenericRepository getAll
INFO: Retrieved all Student items. Count: 5
Nov 30, 2025 2:15:04 PM ua.onlinecourses.repository.StudentRepository sortByNameDesc
INFO: Sorted Student by lastName (desc), firstName, and email
Nov 30, 2025 2:15:04 PM ua.onlinecourses.repository.StudentRepositorySortingTest testSortByNameDesc
INFO: sortByNameDesc test completed successfully
Nov 30, 2025 2:15:04 PM ua.onlinecourses.repository.StudentRepositorySortingTest setUp
INFO: Setting up test data
Nov 30, 2025 2:15:04 PM ua.onlinecourses.repository.GenericRepository <init>
INFO: Created repository for Student
Nov 30, 2025 2:15:04 PM ua.onlinecourses.model.Student <init>
INFO: Attempting to create Student: Alice, Rotar, alice.rotar@chnu.edu.ua, 2025-09-01
Nov 30, 2025 2:15:04 PM ua.onlinecourses.util.ValidationUtils validate
INFO: Attempting to validate object: Student
Nov 30, 2025 2:15:04 PM ua.onlinecourses.util.ValidationUtils validate
INFO: Validation successful for Student
Nov 30, 2025 2:15:04 PM ua.onlinecourses.model.Student <init>
INFO: Student created successfully: Alice, Rotar, alice.rotar@chnu.edu.ua, 2025-09-01
Nov 30, 2025 2:15:04 PM ua.onlinecourses.model.Student <init>
INFO: Attempting to create Student: Maria, Smyk, maria.smyk@chnu.edu.ua, 2025-09-05
Nov 30, 2025 2:15:04 PM ua.onlinecourses.util.ValidationUtils validate
INFO: Attempting to validate object: Student
Nov 30, 2025 2:15:04 PM ua.onlinecourses.util.ValidationUtils validate
INFO: Validation successful for Student
Nov 30, 2025 2:15:04 PM ua.onlinecourses.model.Student <init>
INFO: Student created successfully: Maria, Smyk, maria.smyk@chnu.edu.ua, 2025-09-05
Nov 30, 2025 2:15:04 PM ua.onlinecourses.model.Student <init>
INFO: Attempting to create Student: Alex, Kushnir, alex.kushnir@chnu.edu.ua, 2025-09-10
Nov 30, 2025 2:15:04 PM ua.onlinecourses.util.ValidationUtils validate
INFO: Attempting to validate object: Student
Nov 30, 2025 2:15:04 PM ua.onlinecourses.util.ValidationUtils validate
INFO: Validation successful for Student
Nov 30, 2025 2:15:04 PM ua.onlinecourses.model.Student <init>
INFO: Student created successfully: Alex, Kushnir, alex.kushnir@chnu.edu.ua, 2025-09-10
Nov 30, 2025 2:15:04 PM ua.onlinecourses.model.Student <init>
INFO: Attempting to create Student: Alice, Hatsenko, alice.hatsenko@chnu.edu.ua, 2025-09-15
Nov 30, 2025 2:15:04 PM ua.onlinecourses.util.ValidationUtils validate
INFO: Attempting to validate object: Student
Nov 30, 2025 2:15:04 PM ua.onlinecourses.util.ValidationUtils validate
INFO: Validation successful for Student
Nov 30, 2025 2:15:04 PM ua.onlinecourses.model.Student <init>
INFO: Student created successfully: Alice, Hatsenko, alice.hatsenko@chnu.edu.ua, 2025-09-15
Nov 30, 2025 2:15:04 PM ua.onlinecourses.model.Student <init>
INFO: Attempting to create Student: Anna, Hatsenko, anna.hatsenko@chnu.edu.ua, 2025-09-20
Nov 30, 2025 2:15:04 PM ua.onlinecourses.util.ValidationUtils validate
INFO: Attempting to validate object: Student
Nov 30, 2025 2:15:04 PM ua.onlinecourses.util.ValidationUtils validate
INFO: Validation successful for Student
Nov 30, 2025 2:15:04 PM ua.onlinecourses.model.Student <init>
INFO: Student created successfully: Anna, Hatsenko, anna.hatsenko@chnu.edu.ua, 2025-09-20
Nov 30, 2025 2:15:04 PM ua.onlinecourses.repository.GenericRepository findByIdentity
INFO: No Student found with identity: maria.smyk@chnu.edu.ua
Nov 30, 2025 2:15:04 PM ua.onlinecourses.repository.GenericRepository add
INFO: Added Student: maria.smyk@chnu.edu.ua
Nov 30, 2025 2:15:04 PM ua.onlinecourses.repository.GenericRepository findByIdentity
INFO: No Student found with identity: alice.rotar@chnu.edu.ua
Nov 30, 2025 2:15:04 PM ua.onlinecourses.repository.GenericRepository add
INFO: Added Student: alice.rotar@chnu.edu.ua
Nov 30, 2025 2:15:04 PM ua.onlinecourses.repository.GenericRepository findByIdentity
INFO: No Student found with identity: alex.kushnir@chnu.edu.ua
Nov 30, 2025 2:15:04 PM ua.onlinecourses.repository.GenericRepository add
INFO: Added Student: alex.kushnir@chnu.edu.ua
Nov 30, 2025 2:15:04 PM ua.onlinecourses.repository.GenericRepository findByIdentity
INFO: No Student found with identity: alice.hatsenko@chnu.edu.ua
Nov 30, 2025 2:15:04 PM ua.onlinecourses.repository.GenericRepository add
INFO: Added Student: alice.hatsenko@chnu.edu.ua
Nov 30, 2025 2:15:04 PM ua.onlinecourses.repository.GenericRepository findByIdentity
INFO: No Student found with identity: anna.hatsenko@chnu.edu.ua
Nov 30, 2025 2:15:04 PM ua.onlinecourses.repository.GenericRepository add
INFO: Added Student: anna.hatsenko@chnu.edu.ua
Nov 30, 2025 2:15:04 PM ua.onlinecourses.repository.StudentRepositorySortingTest setUp
INFO: Test setup completed with 5 students
Nov 30, 2025 2:15:04 PM ua.onlinecourses.repository.StudentRepositorySortingTest testSortingSingleStudent
INFO: Testing sorting with single student
Nov 30, 2025 2:15:04 PM ua.onlinecourses.repository.GenericRepository <init>
INFO: Created repository for Student
Nov 30, 2025 2:15:04 PM ua.onlinecourses.model.Student <init>
INFO: Attempting to create Student: Alice, Rotar, alice.rotar@chnu.edu.ua, 2025-01-01
Nov 30, 2025 2:15:04 PM ua.onlinecourses.util.ValidationUtils validate
INFO: Attempting to validate object: Student
Nov 30, 2025 2:15:04 PM ua.onlinecourses.util.ValidationUtils validate
INFO: Validation successful for Student
Nov 30, 2025 2:15:04 PM ua.onlinecourses.model.Student <init>
INFO: Student created successfully: Alice, Rotar, alice.rotar@chnu.edu.ua, 2025-01-01
Nov 30, 2025 2:15:04 PM ua.onlinecourses.repository.GenericRepository findByIdentity
INFO: No Student found with identity: alice.rotar@chnu.edu.ua
Nov 30, 2025 2:15:04 PM ua.onlinecourses.repository.GenericRepository add
INFO: Added Student: alice.rotar@chnu.edu.ua
Nov 30, 2025 2:15:04 PM ua.onlinecourses.repository.GenericRepository getAll
INFO: Retrieved all Student items. Count: 1
Nov 30, 2025 2:15:04 PM ua.onlinecourses.repository.StudentRepository sortByName
INFO: Sorted Student by lastName, firstName, and email (ascending)
Nov 30, 2025 2:15:04 PM ua.onlinecourses.repository.GenericRepository getAll
INFO: Retrieved all Student items. Count: 1
Nov 30, 2025 2:15:04 PM ua.onlinecourses.repository.StudentRepository sortByEnrollmentDate
INFO: Sorted Student by enrollment date
Nov 30, 2025 2:15:04 PM ua.onlinecourses.repository.StudentRepositorySortingTest testSortingSingleStudent
INFO: Single student sorting test completed
Nov 30, 2025 2:15:04 PM ua.onlinecourses.repository.StudentRepositorySortingTest setUp
INFO: Setting up test data
Nov 30, 2025 2:15:04 PM ua.onlinecourses.repository.GenericRepository <init>
INFO: Created repository for Student
Nov 30, 2025 2:15:04 PM ua.onlinecourses.model.Student <init>
INFO: Attempting to create Student: Alice, Rotar, alice.rotar@chnu.edu.ua, 2025-09-01
Nov 30, 2025 2:15:04 PM ua.onlinecourses.util.ValidationUtils validate
INFO: Attempting to validate object: Student
Nov 30, 2025 2:15:04 PM ua.onlinecourses.util.ValidationUtils validate
INFO: Validation successful for Student
Nov 30, 2025 2:15:04 PM ua.onlinecourses.model.Student <init>
INFO: Student created successfully: Alice, Rotar, alice.rotar@chnu.edu.ua, 2025-09-01
Nov 30, 2025 2:15:04 PM ua.onlinecourses.model.Student <init>
INFO: Attempting to create Student: Maria, Smyk, maria.smyk@chnu.edu.ua, 2025-09-05
Nov 30, 2025 2:15:04 PM ua.onlinecourses.util.ValidationUtils validate
INFO: Attempting to validate object: Student
Nov 30, 2025 2:15:04 PM ua.onlinecourses.util.ValidationUtils validate
INFO: Validation successful for Student
Nov 30, 2025 2:15:04 PM ua.onlinecourses.model.Student <init>
INFO: Student created successfully: Maria, Smyk, maria.smyk@chnu.edu.ua, 2025-09-05
Nov 30, 2025 2:15:04 PM ua.onlinecourses.model.Student <init>
INFO: Attempting to create Student: Alex, Kushnir, alex.kushnir@chnu.edu.ua, 2025-09-10
Nov 30, 2025 2:15:04 PM ua.onlinecourses.util.ValidationUtils validate
INFO: Attempting to validate object: Student
Nov 30, 2025 2:15:04 PM ua.onlinecourses.util.ValidationUtils validate
INFO: Validation successful for Student
Nov 30, 2025 2:15:04 PM ua.onlinecourses.model.Student <init>
INFO: Student created successfully: Alex, Kushnir, alex.kushnir@chnu.edu.ua, 2025-09-10
Nov 30, 2025 2:15:04 PM ua.onlinecourses.model.Student <init>
INFO: Attempting to create Student: Alice, Hatsenko, alice.hatsenko@chnu.edu.ua, 2025-09-15
Nov 30, 2025 2:15:04 PM ua.onlinecourses.util.ValidationUtils validate
INFO: Attempting to validate object: Student
Nov 30, 2025 2:15:04 PM ua.onlinecourses.util.ValidationUtils validate
INFO: Validation successful for Student
Nov 30, 2025 2:15:04 PM ua.onlinecourses.model.Student <init>
INFO: Student created successfully: Alice, Hatsenko, alice.hatsenko@chnu.edu.ua, 2025-09-15
Nov 30, 2025 2:15:04 PM ua.onlinecourses.model.Student <init>
INFO: Attempting to create Student: Anna, Hatsenko, anna.hatsenko@chnu.edu.ua, 2025-09-20
Nov 30, 2025 2:15:04 PM ua.onlinecourses.util.ValidationUtils validate
INFO: Attempting to validate object: Student
Nov 30, 2025 2:15:04 PM ua.onlinecourses.util.ValidationUtils validate
INFO: Validation successful for Student
Nov 30, 2025 2:15:04 PM ua.onlinecourses.model.Student <init>
INFO: Student created successfully: Anna, Hatsenko, anna.hatsenko@chnu.edu.ua, 2025-09-20
Nov 30, 2025 2:15:04 PM ua.onlinecourses.repository.GenericRepository findByIdentity
INFO: No Student found with identity: maria.smyk@chnu.edu.ua
Nov 30, 2025 2:15:04 PM ua.onlinecourses.repository.GenericRepository add
INFO: Added Student: maria.smyk@chnu.edu.ua
Nov 30, 2025 2:15:04 PM ua.onlinecourses.repository.GenericRepository findByIdentity
INFO: No Student found with identity: alice.rotar@chnu.edu.ua
Nov 30, 2025 2:15:04 PM ua.onlinecourses.repository.GenericRepository add
INFO: Added Student: alice.rotar@chnu.edu.ua
Nov 30, 2025 2:15:04 PM ua.onlinecourses.repository.GenericRepository findByIdentity
INFO: No Student found with identity: alex.kushnir@chnu.edu.ua
Nov 30, 2025 2:15:04 PM ua.onlinecourses.repository.GenericRepository add
INFO: Added Student: alex.kushnir@chnu.edu.ua
Nov 30, 2025 2:15:04 PM ua.onlinecourses.repository.GenericRepository findByIdentity
INFO: No Student found with identity: alice.hatsenko@chnu.edu.ua
Nov 30, 2025 2:15:04 PM ua.onlinecourses.repository.GenericRepository add
INFO: Added Student: alice.hatsenko@chnu.edu.ua
Nov 30, 2025 2:15:04 PM ua.onlinecourses.repository.GenericRepository findByIdentity
INFO: No Student found with identity: anna.hatsenko@chnu.edu.ua
Nov 30, 2025 2:15:04 PM ua.onlinecourses.repository.GenericRepository add
INFO: Added Student: anna.hatsenko@chnu.edu.ua
Nov 30, 2025 2:15:04 PM ua.onlinecourses.repository.StudentRepositorySortingTest setUp
INFO: Test setup completed with 5 students
Nov 30, 2025 2:15:04 PM ua.onlinecourses.repository.StudentRepositorySortingTest testSortByNameDoesNotModifyRepository
INFO: Testing that sortByName does not modify repository
Nov 30, 2025 2:15:04 PM ua.onlinecourses.repository.GenericRepository getAll
INFO: Retrieved all Student items. Count: 5
Nov 30, 2025 2:15:04 PM ua.onlinecourses.repository.GenericRepository getAll
INFO: Retrieved all Student items. Count: 5
Nov 30, 2025 2:15:04 PM ua.onlinecourses.repository.StudentRepository sortByName
INFO: Sorted Student by lastName, firstName, and email (ascending)
Nov 30, 2025 2:15:04 PM ua.onlinecourses.repository.GenericRepository getAll
INFO: Retrieved all Student items. Count: 5
Nov 30, 2025 2:15:04 PM ua.onlinecourses.repository.StudentRepositorySortingTest setUp
INFO: Setting up test data
Nov 30, 2025 2:15:04 PM ua.onlinecourses.repository.GenericRepository <init>
INFO: Created repository for Student
Nov 30, 2025 2:15:04 PM ua.onlinecourses.model.Student <init>
INFO: Attempting to create Student: Alice, Rotar, alice.rotar@chnu.edu.ua, 2025-09-01
Nov 30, 2025 2:15:04 PM ua.onlinecourses.util.ValidationUtils validate
INFO: Attempting to validate object: Student
Nov 30, 2025 2:15:04 PM ua.onlinecourses.util.ValidationUtils validate
INFO: Validation successful for Student
Nov 30, 2025 2:15:04 PM ua.onlinecourses.model.Student <init>
INFO: Student created successfully: Alice, Rotar, alice.rotar@chnu.edu.ua, 2025-09-01
Nov 30, 2025 2:15:04 PM ua.onlinecourses.model.Student <init>
INFO: Attempting to create Student: Maria, Smyk, maria.smyk@chnu.edu.ua, 2025-09-05
Nov 30, 2025 2:15:04 PM ua.onlinecourses.util.ValidationUtils validate
INFO: Attempting to validate object: Student
Nov 30, 2025 2:15:04 PM ua.onlinecourses.util.ValidationUtils validate
INFO: Validation successful for Student
Nov 30, 2025 2:15:04 PM ua.onlinecourses.model.Student <init>
INFO: Student created successfully: Maria, Smyk, maria.smyk@chnu.edu.ua, 2025-09-05
Nov 30, 2025 2:15:04 PM ua.onlinecourses.model.Student <init>
INFO: Attempting to create Student: Alex, Kushnir, alex.kushnir@chnu.edu.ua, 2025-09-10
Nov 30, 2025 2:15:04 PM ua.onlinecourses.util.ValidationUtils validate
INFO: Attempting to validate object: Student
Nov 30, 2025 2:15:04 PM ua.onlinecourses.util.ValidationUtils validate
INFO: Validation successful for Student
Nov 30, 2025 2:15:04 PM ua.onlinecourses.model.Student <init>
INFO: Student created successfully: Alex, Kushnir, alex.kushnir@chnu.edu.ua, 2025-09-10
Nov 30, 2025 2:15:04 PM ua.onlinecourses.model.Student <init>
INFO: Attempting to create Student: Alice, Hatsenko, alice.hatsenko@chnu.edu.ua, 2025-09-15
Nov 30, 2025 2:15:04 PM ua.onlinecourses.util.ValidationUtils validate
INFO: Attempting to validate object: Student
Nov 30, 2025 2:15:04 PM ua.onlinecourses.util.ValidationUtils validate
INFO: Validation successful for Student
Nov 30, 2025 2:15:04 PM ua.onlinecourses.model.Student <init>
INFO: Student created successfully: Alice, Hatsenko, alice.hatsenko@chnu.edu.ua, 2025-09-15
Nov 30, 2025 2:15:04 PM ua.onlinecourses.model.Student <init>
INFO: Attempting to create Student: Anna, Hatsenko, anna.hatsenko@chnu.edu.ua, 2025-09-20
Nov 30, 2025 2:15:04 PM ua.onlinecourses.util.ValidationUtils validate
INFO: Attempting to validate object: Student
Nov 30, 2025 2:15:04 PM ua.onlinecourses.util.ValidationUtils validate
INFO: Validation successful for Student
Nov 30, 2025 2:15:04 PM ua.onlinecourses.model.Student <init>
INFO: Student created successfully: Anna, Hatsenko, anna.hatsenko@chnu.edu.ua, 2025-09-20
Nov 30, 2025 2:15:04 PM ua.onlinecourses.repository.GenericRepository findByIdentity
INFO: No Student found with identity: maria.smyk@chnu.edu.ua
Nov 30, 2025 2:15:04 PM ua.onlinecourses.repository.GenericRepository add
INFO: Added Student: maria.smyk@chnu.edu.ua
Nov 30, 2025 2:15:04 PM ua.onlinecourses.repository.GenericRepository findByIdentity
INFO: No Student found with identity: alice.rotar@chnu.edu.ua
Nov 30, 2025 2:15:04 PM ua.onlinecourses.repository.GenericRepository add
INFO: Added Student: alice.rotar@chnu.edu.ua
Nov 30, 2025 2:15:04 PM ua.onlinecourses.repository.GenericRepository findByIdentity
INFO: No Student found with identity: alex.kushnir@chnu.edu.ua
Nov 30, 2025 2:15:04 PM ua.onlinecourses.repository.GenericRepository add
INFO: Added Student: alex.kushnir@chnu.edu.ua
Nov 30, 2025 2:15:04 PM ua.onlinecourses.repository.GenericRepository findByIdentity
INFO: No Student found with identity: alice.hatsenko@chnu.edu.ua
Nov 30, 2025 2:15:04 PM ua.onlinecourses.repository.GenericRepository add
INFO: Added Student: alice.hatsenko@chnu.edu.ua
Nov 30, 2025 2:15:04 PM ua.onlinecourses.repository.GenericRepository findByIdentity
INFO: No Student found with identity: anna.hatsenko@chnu.edu.ua
Nov 30, 2025 2:15:04 PM ua.onlinecourses.repository.GenericRepository add
INFO: Added Student: anna.hatsenko@chnu.edu.ua
Nov 30, 2025 2:15:04 PM ua.onlinecourses.repository.StudentRepositorySortingTest setUp
INFO: Test setup completed with 5 students
Nov 30, 2025 2:15:04 PM ua.onlinecourses.repository.StudentRepositorySortingTest testSortByFirstName
INFO: Testing sortByFirstName
Nov 30, 2025 2:15:04 PM ua.onlinecourses.repository.GenericRepository getAll
INFO: Retrieved all Student items. Count: 5
Nov 30, 2025 2:15:04 PM ua.onlinecourses.repository.StudentRepository sortByFirstName
INFO: Sorted Student by firstName using method reference
Nov 30, 2025 2:15:04 PM ua.onlinecourses.repository.StudentRepositorySortingTest testSortByFirstName
INFO: sortByFirstName test completed successfully
Nov 30, 2025 2:15:04 PM ua.onlinecourses.repository.StudentRepositorySortingTest setUp
INFO: Setting up test data
Nov 30, 2025 2:15:04 PM ua.onlinecourses.repository.GenericRepository <init>
INFO: Created repository for Student
Nov 30, 2025 2:15:04 PM ua.onlinecourses.model.Student <init>
INFO: Attempting to create Student: Alice, Rotar, alice.rotar@chnu.edu.ua, 2025-09-01
Nov 30, 2025 2:15:04 PM ua.onlinecourses.util.ValidationUtils validate
INFO: Attempting to validate object: Student
Nov 30, 2025 2:15:04 PM ua.onlinecourses.util.ValidationUtils validate
INFO: Validation successful for Student
Nov 30, 2025 2:15:04 PM ua.onlinecourses.model.Student <init>
INFO: Student created successfully: Alice, Rotar, alice.rotar@chnu.edu.ua, 2025-09-01
Nov 30, 2025 2:15:04 PM ua.onlinecourses.model.Student <init>
INFO: Attempting to create Student: Maria, Smyk, maria.smyk@chnu.edu.ua, 2025-09-05
Nov 30, 2025 2:15:04 PM ua.onlinecourses.util.ValidationUtils validate
INFO: Attempting to validate object: Student
Nov 30, 2025 2:15:04 PM ua.onlinecourses.util.ValidationUtils validate
INFO: Validation successful for Student
Nov 30, 2025 2:15:04 PM ua.onlinecourses.model.Student <init>
INFO: Student created successfully: Maria, Smyk, maria.smyk@chnu.edu.ua, 2025-09-05
Nov 30, 2025 2:15:04 PM ua.onlinecourses.model.Student <init>
INFO: Attempting to create Student: Alex, Kushnir, alex.kushnir@chnu.edu.ua, 2025-09-10
Nov 30, 2025 2:15:04 PM ua.onlinecourses.util.ValidationUtils validate
INFO: Attempting to validate object: Student
Nov 30, 2025 2:15:04 PM ua.onlinecourses.util.ValidationUtils validate
INFO: Validation successful for Student
Nov 30, 2025 2:15:04 PM ua.onlinecourses.model.Student <init>
INFO: Student created successfully: Alex, Kushnir, alex.kushnir@chnu.edu.ua, 2025-09-10
Nov 30, 2025 2:15:04 PM ua.onlinecourses.model.Student <init>
INFO: Attempting to create Student: Alice, Hatsenko, alice.hatsenko@chnu.edu.ua, 2025-09-15
Nov 30, 2025 2:15:04 PM ua.onlinecourses.util.ValidationUtils validate
INFO: Attempting to validate object: Student
Nov 30, 2025 2:15:04 PM ua.onlinecourses.util.ValidationUtils validate
INFO: Validation successful for Student
Nov 30, 2025 2:15:04 PM ua.onlinecourses.model.Student <init>
INFO: Student created successfully: Alice, Hatsenko, alice.hatsenko@chnu.edu.ua, 2025-09-15
Nov 30, 2025 2:15:04 PM ua.onlinecourses.model.Student <init>
INFO: Attempting to create Student: Anna, Hatsenko, anna.hatsenko@chnu.edu.ua, 2025-09-20
Nov 30, 2025 2:15:04 PM ua.onlinecourses.util.ValidationUtils validate
INFO: Attempting to validate object: Student
Nov 30, 2025 2:15:04 PM ua.onlinecourses.util.ValidationUtils validate
INFO: Validation successful for Student
Nov 30, 2025 2:15:04 PM ua.onlinecourses.model.Student <init>
INFO: Student created successfully: Anna, Hatsenko, anna.hatsenko@chnu.edu.ua, 2025-09-20
Nov 30, 2025 2:15:04 PM ua.onlinecourses.repository.GenericRepository findByIdentity
INFO: No Student found with identity: maria.smyk@chnu.edu.ua
Nov 30, 2025 2:15:04 PM ua.onlinecourses.repository.GenericRepository add
INFO: Added Student: maria.smyk@chnu.edu.ua
Nov 30, 2025 2:15:04 PM ua.onlinecourses.repository.GenericRepository findByIdentity
INFO: No Student found with identity: alice.rotar@chnu.edu.ua
Nov 30, 2025 2:15:04 PM ua.onlinecourses.repository.GenericRepository add
INFO: Added Student: alice.rotar@chnu.edu.ua
Nov 30, 2025 2:15:04 PM ua.onlinecourses.repository.GenericRepository findByIdentity
INFO: No Student found with identity: alex.kushnir@chnu.edu.ua
Nov 30, 2025 2:15:04 PM ua.onlinecourses.repository.GenericRepository add
INFO: Added Student: alex.kushnir@chnu.edu.ua
Nov 30, 2025 2:15:04 PM ua.onlinecourses.repository.GenericRepository findByIdentity
INFO: No Student found with identity: alice.hatsenko@chnu.edu.ua
Nov 30, 2025 2:15:04 PM ua.onlinecourses.repository.GenericRepository add
INFO: Added Student: alice.hatsenko@chnu.edu.ua
Nov 30, 2025 2:15:04 PM ua.onlinecourses.repository.GenericRepository findByIdentity
INFO: No Student found with identity: anna.hatsenko@chnu.edu.ua
Nov 30, 2025 2:15:04 PM ua.onlinecourses.repository.GenericRepository add
INFO: Added Student: anna.hatsenko@chnu.edu.ua
Nov 30, 2025 2:15:04 PM ua.onlinecourses.repository.StudentRepositorySortingTest setUp
INFO: Test setup completed with 5 students
Nov 30, 2025 2:15:04 PM ua.onlinecourses.repository.StudentRepositorySortingTest testSortByEnrollmentDate
INFO: Testing sortByEnrollmentDate
Nov 30, 2025 2:15:04 PM ua.onlinecourses.repository.GenericRepository getAll
INFO: Retrieved all Student items. Count: 5
Nov 30, 2025 2:15:04 PM ua.onlinecourses.repository.StudentRepository sortByEnrollmentDate
INFO: Sorted Student by enrollment date
Nov 30, 2025 2:15:04 PM ua.onlinecourses.repository.StudentRepositorySortingTest testSortByEnrollmentDate
INFO: sortByEnrollmentDate test completed successfully
]]></system-err>
</testsuite>
