<!DOCTYPE html>
<html>
<head>
<meta http-equiv="Content-Type" content="text/html; charset=utf-8"/>
<meta http-equiv="x-ua-compatible" content="IE=edge"/>
<title>Test results - myModuleTest</title>
<link href="../css/base-style.css" rel="stylesheet" type="text/css"/>
<link href="../css/style.css" rel="stylesheet" type="text/css"/>
<script src="../js/report.js" type="text/javascript"></script>
</head>
<body>
<div id="content">
<h1>myModuleTest</h1>
<div class="breadcrumbs">
<a href="../index.html">all</a> &gt; 
<a href="../packages/ua.onlinecourses.model.html">ua.onlinecourses.model</a> &gt; myModuleTest</div>
<div id="summary">
<table>
<tr>
<td>
<div class="summaryGroup">
<table>
<tr>
<td>
<div class="infoBox" id="tests">
<div class="counter">23</div>
<p>tests</p>
</div>
</td>
<td>
<div class="infoBox" id="failures">
<div class="counter">2</div>
<p>failures</p>
</div>
</td>
<td>
<div class="infoBox" id="ignored">
<div class="counter">0</div>
<p>ignored</p>
</div>
</td>
<td>
<div class="infoBox" id="duration">
<div class="counter">0.130s</div>
<p>duration</p>
</div>
</td>
</tr>
</table>
</div>
</td>
<td>
<div class="infoBox failures" id="successRate">
<div class="percent">91%</div>
<p>successful</p>
</div>
</td>
</tr>
</table>
</div>
<div class="tab-container">
<ul class="tabLinks">
<li>
<a href="#">Failed tests</a>
</li>
<li>
<a href="#">Tests</a>
</li>
<li>
<a href="#">Standard error</a>
</li>
</ul>
<div class="tab">
<h2>Failed tests</h2>
<div class="test">
<a name="testGetFullNameThrowsExceptionForShortContent()"></a>
<h3 class="failures">testGetFullNameThrowsExceptionForShortContent()</h3>
<span class="code">
<pre>ua.onlinecourses.exception.InvalidDataException: content: invalid value 'AB' — must be between 3 and 2000 characters
	at app//ua.onlinecourses.util.ValidationUtils.validate(ValidationUtils.java:36)
	at app//ua.onlinecourses.model.myModule.&lt;init&gt;(myModule.java:40)
	at app//ua.onlinecourses.model.myModuleTest.testGetFullNameThrowsExceptionForShortContent(myModuleTest.java:102)
	at java.base@24/java.lang.reflect.Method.invoke(Method.java:565)
	at java.base@24/java.util.ArrayList.forEach(ArrayList.java:1604)
	at java.base@24/java.util.ArrayList.forEach(ArrayList.java:1604)
</pre>
</span>
</div>
<div class="test">
<a name="testGetFullNameThrowsExceptionForShortTitle()"></a>
<h3 class="failures">testGetFullNameThrowsExceptionForShortTitle()</h3>
<span class="code">
<pre>ua.onlinecourses.exception.InvalidDataException: title: invalid value 'AB' — must be between 3 and 30 characters
	at app//ua.onlinecourses.util.ValidationUtils.validate(ValidationUtils.java:36)
	at app//ua.onlinecourses.model.myModule.&lt;init&gt;(myModule.java:40)
	at app//ua.onlinecourses.model.myModuleTest.testGetFullNameThrowsExceptionForShortTitle(myModuleTest.java:93)
	at java.base@24/java.lang.reflect.Method.invoke(Method.java:565)
	at java.base@24/java.util.ArrayList.forEach(ArrayList.java:1604)
	at java.base@24/java.util.ArrayList.forEach(ArrayList.java:1604)
</pre>
</span>
</div>
</div>
<div class="tab">
<h2>Tests</h2>
<table>
<thead>
<tr>
<th>Test</th>
<th>Method name</th>
<th>Duration</th>
<th>Result</th>
</tr>
</thead>
<tr>
<td class="success">testFileNotFound()</td>
<td class="success">testFileNotFound()</td>
<td class="success">0.004s</td>
<td class="success">passed</td>
</tr>
<tr>
<td class="success">[1] Introduction, Basic concepts, INT-BAS</td>
<td class="success">testGetFullName(String, String, String)[1]</td>
<td class="success">0.005s</td>
<td class="success">passed</td>
</tr>
<tr>
<td class="success">[2] Advanced Math, Complex topics, ADV-COM</td>
<td class="success">testGetFullName(String, String, String)[2]</td>
<td class="success">0.003s</td>
<td class="success">passed</td>
</tr>
<tr>
<td class="success">[3] Java Basics, Learning, JAV-LEA</td>
<td class="success">testGetFullName(String, String, String)[3]</td>
<td class="success">0.005s</td>
<td class="success">passed</td>
</tr>
<tr>
<td class="success">[4] Python, Programming, PYT-PRO</td>
<td class="success">testGetFullName(String, String, String)[4]</td>
<td class="success">0.003s</td>
<td class="success">passed</td>
</tr>
<tr>
<td class="failures">testGetFullNameThrowsExceptionForShortContent()</td>
<td class="failures">testGetFullNameThrowsExceptionForShortContent()</td>
<td class="failures">0.005s</td>
<td class="failures">failed</td>
</tr>
<tr>
<td class="failures">testGetFullNameThrowsExceptionForShortTitle()</td>
<td class="failures">testGetFullNameThrowsExceptionForShortTitle()</td>
<td class="failures">0.003s</td>
<td class="failures">failed</td>
</tr>
<tr>
<td class="success">[1] </td>
<td class="success">testInvalidContent(String)[1]</td>
<td class="success">0.005s</td>
<td class="success">passed</td>
</tr>
<tr>
<td class="success">[2]    </td>
<td class="success">testInvalidContent(String)[2]</td>
<td class="success">0.005s</td>
<td class="success">passed</td>
</tr>
<tr>
<td class="success">testInvalidContentTooLong()</td>
<td class="success">testInvalidContentTooLong()</td>
<td class="success">0.004s</td>
<td class="success">passed</td>
</tr>
<tr>
<td class="success">[1] </td>
<td class="success">testInvalidTitle(String)[1]</td>
<td class="success">0.004s</td>
<td class="success">passed</td>
</tr>
<tr>
<td class="success">[2]    </td>
<td class="success">testInvalidTitle(String)[2]</td>
<td class="success">0.004s</td>
<td class="success">passed</td>
</tr>
<tr>
<td class="success">[3] Economics for computer science basic level introdaction for statistcs ans risks</td>
<td class="success">testInvalidTitle(String)[3]</td>
<td class="success">0.003s</td>
<td class="success">passed</td>
</tr>
<tr>
<td class="success">[1] Introduction,Basic concepts
Invalid Line
Advanced,Complex topics, 2</td>
<td class="success">testParseInvalidCSVFile(String, int)[1]</td>
<td class="success">0.010s</td>
<td class="success">passed</td>
</tr>
<tr>
<td class="success">[2] Ukrainion History for computer science learners,Content
Advanced,Complex topics, 1</td>
<td class="success">testParseInvalidCSVFile(String, int)[2]</td>
<td class="success">0.011s</td>
<td class="success">passed</td>
</tr>
<tr>
<td class="success">[3] Title,
Advanced,Complex topics, 1</td>
<td class="success">testParseInvalidCSVFile(String, int)[3]</td>
<td class="success">0.008s</td>
<td class="success">passed</td>
</tr>
<tr>
<td class="success">[1] Introduction,Basic concepts
Advanced,Complex topics, 2, Introduction, Basic concepts</td>
<td class="success">testParseValidCSVFile(String, int, String, String)[1]</td>
<td class="success">0.009s</td>
<td class="success">passed</td>
</tr>
<tr>
<td class="success">[2] Java Basics,Learn Java programming, 1, Java Basics, Learn Java programming</td>
<td class="success">testParseValidCSVFile(String, int, String, String)[2]</td>
<td class="success">0.009s</td>
<td class="success">passed</td>
</tr>
<tr>
<td class="success">[3] # Comment
Algorithms,Study algorithms

Databases,Database design, 2, Algorithms, Study algorithms</td>
<td class="success">testParseValidCSVFile(String, int, String, String)[3]</td>
<td class="success">0.010s</td>
<td class="success">passed</td>
</tr>
<tr>
<td class="success">[4] , 0, null, null</td>
<td class="success">testParseValidCSVFile(String, int, String, String)[4]</td>
<td class="success">0.006s</td>
<td class="success">passed</td>
</tr>
<tr>
<td class="success">[1] Introduction, Basic concepts and fundamentals</td>
<td class="success">testValidModuleCreation(String, String)[1]</td>
<td class="success">0.008s</td>
<td class="success">passed</td>
</tr>
<tr>
<td class="success">[2] Advanced Topics, Deep dive into complex subjects</td>
<td class="success">testValidModuleCreation(String, String)[2]</td>
<td class="success">0.003s</td>
<td class="success">passed</td>
</tr>
<tr>
<td class="success">[3] Java Basics, Learn Java programming</td>
<td class="success">testValidModuleCreation(String, String)[3]</td>
<td class="success">0.003s</td>
<td class="success">passed</td>
</tr>
</table>
</div>
<div class="tab">
<h2>Standard error</h2>
<span class="code">
<pre>нояб. 29, 2025 9:15:09 PM ua.onlinecourses.model.myModule &lt;init&gt;
INFO: Attempting to create Module: Introduction, Basic concepts
нояб. 29, 2025 9:15:09 PM ua.onlinecourses.util.ValidationUtils validate
INFO: Attempting to validate object: myModule
нояб. 29, 2025 9:15:09 PM ua.onlinecourses.util.ValidationUtils validate
INFO: Validation successful for myModule
нояб. 29, 2025 9:15:09 PM ua.onlinecourses.model.myModule &lt;init&gt;
INFO: Module created successfully: Introduction, Basic concepts
нояб. 29, 2025 9:15:09 PM ua.onlinecourses.model.myModule &lt;init&gt;
INFO: Attempting to create Module: Advanced Math, Complex topics
нояб. 29, 2025 9:15:09 PM ua.onlinecourses.util.ValidationUtils validate
INFO: Attempting to validate object: myModule
нояб. 29, 2025 9:15:09 PM ua.onlinecourses.util.ValidationUtils validate
INFO: Validation successful for myModule
нояб. 29, 2025 9:15:09 PM ua.onlinecourses.model.myModule &lt;init&gt;
INFO: Module created successfully: Advanced Math, Complex topics
нояб. 29, 2025 9:15:09 PM ua.onlinecourses.model.myModule &lt;init&gt;
INFO: Attempting to create Module: Java Basics, Learning
нояб. 29, 2025 9:15:09 PM ua.onlinecourses.util.ValidationUtils validate
INFO: Attempting to validate object: myModule
нояб. 29, 2025 9:15:09 PM ua.onlinecourses.util.ValidationUtils validate
INFO: Validation successful for myModule
нояб. 29, 2025 9:15:09 PM ua.onlinecourses.model.myModule &lt;init&gt;
INFO: Module created successfully: Java Basics, Learning
нояб. 29, 2025 9:15:09 PM ua.onlinecourses.model.myModule &lt;init&gt;
INFO: Attempting to create Module: Python, Programming
нояб. 29, 2025 9:15:09 PM ua.onlinecourses.util.ValidationUtils validate
INFO: Attempting to validate object: myModule
нояб. 29, 2025 9:15:09 PM ua.onlinecourses.util.ValidationUtils validate
INFO: Validation successful for myModule
нояб. 29, 2025 9:15:09 PM ua.onlinecourses.model.myModule &lt;init&gt;
INFO: Module created successfully: Python, Programming
нояб. 29, 2025 9:15:09 PM ua.onlinecourses.parser.ModuleFileParser parseFromCSV
INFO: Starting to parse modules from file: C:\Users\dinag\AppData\Local\Temp\junit5798842225535416052\modules.csv
нояб. 29, 2025 9:15:09 PM ua.onlinecourses.model.myModule &lt;init&gt;
INFO: Attempting to create Module: Introduction, Basic concepts
нояб. 29, 2025 9:15:09 PM ua.onlinecourses.util.ValidationUtils validate
INFO: Attempting to validate object: myModule
нояб. 29, 2025 9:15:09 PM ua.onlinecourses.util.ValidationUtils validate
INFO: Validation successful for myModule
нояб. 29, 2025 9:15:09 PM ua.onlinecourses.model.myModule &lt;init&gt;
INFO: Module created successfully: Introduction, Basic concepts
нояб. 29, 2025 9:15:09 PM ua.onlinecourses.parser.ModuleFileParser parseFromCSV
INFO: Parsed module from line 1: INT-BAS
нояб. 29, 2025 9:15:09 PM ua.onlinecourses.model.myModule &lt;init&gt;
INFO: Attempting to create Module: Advanced, Complex topics
нояб. 29, 2025 9:15:09 PM ua.onlinecourses.util.ValidationUtils validate
INFO: Attempting to validate object: myModule
нояб. 29, 2025 9:15:09 PM ua.onlinecourses.util.ValidationUtils validate
INFO: Validation successful for myModule
нояб. 29, 2025 9:15:09 PM ua.onlinecourses.model.myModule &lt;init&gt;
INFO: Module created successfully: Advanced, Complex topics
нояб. 29, 2025 9:15:09 PM ua.onlinecourses.parser.ModuleFileParser parseFromCSV
INFO: Parsed module from line 2: ADV-COM
нояб. 29, 2025 9:15:09 PM ua.onlinecourses.parser.ModuleFileParser parseFromCSV
INFO: Successfully parsed 2 modules from file
нояб. 29, 2025 9:15:09 PM ua.onlinecourses.parser.ModuleFileParser parseFromCSV
INFO: Starting to parse modules from file: C:\Users\dinag\AppData\Local\Temp\junit10968813048644343934\modules.csv
нояб. 29, 2025 9:15:09 PM ua.onlinecourses.model.myModule &lt;init&gt;
INFO: Attempting to create Module: Java Basics, Learn Java programming
нояб. 29, 2025 9:15:09 PM ua.onlinecourses.util.ValidationUtils validate
INFO: Attempting to validate object: myModule
нояб. 29, 2025 9:15:09 PM ua.onlinecourses.util.ValidationUtils validate
INFO: Validation successful for myModule
нояб. 29, 2025 9:15:09 PM ua.onlinecourses.model.myModule &lt;init&gt;
INFO: Module created successfully: Java Basics, Learn Java programming
нояб. 29, 2025 9:15:09 PM ua.onlinecourses.parser.ModuleFileParser parseFromCSV
INFO: Parsed module from line 1: JAV-LEA
нояб. 29, 2025 9:15:09 PM ua.onlinecourses.parser.ModuleFileParser parseFromCSV
INFO: Successfully parsed 1 modules from file
нояб. 29, 2025 9:15:09 PM ua.onlinecourses.parser.ModuleFileParser parseFromCSV
INFO: Starting to parse modules from file: C:\Users\dinag\AppData\Local\Temp\junit650418871527848410\modules.csv
нояб. 29, 2025 9:15:09 PM ua.onlinecourses.model.myModule &lt;init&gt;
INFO: Attempting to create Module: Algorithms, Study algorithms
нояб. 29, 2025 9:15:09 PM ua.onlinecourses.util.ValidationUtils validate
INFO: Attempting to validate object: myModule
нояб. 29, 2025 9:15:09 PM ua.onlinecourses.util.ValidationUtils validate
INFO: Validation successful for myModule
нояб. 29, 2025 9:15:09 PM ua.onlinecourses.model.myModule &lt;init&gt;
INFO: Module created successfully: Algorithms, Study algorithms
нояб. 29, 2025 9:15:09 PM ua.onlinecourses.parser.ModuleFileParser parseFromCSV
INFO: Parsed module from line 2: ALG-STU
нояб. 29, 2025 9:15:09 PM ua.onlinecourses.model.myModule &lt;init&gt;
INFO: Attempting to create Module: Databases, Database design
нояб. 29, 2025 9:15:09 PM ua.onlinecourses.util.ValidationUtils validate
INFO: Attempting to validate object: myModule
нояб. 29, 2025 9:15:09 PM ua.onlinecourses.util.ValidationUtils validate
INFO: Validation successful for myModule
нояб. 29, 2025 9:15:09 PM ua.onlinecourses.model.myModule &lt;init&gt;
INFO: Module created successfully: Databases, Database design
нояб. 29, 2025 9:15:09 PM ua.onlinecourses.parser.ModuleFileParser parseFromCSV
INFO: Parsed module from line 4: DAT-DAT
нояб. 29, 2025 9:15:09 PM ua.onlinecourses.parser.ModuleFileParser parseFromCSV
INFO: Successfully parsed 2 modules from file
нояб. 29, 2025 9:15:09 PM ua.onlinecourses.parser.ModuleFileParser parseFromCSV
INFO: Starting to parse modules from file: C:\Users\dinag\AppData\Local\Temp\junit1338072313934876430\modules.csv
нояб. 29, 2025 9:15:09 PM ua.onlinecourses.parser.ModuleFileParser parseFromCSV
INFO: Successfully parsed 0 modules from file
нояб. 29, 2025 9:15:09 PM ua.onlinecourses.model.myModule &lt;init&gt;
INFO: Attempting to create Module: AB, Content description
нояб. 29, 2025 9:15:09 PM ua.onlinecourses.util.ValidationUtils validate
INFO: Attempting to validate object: myModule
нояб. 29, 2025 9:15:09 PM ua.onlinecourses.util.ValidationUtils validate
WARNING: Validation failed for myModule: title: invalid value 'AB' — must be between 3 and 30 characters
нояб. 29, 2025 9:15:09 PM ua.onlinecourses.model.myModule &lt;init&gt;
INFO: Attempting to create Module: Title, AB
нояб. 29, 2025 9:15:09 PM ua.onlinecourses.util.ValidationUtils validate
INFO: Attempting to validate object: myModule
нояб. 29, 2025 9:15:09 PM ua.onlinecourses.util.ValidationUtils validate
WARNING: Validation failed for myModule: content: invalid value 'AB' — must be between 3 and 2000 characters
нояб. 29, 2025 9:15:09 PM ua.onlinecourses.model.myModule &lt;init&gt;
INFO: Attempting to create Module: Economics, 
нояб. 29, 2025 9:15:09 PM ua.onlinecourses.util.ValidationUtils validate
INFO: Attempting to validate object: myModule
нояб. 29, 2025 9:15:09 PM ua.onlinecourses.util.ValidationUtils validate
WARNING: Validation failed for myModule: content: invalid value '' — must be between 3 and 2000 characters; content: invalid value '' — cannot be empty
нояб. 29, 2025 9:15:09 PM ua.onlinecourses.model.myModule &lt;init&gt;
INFO: Attempting to create Module: Economics,    
нояб. 29, 2025 9:15:09 PM ua.onlinecourses.util.ValidationUtils validate
INFO: Attempting to validate object: myModule
нояб. 29, 2025 9:15:09 PM ua.onlinecourses.util.ValidationUtils validate
WARNING: Validation failed for myModule: content: invalid value '   ' — cannot be empty
нояб. 29, 2025 9:15:09 PM ua.onlinecourses.model.myModule &lt;init&gt;
INFO: Attempting to create Module: Introduction, Basic concepts and fundamentals
нояб. 29, 2025 9:15:09 PM ua.onlinecourses.util.ValidationUtils validate
INFO: Attempting to validate object: myModule
нояб. 29, 2025 9:15:09 PM ua.onlinecourses.util.ValidationUtils validate
INFO: Validation successful for myModule
нояб. 29, 2025 9:15:09 PM ua.onlinecourses.model.myModule &lt;init&gt;
INFO: Module created successfully: Introduction, Basic concepts and fundamentals
нояб. 29, 2025 9:15:09 PM ua.onlinecourses.model.myModule &lt;init&gt;
INFO: Attempting to create Module: Advanced Topics, Deep dive into complex subjects
нояб. 29, 2025 9:15:09 PM ua.onlinecourses.util.ValidationUtils validate
INFO: Attempting to validate object: myModule
нояб. 29, 2025 9:15:09 PM ua.onlinecourses.util.ValidationUtils validate
INFO: Validation successful for myModule
нояб. 29, 2025 9:15:09 PM ua.onlinecourses.model.myModule &lt;init&gt;
INFO: Module created successfully: Advanced Topics, Deep dive into complex subjects
нояб. 29, 2025 9:15:09 PM ua.onlinecourses.model.myModule &lt;init&gt;
INFO: Attempting to create Module: Java Basics, Learn Java programming
нояб. 29, 2025 9:15:09 PM ua.onlinecourses.util.ValidationUtils validate
INFO: Attempting to validate object: myModule
нояб. 29, 2025 9:15:09 PM ua.onlinecourses.util.ValidationUtils validate
INFO: Validation successful for myModule
нояб. 29, 2025 9:15:09 PM ua.onlinecourses.model.myModule &lt;init&gt;
INFO: Module created successfully: Java Basics, Learn Java programming
нояб. 29, 2025 9:15:09 PM ua.onlinecourses.model.myModule &lt;init&gt;
INFO: Attempting to create Module: Phisics, aaaaaaaaaaaaaaaaaaaaaaaaaaaaaaaaaaaaaaaaaaaaaaaaaaaaaaaaaaaaaaaaaaaaaaaaaaaaaaaaaaaaaaaaaaaaaaaaaaaaaaaaaaaaaaaaaaaaaaaaaaaaaaaaaaaaaaaaaaaaaaaaaaaaaaaaaaaaaaaaaaaaaaaaaaaaaaaaaaaaaaaaaaaaaaaaaaaaaaaaaaaaaaaaaaaaaaaaaaaaaaaaaaaaaaaaaaaaaaaaaaaaaaaaaaaaaaaaaaaaaaaaaaaaaaaaaaaaaaaaaaaaaaaaaaaaaaaaaaaaaaaaaaaaaaaaaaaaaaaaaaaaaaaaaaaaaaaaaaaaaaaaaaaaaaaaaaaaaaaaaaaaaaaaaaaaaaaaaaaaaaaaaaaaaaaaaaaaaaaaaaaaaaaaaaaaaaaaaaaaaaaaaaaaaaaaaaaaaaaaaaaaaaaaaaaaaaaaaaaaaaaaaaaaaaaaaaaaaaaaaaaaaaaaaaaaaaaaaaaaaaaaaaaaaaaaaaaaaaaaaaaaaaaaaaaaaaaaaaaaaaaaaaaaaaaaaaaaaaaaaaaaaaaaaaaaaaaaaaaaaaaaaaaaaaaaaaaaaaaaaaaaaaaaaaaaaaaaaaaaaaaaaaaaaaaaaaaaaaaaaaaaaaaaaaaaaaaaaaaaaaaaaaaaaaaaaaaaaaaaaaaaaaaaaaaaaaaaaaaaaaaaaaaaaaaaaaaaaaaaaaaaaaaaaaaaaaaaaaaaaaaaaaaaaaaaaaaaaaaaaaaaaaaaaaaaaaaaaaaaaaaaaaaaaaaaaaaaaaaaaaaaaaaaaaaaaaaaaaaaaaaaaaaaaaaaaaaaaaaaaaaaaaaaaaaaaaaaaaaaaaaaaaaaaaaaaaaaaaaaaaaaaaaaaaaaaaaaaaaaaaaaaaaaaaaaaaaaaaaaaaaaaaaaaaaaaaaaaaaaaaaaaaaaaaaaaaaaaaaaaaaaaaaaaaaaaaaaaaaaaaaaaaaaaaaaaaaaaaaaaaaaaaaaaaaaaaaaaaaaaaaaaaaaaaaaaaaaaaaaaaaaaaaaaaaaaaaaaaaaaaaaaaaaaaaaaaaaaaaaaaaaaaaaaaaaaaaaaaaaaaaaaaaaaaaaaaaaaaaaaaaaaaaaaaaaaaaaaaaaaaaaaaaaaaaaaaaaaaaaaaaaaaaaaaaaaaaaaaaaaaaaaaaaaaaaaaaaaaaaaaaaaaaaaaaaaaaaaaaaaaaaaaaaaaaaaaaaaaaaaaaaaaaaaaaaaaaaaaaaaaaaaaaaaaaaaaaaaaaaaaaaaaaaaaaaaaaaaaaaaaaaaaaaaaaaaaaaaaaaaaaaaaaaaaaaaaaaaaaaaaaaaaaaaaaaaaaaaaaaaaaaaaaaaaaaaaaaaaaaaaaaaaaaaaaaaaaaaaaaaaaaaaaaaaaaaaaaaaaaaaaaaaaaaaaaaaaaaaaaaaaaaaaaaaaaaaaaaaaaaaaaaaaaaaaaaaaaaaaaaaaaaaaaaaaaaaaaaaaaaaaaaaaaaaaaaaaaaaaaaaaaaaaaaaaaaaaaaaaaaaaaaaaaaaaaaaaaaaaaaaaaaaaaaaaaaaaaaaaaaaaaaaaaaaaaaaaaaaaaaaaaaaaaaaaaaaaaaaaaaaaaaaaaaaaaaaaaaaaaaaaaaaaaaaaaaaaaaaaaaaaaaaaaaaaaaaaaaaaaaaaaaaaaaaaaaaaaaaaaaaaaaaaaaaaaaaaaaaaaaaaaaaaaaaaaaaaaaaaaaaaaaaaaaaaaaaaaaaaaaaaaaaaaaaaaaaaaaaaaaaaaaaaaaaaaaaaaaaaaaaaaaaaaaaaaaaaaaaaaaaaaaaaaaaaaaaaaaaaaaaaaaaaaaaaaaaaaaaaaaaaaaaaaaaaaaaaaaaaaaaaaaaaaaaaaaaaaaaaaaaaaaaaaaaaaaaaaaaaaaaaaaaaaaaaaaaaaaaaaaaaaaaaaaaaaaaaaaaaaaaaaaaaaaaaaaaaaaaaaaaaaaaaaaaaaaaaaaaaaa
нояб. 29, 2025 9:15:09 PM ua.onlinecourses.util.ValidationUtils validate
INFO: Attempting to validate object: myModule
нояб. 29, 2025 9:15:09 PM ua.onlinecourses.util.ValidationUtils validate
WARNING: Validation failed for myModule: content: invalid value 'aaaaaaaaaaaaaaaaaaaaaaaaaaaaaaaaaaaaaaaaaaaaaaaaaaaaaaaaaaaaaaaaaaaaaaaaaaaaaaaaaaaaaaaaaaaaaaaaaaaaaaaaaaaaaaaaaaaaaaaaaaaaaaaaaaaaaaaaaaaaaaaaaaaaaaaaaaaaaaaaaaaaaaaaaaaaaaaaaaaaaaaaaaaaaaaaaaaaaaaaaaaaaaaaaaaaaaaaaaaaaaaaaaaaaaaaaaaaaaaaaaaaaaaaaaaaaaaaaaaaaaaaaaaaaaaaaaaaaaaaaaaaaaaaaaaaaaaaaaaaaaaaaaaaaaaaaaaaaaaaaaaaaaaaaaaaaaaaaaaaaaaaaaaaaaaaaaaaaaaaaaaaaaaaaaaaaaaaaaaaaaaaaaaaaaaaaaaaaaaaaaaaaaaaaaaaaaaaaaaaaaaaaaaaaaaaaaaaaaaaaaaaaaaaaaaaaaaaaaaaaaaaaaaaaaaaaaaaaaaaaaaaaaaaaaaaaaaaaaaaaaaaaaaaaaaaaaaaaaaaaaaaaaaaaaaaaaaaaaaaaaaaaaaaaaaaaaaaaaaaaaaaaaaaaaaaaaaaaaaaaaaaaaaaaaaaaaaaaaaaaaaaaaaaaaaaaaaaaaaaaaaaaaaaaaaaaaaaaaaaaaaaaaaaaaaaaaaaaaaaaaaaaaaaaaaaaaaaaaaaaaaaaaaaaaaaaaaaaaaaaaaaaaaaaaaaaaaaaaaaaaaaaaaaaaaaaaaaaaaaaaaaaaaaaaaaaaaaaaaaaaaaaaaaaaaaaaaaaaaaaaaaaaaaaaaaaaaaaaaaaaaaaaaaaaaaaaaaaaaaaaaaaaaaaaaaaaaaaaaaaaaaaaaaaaaaaaaaaaaaaaaaaaaaaaaaaaaaaaaaaaaaaaaaaaaaaaaaaaaaaaaaaaaaaaaaaaaaaaaaaaaaaaaaaaaaaaaaaaaaaaaaaaaaaaaaaaaaaaaaaaaaaaaaaaaaaaaaaaaaaaaaaaaaaaaaaaaaaaaaaaaaaaaaaaaaaaaaaaaaaaaaaaaaaaaaaaaaaaaaaaaaaaaaaaaaaaaaaaaaaaaaaaaaaaaaaaaaaaaaaaaaaaaaaaaaaaaaaaaaaaaaaaaaaaaaaaaaaaaaaaaaaaaaaaaaaaaaaaaaaaaaaaaaaaaaaaaaaaaaaaaaaaaaaaaaaaaaaaaaaaaaaaaaaaaaaaaaaaaaaaaaaaaaaaaaaaaaaaaaaaaaaaaaaaaaaaaaaaaaaaaaaaaaaaaaaaaaaaaaaaaaaaaaaaaaaaaaaaaaaaaaaaaaaaaaaaaaaaaaaaaaaaaaaaaaaaaaaaaaaaaaaaaaaaaaaaaaaaaaaaaaaaaaaaaaaaaaaaaaaaaaaaaaaaaaaaaaaaaaaaaaaaaaaaaaaaaaaaaaaaaaaaaaaaaaaaaaaaaaaaaaaaaaaaaaaaaaaaaaaaaaaaaaaaaaaaaaaaaaaaaaaaaaaaaaaaaaaaaaaaaaaaaaaaaaaaaaaaaaaaaaaaaaaaaaaaaaaaaaaaaaaaaaaaaaaaaaaaaaaaaaaaaaaaaaaaaaaaaaaaaaaaaaaaaaaaaaaaaaaaaaaaaaaaaaaaaaaaaaaaaaaaaaaaaaaaaaaaaaaaaaaaaaaaaaaaaaaaaaaaaaaaaaaaaaaaaaaaaaaaaaaaaaaaaaaaaaaaaaaaaaaaaaaaaaaaaaaaaaaaaaaaaaaaaaaaaaaaaaaaaaaaaaaaaaaaaaaaaaaaaaaaaaaaaaaaaaaaaaaaaaaaaaaaaaaaaaaaaaaaaaaaaaaaaaaaaaaaaaaaaaaaaaaaaaaaaaaaaaaaaaaaaaaaaaaaaaaaaaaaaaaaaaaaaaaaaaaaaaaaaaaaaaaaaaaaaaaaaaaaaaaaaaaaaaaaaaaaaaaaaaaaaaaaaaaaaaaaaaaaaaaaaaaaaaaaaaaaaaaaaaaaaaaaaaaaaaaaaaaaaaaaaaaaaaaaaaaaaaaaaaaaaaaaaaaaaaaaaaa' — must be between 3 and 2000 characters
нояб. 29, 2025 9:15:09 PM ua.onlinecourses.model.myModule &lt;init&gt;
INFO: Attempting to create Module: , Valid content description
нояб. 29, 2025 9:15:09 PM ua.onlinecourses.util.ValidationUtils validate
INFO: Attempting to validate object: myModule
нояб. 29, 2025 9:15:09 PM ua.onlinecourses.util.ValidationUtils validate
WARNING: Validation failed for myModule: title: invalid value '' — cannot be empty; title: invalid value '' — must be between 3 and 30 characters
нояб. 29, 2025 9:15:09 PM ua.onlinecourses.model.myModule &lt;init&gt;
INFO: Attempting to create Module:    , Valid content description
нояб. 29, 2025 9:15:09 PM ua.onlinecourses.util.ValidationUtils validate
INFO: Attempting to validate object: myModule
нояб. 29, 2025 9:15:09 PM ua.onlinecourses.util.ValidationUtils validate
WARNING: Validation failed for myModule: title: invalid value '   ' — cannot be empty
нояб. 29, 2025 9:15:09 PM ua.onlinecourses.model.myModule &lt;init&gt;
INFO: Attempting to create Module: Economics for computer science basic level introdaction for statistcs ans risks, Valid content description
нояб. 29, 2025 9:15:09 PM ua.onlinecourses.util.ValidationUtils validate
INFO: Attempting to validate object: myModule
нояб. 29, 2025 9:15:09 PM ua.onlinecourses.util.ValidationUtils validate
WARNING: Validation failed for myModule: title: invalid value 'Economics for computer science basic level introdaction for statistcs ans risks' — must be between 3 and 30 characters
нояб. 29, 2025 9:15:09 PM ua.onlinecourses.parser.ModuleFileParser parseFromCSV
INFO: Starting to parse modules from file: C:\Users\dinag\AppData\Local\Temp\junit1119276933693171588\modules.csv
нояб. 29, 2025 9:15:09 PM ua.onlinecourses.model.myModule &lt;init&gt;
INFO: Attempting to create Module: Introduction, Basic concepts
нояб. 29, 2025 9:15:09 PM ua.onlinecourses.util.ValidationUtils validate
INFO: Attempting to validate object: myModule
нояб. 29, 2025 9:15:09 PM ua.onlinecourses.util.ValidationUtils validate
INFO: Validation successful for myModule
нояб. 29, 2025 9:15:09 PM ua.onlinecourses.model.myModule &lt;init&gt;
INFO: Module created successfully: Introduction, Basic concepts
нояб. 29, 2025 9:15:09 PM ua.onlinecourses.parser.ModuleFileParser parseFromCSV
INFO: Parsed module from line 1: INT-BAS
нояб. 29, 2025 9:15:09 PM ua.onlinecourses.parser.ModuleFileParser parseFromCSV
WARNING: Failed to parse line 2: Line 2: Expected format 'title, content', got: Invalid Line
нояб. 29, 2025 9:15:09 PM ua.onlinecourses.model.myModule &lt;init&gt;
INFO: Attempting to create Module: Advanced, Complex topics
нояб. 29, 2025 9:15:09 PM ua.onlinecourses.util.ValidationUtils validate
INFO: Attempting to validate object: myModule
нояб. 29, 2025 9:15:09 PM ua.onlinecourses.util.ValidationUtils validate
INFO: Validation successful for myModule
нояб. 29, 2025 9:15:09 PM ua.onlinecourses.model.myModule &lt;init&gt;
INFO: Module created successfully: Advanced, Complex topics
нояб. 29, 2025 9:15:09 PM ua.onlinecourses.parser.ModuleFileParser parseFromCSV
INFO: Parsed module from line 3: ADV-COM
нояб. 29, 2025 9:15:09 PM ua.onlinecourses.parser.ModuleFileParser parseFromCSV
INFO: Successfully parsed 2 modules from file
нояб. 29, 2025 9:15:09 PM ua.onlinecourses.parser.ModuleFileParser parseFromCSV
INFO: Starting to parse modules from file: C:\Users\dinag\AppData\Local\Temp\junit14179723696826853399\modules.csv
нояб. 29, 2025 9:15:09 PM ua.onlinecourses.model.myModule &lt;init&gt;
INFO: Attempting to create Module: Ukrainion History for computer science learners, Content
нояб. 29, 2025 9:15:09 PM ua.onlinecourses.util.ValidationUtils validate
INFO: Attempting to validate object: myModule
нояб. 29, 2025 9:15:09 PM ua.onlinecourses.util.ValidationUtils validate
WARNING: Validation failed for myModule: title: invalid value 'Ukrainion History for computer science learners' — must be between 3 and 30 characters
нояб. 29, 2025 9:15:09 PM ua.onlinecourses.parser.ModuleFileParser parseFromCSV
WARNING: Failed to parse line 1: Line 1: title: invalid value 'Ukrainion History for computer science learners' — must be between 3 and 30 characters
нояб. 29, 2025 9:15:09 PM ua.onlinecourses.model.myModule &lt;init&gt;
INFO: Attempting to create Module: Advanced, Complex topics
нояб. 29, 2025 9:15:09 PM ua.onlinecourses.util.ValidationUtils validate
INFO: Attempting to validate object: myModule
нояб. 29, 2025 9:15:09 PM ua.onlinecourses.util.ValidationUtils validate
INFO: Validation successful for myModule
нояб. 29, 2025 9:15:09 PM ua.onlinecourses.model.myModule &lt;init&gt;
INFO: Module created successfully: Advanced, Complex topics
нояб. 29, 2025 9:15:09 PM ua.onlinecourses.parser.ModuleFileParser parseFromCSV
INFO: Parsed module from line 2: ADV-COM
нояб. 29, 2025 9:15:09 PM ua.onlinecourses.parser.ModuleFileParser parseFromCSV
INFO: Successfully parsed 1 modules from file
нояб. 29, 2025 9:15:09 PM ua.onlinecourses.parser.ModuleFileParser parseFromCSV
INFO: Starting to parse modules from file: C:\Users\dinag\AppData\Local\Temp\junit5744770562860435863\modules.csv
нояб. 29, 2025 9:15:09 PM ua.onlinecourses.parser.ModuleFileParser parseFromCSV
WARNING: Failed to parse line 1: Line 1: Expected format 'title, content', got: Title,
нояб. 29, 2025 9:15:09 PM ua.onlinecourses.model.myModule &lt;init&gt;
INFO: Attempting to create Module: Advanced, Complex topics
нояб. 29, 2025 9:15:09 PM ua.onlinecourses.util.ValidationUtils validate
INFO: Attempting to validate object: myModule
нояб. 29, 2025 9:15:09 PM ua.onlinecourses.util.ValidationUtils validate
INFO: Validation successful for myModule
нояб. 29, 2025 9:15:09 PM ua.onlinecourses.model.myModule &lt;init&gt;
INFO: Module created successfully: Advanced, Complex topics
нояб. 29, 2025 9:15:09 PM ua.onlinecourses.parser.ModuleFileParser parseFromCSV
INFO: Parsed module from line 2: ADV-COM
нояб. 29, 2025 9:15:09 PM ua.onlinecourses.parser.ModuleFileParser parseFromCSV
INFO: Successfully parsed 1 modules from file
</pre>
</span>
</div>
</div>
<div id="footer">
<p>
<div>
<label class="hidden" id="label-for-line-wrapping-toggle" for="line-wrapping-toggle">Wrap lines
<input id="line-wrapping-toggle" type="checkbox" autocomplete="off"/>
</label>
</div>Generated by 
<a href="https://www.gradle.org">Gradle 8.14</a> at 29 нояб. 2025 г., 21:15:11</p>
</div>
</div>
</body>
</html>
